[ 2016-02-02T12:46:46+08:00 ] ::1 /ThinkAdmin/Public/home/css/register.css
ERR: 无法加载控制器:Public

[ 2016-02-02T12:46:46+08:00 ] ::1 /ThinkAdmin/Public/home/css/all.css
ERR: 无法加载控制器:Public

[ 2016-02-02T12:46:46+08:00 ] ::1 /ThinkAdmin/Public/home/js/register.js
ERR: 无法加载控制器:Public

[ 2016-02-02T12:46:51+08:00 ] ::1 /ThinkAdmin/Public/home/css/register.css
ERR: 无法加载控制器:Public

[ 2016-02-02T12:46:51+08:00 ] ::1 /ThinkAdmin/Public/home/js/register.js
ERR: 无法加载控制器:Public

[ 2016-02-02T12:46:51+08:00 ] ::1 /ThinkAdmin/Public/home/css/all.css
ERR: 无法加载控制器:Public

[ 2016-02-02T12:47:39+08:00 ] ::1 /ThinkAdmin/Public/home/js/register.js
ERR: 无法加载控制器:Public

[ 2016-02-02T12:47:43+08:00 ] ::1 /ThinkAdmin/Public/home/js/register.js
ERR: 无法加载控制器:Public

[ 2016-02-02T12:47:51+08:00 ] ::1 /ThinkAdmin/Public/home/js/register.js
ERR: 无法加载控制器:Public

[ 2016-02-02T17:17:34+08:00 ] ::1 /thinkadmin/user/sendmsg.html?to=
INFO: [ app_begin ] --START--
INFO: Run Behavior\ReadHtmlCacheBehavior [ RunTime:0.000000s ]
INFO: [ app_begin ] --END-- [ RunTime:0.001000s ]

[ 2016-02-02T17:24:36+08:00 ] ::1 /thinkadmin/user/sendmsg.html/to/
INFO: [ app_begin ] --START--
INFO: Run Behavior\ReadHtmlCacheBehavior [ RunTime:0.001000s ]
INFO: [ app_begin ] --END-- [ RunTime:0.002001s ]
ERR: 非法操作:sendmsg.html

[ 2016-02-02T17:56:44+08:00 ] ::1 /thinkadmin/user/sendmsg/to/13786923552.html
INFO: [ app_begin ] --START--
INFO: Run Behavior\ReadHtmlCacheBehavior [ RunTime:0.001000s ]
INFO: [ app_begin ] --END-- [ RunTime:0.001000s ]

[ 2016-02-02T17:57:22+08:00 ] ::1 /thinkadmin/user/sendmsg/to/13786923552.html
INFO: [ app_begin ] --START--
INFO: Run Behavior\ReadHtmlCacheBehavior [ RunTime:0.002000s ]
INFO: [ app_begin ] --END-- [ RunTime:0.002000s ]

[ 2016-02-02T18:01:46+08:00 ] ::1 /thinkadmin/user/sendmsg/to/13786923552.html
INFO: [ app_begin ] --START--
INFO: Run Behavior\ReadHtmlCacheBehavior [ RunTime:0.001000s ]
INFO: [ app_begin ] --END-- [ RunTime:0.001000s ]

[ 2016-02-02T18:02:15+08:00 ] ::1 /thinkadmin/user/sendmsg/to/13786923552.html
INFO: [ app_begin ] --START--
INFO: Run Behavior\ReadHtmlCacheBehavior [ RunTime:0.003000s ]
INFO: [ app_begin ] --END-- [ RunTime:0.006000s ]

[ 2016-02-02T18:02:52+08:00 ] ::1 /thinkadmin/user/sendmsg/to/13786923552.html
INFO: [ app_begin ] --START--
INFO: Run Behavior\ReadHtmlCacheBehavior [ RunTime:0.001000s ]
INFO: [ app_begin ] --END-- [ RunTime:0.001000s ]

[ 2016-02-02T18:03:52+08:00 ] ::1 /thinkadmin/user/sendmsg/to/13786923552.html
INFO: [ app_begin ] --START--
INFO: Run Behavior\ReadHtmlCacheBehavior [ RunTime:0.000000s ]
INFO: [ app_begin ] --END-- [ RunTime:0.001000s ]

[ 2016-02-02T18:03:54+08:00 ] ::1 /thinkadmin/user/sendmsg/to/13786923552.html
INFO: [ app_begin ] --START--
INFO: Run Behavior\ReadHtmlCacheBehavior [ RunTime:0.000000s ]
INFO: [ app_begin ] --END-- [ RunTime:0.000000s ]

[ 2016-02-02T18:03:58+08:00 ] ::1 /thinkadmin/user/sendmsg/to/13786923552.html
INFO: [ app_begin ] --START--
INFO: Run Behavior\ReadHtmlCacheBehavior [ RunTime:0.000000s ]
INFO: [ app_begin ] --END-- [ RunTime:0.000000s ]

[ 2016-02-02T18:04:00+08:00 ] ::1 /thinkadmin/user/sendmsg/to/13786923552.html
INFO: [ app_begin ] --START--
INFO: Run Behavior\ReadHtmlCacheBehavior [ RunTime:0.000000s ]
INFO: [ app_begin ] --END-- [ RunTime:0.015600s ]

[ 2016-02-02T18:04:02+08:00 ] ::1 /thinkadmin/user/sendmsg/to/13786923552.html
INFO: [ app_begin ] --START--
INFO: Run Behavior\ReadHtmlCacheBehavior [ RunTime:0.000000s ]
INFO: [ app_begin ] --END-- [ RunTime:0.000000s ]

[ 2016-02-02T18:04:05+08:00 ] ::1 /thinkadmin/user/sendmsg/to/13786923552.html
INFO: [ app_begin ] --START--
INFO: Run Behavior\ReadHtmlCacheBehavior [ RunTime:0.000000s ]
INFO: [ app_begin ] --END-- [ RunTime:0.000000s ]

[ 2016-02-02T18:12:36+08:00 ] ::1 /thinkadmin/user/sendmsg/to/13786923552.html
INFO: [ app_begin ] --START--
INFO: Run Behavior\ReadHtmlCacheBehavior [ RunTime:0.000000s ]
INFO: [ app_begin ] --END-- [ RunTime:0.000000s ]

[ 2016-02-02T18:12:53+08:00 ] ::1 /thinkadmin/user/sendmsg/to/13786923552.html
INFO: [ app_begin ] --START--
INFO: Run Behavior\ReadHtmlCacheBehavior [ RunTime:0.000000s ]
INFO: [ app_begin ] --END-- [ RunTime:0.000000s ]

[ 2016-02-02T18:13:45+08:00 ] ::1 /thinkadmin/user/sendmsg/to/13786923552.html
INFO: [ app_begin ] --START--
INFO: Run Behavior\ReadHtmlCacheBehavior [ RunTime:0.000000s ]
INFO: [ app_begin ] --END-- [ RunTime:0.000000s ]

[ 2016-02-02T18:18:47+08:00 ] ::1 /thinkadmin/user/sendmsg/to/13786923552.html
INFO: [ app_begin ] --START--
INFO: Run Behavior\ReadHtmlCacheBehavior [ RunTime:0.000000s ]
INFO: [ app_begin ] --END-- [ RunTime:0.000000s ]

