[ 2016-09-19T06:11:10+08:00 ] 218.30.118.100 /
INFO: [ app_init ] --START--
INFO: Run Behavior\BuildLiteBehavior [ RunTime:0.000040s ]
INFO: [ app_init ] --END-- [ RunTime:0.001876s ]
INFO: [ app_begin ] --START--
INFO: Run Behavior\ReadHtmlCacheBehavior [ RunTime:0.004857s ]
INFO: [ app_begin ] --END-- [ RunTime:0.004961s ]

[ 2016-09-19T06:11:13+08:00 ] 218.30.118.100 /choice/index.html
INFO: [ app_init ] --START--
INFO: Run Behavior\BuildLiteBehavior [ RunTime:0.000072s ]
INFO: [ app_init ] --END-- [ RunTime:0.003669s ]
INFO: [ app_begin ] --START--
INFO: Run Behavior\ReadHtmlCacheBehavior [ RunTime:0.002235s ]
INFO: [ app_begin ] --END-- [ RunTime:0.002396s ]
SQL: SHOW COLUMNS FROM `course` [ RunTime:0.0030s ]
SQL: SELECT course.*,g.numbering,b.braName,b.area,b.circle,(SELECT count(*) from course_praise cp WHERE cp.courseid=course.id) AS count FROM `course` INNER JOIN branch b on b.id=course.branchId INNER JOIN grocery g on g.id=b.groId LEFT JOIN course_praise cp on cp.courseid=course.id  WHERE ( extension = 1 and g.status = 1 ) GROUP BY course.id ORDER BY course.praisepoint/course.salepoint*praisenum DESC  [ RunTime:0.0069s ]
SQL: SHOW COLUMNS FROM `linkdeta` [ RunTime:0.0023s ]
SQL: SELECT * FROM `linkdeta` WHERE ( linkid = 1 ) ORDER BY sortnu  [ RunTime:0.0013s ]
SQL: SHOW COLUMNS FROM `category` [ RunTime:0.0025s ]
SQL: SELECT * FROM `category` WHERE `pid` = 0 AND `status` = 1 AND `type` = 1  [ RunTime:0.0014s ]
INFO: [ view_parse ] --START--
INFO: [ template_filter ] --START--
INFO: Run Behavior\ContentReplaceBehavior [ RunTime:0.000125s ]
INFO: [ template_filter ] --END-- [ RunTime:0.000237s ]
NOTIC: [2] Division by zero /var/www/virtual/xbkt/home/wwwroot/Application/Runtime/Cache/Home/1b07914afbea34ff8790ac18f6c6e89c.php 第 163 行.
NOTIC: [2] Division by zero /var/www/virtual/xbkt/home/wwwroot/Application/Runtime/Cache/Home/1b07914afbea34ff8790ac18f6c6e89c.php 第 163 行.
NOTIC: [2] Division by zero /var/www/virtual/xbkt/home/wwwroot/Application/Runtime/Cache/Home/1b07914afbea34ff8790ac18f6c6e89c.php 第 163 行.
NOTIC: [2] Division by zero /var/www/virtual/xbkt/home/wwwroot/Application/Runtime/Cache/Home/1b07914afbea34ff8790ac18f6c6e89c.php 第 163 行.
NOTIC: [2] Division by zero /var/www/virtual/xbkt/home/wwwroot/Application/Runtime/Cache/Home/1b07914afbea34ff8790ac18f6c6e89c.php 第 163 行.
INFO: Run Behavior\ParseTemplateBehavior [ RunTime:0.095159s ]
INFO: [ view_parse ] --END-- [ RunTime:0.095297s ]
INFO: [ view_filter ] --START--
INFO: Run Behavior\WriteHtmlCacheBehavior [ RunTime:0.001476s ]
INFO: [ view_filter ] --END-- [ RunTime:0.001609s ]
INFO: [ app_end ] --START--
INFO: Run Behavior\ShowPageTraceBehavior [ RunTime:0.009376s ]
INFO: [ app_end ] --END-- [ RunTime:0.009491s ]

[ 2016-09-19T06:11:13+08:00 ] 218.30.118.100 /
INFO: [ app_init ] --START--
INFO: Run Behavior\BuildLiteBehavior [ RunTime:0.000024s ]
INFO: [ app_init ] --END-- [ RunTime:0.000695s ]
INFO: [ app_begin ] --START--
INFO: Run Behavior\ReadHtmlCacheBehavior [ RunTime:0.000915s ]
INFO: [ app_begin ] --END-- [ RunTime:0.000966s ]

[ 2016-09-19T06:11:14+08:00 ] 218.30.118.100 /choice/index.html
INFO: [ app_init ] --START--
INFO: Run Behavior\BuildLiteBehavior [ RunTime:0.000022s ]
INFO: [ app_init ] --END-- [ RunTime:0.000634s ]
INFO: [ app_begin ] --START--
INFO: Run Behavior\ReadHtmlCacheBehavior [ RunTime:0.000882s ]
INFO: [ app_begin ] --END-- [ RunTime:0.000935s ]
SQL: SHOW COLUMNS FROM `course` [ RunTime:0.0027s ]
SQL: SELECT course.*,g.numbering,b.braName,b.area,b.circle,(SELECT count(*) from course_praise cp WHERE cp.courseid=course.id) AS count FROM `course` INNER JOIN branch b on b.id=course.branchId INNER JOIN grocery g on g.id=b.groId LEFT JOIN course_praise cp on cp.courseid=course.id  WHERE ( extension = 1 and g.status = 1 ) GROUP BY course.id ORDER BY course.praisepoint/course.salepoint*praisenum DESC  [ RunTime:0.0039s ]
SQL: SHOW COLUMNS FROM `linkdeta` [ RunTime:0.0017s ]
SQL: SELECT * FROM `linkdeta` WHERE ( linkid = 1 ) ORDER BY sortnu  [ RunTime:0.0009s ]
SQL: SHOW COLUMNS FROM `category` [ RunTime:0.0020s ]
SQL: SELECT * FROM `category` WHERE `pid` = 0 AND `status` = 1 AND `type` = 1  [ RunTime:0.0011s ]
INFO: [ view_parse ] --START--
INFO: [ template_filter ] --START--
INFO: Run Behavior\ContentReplaceBehavior [ RunTime:0.000058s ]
INFO: [ template_filter ] --END-- [ RunTime:0.000175s ]
NOTIC: [2] Division by zero /var/www/virtual/xbkt/home/wwwroot/Application/Runtime/Cache/Home/1b07914afbea34ff8790ac18f6c6e89c.php 第 163 行.
NOTIC: [2] Division by zero /var/www/virtual/xbkt/home/wwwroot/Application/Runtime/Cache/Home/1b07914afbea34ff8790ac18f6c6e89c.php 第 163 行.
NOTIC: [2] Division by zero /var/www/virtual/xbkt/home/wwwroot/Application/Runtime/Cache/Home/1b07914afbea34ff8790ac18f6c6e89c.php 第 163 行.
NOTIC: [2] Division by zero /var/www/virtual/xbkt/home/wwwroot/Application/Runtime/Cache/Home/1b07914afbea34ff8790ac18f6c6e89c.php 第 163 行.
NOTIC: [2] Division by zero /var/www/virtual/xbkt/home/wwwroot/Application/Runtime/Cache/Home/1b07914afbea34ff8790ac18f6c6e89c.php 第 163 行.
INFO: Run Behavior\ParseTemplateBehavior [ RunTime:0.015078s ]
INFO: [ view_parse ] --END-- [ RunTime:0.015125s ]
INFO: [ view_filter ] --START--
INFO: Run Behavior\WriteHtmlCacheBehavior [ RunTime:0.000257s ]
INFO: [ view_filter ] --END-- [ RunTime:0.000302s ]
INFO: [ app_end ] --START--
INFO: Run Behavior\ShowPageTraceBehavior [ RunTime:0.001053s ]
INFO: [ app_end ] --END-- [ RunTime:0.001107s ]

[ 2016-09-19T06:11:14+08:00 ] 218.30.118.100 /
INFO: [ app_init ] --START--
INFO: Run Behavior\BuildLiteBehavior [ RunTime:0.000062s ]
INFO: [ app_init ] --END-- [ RunTime:0.001587s ]
INFO: [ app_begin ] --START--
INFO: Run Behavior\ReadHtmlCacheBehavior [ RunTime:0.002293s ]
INFO: [ app_begin ] --END-- [ RunTime:0.002439s ]

[ 2016-09-19T06:11:14+08:00 ] 218.30.118.100 /choice/index.html
INFO: [ app_init ] --START--
INFO: Run Behavior\BuildLiteBehavior [ RunTime:0.000045s ]
INFO: [ app_init ] --END-- [ RunTime:0.001285s ]
INFO: [ app_begin ] --START--
INFO: Run Behavior\ReadHtmlCacheBehavior [ RunTime:0.001628s ]
INFO: [ app_begin ] --END-- [ RunTime:0.001748s ]
SQL: SHOW COLUMNS FROM `course` [ RunTime:0.0036s ]
SQL: SELECT course.*,g.numbering,b.braName,b.area,b.circle,(SELECT count(*) from course_praise cp WHERE cp.courseid=course.id) AS count FROM `course` INNER JOIN branch b on b.id=course.branchId INNER JOIN grocery g on g.id=b.groId LEFT JOIN course_praise cp on cp.courseid=course.id  WHERE ( extension = 1 and g.status = 1 ) GROUP BY course.id ORDER BY course.praisepoint/course.salepoint*praisenum DESC  [ RunTime:0.0657s ]
SQL: SHOW COLUMNS FROM `linkdeta` [ RunTime:0.0024s ]
SQL: SELECT * FROM `linkdeta` WHERE ( linkid = 1 ) ORDER BY sortnu  [ RunTime:0.0080s ]
SQL: SHOW COLUMNS FROM `category` [ RunTime:0.0022s ]
SQL: SELECT * FROM `category` WHERE `pid` = 0 AND `status` = 1 AND `type` = 1  [ RunTime:0.0012s ]
INFO: [ view_parse ] --START--
INFO: [ template_filter ] --START--
INFO: Run Behavior\ContentReplaceBehavior [ RunTime:0.000126s ]
INFO: [ template_filter ] --END-- [ RunTime:0.000242s ]
NOTIC: [2] Division by zero /var/www/virtual/xbkt/home/wwwroot/Application/Runtime/Cache/Home/1b07914afbea34ff8790ac18f6c6e89c.php 第 163 行.
NOTIC: [2] Division by zero /var/www/virtual/xbkt/home/wwwroot/Application/Runtime/Cache/Home/1b07914afbea34ff8790ac18f6c6e89c.php 第 163 行.
NOTIC: [2] Division by zero /var/www/virtual/xbkt/home/wwwroot/Application/Runtime/Cache/Home/1b07914afbea34ff8790ac18f6c6e89c.php 第 163 行.
NOTIC: [2] Division by zero /var/www/virtual/xbkt/home/wwwroot/Application/Runtime/Cache/Home/1b07914afbea34ff8790ac18f6c6e89c.php 第 163 行.
NOTIC: [2] Division by zero /var/www/virtual/xbkt/home/wwwroot/Application/Runtime/Cache/Home/1b07914afbea34ff8790ac18f6c6e89c.php 第 163 行.
INFO: Run Behavior\ParseTemplateBehavior [ RunTime:0.066398s ]
INFO: [ view_parse ] --END-- [ RunTime:0.066632s ]
INFO: [ view_filter ] --START--
INFO: Run Behavior\WriteHtmlCacheBehavior [ RunTime:0.000826s ]
INFO: [ view_filter ] --END-- [ RunTime:0.000917s ]
INFO: [ app_end ] --START--
INFO: Run Behavior\ShowPageTraceBehavior [ RunTime:0.002370s ]
INFO: [ app_end ] --END-- [ RunTime:0.002494s ]

[ 2016-09-19T06:11:15+08:00 ] 218.30.118.100 /
INFO: [ app_init ] --START--
INFO: Run Behavior\BuildLiteBehavior [ RunTime:0.000063s ]
INFO: [ app_init ] --END-- [ RunTime:0.002544s ]
INFO: [ app_begin ] --START--
INFO: Run Behavior\ReadHtmlCacheBehavior [ RunTime:0.003198s ]
INFO: [ app_begin ] --END-- [ RunTime:0.003464s ]

[ 2016-09-19T06:11:15+08:00 ] 218.30.118.100 /choice/index.html
INFO: [ app_init ] --START--
INFO: Run Behavior\BuildLiteBehavior [ RunTime:0.000046s ]
INFO: [ app_init ] --END-- [ RunTime:0.001581s ]
INFO: [ app_begin ] --START--
INFO: Run Behavior\ReadHtmlCacheBehavior [ RunTime:0.001923s ]
INFO: [ app_begin ] --END-- [ RunTime:0.002096s ]
SQL: SHOW COLUMNS FROM `course` [ RunTime:0.0027s ]
SQL: SELECT course.*,g.numbering,b.braName,b.area,b.circle,(SELECT count(*) from course_praise cp WHERE cp.courseid=course.id) AS count FROM `course` INNER JOIN branch b on b.id=course.branchId INNER JOIN grocery g on g.id=b.groId LEFT JOIN course_praise cp on cp.courseid=course.id  WHERE ( extension = 1 and g.status = 1 ) GROUP BY course.id ORDER BY course.praisepoint/course.salepoint*praisenum DESC  [ RunTime:0.0048s ]
SQL: SHOW COLUMNS FROM `linkdeta` [ RunTime:0.0020s ]
SQL: SELECT * FROM `linkdeta` WHERE ( linkid = 1 ) ORDER BY sortnu  [ RunTime:0.0013s ]
SQL: SHOW COLUMNS FROM `category` [ RunTime:0.0020s ]
SQL: SELECT * FROM `category` WHERE `pid` = 0 AND `status` = 1 AND `type` = 1  [ RunTime:0.0012s ]
INFO: [ view_parse ] --START--
INFO: [ template_filter ] --START--
INFO: Run Behavior\ContentReplaceBehavior [ RunTime:0.000133s ]
INFO: [ template_filter ] --END-- [ RunTime:0.000265s ]
NOTIC: [2] Division by zero /var/www/virtual/xbkt/home/wwwroot/Application/Runtime/Cache/Home/1b07914afbea34ff8790ac18f6c6e89c.php 第 163 行.
NOTIC: [2] Division by zero /var/www/virtual/xbkt/home/wwwroot/Application/Runtime/Cache/Home/1b07914afbea34ff8790ac18f6c6e89c.php 第 163 行.
NOTIC: [2] Division by zero /var/www/virtual/xbkt/home/wwwroot/Application/Runtime/Cache/Home/1b07914afbea34ff8790ac18f6c6e89c.php 第 163 行.
NOTIC: [2] Division by zero /var/www/virtual/xbkt/home/wwwroot/Application/Runtime/Cache/Home/1b07914afbea34ff8790ac18f6c6e89c.php 第 163 行.
NOTIC: [2] Division by zero /var/www/virtual/xbkt/home/wwwroot/Application/Runtime/Cache/Home/1b07914afbea34ff8790ac18f6c6e89c.php 第 163 行.
INFO: Run Behavior\ParseTemplateBehavior [ RunTime:0.034741s ]
INFO: [ view_parse ] --END-- [ RunTime:0.034840s ]
INFO: [ view_filter ] --START--
INFO: Run Behavior\WriteHtmlCacheBehavior [ RunTime:0.000597s ]
INFO: [ view_filter ] --END-- [ RunTime:0.000703s ]
INFO: [ app_end ] --START--
INFO: Run Behavior\ShowPageTraceBehavior [ RunTime:0.002202s ]
INFO: [ app_end ] --END-- [ RunTime:0.002297s ]

[ 2016-09-19T07:58:27+08:00 ] 123.125.71.79 /course/coursedeta/id/7.html
INFO: [ app_init ] --START--
INFO: Run Behavior\BuildLiteBehavior [ RunTime:0.000055s ]
INFO: [ app_init ] --END-- [ RunTime:0.002011s ]
INFO: [ app_begin ] --START--
INFO: Run Behavior\ReadHtmlCacheBehavior [ RunTime:0.003955s ]
INFO: [ app_begin ] --END-- [ RunTime:0.004139s ]
SQL: SHOW COLUMNS FROM `course` [ RunTime:0.0031s ]
SQL: SELECT course.*,g.numbering,b.area,b.circle,b.braName FROM `course` INNER JOIN branch b on b.id=course.branchId INNER JOIN grocery g on g.id=b.groId  WHERE course.id = '7' LIMIT 1   [ RunTime:0.0034s ]
NOTIC: [2] Division by zero /var/www/virtual/xbkt/home/wwwroot/Application/Home/Controller/CourseController.class.php 第 86 行.
SQL: SHOW COLUMNS FROM `course_praise` [ RunTime:0.0028s ]
SQL: SELECT COUNT(*) AS tp_count FROM `course_praise` WHERE ( courseid=7 ) LIMIT 1   [ RunTime:0.0014s ]
SQL: SELECT course_praise.*,m.username,m.headProtrait FROM `course_praise` INNER JOIN member m on m.id=course_praise.userid  WHERE ( courseid=7 )  [ RunTime:0.0027s ]
INFO: [ view_parse ] --START--
INFO: [ template_filter ] --START--
INFO: Run Behavior\ContentReplaceBehavior [ RunTime:0.000121s ]
INFO: [ template_filter ] --END-- [ RunTime:0.000245s ]
NOTIC: [8] Undefined index: extension /var/www/virtual/xbkt/home/wwwroot/Application/Runtime/Cache/Home/11dd8fc8516aa2d78f6cbca9e59928db.php 第 21 行.
NOTIC: [8] Undefined index: image /var/www/virtual/xbkt/home/wwwroot/Application/Runtime/Cache/Home/11dd8fc8516aa2d78f6cbca9e59928db.php 第 22 行.
NOTIC: [8] Undefined index: name /var/www/virtual/xbkt/home/wwwroot/Application/Runtime/Cache/Home/11dd8fc8516aa2d78f6cbca9e59928db.php 第 25 行.
NOTIC: [8] Undefined variable: details_thum /var/www/virtual/xbkt/home/wwwroot/Application/Runtime/Cache/Home/11dd8fc8516aa2d78f6cbca9e59928db.php 第 26 行.
NOTIC: [8] Undefined index: numbering /var/www/virtual/xbkt/home/wwwroot/Application/Runtime/Cache/Home/11dd8fc8516aa2d78f6cbca9e59928db.php 第 33 行.
NOTIC: [8] Undefined index: area /var/www/virtual/xbkt/home/wwwroot/Application/Runtime/Cache/Home/11dd8fc8516aa2d78f6cbca9e59928db.php 第 37 行.
NOTIC: [8] Undefined index: braname /var/www/virtual/xbkt/home/wwwroot/Application/Runtime/Cache/Home/11dd8fc8516aa2d78f6cbca9e59928db.php 第 37 行.
NOTIC: [8] Undefined index: circle /var/www/virtual/xbkt/home/wwwroot/Application/Runtime/Cache/Home/11dd8fc8516aa2d78f6cbca9e59928db.php 第 37 行.
NOTIC: [8] Undefined index: detail /var/www/virtual/xbkt/home/wwwroot/Application/Runtime/Cache/Home/11dd8fc8516aa2d78f6cbca9e59928db.php 第 44 行.
NOTIC: [8] Undefined index: price /var/www/virtual/xbkt/home/wwwroot/Application/Runtime/Cache/Home/11dd8fc8516aa2d78f6cbca9e59928db.php 第 63 行.
NOTIC: [8] Undefined index: id /var/www/virtual/xbkt/home/wwwroot/Application/Runtime/Cache/Home/11dd8fc8516aa2d78f6cbca9e59928db.php 第 67 行.
NOTIC: [8] Undefined index: name /var/www/virtual/xbkt/home/wwwroot/Application/Runtime/Cache/Home/11dd8fc8516aa2d78f6cbca9e59928db.php 第 68 行.
NOTIC: [8] Undefined index: price /var/www/virtual/xbkt/home/wwwroot/Application/Runtime/Cache/Home/11dd8fc8516aa2d78f6cbca9e59928db.php 第 69 行.
NOTIC: [8] Undefined index: id /var/www/virtual/xbkt/home/wwwroot/Application/Runtime/Cache/Home/11dd8fc8516aa2d78f6cbca9e59928db.php 第 70 行.
INFO: Run Behavior\ParseTemplateBehavior [ RunTime:0.083695s ]
INFO: [ view_parse ] --END-- [ RunTime:0.083815s ]
INFO: [ view_filter ] --START--
INFO: Run Behavior\WriteHtmlCacheBehavior [ RunTime:0.001147s ]
INFO: [ view_filter ] --END-- [ RunTime:0.001242s ]
INFO: [ app_end ] --START--
INFO: Run Behavior\ShowPageTraceBehavior [ RunTime:0.006149s ]
INFO: [ app_end ] --END-- [ RunTime:0.006263s ]

[ 2016-09-19T09:54:09+08:00 ] 123.125.71.50 /course/index/age/2.html
INFO: [ app_init ] --START--
INFO: Run Behavior\BuildLiteBehavior [ RunTime:0.000164s ]
INFO: [ app_init ] --END-- [ RunTime:0.001744s ]
INFO: [ app_begin ] --START--
INFO: Run Behavior\ReadHtmlCacheBehavior [ RunTime:0.002444s ]
INFO: [ app_begin ] --END-- [ RunTime:0.002583s ]
NOTIC: [8] Undefined index: cate /var/www/virtual/xbkt/home/wwwroot/Application/Home/Controller/CourseController.class.php 第 17 行.
NOTIC: [8] Undefined index: area /var/www/virtual/xbkt/home/wwwroot/Application/Home/Controller/CourseController.class.php 第 24 行.
NOTIC: [8] Undefined index: price /var/www/virtual/xbkt/home/wwwroot/Application/Home/Controller/CourseController.class.php 第 28 行.
SQL: SHOW COLUMNS FROM `course` [ RunTime:0.0064s ]
SQL: SELECT course.*,g.numbering,b.braName,b.area,b.circle,(SELECT count(*) from course_praise cp WHERE cp.courseid=course.id) AS count FROM `course` INNER JOIN branch b on b.id=course.branchId INNER JOIN grocery g on g.id=b.groId LEFT JOIN course_praise cp on cp.courseid=course.id  WHERE `age` = '12 - 18' AND g.status = 1 GROUP BY course.id  [ RunTime:0.0041s ]
SQL: SHOW COLUMNS FROM `area` [ RunTime:0.0027s ]
SQL: SELECT `name` FROM `area`  [ RunTime:0.0016s ]
SQL: SHOW COLUMNS FROM `category` [ RunTime:0.0023s ]
SQL: SELECT * FROM `category` WHERE `pid` = 0 AND `status` = 1 AND `type` = 1  [ RunTime:0.0012s ]
INFO: [ view_parse ] --START--
INFO: [ template_filter ] --START--
INFO: Run Behavior\ContentReplaceBehavior [ RunTime:0.000157s ]
INFO: [ template_filter ] --END-- [ RunTime:0.000308s ]
INFO: Run Behavior\ParseTemplateBehavior [ RunTime:0.057132s ]
INFO: [ view_parse ] --END-- [ RunTime:0.057270s ]
INFO: [ view_filter ] --START--
INFO: Run Behavior\WriteHtmlCacheBehavior [ RunTime:0.001027s ]
INFO: [ view_filter ] --END-- [ RunTime:0.001295s ]
INFO: [ app_end ] --START--
INFO: Run Behavior\ShowPageTraceBehavior [ RunTime:0.003076s ]
INFO: [ app_end ] --END-- [ RunTime:0.003234s ]

[ 2016-09-19T11:11:20+08:00 ] 203.208.60.236 /robots.txt
INFO: [ app_init ] --START--
INFO: Run Behavior\BuildLiteBehavior [ RunTime:0.000044s ]
INFO: [ app_init ] --END-- [ RunTime:0.001467s ]
INFO: [ app_begin ] --START--
INFO: Run Behavior\ReadHtmlCacheBehavior [ RunTime:0.001759s ]
INFO: [ app_begin ] --END-- [ RunTime:0.001869s ]
INFO: [ app_end ] --START--
INFO: Run Behavior\ShowPageTraceBehavior [ RunTime:0.002784s ]
INFO: [ app_end ] --END-- [ RunTime:0.002945s ]

[ 2016-09-19T11:11:22+08:00 ] 203.208.60.236 /
INFO: [ app_init ] --START--
INFO: Run Behavior\BuildLiteBehavior [ RunTime:0.000039s ]
INFO: [ app_init ] --END-- [ RunTime:0.001270s ]
INFO: [ app_begin ] --START--
INFO: Run Behavior\ReadHtmlCacheBehavior [ RunTime:0.001440s ]
INFO: [ app_begin ] --END-- [ RunTime:0.001558s ]

[ 2016-09-19T11:11:26+08:00 ] 203.208.60.233 /choice/index.html
INFO: [ app_init ] --START--
INFO: Run Behavior\BuildLiteBehavior [ RunTime:0.000044s ]
INFO: [ app_init ] --END-- [ RunTime:0.001345s ]
INFO: [ app_begin ] --START--
INFO: Run Behavior\ReadHtmlCacheBehavior [ RunTime:0.001651s ]
INFO: [ app_begin ] --END-- [ RunTime:0.001755s ]
SQL: SHOW COLUMNS FROM `course` [ RunTime:0.0072s ]
SQL: SELECT course.*,g.numbering,b.braName,b.area,b.circle,(SELECT count(*) from course_praise cp WHERE cp.courseid=course.id) AS count FROM `course` INNER JOIN branch b on b.id=course.branchId INNER JOIN grocery g on g.id=b.groId LEFT JOIN course_praise cp on cp.courseid=course.id  WHERE ( extension = 1 and g.status = 1 ) GROUP BY course.id ORDER BY course.praisepoint/course.salepoint*praisenum DESC  [ RunTime:0.0129s ]
SQL: SHOW COLUMNS FROM `linkdeta` [ RunTime:0.0039s ]
SQL: SELECT * FROM `linkdeta` WHERE ( linkid = 1 ) ORDER BY sortnu  [ RunTime:0.0065s ]
SQL: SHOW COLUMNS FROM `category` [ RunTime:0.0034s ]
SQL: SELECT * FROM `category` WHERE `pid` = 0 AND `status` = 1 AND `type` = 1  [ RunTime:0.0013s ]
INFO: [ view_parse ] --START--
INFO: [ template_filter ] --START--
INFO: Run Behavior\ContentReplaceBehavior [ RunTime:0.000127s ]
INFO: [ template_filter ] --END-- [ RunTime:0.000246s ]
NOTIC: [2] Division by zero /var/www/virtual/xbkt/home/wwwroot/Application/Runtime/Cache/Home/1b07914afbea34ff8790ac18f6c6e89c.php 第 163 行.
NOTIC: [2] Division by zero /var/www/virtual/xbkt/home/wwwroot/Application/Runtime/Cache/Home/1b07914afbea34ff8790ac18f6c6e89c.php 第 163 行.
NOTIC: [2] Division by zero /var/www/virtual/xbkt/home/wwwroot/Application/Runtime/Cache/Home/1b07914afbea34ff8790ac18f6c6e89c.php 第 163 行.
NOTIC: [2] Division by zero /var/www/virtual/xbkt/home/wwwroot/Application/Runtime/Cache/Home/1b07914afbea34ff8790ac18f6c6e89c.php 第 163 行.
NOTIC: [2] Division by zero /var/www/virtual/xbkt/home/wwwroot/Application/Runtime/Cache/Home/1b07914afbea34ff8790ac18f6c6e89c.php 第 163 行.
INFO: Run Behavior\ParseTemplateBehavior [ RunTime:0.052795s ]
INFO: [ view_parse ] --END-- [ RunTime:0.052943s ]
INFO: [ view_filter ] --START--
INFO: Run Behavior\WriteHtmlCacheBehavior [ RunTime:0.000787s ]
INFO: [ view_filter ] --END-- [ RunTime:0.000879s ]
INFO: [ app_end ] --START--
INFO: Run Behavior\ShowPageTraceBehavior [ RunTime:0.002017s ]
INFO: [ app_end ] --END-- [ RunTime:0.002114s ]

[ 2016-09-19T11:41:54+08:00 ] 176.58.117.161 /
INFO: [ app_init ] --START--
INFO: Run Behavior\BuildLiteBehavior [ RunTime:0.000045s ]
INFO: [ app_init ] --END-- [ RunTime:0.001309s ]
INFO: [ app_begin ] --START--
INFO: Run Behavior\ReadHtmlCacheBehavior [ RunTime:0.001760s ]
INFO: [ app_begin ] --END-- [ RunTime:0.001966s ]

[ 2016-09-19T11:41:55+08:00 ] 176.58.117.161 /choice/index.html
INFO: [ app_init ] --START--
INFO: Run Behavior\BuildLiteBehavior [ RunTime:0.000042s ]
INFO: [ app_init ] --END-- [ RunTime:0.001739s ]
INFO: [ app_begin ] --START--
INFO: Run Behavior\ReadHtmlCacheBehavior [ RunTime:0.001866s ]
INFO: [ app_begin ] --END-- [ RunTime:0.001967s ]
SQL: SHOW COLUMNS FROM `course` [ RunTime:0.0029s ]
SQL: SELECT course.*,g.numbering,b.braName,b.area,b.circle,(SELECT count(*) from course_praise cp WHERE cp.courseid=course.id) AS count FROM `course` INNER JOIN branch b on b.id=course.branchId INNER JOIN grocery g on g.id=b.groId LEFT JOIN course_praise cp on cp.courseid=course.id  WHERE ( extension = 1 and g.status = 1 ) GROUP BY course.id ORDER BY course.praisepoint/course.salepoint*praisenum DESC  [ RunTime:0.0050s ]
SQL: SHOW COLUMNS FROM `linkdeta` [ RunTime:0.0025s ]
SQL: SELECT * FROM `linkdeta` WHERE ( linkid = 1 ) ORDER BY sortnu  [ RunTime:0.0010s ]
SQL: SHOW COLUMNS FROM `category` [ RunTime:0.0040s ]
SQL: SELECT * FROM `category` WHERE `pid` = 0 AND `status` = 1 AND `type` = 1  [ RunTime:0.0011s ]
INFO: [ view_parse ] --START--
INFO: [ template_filter ] --START--
INFO: Run Behavior\ContentReplaceBehavior [ RunTime:0.000118s ]
INFO: [ template_filter ] --END-- [ RunTime:0.000217s ]
NOTIC: [2] Division by zero /var/www/virtual/xbkt/home/wwwroot/Application/Runtime/Cache/Home/1b07914afbea34ff8790ac18f6c6e89c.php 第 163 行.
NOTIC: [2] Division by zero /var/www/virtual/xbkt/home/wwwroot/Application/Runtime/Cache/Home/1b07914afbea34ff8790ac18f6c6e89c.php 第 163 行.
NOTIC: [2] Division by zero /var/www/virtual/xbkt/home/wwwroot/Application/Runtime/Cache/Home/1b07914afbea34ff8790ac18f6c6e89c.php 第 163 行.
NOTIC: [2] Division by zero /var/www/virtual/xbkt/home/wwwroot/Application/Runtime/Cache/Home/1b07914afbea34ff8790ac18f6c6e89c.php 第 163 行.
NOTIC: [2] Division by zero /var/www/virtual/xbkt/home/wwwroot/Application/Runtime/Cache/Home/1b07914afbea34ff8790ac18f6c6e89c.php 第 163 行.
INFO: Run Behavior\ParseTemplateBehavior [ RunTime:0.034242s ]
INFO: [ view_parse ] --END-- [ RunTime:0.034495s ]
INFO: [ view_filter ] --START--
INFO: Run Behavior\WriteHtmlCacheBehavior [ RunTime:0.000508s ]
INFO: [ view_filter ] --END-- [ RunTime:0.000595s ]
INFO: [ app_end ] --START--
INFO: Run Behavior\ShowPageTraceBehavior [ RunTime:0.002061s ]
INFO: [ app_end ] --END-- [ RunTime:0.002159s ]

[ 2016-09-19T11:42:22+08:00 ] 176.58.117.161 /
INFO: [ app_init ] --START--
INFO: Run Behavior\BuildLiteBehavior [ RunTime:0.000044s ]
INFO: [ app_init ] --END-- [ RunTime:0.001384s ]
INFO: [ app_begin ] --START--
INFO: Run Behavior\ReadHtmlCacheBehavior [ RunTime:0.001951s ]
INFO: [ app_begin ] --END-- [ RunTime:0.002072s ]

[ 2016-09-19T11:42:23+08:00 ] 176.58.117.161 /
INFO: [ app_init ] --START--
INFO: Run Behavior\BuildLiteBehavior [ RunTime:0.000058s ]
INFO: [ app_init ] --END-- [ RunTime:0.001375s ]
INFO: [ app_begin ] --START--
INFO: Run Behavior\ReadHtmlCacheBehavior [ RunTime:0.001753s ]
INFO: [ app_begin ] --END-- [ RunTime:0.001869s ]

[ 2016-09-19T11:42:23+08:00 ] 176.58.117.161 /choice/index.html
INFO: [ app_init ] --START--
INFO: Run Behavior\BuildLiteBehavior [ RunTime:0.000039s ]
INFO: [ app_init ] --END-- [ RunTime:0.001150s ]
INFO: [ app_begin ] --START--
INFO: Run Behavior\ReadHtmlCacheBehavior [ RunTime:0.001500s ]
INFO: [ app_begin ] --END-- [ RunTime:0.001603s ]
SQL: SHOW COLUMNS FROM `course` [ RunTime:0.0038s ]
SQL: SELECT course.*,g.numbering,b.braName,b.area,b.circle,(SELECT count(*) from course_praise cp WHERE cp.courseid=course.id) AS count FROM `course` INNER JOIN branch b on b.id=course.branchId INNER JOIN grocery g on g.id=b.groId LEFT JOIN course_praise cp on cp.courseid=course.id  WHERE ( extension = 1 and g.status = 1 ) GROUP BY course.id ORDER BY course.praisepoint/course.salepoint*praisenum DESC  [ RunTime:0.0051s ]
SQL: SHOW COLUMNS FROM `linkdeta` [ RunTime:0.0022s ]
SQL: SELECT * FROM `linkdeta` WHERE ( linkid = 1 ) ORDER BY sortnu  [ RunTime:0.0013s ]
SQL: SHOW COLUMNS FROM `category` [ RunTime:0.0021s ]
SQL: SELECT * FROM `category` WHERE `pid` = 0 AND `status` = 1 AND `type` = 1  [ RunTime:0.0011s ]
INFO: [ view_parse ] --START--
INFO: [ template_filter ] --START--
INFO: Run Behavior\ContentReplaceBehavior [ RunTime:0.000107s ]
INFO: [ template_filter ] --END-- [ RunTime:0.000202s ]
NOTIC: [2] Division by zero /var/www/virtual/xbkt/home/wwwroot/Application/Runtime/Cache/Home/1b07914afbea34ff8790ac18f6c6e89c.php 第 163 行.
NOTIC: [2] Division by zero /var/www/virtual/xbkt/home/wwwroot/Application/Runtime/Cache/Home/1b07914afbea34ff8790ac18f6c6e89c.php 第 163 行.
NOTIC: [2] Division by zero /var/www/virtual/xbkt/home/wwwroot/Application/Runtime/Cache/Home/1b07914afbea34ff8790ac18f6c6e89c.php 第 163 行.
NOTIC: [2] Division by zero /var/www/virtual/xbkt/home/wwwroot/Application/Runtime/Cache/Home/1b07914afbea34ff8790ac18f6c6e89c.php 第 163 行.
NOTIC: [2] Division by zero /var/www/virtual/xbkt/home/wwwroot/Application/Runtime/Cache/Home/1b07914afbea34ff8790ac18f6c6e89c.php 第 163 行.
INFO: Run Behavior\ParseTemplateBehavior [ RunTime:0.029083s ]
INFO: [ view_parse ] --END-- [ RunTime:0.029168s ]
INFO: [ view_filter ] --START--
INFO: Run Behavior\WriteHtmlCacheBehavior [ RunTime:0.000487s ]
INFO: [ view_filter ] --END-- [ RunTime:0.000564s ]
INFO: [ app_end ] --START--
INFO: Run Behavior\ShowPageTraceBehavior [ RunTime:0.001908s ]
INFO: [ app_end ] --END-- [ RunTime:0.002008s ]

[ 2016-09-19T11:42:28+08:00 ] 176.58.117.161 /
INFO: [ app_init ] --START--
INFO: Run Behavior\BuildLiteBehavior [ RunTime:0.000045s ]
INFO: [ app_init ] --END-- [ RunTime:0.001276s ]
INFO: [ app_begin ] --START--
INFO: Run Behavior\ReadHtmlCacheBehavior [ RunTime:0.001836s ]
INFO: [ app_begin ] --END-- [ RunTime:0.001940s ]

[ 2016-09-19T11:42:33+08:00 ] 176.58.117.161 /choice/index.html
INFO: [ app_init ] --START--
INFO: Run Behavior\BuildLiteBehavior [ RunTime:0.000042s ]
INFO: [ app_init ] --END-- [ RunTime:0.001550s ]
INFO: [ app_begin ] --START--
INFO: Run Behavior\ReadHtmlCacheBehavior [ RunTime:0.001908s ]
INFO: [ app_begin ] --END-- [ RunTime:0.002012s ]
SQL: SHOW COLUMNS FROM `course` [ RunTime:0.0027s ]
SQL: SELECT course.*,g.numbering,b.braName,b.area,b.circle,(SELECT count(*) from course_praise cp WHERE cp.courseid=course.id) AS count FROM `course` INNER JOIN branch b on b.id=course.branchId INNER JOIN grocery g on g.id=b.groId LEFT JOIN course_praise cp on cp.courseid=course.id  WHERE ( extension = 1 and g.status = 1 ) GROUP BY course.id ORDER BY course.praisepoint/course.salepoint*praisenum DESC  [ RunTime:0.0040s ]
SQL: SHOW COLUMNS FROM `linkdeta` [ RunTime:0.0022s ]
SQL: SELECT * FROM `linkdeta` WHERE ( linkid = 1 ) ORDER BY sortnu  [ RunTime:0.0010s ]
SQL: SHOW COLUMNS FROM `category` [ RunTime:0.0022s ]
SQL: SELECT * FROM `category` WHERE `pid` = 0 AND `status` = 1 AND `type` = 1  [ RunTime:0.0011s ]
INFO: [ view_parse ] --START--
INFO: [ template_filter ] --START--
INFO: Run Behavior\ContentReplaceBehavior [ RunTime:0.000182s ]
INFO: [ template_filter ] --END-- [ RunTime:0.000342s ]
NOTIC: [2] Division by zero /var/www/virtual/xbkt/home/wwwroot/Application/Runtime/Cache/Home/1b07914afbea34ff8790ac18f6c6e89c.php 第 163 行.
NOTIC: [2] Division by zero /var/www/virtual/xbkt/home/wwwroot/Application/Runtime/Cache/Home/1b07914afbea34ff8790ac18f6c6e89c.php 第 163 行.
NOTIC: [2] Division by zero /var/www/virtual/xbkt/home/wwwroot/Application/Runtime/Cache/Home/1b07914afbea34ff8790ac18f6c6e89c.php 第 163 行.
NOTIC: [2] Division by zero /var/www/virtual/xbkt/home/wwwroot/Application/Runtime/Cache/Home/1b07914afbea34ff8790ac18f6c6e89c.php 第 163 行.
NOTIC: [2] Division by zero /var/www/virtual/xbkt/home/wwwroot/Application/Runtime/Cache/Home/1b07914afbea34ff8790ac18f6c6e89c.php 第 163 行.
INFO: Run Behavior\ParseTemplateBehavior [ RunTime:0.039507s ]
INFO: [ view_parse ] --END-- [ RunTime:0.039611s ]
INFO: [ view_filter ] --START--
INFO: Run Behavior\WriteHtmlCacheBehavior [ RunTime:0.000616s ]
INFO: [ view_filter ] --END-- [ RunTime:0.000716s ]
INFO: [ app_end ] --START--
INFO: Run Behavior\ShowPageTraceBehavior [ RunTime:0.002368s ]
INFO: [ app_end ] --END-- [ RunTime:0.002492s ]

[ 2016-09-19T11:42:40+08:00 ] 176.58.117.161 /
INFO: [ app_init ] --START--
INFO: Run Behavior\BuildLiteBehavior [ RunTime:0.000043s ]
INFO: [ app_init ] --END-- [ RunTime:0.001519s ]
INFO: [ app_begin ] --START--
INFO: Run Behavior\ReadHtmlCacheBehavior [ RunTime:0.001960s ]
INFO: [ app_begin ] --END-- [ RunTime:0.002189s ]

[ 2016-09-19T11:42:41+08:00 ] 176.58.117.161 /choice/index.html
INFO: [ app_init ] --START--
INFO: Run Behavior\BuildLiteBehavior [ RunTime:0.000064s ]
INFO: [ app_init ] --END-- [ RunTime:0.001477s ]
INFO: [ app_begin ] --START--
INFO: Run Behavior\ReadHtmlCacheBehavior [ RunTime:0.001896s ]
INFO: [ app_begin ] --END-- [ RunTime:0.002031s ]
SQL: SHOW COLUMNS FROM `course` [ RunTime:0.0018s ]
SQL: SELECT course.*,g.numbering,b.braName,b.area,b.circle,(SELECT count(*) from course_praise cp WHERE cp.courseid=course.id) AS count FROM `course` INNER JOIN branch b on b.id=course.branchId INNER JOIN grocery g on g.id=b.groId LEFT JOIN course_praise cp on cp.courseid=course.id  WHERE ( extension = 1 and g.status = 1 ) GROUP BY course.id ORDER BY course.praisepoint/course.salepoint*praisenum DESC  [ RunTime:0.0038s ]
SQL: SHOW COLUMNS FROM `linkdeta` [ RunTime:0.0013s ]
SQL: SELECT * FROM `linkdeta` WHERE ( linkid = 1 ) ORDER BY sortnu  [ RunTime:0.0008s ]
SQL: SHOW COLUMNS FROM `category` [ RunTime:0.0015s ]
SQL: SELECT * FROM `category` WHERE `pid` = 0 AND `status` = 1 AND `type` = 1  [ RunTime:0.0024s ]
INFO: [ view_parse ] --START--
INFO: [ template_filter ] --START--
INFO: Run Behavior\ContentReplaceBehavior [ RunTime:0.000126s ]
INFO: [ template_filter ] --END-- [ RunTime:0.000238s ]
NOTIC: [2] Division by zero /var/www/virtual/xbkt/home/wwwroot/Application/Runtime/Cache/Home/1b07914afbea34ff8790ac18f6c6e89c.php 第 163 行.
NOTIC: [2] Division by zero /var/www/virtual/xbkt/home/wwwroot/Application/Runtime/Cache/Home/1b07914afbea34ff8790ac18f6c6e89c.php 第 163 行.
NOTIC: [2] Division by zero /var/www/virtual/xbkt/home/wwwroot/Application/Runtime/Cache/Home/1b07914afbea34ff8790ac18f6c6e89c.php 第 163 行.
NOTIC: [2] Division by zero /var/www/virtual/xbkt/home/wwwroot/Application/Runtime/Cache/Home/1b07914afbea34ff8790ac18f6c6e89c.php 第 163 行.
NOTIC: [2] Division by zero /var/www/virtual/xbkt/home/wwwroot/Application/Runtime/Cache/Home/1b07914afbea34ff8790ac18f6c6e89c.php 第 163 行.
INFO: Run Behavior\ParseTemplateBehavior [ RunTime:0.032021s ]
INFO: [ view_parse ] --END-- [ RunTime:0.032118s ]
INFO: [ view_filter ] --START--
INFO: Run Behavior\WriteHtmlCacheBehavior [ RunTime:0.000576s ]
INFO: [ view_filter ] --END-- [ RunTime:0.000665s ]
INFO: [ app_end ] --START--
INFO: Run Behavior\ShowPageTraceBehavior [ RunTime:0.002264s ]
INFO: [ app_end ] --END-- [ RunTime:0.002364s ]

[ 2016-09-19T11:42:45+08:00 ] 176.58.117.161 /
INFO: [ app_init ] --START--
INFO: Run Behavior\BuildLiteBehavior [ RunTime:0.000156s ]
INFO: [ app_init ] --END-- [ RunTime:0.001337s ]
INFO: [ app_begin ] --START--
INFO: Run Behavior\ReadHtmlCacheBehavior [ RunTime:0.001668s ]
INFO: [ app_begin ] --END-- [ RunTime:0.001783s ]

[ 2016-09-19T11:42:52+08:00 ] 176.58.117.161 /
INFO: [ app_init ] --START--
INFO: Run Behavior\BuildLiteBehavior [ RunTime:0.000062s ]
INFO: [ app_init ] --END-- [ RunTime:0.001743s ]
INFO: [ app_begin ] --START--
INFO: Run Behavior\ReadHtmlCacheBehavior [ RunTime:0.002385s ]
INFO: [ app_begin ] --END-- [ RunTime:0.002621s ]

[ 2016-09-19T11:47:40+08:00 ] 114.80.208.253 /choice/index.html
INFO: [ app_init ] --START--
INFO: Run Behavior\BuildLiteBehavior [ RunTime:0.000043s ]
INFO: [ app_init ] --END-- [ RunTime:0.001315s ]
INFO: [ app_begin ] --START--
INFO: Run Behavior\ReadHtmlCacheBehavior [ RunTime:0.001675s ]
INFO: [ app_begin ] --END-- [ RunTime:0.001851s ]
SQL: SHOW COLUMNS FROM `course` [ RunTime:0.0019s ]
SQL: SELECT course.*,g.numbering,b.braName,b.area,b.circle,(SELECT count(*) from course_praise cp WHERE cp.courseid=course.id) AS count FROM `course` INNER JOIN branch b on b.id=course.branchId INNER JOIN grocery g on g.id=b.groId LEFT JOIN course_praise cp on cp.courseid=course.id  WHERE ( extension = 1 and g.status = 1 ) GROUP BY course.id ORDER BY course.praisepoint/course.salepoint*praisenum DESC  [ RunTime:0.0038s ]
SQL: SHOW COLUMNS FROM `linkdeta` [ RunTime:0.0012s ]
SQL: SELECT * FROM `linkdeta` WHERE ( linkid = 1 ) ORDER BY sortnu  [ RunTime:0.0010s ]
SQL: SHOW COLUMNS FROM `category` [ RunTime:0.0015s ]
SQL: SELECT * FROM `category` WHERE `pid` = 0 AND `status` = 1 AND `type` = 1  [ RunTime:0.0016s ]
INFO: [ view_parse ] --START--
INFO: [ template_filter ] --START--
INFO: Run Behavior\ContentReplaceBehavior [ RunTime:0.000125s ]
INFO: [ template_filter ] --END-- [ RunTime:0.000338s ]
NOTIC: [2] Division by zero /var/www/virtual/xbkt/home/wwwroot/Application/Runtime/Cache/Home/1b07914afbea34ff8790ac18f6c6e89c.php 第 163 行.
NOTIC: [2] Division by zero /var/www/virtual/xbkt/home/wwwroot/Application/Runtime/Cache/Home/1b07914afbea34ff8790ac18f6c6e89c.php 第 163 行.
NOTIC: [2] Division by zero /var/www/virtual/xbkt/home/wwwroot/Application/Runtime/Cache/Home/1b07914afbea34ff8790ac18f6c6e89c.php 第 163 行.
NOTIC: [2] Division by zero /var/www/virtual/xbkt/home/wwwroot/Application/Runtime/Cache/Home/1b07914afbea34ff8790ac18f6c6e89c.php 第 163 行.
NOTIC: [2] Division by zero /var/www/virtual/xbkt/home/wwwroot/Application/Runtime/Cache/Home/1b07914afbea34ff8790ac18f6c6e89c.php 第 163 行.
INFO: Run Behavior\ParseTemplateBehavior [ RunTime:0.031098s ]
INFO: [ view_parse ] --END-- [ RunTime:0.031192s ]
INFO: [ view_filter ] --START--
INFO: Run Behavior\WriteHtmlCacheBehavior [ RunTime:0.000511s ]
INFO: [ view_filter ] --END-- [ RunTime:0.000730s ]
INFO: [ app_end ] --START--
INFO: Run Behavior\ShowPageTraceBehavior [ RunTime:0.002198s ]
INFO: [ app_end ] --END-- [ RunTime:0.002328s ]

[ 2016-09-19T11:50:10+08:00 ] 178.32.139.10 /?author=1
INFO: [ app_init ] --START--
INFO: Run Behavior\BuildLiteBehavior [ RunTime:0.000068s ]
INFO: [ app_init ] --END-- [ RunTime:0.002034s ]
INFO: [ app_begin ] --START--
INFO: Run Behavior\ReadHtmlCacheBehavior [ RunTime:0.001889s ]
INFO: [ app_begin ] --END-- [ RunTime:0.001996s ]

[ 2016-09-19T11:50:11+08:00 ] 178.32.139.10 //choice/index.html
INFO: [ app_init ] --START--
INFO: Run Behavior\BuildLiteBehavior [ RunTime:0.000111s ]
INFO: [ app_init ] --END-- [ RunTime:0.001376s ]
INFO: [ app_begin ] --START--
INFO: Run Behavior\ReadHtmlCacheBehavior [ RunTime:0.001850s ]
INFO: [ app_begin ] --END-- [ RunTime:0.001969s ]
SQL: SHOW COLUMNS FROM `course` [ RunTime:0.0028s ]
SQL: SELECT course.*,g.numbering,b.braName,b.area,b.circle,(SELECT count(*) from course_praise cp WHERE cp.courseid=course.id) AS count FROM `course` INNER JOIN branch b on b.id=course.branchId INNER JOIN grocery g on g.id=b.groId LEFT JOIN course_praise cp on cp.courseid=course.id  WHERE ( extension = 1 and g.status = 1 ) GROUP BY course.id ORDER BY course.praisepoint/course.salepoint*praisenum DESC  [ RunTime:0.0039s ]
SQL: SHOW COLUMNS FROM `linkdeta` [ RunTime:0.0028s ]
SQL: SELECT * FROM `linkdeta` WHERE ( linkid = 1 ) ORDER BY sortnu  [ RunTime:0.0014s ]
SQL: SHOW COLUMNS FROM `category` [ RunTime:0.0020s ]
SQL: SELECT * FROM `category` WHERE `pid` = 0 AND `status` = 1 AND `type` = 1  [ RunTime:0.0013s ]
INFO: [ view_parse ] --START--
INFO: [ template_filter ] --START--
INFO: Run Behavior\ContentReplaceBehavior [ RunTime:0.000137s ]
INFO: [ template_filter ] --END-- [ RunTime:0.000270s ]
NOTIC: [2] Division by zero /var/www/virtual/xbkt/home/wwwroot/Application/Runtime/Cache/Home/1b07914afbea34ff8790ac18f6c6e89c.php 第 163 行.
NOTIC: [2] Division by zero /var/www/virtual/xbkt/home/wwwroot/Application/Runtime/Cache/Home/1b07914afbea34ff8790ac18f6c6e89c.php 第 163 行.
NOTIC: [2] Division by zero /var/www/virtual/xbkt/home/wwwroot/Application/Runtime/Cache/Home/1b07914afbea34ff8790ac18f6c6e89c.php 第 163 行.
NOTIC: [2] Division by zero /var/www/virtual/xbkt/home/wwwroot/Application/Runtime/Cache/Home/1b07914afbea34ff8790ac18f6c6e89c.php 第 163 行.
NOTIC: [2] Division by zero /var/www/virtual/xbkt/home/wwwroot/Application/Runtime/Cache/Home/1b07914afbea34ff8790ac18f6c6e89c.php 第 163 行.
INFO: Run Behavior\ParseTemplateBehavior [ RunTime:0.032623s ]
INFO: [ view_parse ] --END-- [ RunTime:0.032718s ]
INFO: [ view_filter ] --START--
INFO: Run Behavior\WriteHtmlCacheBehavior [ RunTime:0.000616s ]
INFO: [ view_filter ] --END-- [ RunTime:0.000842s ]
INFO: [ app_end ] --START--
INFO: Run Behavior\ShowPageTraceBehavior [ RunTime:0.002661s ]
INFO: [ app_end ] --END-- [ RunTime:0.002940s ]

[ 2016-09-19T11:50:11+08:00 ] 178.32.139.10 /administrator/index.php
INFO: [ app_init ] --START--
INFO: Run Behavior\BuildLiteBehavior [ RunTime:0.000056s ]
INFO: [ app_init ] --END-- [ RunTime:0.001680s ]
INFO: [ app_begin ] --START--
INFO: Run Behavior\ReadHtmlCacheBehavior [ RunTime:0.002328s ]
INFO: [ app_begin ] --END-- [ RunTime:0.002479s ]
ERR: 非法操作:index.php

[ 2016-09-19T16:32:52+08:00 ] 220.181.108.110 /course/index/cate/15.html
INFO: [ app_init ] --START--
INFO: Run Behavior\BuildLiteBehavior [ RunTime:0.000066s ]
INFO: [ app_init ] --END-- [ RunTime:0.005949s ]
INFO: [ app_begin ] --START--
INFO: Run Behavior\ReadHtmlCacheBehavior [ RunTime:0.007513s ]
INFO: [ app_begin ] --END-- [ RunTime:0.007716s ]
NOTIC: [8] Undefined index: area /var/www/virtual/xbkt/home/wwwroot/Application/Home/Controller/CourseController.class.php 第 24 行.
NOTIC: [8] Undefined index: price /var/www/virtual/xbkt/home/wwwroot/Application/Home/Controller/CourseController.class.php 第 28 行.
SQL: SHOW COLUMNS FROM `course` [ RunTime:0.0065s ]
SQL: SELECT course.*,g.numbering,b.braName,b.area,b.circle,(SELECT count(*) from course_praise cp WHERE cp.courseid=course.id) AS count FROM `course` INNER JOIN branch b on b.id=course.branchId INNER JOIN grocery g on g.id=b.groId LEFT JOIN course_praise cp on cp.courseid=course.id  WHERE `cate1` = '15' AND g.status = 1 GROUP BY course.id  [ RunTime:0.0051s ]
SQL: SHOW COLUMNS FROM `area` [ RunTime:0.0097s ]
SQL: SELECT `name` FROM `area`  [ RunTime:0.0082s ]
SQL: SHOW COLUMNS FROM `category` [ RunTime:0.0141s ]
SQL: SELECT * FROM `category` WHERE `pid` = 0 AND `status` = 1 AND `type` = 1  [ RunTime:0.0125s ]
INFO: [ view_parse ] --START--
INFO: [ template_filter ] --START--
INFO: Run Behavior\ContentReplaceBehavior [ RunTime:0.000055s ]
INFO: [ template_filter ] --END-- [ RunTime:0.000118s ]
INFO: Run Behavior\ParseTemplateBehavior [ RunTime:0.135863s ]
INFO: [ view_parse ] --END-- [ RunTime:0.135999s ]
INFO: [ view_filter ] --START--
INFO: Run Behavior\WriteHtmlCacheBehavior [ RunTime:0.000810s ]
INFO: [ view_filter ] --END-- [ RunTime:0.000939s ]
INFO: [ app_end ] --START--
INFO: Run Behavior\ShowPageTraceBehavior [ RunTime:0.002313s ]
INFO: [ app_end ] --END-- [ RunTime:0.002381s ]

[ 2016-09-19T18:22:25+08:00 ] 123.125.67.157 /robots.txt
INFO: [ app_init ] --START--
INFO: Run Behavior\BuildLiteBehavior [ RunTime:0.000047s ]
INFO: [ app_init ] --END-- [ RunTime:0.001796s ]
INFO: [ app_begin ] --START--
INFO: Run Behavior\ReadHtmlCacheBehavior [ RunTime:0.008211s ]
INFO: [ app_begin ] --END-- [ RunTime:0.008374s ]
INFO: [ app_end ] --START--
INFO: Run Behavior\ShowPageTraceBehavior [ RunTime:0.003024s ]
INFO: [ app_end ] --END-- [ RunTime:0.003147s ]

[ 2016-09-19T20:42:16+08:00 ] 59.63.166.178 /
INFO: [ app_init ] --START--
INFO: Run Behavior\BuildLiteBehavior [ RunTime:0.000125s ]
INFO: [ app_init ] --END-- [ RunTime:0.001412s ]
INFO: [ app_begin ] --START--
INFO: Run Behavior\ReadHtmlCacheBehavior [ RunTime:0.001749s ]
INFO: [ app_begin ] --END-- [ RunTime:0.001881s ]

[ 2016-09-19T20:42:16+08:00 ] 59.63.166.178 /choice/index.html
INFO: [ app_init ] --START--
INFO: Run Behavior\BuildLiteBehavior [ RunTime:0.000047s ]
INFO: [ app_init ] --END-- [ RunTime:0.001377s ]
INFO: [ app_begin ] --START--
INFO: Run Behavior\ReadHtmlCacheBehavior [ RunTime:0.001813s ]
INFO: [ app_begin ] --END-- [ RunTime:0.001919s ]
SQL: SHOW COLUMNS FROM `course` [ RunTime:0.0034s ]
SQL: SELECT course.*,g.numbering,b.braName,b.area,b.circle,(SELECT count(*) from course_praise cp WHERE cp.courseid=course.id) AS count FROM `course` INNER JOIN branch b on b.id=course.branchId INNER JOIN grocery g on g.id=b.groId LEFT JOIN course_praise cp on cp.courseid=course.id  WHERE ( extension = 1 and g.status = 1 ) GROUP BY course.id ORDER BY course.praisepoint/course.salepoint*praisenum DESC  [ RunTime:0.0071s ]
SQL: SHOW COLUMNS FROM `linkdeta` [ RunTime:0.0022s ]
SQL: SELECT * FROM `linkdeta` WHERE ( linkid = 1 ) ORDER BY sortnu  [ RunTime:0.0014s ]
SQL: SHOW COLUMNS FROM `category` [ RunTime:0.0110s ]
SQL: SELECT * FROM `category` WHERE `pid` = 0 AND `status` = 1 AND `type` = 1  [ RunTime:0.0012s ]
INFO: [ view_parse ] --START--
INFO: [ template_filter ] --START--
INFO: Run Behavior\ContentReplaceBehavior [ RunTime:0.000293s ]
INFO: [ template_filter ] --END-- [ RunTime:0.000421s ]
NOTIC: [2] Division by zero /var/www/virtual/xbkt/home/wwwroot/Application/Runtime/Cache/Home/1b07914afbea34ff8790ac18f6c6e89c.php 第 163 行.
NOTIC: [2] Division by zero /var/www/virtual/xbkt/home/wwwroot/Application/Runtime/Cache/Home/1b07914afbea34ff8790ac18f6c6e89c.php 第 163 行.
NOTIC: [2] Division by zero /var/www/virtual/xbkt/home/wwwroot/Application/Runtime/Cache/Home/1b07914afbea34ff8790ac18f6c6e89c.php 第 163 行.
NOTIC: [2] Division by zero /var/www/virtual/xbkt/home/wwwroot/Application/Runtime/Cache/Home/1b07914afbea34ff8790ac18f6c6e89c.php 第 163 行.
NOTIC: [2] Division by zero /var/www/virtual/xbkt/home/wwwroot/Application/Runtime/Cache/Home/1b07914afbea34ff8790ac18f6c6e89c.php 第 163 行.
INFO: Run Behavior\ParseTemplateBehavior [ RunTime:0.052193s ]
INFO: [ view_parse ] --END-- [ RunTime:0.052297s ]
INFO: [ view_filter ] --START--
INFO: Run Behavior\WriteHtmlCacheBehavior [ RunTime:0.000920s ]
INFO: [ view_filter ] --END-- [ RunTime:0.001013s ]
INFO: [ app_end ] --START--
INFO: Run Behavior\ShowPageTraceBehavior [ RunTime:0.002471s ]
INFO: [ app_end ] --END-- [ RunTime:0.002568s ]

[ 2016-09-19T20:42:18+08:00 ] 59.63.166.178 /course/coursedeta/id/30.html
INFO: [ app_init ] --START--
INFO: Run Behavior\BuildLiteBehavior [ RunTime:0.000043s ]
INFO: [ app_init ] --END-- [ RunTime:0.001727s ]
INFO: [ app_begin ] --START--
INFO: Run Behavior\ReadHtmlCacheBehavior [ RunTime:0.002104s ]
INFO: [ app_begin ] --END-- [ RunTime:0.002208s ]
SQL: SHOW COLUMNS FROM `course` [ RunTime:0.0029s ]
SQL: SELECT course.*,g.numbering,b.area,b.circle,b.braName FROM `course` INNER JOIN branch b on b.id=course.branchId INNER JOIN grocery g on g.id=b.groId  WHERE course.id = '30' LIMIT 1   [ RunTime:0.0023s ]
NOTIC: [2] Division by zero /var/www/virtual/xbkt/home/wwwroot/Application/Home/Controller/CourseController.class.php 第 86 行.
SQL: SHOW COLUMNS FROM `course_praise` [ RunTime:0.0020s ]
SQL: SELECT COUNT(*) AS tp_count FROM `course_praise` WHERE ( courseid=30 ) LIMIT 1   [ RunTime:0.0202s ]
SQL: SELECT course_praise.*,m.username,m.headProtrait FROM `course_praise` INNER JOIN member m on m.id=course_praise.userid  WHERE ( courseid=30 )  [ RunTime:0.0060s ]
INFO: [ view_parse ] --START--
INFO: [ template_filter ] --START--
INFO: Run Behavior\ContentReplaceBehavior [ RunTime:0.000105s ]
INFO: [ template_filter ] --END-- [ RunTime:0.000348s ]
NOTIC: [8] Undefined variable: details_thum /var/www/virtual/xbkt/home/wwwroot/Application/Runtime/Cache/Home/11dd8fc8516aa2d78f6cbca9e59928db.php 第 26 行.
INFO: Run Behavior\ParseTemplateBehavior [ RunTime:0.064912s ]
INFO: [ view_parse ] --END-- [ RunTime:0.065041s ]
INFO: [ view_filter ] --START--
INFO: Run Behavior\WriteHtmlCacheBehavior [ RunTime:0.000638s ]
INFO: [ view_filter ] --END-- [ RunTime:0.000864s ]
INFO: [ app_end ] --START--
INFO: Run Behavior\ShowPageTraceBehavior [ RunTime:0.012768s ]
INFO: [ app_end ] --END-- [ RunTime:0.012885s ]

[ 2016-09-19T20:42:21+08:00 ] 59.63.166.178 /favicon.ico
INFO: [ app_init ] --START--
INFO: Run Behavior\BuildLiteBehavior [ RunTime:0.000043s ]
INFO: [ app_init ] --END-- [ RunTime:0.001292s ]

[ 2016-09-19T20:48:54+08:00 ] 103.240.124.74 /favicon.ico
INFO: [ app_init ] --START--
INFO: Run Behavior\BuildLiteBehavior [ RunTime:0.000055s ]
INFO: [ app_init ] --END-- [ RunTime:0.001464s ]

[ 2016-09-19T21:01:25+08:00 ] 220.181.108.111 /course/index/age/2.html
INFO: [ app_init ] --START--
INFO: Run Behavior\BuildLiteBehavior [ RunTime:0.000057s ]
INFO: [ app_init ] --END-- [ RunTime:0.001335s ]
INFO: [ app_begin ] --START--
INFO: Run Behavior\ReadHtmlCacheBehavior [ RunTime:0.001736s ]
INFO: [ app_begin ] --END-- [ RunTime:0.001839s ]
NOTIC: [8] Undefined index: cate /var/www/virtual/xbkt/home/wwwroot/Application/Home/Controller/CourseController.class.php 第 17 行.
NOTIC: [8] Undefined index: area /var/www/virtual/xbkt/home/wwwroot/Application/Home/Controller/CourseController.class.php 第 24 行.
NOTIC: [8] Undefined index: price /var/www/virtual/xbkt/home/wwwroot/Application/Home/Controller/CourseController.class.php 第 28 行.
SQL: SHOW COLUMNS FROM `course` [ RunTime:0.0028s ]
SQL: SELECT course.*,g.numbering,b.braName,b.area,b.circle,(SELECT count(*) from course_praise cp WHERE cp.courseid=course.id) AS count FROM `course` INNER JOIN branch b on b.id=course.branchId INNER JOIN grocery g on g.id=b.groId LEFT JOIN course_praise cp on cp.courseid=course.id  WHERE `age` = '12 - 18' AND g.status = 1 GROUP BY course.id  [ RunTime:0.0025s ]
SQL: SHOW COLUMNS FROM `area` [ RunTime:0.0022s ]
SQL: SELECT `name` FROM `area`  [ RunTime:0.0025s ]
SQL: SHOW COLUMNS FROM `category` [ RunTime:0.0022s ]
SQL: SELECT * FROM `category` WHERE `pid` = 0 AND `status` = 1 AND `type` = 1  [ RunTime:0.0029s ]
INFO: [ view_parse ] --START--
INFO: [ template_filter ] --START--
INFO: Run Behavior\ContentReplaceBehavior [ RunTime:0.000101s ]
INFO: [ template_filter ] --END-- [ RunTime:0.000208s ]
INFO: Run Behavior\ParseTemplateBehavior [ RunTime:0.048259s ]
INFO: [ view_parse ] --END-- [ RunTime:0.048360s ]
INFO: [ view_filter ] --START--
INFO: Run Behavior\WriteHtmlCacheBehavior [ RunTime:0.000680s ]
INFO: [ view_filter ] --END-- [ RunTime:0.000768s ]
INFO: [ app_end ] --START--
INFO: Run Behavior\ShowPageTraceBehavior [ RunTime:0.002076s ]
INFO: [ app_end ] --END-- [ RunTime:0.002170s ]

[ 2016-09-19T21:05:06+08:00 ] 220.181.51.110 /robots.txt
INFO: [ app_init ] --START--
INFO: Run Behavior\BuildLiteBehavior [ RunTime:0.000042s ]
INFO: [ app_init ] --END-- [ RunTime:0.001292s ]
INFO: [ app_begin ] --START--
INFO: Run Behavior\ReadHtmlCacheBehavior [ RunTime:0.001660s ]
INFO: [ app_begin ] --END-- [ RunTime:0.001764s ]
INFO: [ app_end ] --START--
INFO: Run Behavior\ShowPageTraceBehavior [ RunTime:0.001899s ]
INFO: [ app_end ] --END-- [ RunTime:0.002008s ]

[ 2016-09-19T21:21:42+08:00 ] 220.179.147.58 /
INFO: [ app_init ] --START--
INFO: Run Behavior\BuildLiteBehavior [ RunTime:0.000043s ]
INFO: [ app_init ] --END-- [ RunTime:0.001353s ]
INFO: [ app_begin ] --START--
INFO: Run Behavior\ReadHtmlCacheBehavior [ RunTime:0.001793s ]
INFO: [ app_begin ] --END-- [ RunTime:0.001910s ]

[ 2016-09-19T21:21:43+08:00 ] 220.179.147.58 /choice/index.html
INFO: [ app_init ] --START--
INFO: Run Behavior\BuildLiteBehavior [ RunTime:0.000044s ]
INFO: [ app_init ] --END-- [ RunTime:0.001287s ]
INFO: [ app_begin ] --START--
INFO: Run Behavior\ReadHtmlCacheBehavior [ RunTime:0.003875s ]
INFO: [ app_begin ] --END-- [ RunTime:0.003983s ]
SQL: SHOW COLUMNS FROM `course` [ RunTime:0.0038s ]
SQL: SELECT course.*,g.numbering,b.braName,b.area,b.circle,(SELECT count(*) from course_praise cp WHERE cp.courseid=course.id) AS count FROM `course` INNER JOIN branch b on b.id=course.branchId INNER JOIN grocery g on g.id=b.groId LEFT JOIN course_praise cp on cp.courseid=course.id  WHERE ( extension = 1 and g.status = 1 ) GROUP BY course.id ORDER BY course.praisepoint/course.salepoint*praisenum DESC  [ RunTime:0.0038s ]
SQL: SHOW COLUMNS FROM `linkdeta` [ RunTime:0.0030s ]
SQL: SELECT * FROM `linkdeta` WHERE ( linkid = 1 ) ORDER BY sortnu  [ RunTime:0.0011s ]
SQL: SHOW COLUMNS FROM `category` [ RunTime:0.0023s ]
SQL: SELECT * FROM `category` WHERE `pid` = 0 AND `status` = 1 AND `type` = 1  [ RunTime:0.0014s ]
INFO: [ view_parse ] --START--
INFO: [ template_filter ] --START--
INFO: Run Behavior\ContentReplaceBehavior [ RunTime:0.000135s ]
INFO: [ template_filter ] --END-- [ RunTime:0.000242s ]
NOTIC: [2] Division by zero /var/www/virtual/xbkt/home/wwwroot/Application/Runtime/Cache/Home/1b07914afbea34ff8790ac18f6c6e89c.php 第 163 行.
NOTIC: [2] Division by zero /var/www/virtual/xbkt/home/wwwroot/Application/Runtime/Cache/Home/1b07914afbea34ff8790ac18f6c6e89c.php 第 163 行.
NOTIC: [2] Division by zero /var/www/virtual/xbkt/home/wwwroot/Application/Runtime/Cache/Home/1b07914afbea34ff8790ac18f6c6e89c.php 第 163 行.
NOTIC: [2] Division by zero /var/www/virtual/xbkt/home/wwwroot/Application/Runtime/Cache/Home/1b07914afbea34ff8790ac18f6c6e89c.php 第 163 行.
NOTIC: [2] Division by zero /var/www/virtual/xbkt/home/wwwroot/Application/Runtime/Cache/Home/1b07914afbea34ff8790ac18f6c6e89c.php 第 163 行.
INFO: Run Behavior\ParseTemplateBehavior [ RunTime:0.033188s ]
INFO: [ view_parse ] --END-- [ RunTime:0.033298s ]
INFO: [ view_filter ] --START--
INFO: Run Behavior\WriteHtmlCacheBehavior [ RunTime:0.000651s ]
INFO: [ view_filter ] --END-- [ RunTime:0.000740s ]
INFO: [ app_end ] --START--
INFO: Run Behavior\ShowPageTraceBehavior [ RunTime:0.002168s ]
INFO: [ app_end ] --END-- [ RunTime:0.002267s ]

[ 2016-09-19T21:24:47+08:00 ] 101.226.89.123 /choice/index.html
INFO: [ app_init ] --START--
INFO: Run Behavior\BuildLiteBehavior [ RunTime:0.000043s ]
INFO: [ app_init ] --END-- [ RunTime:0.001264s ]
INFO: [ app_begin ] --START--
INFO: Run Behavior\ReadHtmlCacheBehavior [ RunTime:0.001698s ]
INFO: [ app_begin ] --END-- [ RunTime:0.001804s ]
SQL: SHOW COLUMNS FROM `course` [ RunTime:0.0033s ]
SQL: SELECT course.*,g.numbering,b.braName,b.area,b.circle,(SELECT count(*) from course_praise cp WHERE cp.courseid=course.id) AS count FROM `course` INNER JOIN branch b on b.id=course.branchId INNER JOIN grocery g on g.id=b.groId LEFT JOIN course_praise cp on cp.courseid=course.id  WHERE ( extension = 1 and g.status = 1 ) GROUP BY course.id ORDER BY course.praisepoint/course.salepoint*praisenum DESC  [ RunTime:0.0061s ]
SQL: SHOW COLUMNS FROM `linkdeta` [ RunTime:0.0042s ]
SQL: SELECT * FROM `linkdeta` WHERE ( linkid = 1 ) ORDER BY sortnu  [ RunTime:0.0017s ]
SQL: SHOW COLUMNS FROM `category` [ RunTime:0.0023s ]
SQL: SELECT * FROM `category` WHERE `pid` = 0 AND `status` = 1 AND `type` = 1  [ RunTime:0.0012s ]
INFO: [ view_parse ] --START--
INFO: [ template_filter ] --START--
INFO: Run Behavior\ContentReplaceBehavior [ RunTime:0.000120s ]
INFO: [ template_filter ] --END-- [ RunTime:0.000213s ]
NOTIC: [2] Division by zero /var/www/virtual/xbkt/home/wwwroot/Application/Runtime/Cache/Home/1b07914afbea34ff8790ac18f6c6e89c.php 第 163 行.
NOTIC: [2] Division by zero /var/www/virtual/xbkt/home/wwwroot/Application/Runtime/Cache/Home/1b07914afbea34ff8790ac18f6c6e89c.php 第 163 行.
NOTIC: [2] Division by zero /var/www/virtual/xbkt/home/wwwroot/Application/Runtime/Cache/Home/1b07914afbea34ff8790ac18f6c6e89c.php 第 163 行.
NOTIC: [2] Division by zero /var/www/virtual/xbkt/home/wwwroot/Application/Runtime/Cache/Home/1b07914afbea34ff8790ac18f6c6e89c.php 第 163 行.
NOTIC: [2] Division by zero /var/www/virtual/xbkt/home/wwwroot/Application/Runtime/Cache/Home/1b07914afbea34ff8790ac18f6c6e89c.php 第 163 行.
INFO: Run Behavior\ParseTemplateBehavior [ RunTime:0.035604s ]
INFO: [ view_parse ] --END-- [ RunTime:0.035687s ]
INFO: [ view_filter ] --START--
INFO: Run Behavior\WriteHtmlCacheBehavior [ RunTime:0.000532s ]
INFO: [ view_filter ] --END-- [ RunTime:0.000662s ]
INFO: [ app_end ] --START--
INFO: Run Behavior\ShowPageTraceBehavior [ RunTime:0.002820s ]
INFO: [ app_end ] --END-- [ RunTime:0.002987s ]

[ 2016-09-19T21:24:54+08:00 ] 180.153.214.198 /
INFO: [ app_init ] --START--
INFO: Run Behavior\BuildLiteBehavior [ RunTime:0.000043s ]
INFO: [ app_init ] --END-- [ RunTime:0.001606s ]
INFO: [ app_begin ] --START--
INFO: Run Behavior\ReadHtmlCacheBehavior [ RunTime:0.002251s ]
INFO: [ app_begin ] --END-- [ RunTime:0.002371s ]

[ 2016-09-19T21:24:54+08:00 ] 180.153.214.198 /choice/index.html
INFO: [ app_init ] --START--
INFO: Run Behavior\BuildLiteBehavior [ RunTime:0.000045s ]
INFO: [ app_init ] --END-- [ RunTime:0.001271s ]
INFO: [ app_begin ] --START--
INFO: Run Behavior\ReadHtmlCacheBehavior [ RunTime:0.001685s ]
INFO: [ app_begin ] --END-- [ RunTime:0.001859s ]
SQL: SHOW COLUMNS FROM `course` [ RunTime:0.0046s ]
SQL: SELECT course.*,g.numbering,b.braName,b.area,b.circle,(SELECT count(*) from course_praise cp WHERE cp.courseid=course.id) AS count FROM `course` INNER JOIN branch b on b.id=course.branchId INNER JOIN grocery g on g.id=b.groId LEFT JOIN course_praise cp on cp.courseid=course.id  WHERE ( extension = 1 and g.status = 1 ) GROUP BY course.id ORDER BY course.praisepoint/course.salepoint*praisenum DESC  [ RunTime:0.0045s ]
SQL: SHOW COLUMNS FROM `linkdeta` [ RunTime:0.0022s ]
SQL: SELECT * FROM `linkdeta` WHERE ( linkid = 1 ) ORDER BY sortnu  [ RunTime:0.0011s ]
SQL: SHOW COLUMNS FROM `category` [ RunTime:0.0019s ]
SQL: SELECT * FROM `category` WHERE `pid` = 0 AND `status` = 1 AND `type` = 1  [ RunTime:0.0010s ]
INFO: [ view_parse ] --START--
INFO: [ template_filter ] --START--
INFO: Run Behavior\ContentReplaceBehavior [ RunTime:0.000150s ]
INFO: [ template_filter ] --END-- [ RunTime:0.000259s ]
NOTIC: [2] Division by zero /var/www/virtual/xbkt/home/wwwroot/Application/Runtime/Cache/Home/1b07914afbea34ff8790ac18f6c6e89c.php 第 163 行.
NOTIC: [2] Division by zero /var/www/virtual/xbkt/home/wwwroot/Application/Runtime/Cache/Home/1b07914afbea34ff8790ac18f6c6e89c.php 第 163 行.
NOTIC: [2] Division by zero /var/www/virtual/xbkt/home/wwwroot/Application/Runtime/Cache/Home/1b07914afbea34ff8790ac18f6c6e89c.php 第 163 行.
NOTIC: [2] Division by zero /var/www/virtual/xbkt/home/wwwroot/Application/Runtime/Cache/Home/1b07914afbea34ff8790ac18f6c6e89c.php 第 163 行.
NOTIC: [2] Division by zero /var/www/virtual/xbkt/home/wwwroot/Application/Runtime/Cache/Home/1b07914afbea34ff8790ac18f6c6e89c.php 第 163 行.
INFO: Run Behavior\ParseTemplateBehavior [ RunTime:0.045757s ]
INFO: [ view_parse ] --END-- [ RunTime:0.045859s ]
INFO: [ view_filter ] --START--
INFO: Run Behavior\WriteHtmlCacheBehavior [ RunTime:0.000846s ]
INFO: [ view_filter ] --END-- [ RunTime:0.000937s ]
INFO: [ app_end ] --START--
INFO: Run Behavior\ShowPageTraceBehavior [ RunTime:0.002156s ]
INFO: [ app_end ] --END-- [ RunTime:0.002269s ]

[ 2016-09-19T23:20:43+08:00 ] 220.181.108.82 /article/details/id/11.html
INFO: [ app_init ] --START--
INFO: Run Behavior\BuildLiteBehavior [ RunTime:0.000044s ]
INFO: [ app_init ] --END-- [ RunTime:0.001477s ]
INFO: [ app_begin ] --START--
INFO: Run Behavior\ReadHtmlCacheBehavior [ RunTime:0.001674s ]
INFO: [ app_begin ] --END-- [ RunTime:0.001843s ]
SQL: SHOW COLUMNS FROM `article` [ RunTime:0.0026s ]
SQL: UPDATE `article` SET `readnum`=readnum+1 WHERE article.id = '11' [ RunTime:0.0011s ]
SQL: SELECT article.*,g.numbering,count(s.id) as share_count FROM `article` left join grocery g on g.id=article.groid left join article_share s on s.article_id = article.id  WHERE article.id = '11' LIMIT 1   [ RunTime:0.0024s ]
SQL: SHOW COLUMNS FROM `article_collect` [ RunTime:0.0021s ]
SQL: SELECT COUNT(*) AS tp_count FROM `article_collect` WHERE ( artid=11 ) LIMIT 1   [ RunTime:0.0011s ]
NOTIC: [2048] Declaration of Home\Controller\WeChatController::success() should be compatible with Think\Controller::success($message = '', $jumpUrl = '', $ajax = false) /var/www/virtual/xbkt/home/wwwroot/Application/Home/Controller/WeChatController.class.php 第 0 行.
INFO: [ view_parse ] --START--
INFO: [ template_filter ] --START--
INFO: Run Behavior\ContentReplaceBehavior [ RunTime:0.000114s ]
INFO: [ template_filter ] --END-- [ RunTime:0.000220s ]
NOTIC: [2] Division by zero /var/www/virtual/xbkt/home/wwwroot/Application/Runtime/Cache/Home/f60b866f38264976d0ec31337e66e9ec.php 第 34 行.
INFO: Run Behavior\ParseTemplateBehavior [ RunTime:0.031907s ]
INFO: [ view_parse ] --END-- [ RunTime:0.032019s ]
INFO: [ view_filter ] --START--
INFO: Run Behavior\WriteHtmlCacheBehavior [ RunTime:0.000535s ]
INFO: [ view_filter ] --END-- [ RunTime:0.000627s ]
INFO: [ app_end ] --START--
INFO: Run Behavior\ShowPageTraceBehavior [ RunTime:0.002155s ]
INFO: [ app_end ] --END-- [ RunTime:0.002249s ]

[ 2016-09-19T23:28:11+08:00 ] 111.193.217.47 /
INFO: [ app_init ] --START--
INFO: Run Behavior\BuildLiteBehavior [ RunTime:0.000042s ]
INFO: [ app_init ] --END-- [ RunTime:0.001295s ]
INFO: [ app_begin ] --START--
INFO: Run Behavior\ReadHtmlCacheBehavior [ RunTime:0.001813s ]
INFO: [ app_begin ] --END-- [ RunTime:0.001915s ]

[ 2016-09-19T23:28:11+08:00 ] 111.193.217.47 /choice/index.html
INFO: [ app_init ] --START--
INFO: Run Behavior\BuildLiteBehavior [ RunTime:0.000062s ]
INFO: [ app_init ] --END-- [ RunTime:0.001792s ]
INFO: [ app_begin ] --START--
INFO: Run Behavior\ReadHtmlCacheBehavior [ RunTime:0.001782s ]
INFO: [ app_begin ] --END-- [ RunTime:0.001918s ]
SQL: SHOW COLUMNS FROM `course` [ RunTime:0.0031s ]
SQL: SELECT course.*,g.numbering,b.braName,b.area,b.circle,(SELECT count(*) from course_praise cp WHERE cp.courseid=course.id) AS count FROM `course` INNER JOIN branch b on b.id=course.branchId INNER JOIN grocery g on g.id=b.groId LEFT JOIN course_praise cp on cp.courseid=course.id  WHERE ( extension = 1 and g.status = 1 ) GROUP BY course.id ORDER BY course.praisepoint/course.salepoint*praisenum DESC  [ RunTime:0.0040s ]
SQL: SHOW COLUMNS FROM `linkdeta` [ RunTime:0.0024s ]
SQL: SELECT * FROM `linkdeta` WHERE ( linkid = 1 ) ORDER BY sortnu  [ RunTime:0.0013s ]
SQL: SHOW COLUMNS FROM `category` [ RunTime:0.0024s ]
SQL: SELECT * FROM `category` WHERE `pid` = 0 AND `status` = 1 AND `type` = 1  [ RunTime:0.0014s ]
INFO: [ view_parse ] --START--
INFO: [ template_filter ] --START--
INFO: Run Behavior\ContentReplaceBehavior [ RunTime:0.000117s ]
INFO: [ template_filter ] --END-- [ RunTime:0.000213s ]
NOTIC: [2] Division by zero /var/www/virtual/xbkt/home/wwwroot/Application/Runtime/Cache/Home/1b07914afbea34ff8790ac18f6c6e89c.php 第 163 行.
NOTIC: [2] Division by zero /var/www/virtual/xbkt/home/wwwroot/Application/Runtime/Cache/Home/1b07914afbea34ff8790ac18f6c6e89c.php 第 163 行.
NOTIC: [2] Division by zero /var/www/virtual/xbkt/home/wwwroot/Application/Runtime/Cache/Home/1b07914afbea34ff8790ac18f6c6e89c.php 第 163 行.
NOTIC: [2] Division by zero /var/www/virtual/xbkt/home/wwwroot/Application/Runtime/Cache/Home/1b07914afbea34ff8790ac18f6c6e89c.php 第 163 行.
NOTIC: [2] Division by zero /var/www/virtual/xbkt/home/wwwroot/Application/Runtime/Cache/Home/1b07914afbea34ff8790ac18f6c6e89c.php 第 163 行.
INFO: Run Behavior\ParseTemplateBehavior [ RunTime:0.031814s ]
INFO: [ view_parse ] --END-- [ RunTime:0.031922s ]
INFO: [ view_filter ] --START--
INFO: Run Behavior\WriteHtmlCacheBehavior [ RunTime:0.000507s ]
INFO: [ view_filter ] --END-- [ RunTime:0.000602s ]
INFO: [ app_end ] --START--
INFO: Run Behavior\ShowPageTraceBehavior [ RunTime:0.002115s ]
INFO: [ app_end ] --END-- [ RunTime:0.002216s ]

[ 2016-09-19T23:28:12+08:00 ] 111.193.217.47 /favicon.ico
INFO: [ app_init ] --START--
INFO: Run Behavior\BuildLiteBehavior [ RunTime:0.000040s ]
INFO: [ app_init ] --END-- [ RunTime:0.001295s ]

[ 2016-09-19T23:39:12+08:00 ] 180.76.15.33 /robots.txt
INFO: [ app_init ] --START--
INFO: Run Behavior\BuildLiteBehavior [ RunTime:0.000044s ]
INFO: [ app_init ] --END-- [ RunTime:0.001270s ]
INFO: [ app_begin ] --START--
INFO: Run Behavior\ReadHtmlCacheBehavior [ RunTime:0.001686s ]
INFO: [ app_begin ] --END-- [ RunTime:0.001858s ]
INFO: [ app_end ] --START--
INFO: Run Behavior\ShowPageTraceBehavior [ RunTime:0.002845s ]
INFO: [ app_end ] --END-- [ RunTime:0.002998s ]

[ 2016-09-19T23:41:04+08:00 ] 180.76.15.30 /user/login.html
INFO: [ app_init ] --START--
INFO: Run Behavior\BuildLiteBehavior [ RunTime:0.000043s ]
INFO: [ app_init ] --END-- [ RunTime:0.001697s ]
INFO: [ app_begin ] --START--
INFO: Run Behavior\ReadHtmlCacheBehavior [ RunTime:0.001916s ]
INFO: [ app_begin ] --END-- [ RunTime:0.002024s ]
INFO: [ view_parse ] --START--
INFO: [ template_filter ] --START--
INFO: Run Behavior\ContentReplaceBehavior [ RunTime:0.000102s ]
INFO: [ template_filter ] --END-- [ RunTime:0.000207s ]
INFO: Run Behavior\ParseTemplateBehavior [ RunTime:0.033846s ]
INFO: [ view_parse ] --END-- [ RunTime:0.033962s ]
INFO: [ view_filter ] --START--
INFO: Run Behavior\WriteHtmlCacheBehavior [ RunTime:0.000752s ]
INFO: [ view_filter ] --END-- [ RunTime:0.000839s ]
INFO: [ app_end ] --START--
INFO: Run Behavior\ShowPageTraceBehavior [ RunTime:0.002095s ]
INFO: [ app_end ] --END-- [ RunTime:0.002191s ]

