[ 2016-11-23T00:30:44+08:00 ] 42.156.136.101 /course/index/area/%E5%8D%97%E6%B1%87%E6%96%B0%E5%9F%8E%E9%95%87.html
INFO: [ app_init ] --START--
INFO: Run Behavior\BuildLiteBehavior [ RunTime:0.000041s ]
INFO: [ app_init ] --END-- [ RunTime:0.001576s ]
INFO: [ app_begin ] --START--
INFO: Run Behavior\ReadHtmlCacheBehavior [ RunTime:0.002059s ]
INFO: [ app_begin ] --END-- [ RunTime:0.002169s ]
NOTIC: [8] Undefined index: cate /var/www/virtual/xbkt/home/wwwroot/Application/Home/Controller/CourseController.class.php 第 17 行.
NOTIC: [8] Undefined index: price /var/www/virtual/xbkt/home/wwwroot/Application/Home/Controller/CourseController.class.php 第 28 行.
SQL: SHOW COLUMNS FROM `course` [ RunTime:0.0021s ]
SQL: SELECT course.*,g.numbering,b.braName,b.area,b.circle,(SELECT count(*) from course_praise cp WHERE cp.courseid=course.id) AS count FROM `course` INNER JOIN branch b on b.id=course.branchId INNER JOIN grocery g on g.id=b.groId LEFT JOIN course_praise cp on cp.courseid=course.id  WHERE b.area = '南汇新城镇' AND g.status = 1 GROUP BY course.id  [ RunTime:0.0085s ]
SQL: SHOW COLUMNS FROM `area` [ RunTime:0.0016s ]
SQL: SELECT `name` FROM `area`  [ RunTime:0.0010s ]
SQL: SHOW COLUMNS FROM `category` [ RunTime:0.0045s ]
SQL: SELECT * FROM `category` WHERE `pid` = 0 AND `status` = 1 AND `type` = 1  [ RunTime:0.0009s ]
INFO: [ view_parse ] --START--
INFO: [ template_filter ] --START--
INFO: Run Behavior\ContentReplaceBehavior [ RunTime:0.000100s ]
INFO: [ template_filter ] --END-- [ RunTime:0.000205s ]
INFO: Run Behavior\ParseTemplateBehavior [ RunTime:0.037673s ]
INFO: [ view_parse ] --END-- [ RunTime:0.037769s ]
INFO: [ view_filter ] --START--
INFO: Run Behavior\WriteHtmlCacheBehavior [ RunTime:0.000569s ]
INFO: [ view_filter ] --END-- [ RunTime:0.000654s ]
INFO: [ app_end ] --START--
INFO: Run Behavior\ShowPageTraceBehavior [ RunTime:0.001845s ]
INFO: [ app_end ] --END-- [ RunTime:0.001937s ]

[ 2016-11-23T00:33:55+08:00 ] 42.156.139.101 /course/index/area/%E6%83%A0%E5%8D%97%E9%95%87.html
INFO: [ app_init ] --START--
INFO: Run Behavior\BuildLiteBehavior [ RunTime:0.000065s ]
INFO: [ app_init ] --END-- [ RunTime:0.001320s ]
INFO: [ app_begin ] --START--
INFO: Run Behavior\ReadHtmlCacheBehavior [ RunTime:0.001831s ]
INFO: [ app_begin ] --END-- [ RunTime:0.001936s ]
NOTIC: [8] Undefined index: cate /var/www/virtual/xbkt/home/wwwroot/Application/Home/Controller/CourseController.class.php 第 17 行.
NOTIC: [8] Undefined index: price /var/www/virtual/xbkt/home/wwwroot/Application/Home/Controller/CourseController.class.php 第 28 行.
SQL: SHOW COLUMNS FROM `course` [ RunTime:0.0022s ]
SQL: SELECT course.*,g.numbering,b.braName,b.area,b.circle,(SELECT count(*) from course_praise cp WHERE cp.courseid=course.id) AS count FROM `course` INNER JOIN branch b on b.id=course.branchId INNER JOIN grocery g on g.id=b.groId LEFT JOIN course_praise cp on cp.courseid=course.id  WHERE b.area = '惠南镇' AND g.status = 1 GROUP BY course.id  [ RunTime:0.0027s ]
SQL: SHOW COLUMNS FROM `area` [ RunTime:0.0012s ]
SQL: SELECT `name` FROM `area`  [ RunTime:0.0011s ]
SQL: SHOW COLUMNS FROM `category` [ RunTime:0.0017s ]
SQL: SELECT * FROM `category` WHERE `pid` = 0 AND `status` = 1 AND `type` = 1  [ RunTime:0.0017s ]
INFO: [ view_parse ] --START--
INFO: [ template_filter ] --START--
INFO: Run Behavior\ContentReplaceBehavior [ RunTime:0.000101s ]
INFO: [ template_filter ] --END-- [ RunTime:0.000204s ]
INFO: Run Behavior\ParseTemplateBehavior [ RunTime:0.040426s ]
INFO: [ view_parse ] --END-- [ RunTime:0.040643s ]
INFO: [ view_filter ] --START--
INFO: Run Behavior\WriteHtmlCacheBehavior [ RunTime:0.000667s ]
INFO: [ view_filter ] --END-- [ RunTime:0.000768s ]
INFO: [ app_end ] --START--
INFO: Run Behavior\ShowPageTraceBehavior [ RunTime:0.002551s ]
INFO: [ app_end ] --END-- [ RunTime:0.002671s ]

[ 2016-11-23T01:00:10+08:00 ] 42.156.139.101 /course/index/area/%E6%9D%BE%E6%B1%9F%E5%8C%BA.html
INFO: [ app_init ] --START--
INFO: Run Behavior\BuildLiteBehavior [ RunTime:0.000043s ]
INFO: [ app_init ] --END-- [ RunTime:0.001286s ]
INFO: [ app_begin ] --START--
INFO: Run Behavior\ReadHtmlCacheBehavior [ RunTime:0.001716s ]
INFO: [ app_begin ] --END-- [ RunTime:0.001822s ]
NOTIC: [8] Undefined index: cate /var/www/virtual/xbkt/home/wwwroot/Application/Home/Controller/CourseController.class.php 第 17 行.
NOTIC: [8] Undefined index: price /var/www/virtual/xbkt/home/wwwroot/Application/Home/Controller/CourseController.class.php 第 28 行.
SQL: SHOW COLUMNS FROM `course` [ RunTime:0.0019s ]
SQL: SELECT course.*,g.numbering,b.braName,b.area,b.circle,(SELECT count(*) from course_praise cp WHERE cp.courseid=course.id) AS count FROM `course` INNER JOIN branch b on b.id=course.branchId INNER JOIN grocery g on g.id=b.groId LEFT JOIN course_praise cp on cp.courseid=course.id  WHERE b.area = '松江区' AND g.status = 1 GROUP BY course.id  [ RunTime:0.0308s ]
SQL: SHOW COLUMNS FROM `area` [ RunTime:0.0020s ]
SQL: SELECT `name` FROM `area`  [ RunTime:0.0011s ]
SQL: SHOW COLUMNS FROM `category` [ RunTime:0.0015s ]
SQL: SELECT * FROM `category` WHERE `pid` = 0 AND `status` = 1 AND `type` = 1  [ RunTime:0.0012s ]
INFO: [ view_parse ] --START--
INFO: [ template_filter ] --START--
INFO: Run Behavior\ContentReplaceBehavior [ RunTime:0.000110s ]
INFO: [ template_filter ] --END-- [ RunTime:0.000222s ]
INFO: Run Behavior\ParseTemplateBehavior [ RunTime:0.035327s ]
INFO: [ view_parse ] --END-- [ RunTime:0.035593s ]
INFO: [ view_filter ] --START--
INFO: Run Behavior\WriteHtmlCacheBehavior [ RunTime:0.000657s ]
INFO: [ view_filter ] --END-- [ RunTime:0.000745s ]
INFO: [ app_end ] --START--
INFO: Run Behavior\ShowPageTraceBehavior [ RunTime:0.002234s ]
INFO: [ app_end ] --END-- [ RunTime:0.002336s ]

[ 2016-11-23T01:25:56+08:00 ] 42.156.136.101 /article/details/id/19.html
INFO: [ app_init ] --START--
INFO: Run Behavior\BuildLiteBehavior [ RunTime:0.000043s ]
INFO: [ app_init ] --END-- [ RunTime:0.001297s ]
INFO: [ app_begin ] --START--
INFO: Run Behavior\ReadHtmlCacheBehavior [ RunTime:0.001637s ]
INFO: [ app_begin ] --END-- [ RunTime:0.001743s ]
SQL: SHOW COLUMNS FROM `article` [ RunTime:0.0020s ]
SQL: UPDATE `article` SET `readnum`=readnum+1 WHERE article.id = '19' [ RunTime:0.0010s ]
SQL: SELECT article.*,g.numbering,count(s.id) as share_count FROM `article` left join grocery g on g.id=article.groid left join article_share s on s.article_id = article.id  WHERE article.id = '19' LIMIT 1   [ RunTime:0.0046s ]
SQL: SHOW COLUMNS FROM `article_collect` [ RunTime:0.0015s ]
SQL: SELECT COUNT(*) AS tp_count FROM `article_collect` WHERE ( artid=19 ) LIMIT 1   [ RunTime:0.0010s ]
NOTIC: [2048] Declaration of Home\Controller\WeChatController::success() should be compatible with Think\Controller::success($message = '', $jumpUrl = '', $ajax = false) /var/www/virtual/xbkt/home/wwwroot/Application/Home/Controller/WeChatController.class.php 第 0 行.
INFO: [ view_parse ] --START--
INFO: [ template_filter ] --START--
INFO: Run Behavior\ContentReplaceBehavior [ RunTime:0.000115s ]
INFO: [ template_filter ] --END-- [ RunTime:0.000310s ]
NOTIC: [2] Division by zero /var/www/virtual/xbkt/home/wwwroot/Application/Runtime/Cache/Home/f60b866f38264976d0ec31337e66e9ec.php 第 34 行.
INFO: Run Behavior\ParseTemplateBehavior [ RunTime:0.033264s ]
INFO: [ view_parse ] --END-- [ RunTime:0.033406s ]
INFO: [ view_filter ] --START--
INFO: Run Behavior\WriteHtmlCacheBehavior [ RunTime:0.000654s ]
INFO: [ view_filter ] --END-- [ RunTime:0.000742s ]
INFO: [ app_end ] --START--
INFO: Run Behavior\ShowPageTraceBehavior [ RunTime:0.004660s ]
INFO: [ app_end ] --END-- [ RunTime:0.004760s ]

[ 2016-11-23T02:10:53+08:00 ] 58.247.79.4 /
INFO: [ app_init ] --START--
INFO: Run Behavior\BuildLiteBehavior [ RunTime:0.000041s ]
INFO: [ app_init ] --END-- [ RunTime:0.001319s ]
INFO: [ app_begin ] --START--
INFO: Run Behavior\ReadHtmlCacheBehavior [ RunTime:0.001679s ]
INFO: [ app_begin ] --END-- [ RunTime:0.001878s ]

[ 2016-11-23T02:10:53+08:00 ] 58.247.79.4 /choice/index.html
INFO: [ app_init ] --START--
INFO: Run Behavior\BuildLiteBehavior [ RunTime:0.000042s ]
INFO: [ app_init ] --END-- [ RunTime:0.001287s ]
INFO: [ app_begin ] --START--
INFO: Run Behavior\ReadHtmlCacheBehavior [ RunTime:0.001670s ]
INFO: [ app_begin ] --END-- [ RunTime:0.001797s ]
SQL: SHOW COLUMNS FROM `course` [ RunTime:0.0023s ]
SQL: SELECT course.*,g.numbering,b.braName,b.area,b.circle,(SELECT count(*) from course_praise cp WHERE cp.courseid=course.id) AS count FROM `course` INNER JOIN branch b on b.id=course.branchId INNER JOIN grocery g on g.id=b.groId LEFT JOIN course_praise cp on cp.courseid=course.id  WHERE ( extension = 1 and g.status = 1 ) GROUP BY course.id ORDER BY course.praisepoint/course.salepoint*praisenum DESC  [ RunTime:0.0074s ]
SQL: SHOW COLUMNS FROM `linkdeta` [ RunTime:0.0015s ]
SQL: SELECT * FROM `linkdeta` WHERE ( linkid = 1 ) ORDER BY sortnu  [ RunTime:0.0012s ]
SQL: SHOW COLUMNS FROM `category` [ RunTime:0.0017s ]
SQL: SELECT * FROM `category` WHERE `pid` = 0 AND `status` = 1 AND `type` = 1  [ RunTime:0.0012s ]
INFO: [ view_parse ] --START--
INFO: [ template_filter ] --START--
INFO: Run Behavior\ContentReplaceBehavior [ RunTime:0.000202s ]
INFO: [ template_filter ] --END-- [ RunTime:0.000564s ]
NOTIC: [2] Division by zero /var/www/virtual/xbkt/home/wwwroot/Application/Runtime/Cache/Home/1b07914afbea34ff8790ac18f6c6e89c.php 第 163 行.
NOTIC: [2] Division by zero /var/www/virtual/xbkt/home/wwwroot/Application/Runtime/Cache/Home/1b07914afbea34ff8790ac18f6c6e89c.php 第 163 行.
NOTIC: [2] Division by zero /var/www/virtual/xbkt/home/wwwroot/Application/Runtime/Cache/Home/1b07914afbea34ff8790ac18f6c6e89c.php 第 163 行.
NOTIC: [2] Division by zero /var/www/virtual/xbkt/home/wwwroot/Application/Runtime/Cache/Home/1b07914afbea34ff8790ac18f6c6e89c.php 第 163 行.
NOTIC: [2] Division by zero /var/www/virtual/xbkt/home/wwwroot/Application/Runtime/Cache/Home/1b07914afbea34ff8790ac18f6c6e89c.php 第 163 行.
NOTIC: [2] Division by zero /var/www/virtual/xbkt/home/wwwroot/Application/Runtime/Cache/Home/1b07914afbea34ff8790ac18f6c6e89c.php 第 163 行.
NOTIC: [2] Division by zero /var/www/virtual/xbkt/home/wwwroot/Application/Runtime/Cache/Home/1b07914afbea34ff8790ac18f6c6e89c.php 第 163 行.
NOTIC: [2] Division by zero /var/www/virtual/xbkt/home/wwwroot/Application/Runtime/Cache/Home/1b07914afbea34ff8790ac18f6c6e89c.php 第 163 行.
INFO: Run Behavior\ParseTemplateBehavior [ RunTime:0.057873s ]
INFO: [ view_parse ] --END-- [ RunTime:0.058124s ]
INFO: [ view_filter ] --START--
INFO: Run Behavior\WriteHtmlCacheBehavior [ RunTime:0.001104s ]
INFO: [ view_filter ] --END-- [ RunTime:0.001538s ]
INFO: [ app_end ] --START--
INFO: Run Behavior\ShowPageTraceBehavior [ RunTime:0.004475s ]
INFO: [ app_end ] --END-- [ RunTime:0.004664s ]

[ 2016-11-23T02:35:18+08:00 ] 123.125.67.220 /robots.txt
INFO: [ app_init ] --START--
INFO: Run Behavior\BuildLiteBehavior [ RunTime:0.000042s ]
INFO: [ app_init ] --END-- [ RunTime:0.001392s ]
INFO: [ app_begin ] --START--
INFO: Run Behavior\ReadHtmlCacheBehavior [ RunTime:0.001795s ]
INFO: [ app_begin ] --END-- [ RunTime:0.001924s ]
INFO: [ app_end ] --START--
INFO: Run Behavior\ShowPageTraceBehavior [ RunTime:0.002294s ]
INFO: [ app_end ] --END-- [ RunTime:0.002409s ]

[ 2016-11-23T04:38:58+08:00 ] 42.120.160.101 /article/index.html
INFO: [ app_init ] --START--
INFO: Run Behavior\BuildLiteBehavior [ RunTime:0.000030s ]
INFO: [ app_init ] --END-- [ RunTime:0.001003s ]
INFO: [ app_begin ] --START--
INFO: Run Behavior\ReadHtmlCacheBehavior [ RunTime:0.002501s ]
INFO: [ app_begin ] --END-- [ RunTime:0.002631s ]
SQL: SHOW COLUMNS FROM `linkdeta` [ RunTime:0.0019s ]
SQL: SELECT * FROM `linkdeta` WHERE ( linkid=3 ) LIMIT 1   [ RunTime:0.0014s ]
NOTIC: [8] Undefined index: cate /var/www/virtual/xbkt/home/wwwroot/Application/Home/Controller/ArticleController.class.php 第 18 行.
SQL: SHOW COLUMNS FROM `article` [ RunTime:0.0016s ]
SQL: SELECT a.*,g.numbering FROM article a left join grocery g on g.id = a.groid  WHERE g.status = 1  [ RunTime:0.0053s ]
SQL: SHOW COLUMNS FROM `category` [ RunTime:0.0017s ]
SQL: SELECT * FROM `category` WHERE `pid` = 0 AND `type` = 0  [ RunTime:0.0011s ]
INFO: [ view_parse ] --START--
INFO: [ template_filter ] --START--
INFO: Run Behavior\ContentReplaceBehavior [ RunTime:0.000155s ]
INFO: [ template_filter ] --END-- [ RunTime:0.000391s ]
INFO: Run Behavior\ParseTemplateBehavior [ RunTime:0.125884s ]
INFO: [ view_parse ] --END-- [ RunTime:0.126054s ]
INFO: [ view_filter ] --START--
INFO: Run Behavior\WriteHtmlCacheBehavior [ RunTime:0.003672s ]
INFO: [ view_filter ] --END-- [ RunTime:0.003769s ]
INFO: [ app_end ] --START--
INFO: Run Behavior\ShowPageTraceBehavior [ RunTime:0.016877s ]
INFO: [ app_end ] --END-- [ RunTime:0.016983s ]

[ 2016-11-23T04:54:41+08:00 ] 218.30.118.100 /
INFO: [ app_init ] --START--
INFO: Run Behavior\BuildLiteBehavior [ RunTime:0.000048s ]
INFO: [ app_init ] --END-- [ RunTime:0.002169s ]
INFO: [ app_begin ] --START--
INFO: Run Behavior\ReadHtmlCacheBehavior [ RunTime:0.003111s ]
INFO: [ app_begin ] --END-- [ RunTime:0.003251s ]

[ 2016-11-23T04:54:41+08:00 ] 218.30.118.100 /choice/index.html
INFO: [ app_init ] --START--
INFO: Run Behavior\BuildLiteBehavior [ RunTime:0.000064s ]
INFO: [ app_init ] --END-- [ RunTime:0.001607s ]
INFO: [ app_begin ] --START--
INFO: Run Behavior\ReadHtmlCacheBehavior [ RunTime:0.001977s ]
INFO: [ app_begin ] --END-- [ RunTime:0.002083s ]
SQL: SHOW COLUMNS FROM `course` [ RunTime:0.0022s ]
SQL: SELECT course.*,g.numbering,b.braName,b.area,b.circle,(SELECT count(*) from course_praise cp WHERE cp.courseid=course.id) AS count FROM `course` INNER JOIN branch b on b.id=course.branchId INNER JOIN grocery g on g.id=b.groId LEFT JOIN course_praise cp on cp.courseid=course.id  WHERE ( extension = 1 and g.status = 1 ) GROUP BY course.id ORDER BY course.praisepoint/course.salepoint*praisenum DESC  [ RunTime:0.0061s ]
SQL: SHOW COLUMNS FROM `linkdeta` [ RunTime:0.0017s ]
SQL: SELECT * FROM `linkdeta` WHERE ( linkid = 1 ) ORDER BY sortnu  [ RunTime:0.0008s ]
SQL: SHOW COLUMNS FROM `category` [ RunTime:0.0016s ]
SQL: SELECT * FROM `category` WHERE `pid` = 0 AND `status` = 1 AND `type` = 1  [ RunTime:0.0011s ]
INFO: [ view_parse ] --START--
INFO: [ template_filter ] --START--
INFO: Run Behavior\ContentReplaceBehavior [ RunTime:0.000278s ]
INFO: [ template_filter ] --END-- [ RunTime:0.000393s ]
NOTIC: [2] Division by zero /var/www/virtual/xbkt/home/wwwroot/Application/Runtime/Cache/Home/1b07914afbea34ff8790ac18f6c6e89c.php 第 163 行.
NOTIC: [2] Division by zero /var/www/virtual/xbkt/home/wwwroot/Application/Runtime/Cache/Home/1b07914afbea34ff8790ac18f6c6e89c.php 第 163 行.
NOTIC: [2] Division by zero /var/www/virtual/xbkt/home/wwwroot/Application/Runtime/Cache/Home/1b07914afbea34ff8790ac18f6c6e89c.php 第 163 行.
NOTIC: [2] Division by zero /var/www/virtual/xbkt/home/wwwroot/Application/Runtime/Cache/Home/1b07914afbea34ff8790ac18f6c6e89c.php 第 163 行.
NOTIC: [2] Division by zero /var/www/virtual/xbkt/home/wwwroot/Application/Runtime/Cache/Home/1b07914afbea34ff8790ac18f6c6e89c.php 第 163 行.
NOTIC: [2] Division by zero /var/www/virtual/xbkt/home/wwwroot/Application/Runtime/Cache/Home/1b07914afbea34ff8790ac18f6c6e89c.php 第 163 行.
NOTIC: [2] Division by zero /var/www/virtual/xbkt/home/wwwroot/Application/Runtime/Cache/Home/1b07914afbea34ff8790ac18f6c6e89c.php 第 163 行.
NOTIC: [2] Division by zero /var/www/virtual/xbkt/home/wwwroot/Application/Runtime/Cache/Home/1b07914afbea34ff8790ac18f6c6e89c.php 第 163 行.
INFO: Run Behavior\ParseTemplateBehavior [ RunTime:0.072051s ]
INFO: [ view_parse ] --END-- [ RunTime:0.072301s ]
INFO: [ view_filter ] --START--
INFO: Run Behavior\WriteHtmlCacheBehavior [ RunTime:0.003257s ]
INFO: [ view_filter ] --END-- [ RunTime:0.003352s ]
INFO: [ app_end ] --START--
INFO: Run Behavior\ShowPageTraceBehavior [ RunTime:0.009064s ]
INFO: [ app_end ] --END-- [ RunTime:0.009169s ]

[ 2016-11-23T04:54:42+08:00 ] 218.30.118.100 /
INFO: [ app_init ] --START--
INFO: Run Behavior\BuildLiteBehavior [ RunTime:0.000043s ]
INFO: [ app_init ] --END-- [ RunTime:0.001334s ]
INFO: [ app_begin ] --START--
INFO: Run Behavior\ReadHtmlCacheBehavior [ RunTime:0.001756s ]
INFO: [ app_begin ] --END-- [ RunTime:0.001858s ]

[ 2016-11-23T04:54:42+08:00 ] 218.30.118.100 /choice/index.html
INFO: [ app_init ] --START--
INFO: Run Behavior\BuildLiteBehavior [ RunTime:0.000042s ]
INFO: [ app_init ] --END-- [ RunTime:0.001421s ]
INFO: [ app_begin ] --START--
INFO: Run Behavior\ReadHtmlCacheBehavior [ RunTime:0.001690s ]
INFO: [ app_begin ] --END-- [ RunTime:0.002026s ]
SQL: SHOW COLUMNS FROM `course` [ RunTime:0.0020s ]
SQL: SELECT course.*,g.numbering,b.braName,b.area,b.circle,(SELECT count(*) from course_praise cp WHERE cp.courseid=course.id) AS count FROM `course` INNER JOIN branch b on b.id=course.branchId INNER JOIN grocery g on g.id=b.groId LEFT JOIN course_praise cp on cp.courseid=course.id  WHERE ( extension = 1 and g.status = 1 ) GROUP BY course.id ORDER BY course.praisepoint/course.salepoint*praisenum DESC  [ RunTime:0.0060s ]
SQL: SHOW COLUMNS FROM `linkdeta` [ RunTime:0.0017s ]
SQL: SELECT * FROM `linkdeta` WHERE ( linkid = 1 ) ORDER BY sortnu  [ RunTime:0.0011s ]
SQL: SHOW COLUMNS FROM `category` [ RunTime:0.0014s ]
SQL: SELECT * FROM `category` WHERE `pid` = 0 AND `status` = 1 AND `type` = 1  [ RunTime:0.0014s ]
INFO: [ view_parse ] --START--
INFO: [ template_filter ] --START--
INFO: Run Behavior\ContentReplaceBehavior [ RunTime:0.000124s ]
INFO: [ template_filter ] --END-- [ RunTime:0.000228s ]
NOTIC: [2] Division by zero /var/www/virtual/xbkt/home/wwwroot/Application/Runtime/Cache/Home/1b07914afbea34ff8790ac18f6c6e89c.php 第 163 行.
NOTIC: [2] Division by zero /var/www/virtual/xbkt/home/wwwroot/Application/Runtime/Cache/Home/1b07914afbea34ff8790ac18f6c6e89c.php 第 163 行.
NOTIC: [2] Division by zero /var/www/virtual/xbkt/home/wwwroot/Application/Runtime/Cache/Home/1b07914afbea34ff8790ac18f6c6e89c.php 第 163 行.
NOTIC: [2] Division by zero /var/www/virtual/xbkt/home/wwwroot/Application/Runtime/Cache/Home/1b07914afbea34ff8790ac18f6c6e89c.php 第 163 行.
NOTIC: [2] Division by zero /var/www/virtual/xbkt/home/wwwroot/Application/Runtime/Cache/Home/1b07914afbea34ff8790ac18f6c6e89c.php 第 163 行.
NOTIC: [2] Division by zero /var/www/virtual/xbkt/home/wwwroot/Application/Runtime/Cache/Home/1b07914afbea34ff8790ac18f6c6e89c.php 第 163 行.
NOTIC: [2] Division by zero /var/www/virtual/xbkt/home/wwwroot/Application/Runtime/Cache/Home/1b07914afbea34ff8790ac18f6c6e89c.php 第 163 行.
NOTIC: [2] Division by zero /var/www/virtual/xbkt/home/wwwroot/Application/Runtime/Cache/Home/1b07914afbea34ff8790ac18f6c6e89c.php 第 163 行.
INFO: Run Behavior\ParseTemplateBehavior [ RunTime:0.035208s ]
INFO: [ view_parse ] --END-- [ RunTime:0.035328s ]
INFO: [ view_filter ] --START--
INFO: Run Behavior\WriteHtmlCacheBehavior [ RunTime:0.000657s ]
INFO: [ view_filter ] --END-- [ RunTime:0.000854s ]
INFO: [ app_end ] --START--
INFO: Run Behavior\ShowPageTraceBehavior [ RunTime:0.002174s ]
INFO: [ app_end ] --END-- [ RunTime:0.002272s ]

[ 2016-11-23T04:54:42+08:00 ] 114.80.208.253 /choice/index.html
INFO: [ app_init ] --START--
INFO: Run Behavior\BuildLiteBehavior [ RunTime:0.000041s ]
INFO: [ app_init ] --END-- [ RunTime:0.001393s ]
INFO: [ app_begin ] --START--
INFO: Run Behavior\ReadHtmlCacheBehavior [ RunTime:0.001945s ]
INFO: [ app_begin ] --END-- [ RunTime:0.002084s ]
SQL: SHOW COLUMNS FROM `course` [ RunTime:0.0019s ]
SQL: SELECT course.*,g.numbering,b.braName,b.area,b.circle,(SELECT count(*) from course_praise cp WHERE cp.courseid=course.id) AS count FROM `course` INNER JOIN branch b on b.id=course.branchId INNER JOIN grocery g on g.id=b.groId LEFT JOIN course_praise cp on cp.courseid=course.id  WHERE ( extension = 1 and g.status = 1 ) GROUP BY course.id ORDER BY course.praisepoint/course.salepoint*praisenum DESC  [ RunTime:0.0056s ]
SQL: SHOW COLUMNS FROM `linkdeta` [ RunTime:0.0015s ]
SQL: SELECT * FROM `linkdeta` WHERE ( linkid = 1 ) ORDER BY sortnu  [ RunTime:0.0008s ]
SQL: SHOW COLUMNS FROM `category` [ RunTime:0.0013s ]
SQL: SELECT * FROM `category` WHERE `pid` = 0 AND `status` = 1 AND `type` = 1  [ RunTime:0.0013s ]
INFO: [ view_parse ] --START--
INFO: [ template_filter ] --START--
INFO: Run Behavior\ContentReplaceBehavior [ RunTime:0.000119s ]
INFO: [ template_filter ] --END-- [ RunTime:0.000229s ]
NOTIC: [2] Division by zero /var/www/virtual/xbkt/home/wwwroot/Application/Runtime/Cache/Home/1b07914afbea34ff8790ac18f6c6e89c.php 第 163 行.
NOTIC: [2] Division by zero /var/www/virtual/xbkt/home/wwwroot/Application/Runtime/Cache/Home/1b07914afbea34ff8790ac18f6c6e89c.php 第 163 行.
NOTIC: [2] Division by zero /var/www/virtual/xbkt/home/wwwroot/Application/Runtime/Cache/Home/1b07914afbea34ff8790ac18f6c6e89c.php 第 163 行.
NOTIC: [2] Division by zero /var/www/virtual/xbkt/home/wwwroot/Application/Runtime/Cache/Home/1b07914afbea34ff8790ac18f6c6e89c.php 第 163 行.
NOTIC: [2] Division by zero /var/www/virtual/xbkt/home/wwwroot/Application/Runtime/Cache/Home/1b07914afbea34ff8790ac18f6c6e89c.php 第 163 行.
NOTIC: [2] Division by zero /var/www/virtual/xbkt/home/wwwroot/Application/Runtime/Cache/Home/1b07914afbea34ff8790ac18f6c6e89c.php 第 163 行.
NOTIC: [2] Division by zero /var/www/virtual/xbkt/home/wwwroot/Application/Runtime/Cache/Home/1b07914afbea34ff8790ac18f6c6e89c.php 第 163 行.
NOTIC: [2] Division by zero /var/www/virtual/xbkt/home/wwwroot/Application/Runtime/Cache/Home/1b07914afbea34ff8790ac18f6c6e89c.php 第 163 行.
INFO: Run Behavior\ParseTemplateBehavior [ RunTime:0.036531s ]
INFO: [ view_parse ] --END-- [ RunTime:0.036626s ]
INFO: [ view_filter ] --START--
INFO: Run Behavior\WriteHtmlCacheBehavior [ RunTime:0.000683s ]
INFO: [ view_filter ] --END-- [ RunTime:0.000949s ]
INFO: [ app_end ] --START--
INFO: Run Behavior\ShowPageTraceBehavior [ RunTime:0.002521s ]
INFO: [ app_end ] --END-- [ RunTime:0.002647s ]

[ 2016-11-23T04:54:42+08:00 ] 218.30.118.100 /
INFO: [ app_init ] --START--
INFO: Run Behavior\BuildLiteBehavior [ RunTime:0.000090s ]
INFO: [ app_init ] --END-- [ RunTime:0.001377s ]
INFO: [ app_begin ] --START--
INFO: Run Behavior\ReadHtmlCacheBehavior [ RunTime:0.001921s ]
INFO: [ app_begin ] --END-- [ RunTime:0.002055s ]

[ 2016-11-23T04:54:43+08:00 ] 218.30.118.100 /choice/index.html
INFO: [ app_init ] --START--
INFO: Run Behavior\BuildLiteBehavior [ RunTime:0.000045s ]
INFO: [ app_init ] --END-- [ RunTime:0.001706s ]
INFO: [ app_begin ] --START--
INFO: Run Behavior\ReadHtmlCacheBehavior [ RunTime:0.001940s ]
INFO: [ app_begin ] --END-- [ RunTime:0.002088s ]
SQL: SHOW COLUMNS FROM `course` [ RunTime:0.0020s ]
SQL: SELECT course.*,g.numbering,b.braName,b.area,b.circle,(SELECT count(*) from course_praise cp WHERE cp.courseid=course.id) AS count FROM `course` INNER JOIN branch b on b.id=course.branchId INNER JOIN grocery g on g.id=b.groId LEFT JOIN course_praise cp on cp.courseid=course.id  WHERE ( extension = 1 and g.status = 1 ) GROUP BY course.id ORDER BY course.praisepoint/course.salepoint*praisenum DESC  [ RunTime:0.0063s ]
SQL: SHOW COLUMNS FROM `linkdeta` [ RunTime:0.0015s ]
SQL: SELECT * FROM `linkdeta` WHERE ( linkid = 1 ) ORDER BY sortnu  [ RunTime:0.0011s ]
SQL: SHOW COLUMNS FROM `category` [ RunTime:0.0019s ]
SQL: SELECT * FROM `category` WHERE `pid` = 0 AND `status` = 1 AND `type` = 1  [ RunTime:0.0012s ]
INFO: [ view_parse ] --START--
INFO: [ template_filter ] --START--
INFO: Run Behavior\ContentReplaceBehavior [ RunTime:0.000226s ]
INFO: [ template_filter ] --END-- [ RunTime:0.000353s ]
NOTIC: [2] Division by zero /var/www/virtual/xbkt/home/wwwroot/Application/Runtime/Cache/Home/1b07914afbea34ff8790ac18f6c6e89c.php 第 163 行.
NOTIC: [2] Division by zero /var/www/virtual/xbkt/home/wwwroot/Application/Runtime/Cache/Home/1b07914afbea34ff8790ac18f6c6e89c.php 第 163 行.
NOTIC: [2] Division by zero /var/www/virtual/xbkt/home/wwwroot/Application/Runtime/Cache/Home/1b07914afbea34ff8790ac18f6c6e89c.php 第 163 行.
NOTIC: [2] Division by zero /var/www/virtual/xbkt/home/wwwroot/Application/Runtime/Cache/Home/1b07914afbea34ff8790ac18f6c6e89c.php 第 163 行.
NOTIC: [2] Division by zero /var/www/virtual/xbkt/home/wwwroot/Application/Runtime/Cache/Home/1b07914afbea34ff8790ac18f6c6e89c.php 第 163 行.
NOTIC: [2] Division by zero /var/www/virtual/xbkt/home/wwwroot/Application/Runtime/Cache/Home/1b07914afbea34ff8790ac18f6c6e89c.php 第 163 行.
NOTIC: [2] Division by zero /var/www/virtual/xbkt/home/wwwroot/Application/Runtime/Cache/Home/1b07914afbea34ff8790ac18f6c6e89c.php 第 163 行.
NOTIC: [2] Division by zero /var/www/virtual/xbkt/home/wwwroot/Application/Runtime/Cache/Home/1b07914afbea34ff8790ac18f6c6e89c.php 第 163 行.
INFO: Run Behavior\ParseTemplateBehavior [ RunTime:0.028602s ]
INFO: [ view_parse ] --END-- [ RunTime:0.028705s ]
INFO: [ view_filter ] --START--
INFO: Run Behavior\WriteHtmlCacheBehavior [ RunTime:0.000551s ]
INFO: [ view_filter ] --END-- [ RunTime:0.000647s ]
INFO: [ app_end ] --START--
INFO: Run Behavior\ShowPageTraceBehavior [ RunTime:0.001708s ]
INFO: [ app_end ] --END-- [ RunTime:0.001796s ]

[ 2016-11-23T04:54:43+08:00 ] 218.30.118.100 /
INFO: [ app_init ] --START--
INFO: Run Behavior\BuildLiteBehavior [ RunTime:0.000044s ]
INFO: [ app_init ] --END-- [ RunTime:0.001250s ]
INFO: [ app_begin ] --START--
INFO: Run Behavior\ReadHtmlCacheBehavior [ RunTime:0.001751s ]
INFO: [ app_begin ] --END-- [ RunTime:0.001861s ]

[ 2016-11-23T04:54:44+08:00 ] 218.30.118.100 /choice/index.html
INFO: [ app_init ] --START--
INFO: Run Behavior\BuildLiteBehavior [ RunTime:0.000030s ]
INFO: [ app_init ] --END-- [ RunTime:0.000859s ]
INFO: [ app_begin ] --START--
INFO: Run Behavior\ReadHtmlCacheBehavior [ RunTime:0.001211s ]
INFO: [ app_begin ] --END-- [ RunTime:0.001286s ]
SQL: SHOW COLUMNS FROM `course` [ RunTime:0.0018s ]
SQL: SELECT course.*,g.numbering,b.braName,b.area,b.circle,(SELECT count(*) from course_praise cp WHERE cp.courseid=course.id) AS count FROM `course` INNER JOIN branch b on b.id=course.branchId INNER JOIN grocery g on g.id=b.groId LEFT JOIN course_praise cp on cp.courseid=course.id  WHERE ( extension = 1 and g.status = 1 ) GROUP BY course.id ORDER BY course.praisepoint/course.salepoint*praisenum DESC  [ RunTime:0.0053s ]
SQL: SHOW COLUMNS FROM `linkdeta` [ RunTime:0.0017s ]
SQL: SELECT * FROM `linkdeta` WHERE ( linkid = 1 ) ORDER BY sortnu  [ RunTime:0.0011s ]
SQL: SHOW COLUMNS FROM `category` [ RunTime:0.0015s ]
SQL: SELECT * FROM `category` WHERE `pid` = 0 AND `status` = 1 AND `type` = 1  [ RunTime:0.0009s ]
INFO: [ view_parse ] --START--
INFO: [ template_filter ] --START--
INFO: Run Behavior\ContentReplaceBehavior [ RunTime:0.000085s ]
INFO: [ template_filter ] --END-- [ RunTime:0.000157s ]
NOTIC: [2] Division by zero /var/www/virtual/xbkt/home/wwwroot/Application/Runtime/Cache/Home/1b07914afbea34ff8790ac18f6c6e89c.php 第 163 行.
NOTIC: [2] Division by zero /var/www/virtual/xbkt/home/wwwroot/Application/Runtime/Cache/Home/1b07914afbea34ff8790ac18f6c6e89c.php 第 163 行.
NOTIC: [2] Division by zero /var/www/virtual/xbkt/home/wwwroot/Application/Runtime/Cache/Home/1b07914afbea34ff8790ac18f6c6e89c.php 第 163 行.
NOTIC: [2] Division by zero /var/www/virtual/xbkt/home/wwwroot/Application/Runtime/Cache/Home/1b07914afbea34ff8790ac18f6c6e89c.php 第 163 行.
NOTIC: [2] Division by zero /var/www/virtual/xbkt/home/wwwroot/Application/Runtime/Cache/Home/1b07914afbea34ff8790ac18f6c6e89c.php 第 163 行.
NOTIC: [2] Division by zero /var/www/virtual/xbkt/home/wwwroot/Application/Runtime/Cache/Home/1b07914afbea34ff8790ac18f6c6e89c.php 第 163 行.
NOTIC: [2] Division by zero /var/www/virtual/xbkt/home/wwwroot/Application/Runtime/Cache/Home/1b07914afbea34ff8790ac18f6c6e89c.php 第 163 行.
NOTIC: [2] Division by zero /var/www/virtual/xbkt/home/wwwroot/Application/Runtime/Cache/Home/1b07914afbea34ff8790ac18f6c6e89c.php 第 163 行.
INFO: Run Behavior\ParseTemplateBehavior [ RunTime:0.022449s ]
INFO: [ view_parse ] --END-- [ RunTime:0.022516s ]
INFO: [ view_filter ] --START--
INFO: Run Behavior\WriteHtmlCacheBehavior [ RunTime:0.000516s ]
INFO: [ view_filter ] --END-- [ RunTime:0.000581s ]
INFO: [ app_end ] --START--
INFO: Run Behavior\ShowPageTraceBehavior [ RunTime:0.001558s ]
INFO: [ app_end ] --END-- [ RunTime:0.001629s ]

[ 2016-11-23T04:59:08+08:00 ] 42.156.136.101 /course/index/area/%E6%83%A0%E5%8D%97%E9%95%87.html
INFO: [ app_init ] --START--
INFO: Run Behavior\BuildLiteBehavior [ RunTime:0.000041s ]
INFO: [ app_init ] --END-- [ RunTime:0.001327s ]
INFO: [ app_begin ] --START--
INFO: Run Behavior\ReadHtmlCacheBehavior [ RunTime:0.001779s ]
INFO: [ app_begin ] --END-- [ RunTime:0.001900s ]
NOTIC: [8] Undefined index: cate /var/www/virtual/xbkt/home/wwwroot/Application/Home/Controller/CourseController.class.php 第 17 行.
NOTIC: [8] Undefined index: price /var/www/virtual/xbkt/home/wwwroot/Application/Home/Controller/CourseController.class.php 第 28 行.
SQL: SHOW COLUMNS FROM `course` [ RunTime:0.0020s ]
SQL: SELECT course.*,g.numbering,b.braName,b.area,b.circle,(SELECT count(*) from course_praise cp WHERE cp.courseid=course.id) AS count FROM `course` INNER JOIN branch b on b.id=course.branchId INNER JOIN grocery g on g.id=b.groId LEFT JOIN course_praise cp on cp.courseid=course.id  WHERE b.area = '惠南镇' AND g.status = 1 GROUP BY course.id  [ RunTime:0.0026s ]
SQL: SHOW COLUMNS FROM `area` [ RunTime:0.0014s ]
SQL: SELECT `name` FROM `area`  [ RunTime:0.0013s ]
SQL: SHOW COLUMNS FROM `category` [ RunTime:0.0018s ]
SQL: SELECT * FROM `category` WHERE `pid` = 0 AND `status` = 1 AND `type` = 1  [ RunTime:0.0012s ]
INFO: [ view_parse ] --START--
INFO: [ template_filter ] --START--
INFO: Run Behavior\ContentReplaceBehavior [ RunTime:0.000145s ]
INFO: [ template_filter ] --END-- [ RunTime:0.000270s ]
INFO: Run Behavior\ParseTemplateBehavior [ RunTime:0.164871s ]
INFO: [ view_parse ] --END-- [ RunTime:0.164983s ]
INFO: [ view_filter ] --START--
INFO: Run Behavior\WriteHtmlCacheBehavior [ RunTime:0.000615s ]
INFO: [ view_filter ] --END-- [ RunTime:0.000785s ]
INFO: [ app_end ] --START--
INFO: Run Behavior\ShowPageTraceBehavior [ RunTime:0.002294s ]
INFO: [ app_end ] --END-- [ RunTime:0.005505s ]

[ 2016-11-23T05:02:57+08:00 ] 42.120.161.101 /course/coursedeta/id/32.html
INFO: [ app_init ] --START--
INFO: Run Behavior\BuildLiteBehavior [ RunTime:0.000059s ]
INFO: [ app_init ] --END-- [ RunTime:0.003531s ]
INFO: [ app_begin ] --START--
INFO: Run Behavior\ReadHtmlCacheBehavior [ RunTime:0.002480s ]
INFO: [ app_begin ] --END-- [ RunTime:0.002596s ]
SQL: SHOW COLUMNS FROM `course` [ RunTime:0.0020s ]
SQL: SELECT course.*,g.numbering,b.area,b.circle,b.braName FROM `course` INNER JOIN branch b on b.id=course.branchId INNER JOIN grocery g on g.id=b.groId  WHERE course.id = '32' LIMIT 1   [ RunTime:0.0021s ]
NOTIC: [2] Division by zero /var/www/virtual/xbkt/home/wwwroot/Application/Home/Controller/CourseController.class.php 第 86 行.
SQL: SHOW COLUMNS FROM `course_praise` [ RunTime:0.0016s ]
SQL: SELECT COUNT(*) AS tp_count FROM `course_praise` WHERE ( courseid=32 ) LIMIT 1   [ RunTime:0.0010s ]
SQL: SELECT course_praise.*,m.username,m.headProtrait FROM `course_praise` INNER JOIN member m on m.id=course_praise.userid  WHERE ( courseid=32 )  [ RunTime:0.0012s ]
INFO: [ view_parse ] --START--
INFO: [ template_filter ] --START--
INFO: Run Behavior\ContentReplaceBehavior [ RunTime:0.000105s ]
INFO: [ template_filter ] --END-- [ RunTime:0.000216s ]
NOTIC: [8] Undefined variable: details_thum /var/www/virtual/xbkt/home/wwwroot/Application/Runtime/Cache/Home/11dd8fc8516aa2d78f6cbca9e59928db.php 第 26 行.
INFO: Run Behavior\ParseTemplateBehavior [ RunTime:0.047906s ]
INFO: [ view_parse ] --END-- [ RunTime:0.048015s ]
INFO: [ view_filter ] --START--
INFO: Run Behavior\WriteHtmlCacheBehavior [ RunTime:0.001847s ]
INFO: [ view_filter ] --END-- [ RunTime:0.001944s ]
INFO: [ app_end ] --START--
INFO: Run Behavior\ShowPageTraceBehavior [ RunTime:0.001942s ]
INFO: [ app_end ] --END-- [ RunTime:0.002063s ]

[ 2016-11-23T05:54:31+08:00 ] 220.181.108.168 /
INFO: [ app_init ] --START--
INFO: Run Behavior\BuildLiteBehavior [ RunTime:0.000046s ]
INFO: [ app_init ] --END-- [ RunTime:0.001679s ]
INFO: [ app_begin ] --START--
INFO: Run Behavior\ReadHtmlCacheBehavior [ RunTime:0.002267s ]
INFO: [ app_begin ] --END-- [ RunTime:0.002393s ]

[ 2016-11-23T05:54:31+08:00 ] 123.125.71.115 /choice/index.html
INFO: [ app_init ] --START--
INFO: Run Behavior\BuildLiteBehavior [ RunTime:0.000021s ]
INFO: [ app_init ] --END-- [ RunTime:0.000735s ]
INFO: [ app_begin ] --START--
INFO: Run Behavior\ReadHtmlCacheBehavior [ RunTime:0.000875s ]
INFO: [ app_begin ] --END-- [ RunTime:0.000971s ]
SQL: SHOW COLUMNS FROM `course` [ RunTime:0.0021s ]
SQL: SELECT course.*,g.numbering,b.braName,b.area,b.circle,(SELECT count(*) from course_praise cp WHERE cp.courseid=course.id) AS count FROM `course` INNER JOIN branch b on b.id=course.branchId INNER JOIN grocery g on g.id=b.groId LEFT JOIN course_praise cp on cp.courseid=course.id  WHERE ( extension = 1 and g.status = 1 ) GROUP BY course.id ORDER BY course.praisepoint/course.salepoint*praisenum DESC  [ RunTime:0.0054s ]
SQL: SHOW COLUMNS FROM `linkdeta` [ RunTime:0.0021s ]
SQL: SELECT * FROM `linkdeta` WHERE ( linkid = 1 ) ORDER BY sortnu  [ RunTime:0.0008s ]
SQL: SHOW COLUMNS FROM `category` [ RunTime:0.0015s ]
SQL: SELECT * FROM `category` WHERE `pid` = 0 AND `status` = 1 AND `type` = 1  [ RunTime:0.0009s ]
INFO: [ view_parse ] --START--
INFO: [ template_filter ] --START--
INFO: Run Behavior\ContentReplaceBehavior [ RunTime:0.000151s ]
INFO: [ template_filter ] --END-- [ RunTime:0.000209s ]
NOTIC: [2] Division by zero /var/www/virtual/xbkt/home/wwwroot/Application/Runtime/Cache/Home/1b07914afbea34ff8790ac18f6c6e89c.php 第 163 行.
NOTIC: [2] Division by zero /var/www/virtual/xbkt/home/wwwroot/Application/Runtime/Cache/Home/1b07914afbea34ff8790ac18f6c6e89c.php 第 163 行.
NOTIC: [2] Division by zero /var/www/virtual/xbkt/home/wwwroot/Application/Runtime/Cache/Home/1b07914afbea34ff8790ac18f6c6e89c.php 第 163 行.
NOTIC: [2] Division by zero /var/www/virtual/xbkt/home/wwwroot/Application/Runtime/Cache/Home/1b07914afbea34ff8790ac18f6c6e89c.php 第 163 行.
NOTIC: [2] Division by zero /var/www/virtual/xbkt/home/wwwroot/Application/Runtime/Cache/Home/1b07914afbea34ff8790ac18f6c6e89c.php 第 163 行.
NOTIC: [2] Division by zero /var/www/virtual/xbkt/home/wwwroot/Application/Runtime/Cache/Home/1b07914afbea34ff8790ac18f6c6e89c.php 第 163 行.
NOTIC: [2] Division by zero /var/www/virtual/xbkt/home/wwwroot/Application/Runtime/Cache/Home/1b07914afbea34ff8790ac18f6c6e89c.php 第 163 行.
NOTIC: [2] Division by zero /var/www/virtual/xbkt/home/wwwroot/Application/Runtime/Cache/Home/1b07914afbea34ff8790ac18f6c6e89c.php 第 163 行.
INFO: Run Behavior\ParseTemplateBehavior [ RunTime:0.065304s ]
INFO: [ view_parse ] --END-- [ RunTime:0.065360s ]
INFO: [ view_filter ] --START--
INFO: Run Behavior\WriteHtmlCacheBehavior [ RunTime:0.046100s ]
INFO: [ view_filter ] --END-- [ RunTime:0.046156s ]
INFO: [ app_end ] --START--
INFO: Run Behavior\ShowPageTraceBehavior [ RunTime:0.008425s ]
INFO: [ app_end ] --END-- [ RunTime:0.008478s ]

[ 2016-11-23T06:08:08+08:00 ] 42.156.138.101 /course/index/area/%E4%B8%8A%E9%92%A2%E6%96%B0%E6%9D%91%E8%A1%97%E9%81%93.html
INFO: [ app_init ] --START--
INFO: Run Behavior\BuildLiteBehavior [ RunTime:0.000048s ]
INFO: [ app_init ] --END-- [ RunTime:0.001975s ]
INFO: [ app_begin ] --START--
INFO: Run Behavior\ReadHtmlCacheBehavior [ RunTime:0.005637s ]
INFO: [ app_begin ] --END-- [ RunTime:0.005763s ]
NOTIC: [8] Undefined index: cate /var/www/virtual/xbkt/home/wwwroot/Application/Home/Controller/CourseController.class.php 第 17 行.
NOTIC: [8] Undefined index: price /var/www/virtual/xbkt/home/wwwroot/Application/Home/Controller/CourseController.class.php 第 28 行.
SQL: SHOW COLUMNS FROM `course` [ RunTime:0.0022s ]
SQL: SELECT course.*,g.numbering,b.braName,b.area,b.circle,(SELECT count(*) from course_praise cp WHERE cp.courseid=course.id) AS count FROM `course` INNER JOIN branch b on b.id=course.branchId INNER JOIN grocery g on g.id=b.groId LEFT JOIN course_praise cp on cp.courseid=course.id  WHERE b.area = '上钢新村街道' AND g.status = 1 GROUP BY course.id  [ RunTime:0.0026s ]
SQL: SHOW COLUMNS FROM `area` [ RunTime:0.0017s ]
SQL: SELECT `name` FROM `area`  [ RunTime:0.0011s ]
SQL: SHOW COLUMNS FROM `category` [ RunTime:0.0022s ]
SQL: SELECT * FROM `category` WHERE `pid` = 0 AND `status` = 1 AND `type` = 1  [ RunTime:0.0011s ]
INFO: [ view_parse ] --START--
INFO: [ template_filter ] --START--
INFO: Run Behavior\ContentReplaceBehavior [ RunTime:0.000099s ]
INFO: [ template_filter ] --END-- [ RunTime:0.000254s ]
INFO: Run Behavior\ParseTemplateBehavior [ RunTime:0.089722s ]
INFO: [ view_parse ] --END-- [ RunTime:0.089858s ]
INFO: [ view_filter ] --START--
INFO: Run Behavior\WriteHtmlCacheBehavior [ RunTime:0.086446s ]
INFO: [ view_filter ] --END-- [ RunTime:0.086631s ]
INFO: [ app_end ] --START--
INFO: Run Behavior\ShowPageTraceBehavior [ RunTime:0.013358s ]
INFO: [ app_end ] --END-- [ RunTime:0.013497s ]

[ 2016-11-23T06:11:20+08:00 ] 66.249.79.102 /robots.txt
INFO: [ app_init ] --START--
INFO: Run Behavior\BuildLiteBehavior [ RunTime:0.000043s ]
INFO: [ app_init ] --END-- [ RunTime:0.001346s ]
INFO: [ app_begin ] --START--
INFO: Run Behavior\ReadHtmlCacheBehavior [ RunTime:0.001628s ]
INFO: [ app_begin ] --END-- [ RunTime:0.001749s ]
INFO: [ app_end ] --START--
INFO: Run Behavior\ShowPageTraceBehavior [ RunTime:0.002321s ]
INFO: [ app_end ] --END-- [ RunTime:0.002459s ]

[ 2016-11-23T08:00:44+08:00 ] 42.120.160.101 /course/index/area/%E9%97%B5%E8%A1%8C%E5%8C%BA.html
INFO: [ app_init ] --START--
INFO: Run Behavior\BuildLiteBehavior [ RunTime:0.000043s ]
INFO: [ app_init ] --END-- [ RunTime:0.001984s ]
INFO: [ app_begin ] --START--
INFO: Run Behavior\ReadHtmlCacheBehavior [ RunTime:0.003216s ]
INFO: [ app_begin ] --END-- [ RunTime:0.003504s ]
NOTIC: [8] Undefined index: cate /var/www/virtual/xbkt/home/wwwroot/Application/Home/Controller/CourseController.class.php 第 17 行.
NOTIC: [8] Undefined index: price /var/www/virtual/xbkt/home/wwwroot/Application/Home/Controller/CourseController.class.php 第 28 行.
SQL: SHOW COLUMNS FROM `course` [ RunTime:0.0023s ]
SQL: SELECT course.*,g.numbering,b.braName,b.area,b.circle,(SELECT count(*) from course_praise cp WHERE cp.courseid=course.id) AS count FROM `course` INNER JOIN branch b on b.id=course.branchId INNER JOIN grocery g on g.id=b.groId LEFT JOIN course_praise cp on cp.courseid=course.id  WHERE b.area = '闵行区' AND g.status = 1 GROUP BY course.id  [ RunTime:0.0025s ]
SQL: SHOW COLUMNS FROM `area` [ RunTime:0.0014s ]
SQL: SELECT `name` FROM `area`  [ RunTime:0.0010s ]
SQL: SHOW COLUMNS FROM `category` [ RunTime:0.0014s ]
SQL: SELECT * FROM `category` WHERE `pid` = 0 AND `status` = 1 AND `type` = 1  [ RunTime:0.0152s ]
INFO: [ view_parse ] --START--
INFO: [ template_filter ] --START--
INFO: Run Behavior\ContentReplaceBehavior [ RunTime:0.000113s ]
INFO: [ template_filter ] --END-- [ RunTime:0.000232s ]
INFO: Run Behavior\ParseTemplateBehavior [ RunTime:0.113651s ]
INFO: [ view_parse ] --END-- [ RunTime:0.113769s ]
INFO: [ view_filter ] --START--
INFO: Run Behavior\WriteHtmlCacheBehavior [ RunTime:0.001070s ]
INFO: [ view_filter ] --END-- [ RunTime:0.001162s ]
INFO: [ app_end ] --START--
INFO: Run Behavior\ShowPageTraceBehavior [ RunTime:0.027759s ]
INFO: [ app_end ] --END-- [ RunTime:0.027881s ]

[ 2016-11-23T08:30:01+08:00 ] 220.181.108.111 /course/index/area/%E7%91%9E%E9%87%91%E4%BA%8C%E8%B7%AF%E8%A1%97%E9%81%93.html
INFO: [ app_init ] --START--
INFO: Run Behavior\BuildLiteBehavior [ RunTime:0.000037s ]
INFO: [ app_init ] --END-- [ RunTime:0.001075s ]
INFO: [ app_begin ] --START--
INFO: Run Behavior\ReadHtmlCacheBehavior [ RunTime:0.001429s ]
INFO: [ app_begin ] --END-- [ RunTime:0.001594s ]
NOTIC: [8] Undefined index: cate /var/www/virtual/xbkt/home/wwwroot/Application/Home/Controller/CourseController.class.php 第 17 行.
NOTIC: [8] Undefined index: price /var/www/virtual/xbkt/home/wwwroot/Application/Home/Controller/CourseController.class.php 第 28 行.
SQL: SHOW COLUMNS FROM `course` [ RunTime:0.0023s ]
SQL: SELECT course.*,g.numbering,b.braName,b.area,b.circle,(SELECT count(*) from course_praise cp WHERE cp.courseid=course.id) AS count FROM `course` INNER JOIN branch b on b.id=course.branchId INNER JOIN grocery g on g.id=b.groId LEFT JOIN course_praise cp on cp.courseid=course.id  WHERE b.area = '瑞金二路街道' AND g.status = 1 GROUP BY course.id  [ RunTime:0.0026s ]
SQL: SHOW COLUMNS FROM `area` [ RunTime:0.0013s ]
SQL: SELECT `name` FROM `area`  [ RunTime:0.0012s ]
SQL: SHOW COLUMNS FROM `category` [ RunTime:0.0016s ]
SQL: SELECT * FROM `category` WHERE `pid` = 0 AND `status` = 1 AND `type` = 1  [ RunTime:0.0010s ]
INFO: [ view_parse ] --START--
INFO: [ template_filter ] --START--
INFO: Run Behavior\ContentReplaceBehavior [ RunTime:0.000222s ]
INFO: [ template_filter ] --END-- [ RunTime:0.000317s ]
INFO: Run Behavior\ParseTemplateBehavior [ RunTime:0.032240s ]
INFO: [ view_parse ] --END-- [ RunTime:0.032327s ]
INFO: [ view_filter ] --START--
INFO: Run Behavior\WriteHtmlCacheBehavior [ RunTime:0.000461s ]
INFO: [ view_filter ] --END-- [ RunTime:0.000544s ]
INFO: [ app_end ] --START--
INFO: Run Behavior\ShowPageTraceBehavior [ RunTime:0.002203s ]
INFO: [ app_end ] --END-- [ RunTime:0.002298s ]

[ 2016-11-23T08:31:18+08:00 ] 42.156.136.101 /course/index/area/%E5%A1%98%E6%A1%A5%E8%A1%97%E9%81%93.html
INFO: [ app_init ] --START--
INFO: Run Behavior\BuildLiteBehavior [ RunTime:0.000044s ]
INFO: [ app_init ] --END-- [ RunTime:0.001547s ]
INFO: [ app_begin ] --START--
INFO: Run Behavior\ReadHtmlCacheBehavior [ RunTime:0.001781s ]
INFO: [ app_begin ] --END-- [ RunTime:0.001885s ]
NOTIC: [8] Undefined index: cate /var/www/virtual/xbkt/home/wwwroot/Application/Home/Controller/CourseController.class.php 第 17 行.
NOTIC: [8] Undefined index: price /var/www/virtual/xbkt/home/wwwroot/Application/Home/Controller/CourseController.class.php 第 28 行.
SQL: SHOW COLUMNS FROM `course` [ RunTime:0.0039s ]
SQL: SELECT course.*,g.numbering,b.braName,b.area,b.circle,(SELECT count(*) from course_praise cp WHERE cp.courseid=course.id) AS count FROM `course` INNER JOIN branch b on b.id=course.branchId INNER JOIN grocery g on g.id=b.groId LEFT JOIN course_praise cp on cp.courseid=course.id  WHERE b.area = '塘桥街道' AND g.status = 1 GROUP BY course.id  [ RunTime:0.0022s ]
SQL: SHOW COLUMNS FROM `area` [ RunTime:0.0013s ]
SQL: SELECT `name` FROM `area`  [ RunTime:0.0017s ]
SQL: SHOW COLUMNS FROM `category` [ RunTime:0.0015s ]
SQL: SELECT * FROM `category` WHERE `pid` = 0 AND `status` = 1 AND `type` = 1  [ RunTime:0.0009s ]
INFO: [ view_parse ] --START--
INFO: [ template_filter ] --START--
INFO: Run Behavior\ContentReplaceBehavior [ RunTime:0.000102s ]
INFO: [ template_filter ] --END-- [ RunTime:0.000207s ]
INFO: Run Behavior\ParseTemplateBehavior [ RunTime:0.039705s ]
INFO: [ view_parse ] --END-- [ RunTime:0.039808s ]
INFO: [ view_filter ] --START--
INFO: Run Behavior\WriteHtmlCacheBehavior [ RunTime:0.000700s ]
INFO: [ view_filter ] --END-- [ RunTime:0.000785s ]
INFO: [ app_end ] --START--
INFO: Run Behavior\ShowPageTraceBehavior [ RunTime:0.002576s ]
INFO: [ app_end ] --END-- [ RunTime:0.002671s ]

[ 2016-11-23T08:34:37+08:00 ] 42.156.137.101 /article/index.html
INFO: [ app_init ] --START--
INFO: Run Behavior\BuildLiteBehavior [ RunTime:0.000056s ]
INFO: [ app_init ] --END-- [ RunTime:0.001305s ]
INFO: [ app_begin ] --START--
INFO: Run Behavior\ReadHtmlCacheBehavior [ RunTime:0.001707s ]
INFO: [ app_begin ] --END-- [ RunTime:0.001902s ]
SQL: SHOW COLUMNS FROM `linkdeta` [ RunTime:0.0021s ]
SQL: SELECT * FROM `linkdeta` WHERE ( linkid=3 ) LIMIT 1   [ RunTime:0.0010s ]
NOTIC: [8] Undefined index: cate /var/www/virtual/xbkt/home/wwwroot/Application/Home/Controller/ArticleController.class.php 第 18 行.
SQL: SHOW COLUMNS FROM `article` [ RunTime:0.0019s ]
SQL: SELECT a.*,g.numbering FROM article a left join grocery g on g.id = a.groid  WHERE g.status = 1  [ RunTime:0.0052s ]
SQL: SHOW COLUMNS FROM `category` [ RunTime:0.0016s ]
SQL: SELECT * FROM `category` WHERE `pid` = 0 AND `type` = 0  [ RunTime:0.0012s ]
INFO: [ view_parse ] --START--
INFO: [ template_filter ] --START--
INFO: Run Behavior\ContentReplaceBehavior [ RunTime:0.000094s ]
INFO: [ template_filter ] --END-- [ RunTime:0.000201s ]
INFO: Run Behavior\ParseTemplateBehavior [ RunTime:0.034459s ]
INFO: [ view_parse ] --END-- [ RunTime:0.034715s ]
INFO: [ view_filter ] --START--
INFO: Run Behavior\WriteHtmlCacheBehavior [ RunTime:0.000538s ]
INFO: [ view_filter ] --END-- [ RunTime:0.000625s ]
INFO: [ app_end ] --START--
INFO: Run Behavior\ShowPageTraceBehavior [ RunTime:0.002136s ]
INFO: [ app_end ] --END-- [ RunTime:0.002396s ]

[ 2016-11-23T09:02:07+08:00 ] 66.249.79.98 /robots.txt
INFO: [ app_init ] --START--
INFO: Run Behavior\BuildLiteBehavior [ RunTime:0.000042s ]
INFO: [ app_init ] --END-- [ RunTime:0.001523s ]
INFO: [ app_begin ] --START--
INFO: Run Behavior\ReadHtmlCacheBehavior [ RunTime:0.001838s ]
INFO: [ app_begin ] --END-- [ RunTime:0.001941s ]
INFO: [ app_end ] --START--
INFO: Run Behavior\ShowPageTraceBehavior [ RunTime:0.002039s ]
INFO: [ app_end ] --END-- [ RunTime:0.002146s ]

[ 2016-11-23T09:02:08+08:00 ] 66.249.79.98 /article/index.html
INFO: [ app_init ] --START--
INFO: Run Behavior\BuildLiteBehavior [ RunTime:0.000070s ]
INFO: [ app_init ] --END-- [ RunTime:0.001315s ]
INFO: [ app_begin ] --START--
INFO: Run Behavior\ReadHtmlCacheBehavior [ RunTime:0.001778s ]
INFO: [ app_begin ] --END-- [ RunTime:0.001883s ]
SQL: SHOW COLUMNS FROM `linkdeta` [ RunTime:0.0018s ]
SQL: SELECT * FROM `linkdeta` WHERE ( linkid=3 ) LIMIT 1   [ RunTime:0.0013s ]
NOTIC: [8] Undefined index: cate /var/www/virtual/xbkt/home/wwwroot/Application/Home/Controller/ArticleController.class.php 第 18 行.
SQL: SHOW COLUMNS FROM `article` [ RunTime:0.0016s ]
SQL: SELECT a.*,g.numbering FROM article a left join grocery g on g.id = a.groid  WHERE g.status = 1  [ RunTime:0.0105s ]
SQL: SHOW COLUMNS FROM `category` [ RunTime:0.0042s ]
SQL: SELECT * FROM `category` WHERE `pid` = 0 AND `type` = 0  [ RunTime:0.0013s ]
INFO: [ view_parse ] --START--
INFO: [ template_filter ] --START--
INFO: Run Behavior\ContentReplaceBehavior [ RunTime:0.000095s ]
INFO: [ template_filter ] --END-- [ RunTime:0.000207s ]
INFO: Run Behavior\ParseTemplateBehavior [ RunTime:0.028694s ]
INFO: [ view_parse ] --END-- [ RunTime:0.028795s ]
INFO: [ view_filter ] --START--
INFO: Run Behavior\WriteHtmlCacheBehavior [ RunTime:0.000550s ]
INFO: [ view_filter ] --END-- [ RunTime:0.000771s ]
INFO: [ app_end ] --START--
INFO: Run Behavior\ShowPageTraceBehavior [ RunTime:0.002384s ]
INFO: [ app_end ] --END-- [ RunTime:0.002479s ]

[ 2016-11-23T10:26:57+08:00 ] 66.249.79.102 /robots.txt
INFO: [ app_init ] --START--
INFO: Run Behavior\BuildLiteBehavior [ RunTime:0.000061s ]
INFO: [ app_init ] --END-- [ RunTime:0.001918s ]
INFO: [ app_begin ] --START--
INFO: Run Behavior\ReadHtmlCacheBehavior [ RunTime:0.002390s ]
INFO: [ app_begin ] --END-- [ RunTime:0.002553s ]
INFO: [ app_end ] --START--
INFO: Run Behavior\ShowPageTraceBehavior [ RunTime:0.002685s ]
INFO: [ app_end ] --END-- [ RunTime:0.002849s ]

[ 2016-11-23T11:31:33+08:00 ] 123.125.71.33 /course/index/area/%E5%8C%97%E8%94%A1%E9%95%87.html
INFO: [ app_init ] --START--
INFO: Run Behavior\BuildLiteBehavior [ RunTime:0.000023s ]
INFO: [ app_init ] --END-- [ RunTime:0.000739s ]
INFO: [ app_begin ] --START--
INFO: Run Behavior\ReadHtmlCacheBehavior [ RunTime:0.000896s ]
INFO: [ app_begin ] --END-- [ RunTime:0.000973s ]
NOTIC: [8] Undefined index: cate /var/www/virtual/xbkt/home/wwwroot/Application/Home/Controller/CourseController.class.php 第 17 行.
NOTIC: [8] Undefined index: price /var/www/virtual/xbkt/home/wwwroot/Application/Home/Controller/CourseController.class.php 第 28 行.
SQL: SHOW COLUMNS FROM `course` [ RunTime:0.0019s ]
SQL: SELECT course.*,g.numbering,b.braName,b.area,b.circle,(SELECT count(*) from course_praise cp WHERE cp.courseid=course.id) AS count FROM `course` INNER JOIN branch b on b.id=course.branchId INNER JOIN grocery g on g.id=b.groId LEFT JOIN course_praise cp on cp.courseid=course.id  WHERE b.area = '北蔡镇' AND g.status = 1 GROUP BY course.id  [ RunTime:0.0022s ]
SQL: SHOW COLUMNS FROM `area` [ RunTime:0.0013s ]
SQL: SELECT `name` FROM `area`  [ RunTime:0.0012s ]
SQL: SHOW COLUMNS FROM `category` [ RunTime:0.0020s ]
SQL: SELECT * FROM `category` WHERE `pid` = 0 AND `status` = 1 AND `type` = 1  [ RunTime:0.0010s ]
INFO: [ view_parse ] --START--
INFO: [ template_filter ] --START--
INFO: Run Behavior\ContentReplaceBehavior [ RunTime:0.000053s ]
INFO: [ template_filter ] --END-- [ RunTime:0.000105s ]
INFO: Run Behavior\ParseTemplateBehavior [ RunTime:0.021533s ]
INFO: [ view_parse ] --END-- [ RunTime:0.021591s ]
INFO: [ view_filter ] --START--
INFO: Run Behavior\WriteHtmlCacheBehavior [ RunTime:0.000361s ]
INFO: [ view_filter ] --END-- [ RunTime:0.000404s ]
INFO: [ app_end ] --START--
INFO: Run Behavior\ShowPageTraceBehavior [ RunTime:0.001014s ]
INFO: [ app_end ] --END-- [ RunTime:0.001062s ]

[ 2016-11-23T11:32:57+08:00 ] 123.125.71.60 /
INFO: [ app_init ] --START--
INFO: Run Behavior\BuildLiteBehavior [ RunTime:0.000098s ]
INFO: [ app_init ] --END-- [ RunTime:0.001020s ]
INFO: [ app_begin ] --START--
INFO: Run Behavior\ReadHtmlCacheBehavior [ RunTime:0.001239s ]
INFO: [ app_begin ] --END-- [ RunTime:0.001317s ]

[ 2016-11-23T11:33:00+08:00 ] 123.125.71.36 /choice/index.html
INFO: [ app_init ] --START--
INFO: Run Behavior\BuildLiteBehavior [ RunTime:0.000044s ]
INFO: [ app_init ] --END-- [ RunTime:0.001440s ]
INFO: [ app_begin ] --START--
INFO: Run Behavior\ReadHtmlCacheBehavior [ RunTime:0.002105s ]
INFO: [ app_begin ] --END-- [ RunTime:0.002216s ]
SQL: SHOW COLUMNS FROM `course` [ RunTime:0.0020s ]
SQL: SELECT course.*,g.numbering,b.braName,b.area,b.circle,(SELECT count(*) from course_praise cp WHERE cp.courseid=course.id) AS count FROM `course` INNER JOIN branch b on b.id=course.branchId INNER JOIN grocery g on g.id=b.groId LEFT JOIN course_praise cp on cp.courseid=course.id  WHERE ( extension = 1 and g.status = 1 ) GROUP BY course.id ORDER BY course.praisepoint/course.salepoint*praisenum DESC  [ RunTime:0.0106s ]
SQL: SHOW COLUMNS FROM `linkdeta` [ RunTime:0.0014s ]
SQL: SELECT * FROM `linkdeta` WHERE ( linkid = 1 ) ORDER BY sortnu  [ RunTime:0.0015s ]
SQL: SHOW COLUMNS FROM `category` [ RunTime:0.0014s ]
SQL: SELECT * FROM `category` WHERE `pid` = 0 AND `status` = 1 AND `type` = 1  [ RunTime:0.0010s ]
INFO: [ view_parse ] --START--
INFO: [ template_filter ] --START--
INFO: Run Behavior\ContentReplaceBehavior [ RunTime:0.000128s ]
INFO: [ template_filter ] --END-- [ RunTime:0.000245s ]
NOTIC: [2] Division by zero /var/www/virtual/xbkt/home/wwwroot/Application/Runtime/Cache/Home/1b07914afbea34ff8790ac18f6c6e89c.php 第 163 行.
NOTIC: [2] Division by zero /var/www/virtual/xbkt/home/wwwroot/Application/Runtime/Cache/Home/1b07914afbea34ff8790ac18f6c6e89c.php 第 163 行.
NOTIC: [2] Division by zero /var/www/virtual/xbkt/home/wwwroot/Application/Runtime/Cache/Home/1b07914afbea34ff8790ac18f6c6e89c.php 第 163 行.
NOTIC: [2] Division by zero /var/www/virtual/xbkt/home/wwwroot/Application/Runtime/Cache/Home/1b07914afbea34ff8790ac18f6c6e89c.php 第 163 行.
NOTIC: [2] Division by zero /var/www/virtual/xbkt/home/wwwroot/Application/Runtime/Cache/Home/1b07914afbea34ff8790ac18f6c6e89c.php 第 163 行.
NOTIC: [2] Division by zero /var/www/virtual/xbkt/home/wwwroot/Application/Runtime/Cache/Home/1b07914afbea34ff8790ac18f6c6e89c.php 第 163 行.
NOTIC: [2] Division by zero /var/www/virtual/xbkt/home/wwwroot/Application/Runtime/Cache/Home/1b07914afbea34ff8790ac18f6c6e89c.php 第 163 行.
NOTIC: [2] Division by zero /var/www/virtual/xbkt/home/wwwroot/Application/Runtime/Cache/Home/1b07914afbea34ff8790ac18f6c6e89c.php 第 163 行.
INFO: Run Behavior\ParseTemplateBehavior [ RunTime:0.053148s ]
INFO: [ view_parse ] --END-- [ RunTime:0.053295s ]
INFO: [ view_filter ] --START--
INFO: Run Behavior\WriteHtmlCacheBehavior [ RunTime:0.000743s ]
INFO: [ view_filter ] --END-- [ RunTime:0.000832s ]
INFO: [ app_end ] --START--
INFO: Run Behavior\ShowPageTraceBehavior [ RunTime:0.002064s ]
INFO: [ app_end ] --END-- [ RunTime:0.002181s ]

[ 2016-11-23T11:41:20+08:00 ] 42.156.136.101 /course/index/area/%E6%96%B0%E5%9C%BA%E9%95%87.html
INFO: [ app_init ] --START--
INFO: Run Behavior\BuildLiteBehavior [ RunTime:0.000042s ]
INFO: [ app_init ] --END-- [ RunTime:0.001363s ]
INFO: [ app_begin ] --START--
INFO: Run Behavior\ReadHtmlCacheBehavior [ RunTime:0.001665s ]
INFO: [ app_begin ] --END-- [ RunTime:0.001825s ]
NOTIC: [8] Undefined index: cate /var/www/virtual/xbkt/home/wwwroot/Application/Home/Controller/CourseController.class.php 第 17 行.
NOTIC: [8] Undefined index: price /var/www/virtual/xbkt/home/wwwroot/Application/Home/Controller/CourseController.class.php 第 28 行.
SQL: SHOW COLUMNS FROM `course` [ RunTime:0.0025s ]
SQL: SELECT course.*,g.numbering,b.braName,b.area,b.circle,(SELECT count(*) from course_praise cp WHERE cp.courseid=course.id) AS count FROM `course` INNER JOIN branch b on b.id=course.branchId INNER JOIN grocery g on g.id=b.groId LEFT JOIN course_praise cp on cp.courseid=course.id  WHERE b.area = '新场镇' AND g.status = 1 GROUP BY course.id  [ RunTime:0.0026s ]
SQL: SHOW COLUMNS FROM `area` [ RunTime:0.0017s ]
SQL: SELECT `name` FROM `area`  [ RunTime:0.0010s ]
SQL: SHOW COLUMNS FROM `category` [ RunTime:0.0023s ]
SQL: SELECT * FROM `category` WHERE `pid` = 0 AND `status` = 1 AND `type` = 1  [ RunTime:0.0059s ]
INFO: [ view_parse ] --START--
INFO: [ template_filter ] --START--
INFO: Run Behavior\ContentReplaceBehavior [ RunTime:0.000127s ]
INFO: [ template_filter ] --END-- [ RunTime:0.000243s ]
INFO: Run Behavior\ParseTemplateBehavior [ RunTime:0.038488s ]
INFO: [ view_parse ] --END-- [ RunTime:0.038665s ]
INFO: [ view_filter ] --START--
INFO: Run Behavior\WriteHtmlCacheBehavior [ RunTime:0.000836s ]
INFO: [ view_filter ] --END-- [ RunTime:0.000948s ]
INFO: [ app_end ] --START--
INFO: Run Behavior\ShowPageTraceBehavior [ RunTime:0.003025s ]
INFO: [ app_end ] --END-- [ RunTime:0.003124s ]

[ 2016-11-23T16:03:38+08:00 ] 42.156.139.101 /course/index/area/%E9%BB%84%E6%B5%A6%E5%8C%BA.html
INFO: [ app_init ] --START--
INFO: Run Behavior\BuildLiteBehavior [ RunTime:0.000061s ]
INFO: [ app_init ] --END-- [ RunTime:0.001822s ]
INFO: [ app_begin ] --START--
INFO: Run Behavior\ReadHtmlCacheBehavior [ RunTime:0.002396s ]
INFO: [ app_begin ] --END-- [ RunTime:0.002547s ]
NOTIC: [8] Undefined index: cate /var/www/virtual/xbkt/home/wwwroot/Application/Home/Controller/CourseController.class.php 第 17 行.
NOTIC: [8] Undefined index: price /var/www/virtual/xbkt/home/wwwroot/Application/Home/Controller/CourseController.class.php 第 28 行.
SQL: SHOW COLUMNS FROM `course` [ RunTime:0.0021s ]
SQL: SELECT course.*,g.numbering,b.braName,b.area,b.circle,(SELECT count(*) from course_praise cp WHERE cp.courseid=course.id) AS count FROM `course` INNER JOIN branch b on b.id=course.branchId INNER JOIN grocery g on g.id=b.groId LEFT JOIN course_praise cp on cp.courseid=course.id  WHERE b.area = '黄浦区' AND g.status = 1 GROUP BY course.id  [ RunTime:0.0024s ]
SQL: SHOW COLUMNS FROM `area` [ RunTime:0.0016s ]
SQL: SELECT `name` FROM `area`  [ RunTime:0.0013s ]
SQL: SHOW COLUMNS FROM `category` [ RunTime:0.0019s ]
SQL: SELECT * FROM `category` WHERE `pid` = 0 AND `status` = 1 AND `type` = 1  [ RunTime:0.0011s ]
INFO: [ view_parse ] --START--
INFO: [ template_filter ] --START--
INFO: Run Behavior\ContentReplaceBehavior [ RunTime:0.000102s ]
INFO: [ template_filter ] --END-- [ RunTime:0.000207s ]
INFO: Run Behavior\ParseTemplateBehavior [ RunTime:0.045121s ]
INFO: [ view_parse ] --END-- [ RunTime:0.045237s ]
INFO: [ view_filter ] --START--
INFO: Run Behavior\WriteHtmlCacheBehavior [ RunTime:0.000694s ]
INFO: [ view_filter ] --END-- [ RunTime:0.000781s ]
INFO: [ app_end ] --START--
INFO: Run Behavior\ShowPageTraceBehavior [ RunTime:0.002150s ]
INFO: [ app_end ] --END-- [ RunTime:0.002247s ]

[ 2016-11-23T16:11:00+08:00 ] 42.120.161.101 /article/details/id/23.html
INFO: [ app_init ] --START--
INFO: Run Behavior\BuildLiteBehavior [ RunTime:0.000063s ]
INFO: [ app_init ] --END-- [ RunTime:0.001850s ]
INFO: [ app_begin ] --START--
INFO: Run Behavior\ReadHtmlCacheBehavior [ RunTime:0.001963s ]
INFO: [ app_begin ] --END-- [ RunTime:0.002072s ]
SQL: SHOW COLUMNS FROM `article` [ RunTime:0.0035s ]
SQL: UPDATE `article` SET `readnum`=readnum+1 WHERE article.id = '23' [ RunTime:0.0015s ]
SQL: SELECT article.*,g.numbering,count(s.id) as share_count FROM `article` left join grocery g on g.id=article.groid left join article_share s on s.article_id = article.id  WHERE article.id = '23' LIMIT 1   [ RunTime:0.0043s ]
SQL: SHOW COLUMNS FROM `article_collect` [ RunTime:0.0016s ]
SQL: SELECT COUNT(*) AS tp_count FROM `article_collect` WHERE ( artid=23 ) LIMIT 1   [ RunTime:0.0014s ]
NOTIC: [2048] Declaration of Home\Controller\WeChatController::success() should be compatible with Think\Controller::success($message = '', $jumpUrl = '', $ajax = false) /var/www/virtual/xbkt/home/wwwroot/Application/Home/Controller/WeChatController.class.php 第 0 行.
INFO: [ view_parse ] --START--
INFO: [ template_filter ] --START--
INFO: Run Behavior\ContentReplaceBehavior [ RunTime:0.000179s ]
INFO: [ template_filter ] --END-- [ RunTime:0.000291s ]
NOTIC: [2] Division by zero /var/www/virtual/xbkt/home/wwwroot/Application/Runtime/Cache/Home/f60b866f38264976d0ec31337e66e9ec.php 第 34 行.
INFO: Run Behavior\ParseTemplateBehavior [ RunTime:0.033745s ]
INFO: [ view_parse ] --END-- [ RunTime:0.033922s ]
INFO: [ view_filter ] --START--
INFO: Run Behavior\WriteHtmlCacheBehavior [ RunTime:0.000665s ]
INFO: [ view_filter ] --END-- [ RunTime:0.000813s ]
INFO: [ app_end ] --START--
INFO: Run Behavior\ShowPageTraceBehavior [ RunTime:0.002371s ]
INFO: [ app_end ] --END-- [ RunTime:0.002502s ]

[ 2016-11-23T17:45:28+08:00 ] 42.120.160.101 /course/coursedeta/id/37.html
INFO: [ app_init ] --START--
INFO: Run Behavior\BuildLiteBehavior [ RunTime:0.000044s ]
INFO: [ app_init ] --END-- [ RunTime:0.003474s ]
INFO: [ app_begin ] --START--
INFO: Run Behavior\ReadHtmlCacheBehavior [ RunTime:0.001727s ]
INFO: [ app_begin ] --END-- [ RunTime:0.001850s ]
SQL: SHOW COLUMNS FROM `course` [ RunTime:0.0021s ]
SQL: SELECT course.*,g.numbering,b.area,b.circle,b.braName FROM `course` INNER JOIN branch b on b.id=course.branchId INNER JOIN grocery g on g.id=b.groId  WHERE course.id = '37' LIMIT 1   [ RunTime:0.0040s ]
NOTIC: [2] Division by zero /var/www/virtual/xbkt/home/wwwroot/Application/Home/Controller/CourseController.class.php 第 86 行.
SQL: SHOW COLUMNS FROM `course_praise` [ RunTime:0.0016s ]
SQL: SELECT COUNT(*) AS tp_count FROM `course_praise` WHERE ( courseid=37 ) LIMIT 1   [ RunTime:0.0014s ]
SQL: SELECT course_praise.*,m.username,m.headProtrait FROM `course_praise` INNER JOIN member m on m.id=course_praise.userid  WHERE ( courseid=37 )  [ RunTime:0.0017s ]
INFO: [ view_parse ] --START--
INFO: [ template_filter ] --START--
INFO: Run Behavior\ContentReplaceBehavior [ RunTime:0.000105s ]
INFO: [ template_filter ] --END-- [ RunTime:0.000343s ]
NOTIC: [8] Undefined variable: details_thum /var/www/virtual/xbkt/home/wwwroot/Application/Runtime/Cache/Home/11dd8fc8516aa2d78f6cbca9e59928db.php 第 26 行.
INFO: Run Behavior\ParseTemplateBehavior [ RunTime:0.049578s ]
INFO: [ view_parse ] --END-- [ RunTime:0.049706s ]
INFO: [ view_filter ] --START--
INFO: Run Behavior\WriteHtmlCacheBehavior [ RunTime:0.000955s ]
INFO: [ view_filter ] --END-- [ RunTime:0.001092s ]
INFO: [ app_end ] --START--
INFO: Run Behavior\ShowPageTraceBehavior [ RunTime:0.003242s ]
INFO: [ app_end ] --END-- [ RunTime:0.003376s ]

[ 2016-11-23T19:29:52+08:00 ] 58.247.79.4 /
INFO: [ app_init ] --START--
INFO: Run Behavior\BuildLiteBehavior [ RunTime:0.000041s ]
INFO: [ app_init ] --END-- [ RunTime:0.001291s ]
INFO: [ app_begin ] --START--
INFO: Run Behavior\ReadHtmlCacheBehavior [ RunTime:0.001853s ]
INFO: [ app_begin ] --END-- [ RunTime:0.001957s ]

[ 2016-11-23T19:29:52+08:00 ] 58.247.79.4 /choice/index.html
INFO: [ app_init ] --START--
INFO: Run Behavior\BuildLiteBehavior [ RunTime:0.000043s ]
INFO: [ app_init ] --END-- [ RunTime:0.001321s ]
INFO: [ app_begin ] --START--
INFO: Run Behavior\ReadHtmlCacheBehavior [ RunTime:0.001725s ]
INFO: [ app_begin ] --END-- [ RunTime:0.001828s ]
SQL: SHOW COLUMNS FROM `course` [ RunTime:0.0021s ]
SQL: SELECT course.*,g.numbering,b.braName,b.area,b.circle,(SELECT count(*) from course_praise cp WHERE cp.courseid=course.id) AS count FROM `course` INNER JOIN branch b on b.id=course.branchId INNER JOIN grocery g on g.id=b.groId LEFT JOIN course_praise cp on cp.courseid=course.id  WHERE ( extension = 1 and g.status = 1 ) GROUP BY course.id ORDER BY course.praisepoint/course.salepoint*praisenum DESC  [ RunTime:0.0069s ]
SQL: SHOW COLUMNS FROM `linkdeta` [ RunTime:0.0014s ]
SQL: SELECT * FROM `linkdeta` WHERE ( linkid = 1 ) ORDER BY sortnu  [ RunTime:0.0014s ]
SQL: SHOW COLUMNS FROM `category` [ RunTime:0.0022s ]
SQL: SELECT * FROM `category` WHERE `pid` = 0 AND `status` = 1 AND `type` = 1  [ RunTime:0.0015s ]
INFO: [ view_parse ] --START--
INFO: [ template_filter ] --START--
INFO: Run Behavior\ContentReplaceBehavior [ RunTime:0.000122s ]
INFO: [ template_filter ] --END-- [ RunTime:0.000242s ]
NOTIC: [2] Division by zero /var/www/virtual/xbkt/home/wwwroot/Application/Runtime/Cache/Home/1b07914afbea34ff8790ac18f6c6e89c.php 第 163 行.
NOTIC: [2] Division by zero /var/www/virtual/xbkt/home/wwwroot/Application/Runtime/Cache/Home/1b07914afbea34ff8790ac18f6c6e89c.php 第 163 行.
NOTIC: [2] Division by zero /var/www/virtual/xbkt/home/wwwroot/Application/Runtime/Cache/Home/1b07914afbea34ff8790ac18f6c6e89c.php 第 163 行.
NOTIC: [2] Division by zero /var/www/virtual/xbkt/home/wwwroot/Application/Runtime/Cache/Home/1b07914afbea34ff8790ac18f6c6e89c.php 第 163 行.
NOTIC: [2] Division by zero /var/www/virtual/xbkt/home/wwwroot/Application/Runtime/Cache/Home/1b07914afbea34ff8790ac18f6c6e89c.php 第 163 行.
NOTIC: [2] Division by zero /var/www/virtual/xbkt/home/wwwroot/Application/Runtime/Cache/Home/1b07914afbea34ff8790ac18f6c6e89c.php 第 163 行.
NOTIC: [2] Division by zero /var/www/virtual/xbkt/home/wwwroot/Application/Runtime/Cache/Home/1b07914afbea34ff8790ac18f6c6e89c.php 第 163 行.
NOTIC: [2] Division by zero /var/www/virtual/xbkt/home/wwwroot/Application/Runtime/Cache/Home/1b07914afbea34ff8790ac18f6c6e89c.php 第 163 行.
INFO: Run Behavior\ParseTemplateBehavior [ RunTime:0.041779s ]
INFO: [ view_parse ] --END-- [ RunTime:0.041876s ]
INFO: [ view_filter ] --START--
INFO: Run Behavior\WriteHtmlCacheBehavior [ RunTime:0.000654s ]
INFO: [ view_filter ] --END-- [ RunTime:0.000747s ]
INFO: [ app_end ] --START--
INFO: Run Behavior\ShowPageTraceBehavior [ RunTime:0.002146s ]
INFO: [ app_end ] --END-- [ RunTime:0.002243s ]

[ 2016-11-23T20:42:50+08:00 ] 218.30.118.100 /
INFO: [ app_init ] --START--
INFO: Run Behavior\BuildLiteBehavior [ RunTime:0.000040s ]
INFO: [ app_init ] --END-- [ RunTime:0.001219s ]
INFO: [ app_begin ] --START--
INFO: Run Behavior\ReadHtmlCacheBehavior [ RunTime:0.001690s ]
INFO: [ app_begin ] --END-- [ RunTime:0.001795s ]

[ 2016-11-23T20:42:50+08:00 ] 218.30.118.100 /choice/index.html
INFO: [ app_init ] --START--
INFO: Run Behavior\BuildLiteBehavior [ RunTime:0.000042s ]
INFO: [ app_init ] --END-- [ RunTime:0.001261s ]
INFO: [ app_begin ] --START--
INFO: Run Behavior\ReadHtmlCacheBehavior [ RunTime:0.001735s ]
INFO: [ app_begin ] --END-- [ RunTime:0.001838s ]
SQL: SHOW COLUMNS FROM `course` [ RunTime:0.0027s ]
SQL: SELECT course.*,g.numbering,b.braName,b.area,b.circle,(SELECT count(*) from course_praise cp WHERE cp.courseid=course.id) AS count FROM `course` INNER JOIN branch b on b.id=course.branchId INNER JOIN grocery g on g.id=b.groId LEFT JOIN course_praise cp on cp.courseid=course.id  WHERE ( extension = 1 and g.status = 1 ) GROUP BY course.id ORDER BY course.praisepoint/course.salepoint*praisenum DESC  [ RunTime:0.0057s ]
SQL: SHOW COLUMNS FROM `linkdeta` [ RunTime:0.0018s ]
SQL: SELECT * FROM `linkdeta` WHERE ( linkid = 1 ) ORDER BY sortnu  [ RunTime:0.0023s ]
SQL: SHOW COLUMNS FROM `category` [ RunTime:0.0019s ]
SQL: SELECT * FROM `category` WHERE `pid` = 0 AND `status` = 1 AND `type` = 1  [ RunTime:0.0009s ]
INFO: [ view_parse ] --START--
INFO: [ template_filter ] --START--
INFO: Run Behavior\ContentReplaceBehavior [ RunTime:0.000109s ]
INFO: [ template_filter ] --END-- [ RunTime:0.000205s ]
NOTIC: [2] Division by zero /var/www/virtual/xbkt/home/wwwroot/Application/Runtime/Cache/Home/1b07914afbea34ff8790ac18f6c6e89c.php 第 163 行.
NOTIC: [2] Division by zero /var/www/virtual/xbkt/home/wwwroot/Application/Runtime/Cache/Home/1b07914afbea34ff8790ac18f6c6e89c.php 第 163 行.
NOTIC: [2] Division by zero /var/www/virtual/xbkt/home/wwwroot/Application/Runtime/Cache/Home/1b07914afbea34ff8790ac18f6c6e89c.php 第 163 行.
NOTIC: [2] Division by zero /var/www/virtual/xbkt/home/wwwroot/Application/Runtime/Cache/Home/1b07914afbea34ff8790ac18f6c6e89c.php 第 163 行.
NOTIC: [2] Division by zero /var/www/virtual/xbkt/home/wwwroot/Application/Runtime/Cache/Home/1b07914afbea34ff8790ac18f6c6e89c.php 第 163 行.
NOTIC: [2] Division by zero /var/www/virtual/xbkt/home/wwwroot/Application/Runtime/Cache/Home/1b07914afbea34ff8790ac18f6c6e89c.php 第 163 行.
NOTIC: [2] Division by zero /var/www/virtual/xbkt/home/wwwroot/Application/Runtime/Cache/Home/1b07914afbea34ff8790ac18f6c6e89c.php 第 163 行.
NOTIC: [2] Division by zero /var/www/virtual/xbkt/home/wwwroot/Application/Runtime/Cache/Home/1b07914afbea34ff8790ac18f6c6e89c.php 第 163 行.
INFO: Run Behavior\ParseTemplateBehavior [ RunTime:0.036173s ]
INFO: [ view_parse ] --END-- [ RunTime:0.036252s ]
INFO: [ view_filter ] --START--
INFO: Run Behavior\WriteHtmlCacheBehavior [ RunTime:0.000534s ]
INFO: [ view_filter ] --END-- [ RunTime:0.000678s ]
INFO: [ app_end ] --START--
INFO: Run Behavior\ShowPageTraceBehavior [ RunTime:0.001776s ]
INFO: [ app_end ] --END-- [ RunTime:0.001861s ]

[ 2016-11-23T20:42:50+08:00 ] 218.30.118.100 /
INFO: [ app_init ] --START--
INFO: Run Behavior\BuildLiteBehavior [ RunTime:0.000051s ]
INFO: [ app_init ] --END-- [ RunTime:0.001226s ]
INFO: [ app_begin ] --START--
INFO: Run Behavior\ReadHtmlCacheBehavior [ RunTime:0.001640s ]
INFO: [ app_begin ] --END-- [ RunTime:0.001742s ]

[ 2016-11-23T20:42:51+08:00 ] 218.30.118.100 /choice/index.html
INFO: [ app_init ] --START--
INFO: Run Behavior\BuildLiteBehavior [ RunTime:0.000021s ]
INFO: [ app_init ] --END-- [ RunTime:0.000757s ]
INFO: [ app_begin ] --START--
INFO: Run Behavior\ReadHtmlCacheBehavior [ RunTime:0.000819s ]
INFO: [ app_begin ] --END-- [ RunTime:0.000870s ]
SQL: SHOW COLUMNS FROM `course` [ RunTime:0.0022s ]
SQL: SELECT course.*,g.numbering,b.braName,b.area,b.circle,(SELECT count(*) from course_praise cp WHERE cp.courseid=course.id) AS count FROM `course` INNER JOIN branch b on b.id=course.branchId INNER JOIN grocery g on g.id=b.groId LEFT JOIN course_praise cp on cp.courseid=course.id  WHERE ( extension = 1 and g.status = 1 ) GROUP BY course.id ORDER BY course.praisepoint/course.salepoint*praisenum DESC  [ RunTime:0.0057s ]
SQL: SHOW COLUMNS FROM `linkdeta` [ RunTime:0.0016s ]
SQL: SELECT * FROM `linkdeta` WHERE ( linkid = 1 ) ORDER BY sortnu  [ RunTime:0.0014s ]
SQL: SHOW COLUMNS FROM `category` [ RunTime:0.0014s ]
SQL: SELECT * FROM `category` WHERE `pid` = 0 AND `status` = 1 AND `type` = 1  [ RunTime:0.0014s ]
INFO: [ view_parse ] --START--
INFO: [ template_filter ] --START--
INFO: Run Behavior\ContentReplaceBehavior [ RunTime:0.000057s ]
INFO: [ template_filter ] --END-- [ RunTime:0.000119s ]
NOTIC: [2] Division by zero /var/www/virtual/xbkt/home/wwwroot/Application/Runtime/Cache/Home/1b07914afbea34ff8790ac18f6c6e89c.php 第 163 行.
NOTIC: [2] Division by zero /var/www/virtual/xbkt/home/wwwroot/Application/Runtime/Cache/Home/1b07914afbea34ff8790ac18f6c6e89c.php 第 163 行.
NOTIC: [2] Division by zero /var/www/virtual/xbkt/home/wwwroot/Application/Runtime/Cache/Home/1b07914afbea34ff8790ac18f6c6e89c.php 第 163 行.
NOTIC: [2] Division by zero /var/www/virtual/xbkt/home/wwwroot/Application/Runtime/Cache/Home/1b07914afbea34ff8790ac18f6c6e89c.php 第 163 行.
NOTIC: [2] Division by zero /var/www/virtual/xbkt/home/wwwroot/Application/Runtime/Cache/Home/1b07914afbea34ff8790ac18f6c6e89c.php 第 163 行.
NOTIC: [2] Division by zero /var/www/virtual/xbkt/home/wwwroot/Application/Runtime/Cache/Home/1b07914afbea34ff8790ac18f6c6e89c.php 第 163 行.
NOTIC: [2] Division by zero /var/www/virtual/xbkt/home/wwwroot/Application/Runtime/Cache/Home/1b07914afbea34ff8790ac18f6c6e89c.php 第 163 行.
NOTIC: [2] Division by zero /var/www/virtual/xbkt/home/wwwroot/Application/Runtime/Cache/Home/1b07914afbea34ff8790ac18f6c6e89c.php 第 163 行.
INFO: Run Behavior\ParseTemplateBehavior [ RunTime:0.015242s ]
INFO: [ view_parse ] --END-- [ RunTime:0.015288s ]
INFO: [ view_filter ] --START--
INFO: Run Behavior\WriteHtmlCacheBehavior [ RunTime:0.000273s ]
INFO: [ view_filter ] --END-- [ RunTime:0.000316s ]
INFO: [ app_end ] --START--
INFO: Run Behavior\ShowPageTraceBehavior [ RunTime:0.001107s ]
INFO: [ app_end ] --END-- [ RunTime:0.001155s ]

[ 2016-11-23T20:42:51+08:00 ] 218.30.118.100 /
INFO: [ app_init ] --START--
INFO: Run Behavior\BuildLiteBehavior [ RunTime:0.000021s ]
INFO: [ app_init ] --END-- [ RunTime:0.000603s ]
INFO: [ app_begin ] --START--
INFO: Run Behavior\ReadHtmlCacheBehavior [ RunTime:0.000819s ]
INFO: [ app_begin ] --END-- [ RunTime:0.000883s ]

[ 2016-11-23T20:42:51+08:00 ] 218.30.118.100 /choice/index.html
INFO: [ app_init ] --START--
INFO: Run Behavior\BuildLiteBehavior [ RunTime:0.000020s ]
INFO: [ app_init ] --END-- [ RunTime:0.000622s ]
INFO: [ app_begin ] --START--
INFO: Run Behavior\ReadHtmlCacheBehavior [ RunTime:0.000837s ]
INFO: [ app_begin ] --END-- [ RunTime:0.000889s ]
SQL: SHOW COLUMNS FROM `course` [ RunTime:0.0018s ]
SQL: SELECT course.*,g.numbering,b.braName,b.area,b.circle,(SELECT count(*) from course_praise cp WHERE cp.courseid=course.id) AS count FROM `course` INNER JOIN branch b on b.id=course.branchId INNER JOIN grocery g on g.id=b.groId LEFT JOIN course_praise cp on cp.courseid=course.id  WHERE ( extension = 1 and g.status = 1 ) GROUP BY course.id ORDER BY course.praisepoint/course.salepoint*praisenum DESC  [ RunTime:0.0057s ]
SQL: SHOW COLUMNS FROM `linkdeta` [ RunTime:0.0014s ]
SQL: SELECT * FROM `linkdeta` WHERE ( linkid = 1 ) ORDER BY sortnu  [ RunTime:0.0009s ]
SQL: SHOW COLUMNS FROM `category` [ RunTime:0.0015s ]
SQL: SELECT * FROM `category` WHERE `pid` = 0 AND `status` = 1 AND `type` = 1  [ RunTime:0.0011s ]
INFO: [ view_parse ] --START--
INFO: [ template_filter ] --START--
INFO: Run Behavior\ContentReplaceBehavior [ RunTime:0.000058s ]
INFO: [ template_filter ] --END-- [ RunTime:0.000106s ]
NOTIC: [2] Division by zero /var/www/virtual/xbkt/home/wwwroot/Application/Runtime/Cache/Home/1b07914afbea34ff8790ac18f6c6e89c.php 第 163 行.
NOTIC: [2] Division by zero /var/www/virtual/xbkt/home/wwwroot/Application/Runtime/Cache/Home/1b07914afbea34ff8790ac18f6c6e89c.php 第 163 行.
NOTIC: [2] Division by zero /var/www/virtual/xbkt/home/wwwroot/Application/Runtime/Cache/Home/1b07914afbea34ff8790ac18f6c6e89c.php 第 163 行.
NOTIC: [2] Division by zero /var/www/virtual/xbkt/home/wwwroot/Application/Runtime/Cache/Home/1b07914afbea34ff8790ac18f6c6e89c.php 第 163 行.
NOTIC: [2] Division by zero /var/www/virtual/xbkt/home/wwwroot/Application/Runtime/Cache/Home/1b07914afbea34ff8790ac18f6c6e89c.php 第 163 行.
NOTIC: [2] Division by zero /var/www/virtual/xbkt/home/wwwroot/Application/Runtime/Cache/Home/1b07914afbea34ff8790ac18f6c6e89c.php 第 163 行.
NOTIC: [2] Division by zero /var/www/virtual/xbkt/home/wwwroot/Application/Runtime/Cache/Home/1b07914afbea34ff8790ac18f6c6e89c.php 第 163 行.
NOTIC: [2] Division by zero /var/www/virtual/xbkt/home/wwwroot/Application/Runtime/Cache/Home/1b07914afbea34ff8790ac18f6c6e89c.php 第 163 行.
INFO: Run Behavior\ParseTemplateBehavior [ RunTime:0.014795s ]
INFO: [ view_parse ] --END-- [ RunTime:0.014842s ]
INFO: [ view_filter ] --START--
INFO: Run Behavior\WriteHtmlCacheBehavior [ RunTime:0.000251s ]
INFO: [ view_filter ] --END-- [ RunTime:0.000298s ]
INFO: [ app_end ] --START--
INFO: Run Behavior\ShowPageTraceBehavior [ RunTime:0.000999s ]
INFO: [ app_end ] --END-- [ RunTime:0.001052s ]

[ 2016-11-23T20:42:52+08:00 ] 218.30.118.100 /
INFO: [ app_init ] --START--
INFO: Run Behavior\BuildLiteBehavior [ RunTime:0.000021s ]
INFO: [ app_init ] --END-- [ RunTime:0.000715s ]
INFO: [ app_begin ] --START--
INFO: Run Behavior\ReadHtmlCacheBehavior [ RunTime:0.000903s ]
INFO: [ app_begin ] --END-- [ RunTime:0.000967s ]

[ 2016-11-23T20:42:52+08:00 ] 218.30.118.100 /choice/index.html
INFO: [ app_init ] --START--
INFO: Run Behavior\BuildLiteBehavior [ RunTime:0.000035s ]
INFO: [ app_init ] --END-- [ RunTime:0.000814s ]
INFO: [ app_begin ] --START--
INFO: Run Behavior\ReadHtmlCacheBehavior [ RunTime:0.001115s ]
INFO: [ app_begin ] --END-- [ RunTime:0.001202s ]
SQL: SHOW COLUMNS FROM `course` [ RunTime:0.0036s ]
SQL: SELECT course.*,g.numbering,b.braName,b.area,b.circle,(SELECT count(*) from course_praise cp WHERE cp.courseid=course.id) AS count FROM `course` INNER JOIN branch b on b.id=course.branchId INNER JOIN grocery g on g.id=b.groId LEFT JOIN course_praise cp on cp.courseid=course.id  WHERE ( extension = 1 and g.status = 1 ) GROUP BY course.id ORDER BY course.praisepoint/course.salepoint*praisenum DESC  [ RunTime:0.0234s ]
SQL: SHOW COLUMNS FROM `linkdeta` [ RunTime:0.0016s ]
SQL: SELECT * FROM `linkdeta` WHERE ( linkid = 1 ) ORDER BY sortnu  [ RunTime:0.0008s ]
SQL: SHOW COLUMNS FROM `category` [ RunTime:0.0025s ]
SQL: SELECT * FROM `category` WHERE `pid` = 0 AND `status` = 1 AND `type` = 1  [ RunTime:0.0020s ]
INFO: [ view_parse ] --START--
INFO: [ template_filter ] --START--
INFO: Run Behavior\ContentReplaceBehavior [ RunTime:0.000061s ]
INFO: [ template_filter ] --END-- [ RunTime:0.000110s ]
NOTIC: [2] Division by zero /var/www/virtual/xbkt/home/wwwroot/Application/Runtime/Cache/Home/1b07914afbea34ff8790ac18f6c6e89c.php 第 163 行.
NOTIC: [2] Division by zero /var/www/virtual/xbkt/home/wwwroot/Application/Runtime/Cache/Home/1b07914afbea34ff8790ac18f6c6e89c.php 第 163 行.
NOTIC: [2] Division by zero /var/www/virtual/xbkt/home/wwwroot/Application/Runtime/Cache/Home/1b07914afbea34ff8790ac18f6c6e89c.php 第 163 行.
NOTIC: [2] Division by zero /var/www/virtual/xbkt/home/wwwroot/Application/Runtime/Cache/Home/1b07914afbea34ff8790ac18f6c6e89c.php 第 163 行.
NOTIC: [2] Division by zero /var/www/virtual/xbkt/home/wwwroot/Application/Runtime/Cache/Home/1b07914afbea34ff8790ac18f6c6e89c.php 第 163 行.
NOTIC: [2] Division by zero /var/www/virtual/xbkt/home/wwwroot/Application/Runtime/Cache/Home/1b07914afbea34ff8790ac18f6c6e89c.php 第 163 行.
NOTIC: [2] Division by zero /var/www/virtual/xbkt/home/wwwroot/Application/Runtime/Cache/Home/1b07914afbea34ff8790ac18f6c6e89c.php 第 163 行.
NOTIC: [2] Division by zero /var/www/virtual/xbkt/home/wwwroot/Application/Runtime/Cache/Home/1b07914afbea34ff8790ac18f6c6e89c.php 第 163 行.
INFO: Run Behavior\ParseTemplateBehavior [ RunTime:0.015579s ]
INFO: [ view_parse ] --END-- [ RunTime:0.015627s ]
INFO: [ view_filter ] --START--
INFO: Run Behavior\WriteHtmlCacheBehavior [ RunTime:0.000258s ]
INFO: [ view_filter ] --END-- [ RunTime:0.000301s ]
INFO: [ app_end ] --START--
INFO: Run Behavior\ShowPageTraceBehavior [ RunTime:0.001004s ]
INFO: [ app_end ] --END-- [ RunTime:0.001054s ]

[ 2016-11-23T22:33:09+08:00 ] 111.164.177.132 /favicon.ico
INFO: [ app_init ] --START--
INFO: Run Behavior\BuildLiteBehavior [ RunTime:0.000041s ]
INFO: [ app_init ] --END-- [ RunTime:0.001269s ]

[ 2016-11-23T22:33:11+08:00 ] 111.164.177.132 /
INFO: [ app_init ] --START--
INFO: Run Behavior\BuildLiteBehavior [ RunTime:0.000042s ]
INFO: [ app_init ] --END-- [ RunTime:0.001351s ]
INFO: [ app_begin ] --START--
INFO: Run Behavior\ReadHtmlCacheBehavior [ RunTime:0.001677s ]
INFO: [ app_begin ] --END-- [ RunTime:0.001870s ]

[ 2016-11-23T22:33:12+08:00 ] 111.164.177.132 /choice/index.html
INFO: [ app_init ] --START--
INFO: Run Behavior\BuildLiteBehavior [ RunTime:0.000041s ]
INFO: [ app_init ] --END-- [ RunTime:0.001250s ]
INFO: [ app_begin ] --START--
INFO: Run Behavior\ReadHtmlCacheBehavior [ RunTime:0.001767s ]
INFO: [ app_begin ] --END-- [ RunTime:0.001882s ]
SQL: SHOW COLUMNS FROM `course` [ RunTime:0.0026s ]
SQL: SELECT course.*,g.numbering,b.braName,b.area,b.circle,(SELECT count(*) from course_praise cp WHERE cp.courseid=course.id) AS count FROM `course` INNER JOIN branch b on b.id=course.branchId INNER JOIN grocery g on g.id=b.groId LEFT JOIN course_praise cp on cp.courseid=course.id  WHERE ( extension = 1 and g.status = 1 ) GROUP BY course.id ORDER BY course.praisepoint/course.salepoint*praisenum DESC  [ RunTime:0.0066s ]
SQL: SHOW COLUMNS FROM `linkdeta` [ RunTime:0.0015s ]
SQL: SELECT * FROM `linkdeta` WHERE ( linkid = 1 ) ORDER BY sortnu  [ RunTime:0.0013s ]
SQL: SHOW COLUMNS FROM `category` [ RunTime:0.0018s ]
SQL: SELECT * FROM `category` WHERE `pid` = 0 AND `status` = 1 AND `type` = 1  [ RunTime:0.0010s ]
INFO: [ view_parse ] --START--
INFO: [ template_filter ] --START--
INFO: Run Behavior\ContentReplaceBehavior [ RunTime:0.000119s ]
INFO: [ template_filter ] --END-- [ RunTime:0.000217s ]
NOTIC: [2] Division by zero /var/www/virtual/xbkt/home/wwwroot/Application/Runtime/Cache/Home/1b07914afbea34ff8790ac18f6c6e89c.php 第 163 行.
NOTIC: [2] Division by zero /var/www/virtual/xbkt/home/wwwroot/Application/Runtime/Cache/Home/1b07914afbea34ff8790ac18f6c6e89c.php 第 163 行.
NOTIC: [2] Division by zero /var/www/virtual/xbkt/home/wwwroot/Application/Runtime/Cache/Home/1b07914afbea34ff8790ac18f6c6e89c.php 第 163 行.
NOTIC: [2] Division by zero /var/www/virtual/xbkt/home/wwwroot/Application/Runtime/Cache/Home/1b07914afbea34ff8790ac18f6c6e89c.php 第 163 行.
NOTIC: [2] Division by zero /var/www/virtual/xbkt/home/wwwroot/Application/Runtime/Cache/Home/1b07914afbea34ff8790ac18f6c6e89c.php 第 163 行.
NOTIC: [2] Division by zero /var/www/virtual/xbkt/home/wwwroot/Application/Runtime/Cache/Home/1b07914afbea34ff8790ac18f6c6e89c.php 第 163 行.
NOTIC: [2] Division by zero /var/www/virtual/xbkt/home/wwwroot/Application/Runtime/Cache/Home/1b07914afbea34ff8790ac18f6c6e89c.php 第 163 行.
NOTIC: [2] Division by zero /var/www/virtual/xbkt/home/wwwroot/Application/Runtime/Cache/Home/1b07914afbea34ff8790ac18f6c6e89c.php 第 163 行.
INFO: Run Behavior\ParseTemplateBehavior [ RunTime:0.031994s ]
INFO: [ view_parse ] --END-- [ RunTime:0.032105s ]
INFO: [ view_filter ] --START--
INFO: Run Behavior\WriteHtmlCacheBehavior [ RunTime:0.000637s ]
INFO: [ view_filter ] --END-- [ RunTime:0.000725s ]
INFO: [ app_end ] --START--
INFO: Run Behavior\ShowPageTraceBehavior [ RunTime:0.002096s ]
INFO: [ app_end ] --END-- [ RunTime:0.002200s ]

[ 2016-11-23T22:33:15+08:00 ] 111.164.177.132 /favicon.ico
INFO: [ app_init ] --START--
INFO: Run Behavior\BuildLiteBehavior [ RunTime:0.000041s ]
INFO: [ app_init ] --END-- [ RunTime:0.001372s ]

[ 2016-11-23T23:00:54+08:00 ] 180.76.15.156 /article/index/cate/%E7%94%9F%E6%B4%BB%E5%8D%B3%E6%95%99%E8%82%B2.html
INFO: [ app_init ] --START--
INFO: Run Behavior\BuildLiteBehavior [ RunTime:0.000044s ]
INFO: [ app_init ] --END-- [ RunTime:0.001369s ]
INFO: [ app_begin ] --START--
INFO: Run Behavior\ReadHtmlCacheBehavior [ RunTime:0.001790s ]
INFO: [ app_begin ] --END-- [ RunTime:0.001913s ]
SQL: SHOW COLUMNS FROM `linkdeta` [ RunTime:0.0018s ]
SQL: SELECT * FROM `linkdeta` WHERE ( linkid=3 ) LIMIT 1   [ RunTime:0.0031s ]
SQL: SHOW COLUMNS FROM `article` [ RunTime:0.0016s ]
SQL: SELECT a.*,g.numbering FROM article a left join grocery g on g.id = a.groid  WHERE `cate` = '生活即教育' AND g.status = 1  [ RunTime:0.0041s ]
SQL: SHOW COLUMNS FROM `category` [ RunTime:0.0020s ]
SQL: SELECT * FROM `category` WHERE `pid` = 0 AND `type` = 0  [ RunTime:0.0012s ]
INFO: [ view_parse ] --START--
INFO: [ template_filter ] --START--
INFO: Run Behavior\ContentReplaceBehavior [ RunTime:0.000103s ]
INFO: [ template_filter ] --END-- [ RunTime:0.000227s ]
INFO: Run Behavior\ParseTemplateBehavior [ RunTime:0.030826s ]
INFO: [ view_parse ] --END-- [ RunTime:0.030937s ]
INFO: [ view_filter ] --START--
INFO: Run Behavior\WriteHtmlCacheBehavior [ RunTime:0.000579s ]
INFO: [ view_filter ] --END-- [ RunTime:0.000664s ]
INFO: [ app_end ] --START--
INFO: Run Behavior\ShowPageTraceBehavior [ RunTime:0.001964s ]
INFO: [ app_end ] --END-- [ RunTime:0.002058s ]

[ 2016-11-23T23:17:02+08:00 ] 179.184.66.64 /
INFO: [ app_init ] --START--
INFO: Run Behavior\BuildLiteBehavior [ RunTime:0.000079s ]
INFO: [ app_init ] --END-- [ RunTime:0.001707s ]
INFO: [ app_begin ] --START--
INFO: Run Behavior\ReadHtmlCacheBehavior [ RunTime:0.001670s ]
INFO: [ app_begin ] --END-- [ RunTime:0.001863s ]

[ 2016-11-23T23:17:06+08:00 ] 179.184.66.64 /choice/index.html
INFO: [ app_init ] --START--
INFO: Run Behavior\BuildLiteBehavior [ RunTime:0.000044s ]
INFO: [ app_init ] --END-- [ RunTime:0.001642s ]
INFO: [ app_begin ] --START--
INFO: Run Behavior\ReadHtmlCacheBehavior [ RunTime:0.002228s ]
INFO: [ app_begin ] --END-- [ RunTime:0.002359s ]
SQL: SHOW COLUMNS FROM `course` [ RunTime:0.0022s ]
SQL: SELECT course.*,g.numbering,b.braName,b.area,b.circle,(SELECT count(*) from course_praise cp WHERE cp.courseid=course.id) AS count FROM `course` INNER JOIN branch b on b.id=course.branchId INNER JOIN grocery g on g.id=b.groId LEFT JOIN course_praise cp on cp.courseid=course.id  WHERE ( extension = 1 and g.status = 1 ) GROUP BY course.id ORDER BY course.praisepoint/course.salepoint*praisenum DESC  [ RunTime:0.0067s ]
SQL: SHOW COLUMNS FROM `linkdeta` [ RunTime:0.0015s ]
SQL: SELECT * FROM `linkdeta` WHERE ( linkid = 1 ) ORDER BY sortnu  [ RunTime:0.0011s ]
SQL: SHOW COLUMNS FROM `category` [ RunTime:0.0016s ]
SQL: SELECT * FROM `category` WHERE `pid` = 0 AND `status` = 1 AND `type` = 1  [ RunTime:0.0160s ]
INFO: [ view_parse ] --START--
INFO: [ template_filter ] --START--
INFO: Run Behavior\ContentReplaceBehavior [ RunTime:0.000122s ]
INFO: [ template_filter ] --END-- [ RunTime:0.000230s ]
NOTIC: [2] Division by zero /var/www/virtual/xbkt/home/wwwroot/Application/Runtime/Cache/Home/1b07914afbea34ff8790ac18f6c6e89c.php 第 163 行.
NOTIC: [2] Division by zero /var/www/virtual/xbkt/home/wwwroot/Application/Runtime/Cache/Home/1b07914afbea34ff8790ac18f6c6e89c.php 第 163 行.
NOTIC: [2] Division by zero /var/www/virtual/xbkt/home/wwwroot/Application/Runtime/Cache/Home/1b07914afbea34ff8790ac18f6c6e89c.php 第 163 行.
NOTIC: [2] Division by zero /var/www/virtual/xbkt/home/wwwroot/Application/Runtime/Cache/Home/1b07914afbea34ff8790ac18f6c6e89c.php 第 163 行.
NOTIC: [2] Division by zero /var/www/virtual/xbkt/home/wwwroot/Application/Runtime/Cache/Home/1b07914afbea34ff8790ac18f6c6e89c.php 第 163 行.
NOTIC: [2] Division by zero /var/www/virtual/xbkt/home/wwwroot/Application/Runtime/Cache/Home/1b07914afbea34ff8790ac18f6c6e89c.php 第 163 行.
NOTIC: [2] Division by zero /var/www/virtual/xbkt/home/wwwroot/Application/Runtime/Cache/Home/1b07914afbea34ff8790ac18f6c6e89c.php 第 163 行.
NOTIC: [2] Division by zero /var/www/virtual/xbkt/home/wwwroot/Application/Runtime/Cache/Home/1b07914afbea34ff8790ac18f6c6e89c.php 第 163 行.
INFO: Run Behavior\ParseTemplateBehavior [ RunTime:0.038501s ]
INFO: [ view_parse ] --END-- [ RunTime:0.038626s ]
INFO: [ view_filter ] --START--
INFO: Run Behavior\WriteHtmlCacheBehavior [ RunTime:0.000722s ]
INFO: [ view_filter ] --END-- [ RunTime:0.000812s ]
INFO: [ app_end ] --START--
INFO: Run Behavior\ShowPageTraceBehavior [ RunTime:0.002118s ]
INFO: [ app_end ] --END-- [ RunTime:0.002215s ]

