[ 2016-12-02T00:33:26+08:00 ] 220.181.108.83 /course/index/cate/33.html
INFO: [ app_init ] --START--
INFO: Run Behavior\BuildLiteBehavior [ RunTime:0.000043s ]
INFO: [ app_init ] --END-- [ RunTime:0.001345s ]
INFO: [ app_begin ] --START--
INFO: Run Behavior\ReadHtmlCacheBehavior [ RunTime:0.001814s ]
INFO: [ app_begin ] --END-- [ RunTime:0.001920s ]
NOTIC: [8] Undefined index: area /var/www/virtual/xbkt/home/wwwroot/Application/Home/Controller/CourseController.class.php 第 24 行.
NOTIC: [8] Undefined index: price /var/www/virtual/xbkt/home/wwwroot/Application/Home/Controller/CourseController.class.php 第 28 行.
SQL: SHOW COLUMNS FROM `course` [ RunTime:0.0033s ]
SQL: SELECT course.*,g.numbering,b.braName,b.area,b.circle,(SELECT count(*) from course_praise cp WHERE cp.courseid=course.id) AS count FROM `course` INNER JOIN branch b on b.id=course.branchId INNER JOIN grocery g on g.id=b.groId LEFT JOIN course_praise cp on cp.courseid=course.id  WHERE `cate1` = '33' AND g.status = 1 GROUP BY course.id  [ RunTime:0.0047s ]
SQL: SHOW COLUMNS FROM `area` [ RunTime:0.0019s ]
SQL: SELECT `name` FROM `area`  [ RunTime:0.0011s ]
SQL: SHOW COLUMNS FROM `category` [ RunTime:0.0019s ]
SQL: SELECT * FROM `category` WHERE `pid` = 0 AND `status` = 1 AND `type` = 1  [ RunTime:0.0010s ]
INFO: [ view_parse ] --START--
INFO: [ template_filter ] --START--
INFO: Run Behavior\ContentReplaceBehavior [ RunTime:0.000330s ]
INFO: [ template_filter ] --END-- [ RunTime:0.000520s ]
INFO: Run Behavior\ParseTemplateBehavior [ RunTime:0.043648s ]
INFO: [ view_parse ] --END-- [ RunTime:0.043749s ]
INFO: [ view_filter ] --START--
INFO: Run Behavior\WriteHtmlCacheBehavior [ RunTime:0.000751s ]
INFO: [ view_filter ] --END-- [ RunTime:0.000861s ]
INFO: [ app_end ] --START--
INFO: Run Behavior\ShowPageTraceBehavior [ RunTime:0.002397s ]
INFO: [ app_end ] --END-- [ RunTime:0.002504s ]

[ 2016-12-02T01:58:55+08:00 ] 42.156.139.95 /course/coursedeta/id/35.html
INFO: [ app_init ] --START--
INFO: Run Behavior\BuildLiteBehavior [ RunTime:0.000024s ]
INFO: [ app_init ] --END-- [ RunTime:0.000617s ]
INFO: [ app_begin ] --START--
INFO: Run Behavior\ReadHtmlCacheBehavior [ RunTime:0.000857s ]
INFO: [ app_begin ] --END-- [ RunTime:0.000911s ]
SQL: SHOW COLUMNS FROM `course` [ RunTime:0.0019s ]
SQL: SELECT course.*,g.numbering,b.area,b.circle,b.braName FROM `course` INNER JOIN branch b on b.id=course.branchId INNER JOIN grocery g on g.id=b.groId  WHERE course.id = '35' LIMIT 1   [ RunTime:0.0015s ]
NOTIC: [2] Division by zero /var/www/virtual/xbkt/home/wwwroot/Application/Home/Controller/CourseController.class.php 第 86 行.
SQL: SHOW COLUMNS FROM `course_praise` [ RunTime:0.0015s ]
SQL: SELECT COUNT(*) AS tp_count FROM `course_praise` WHERE ( courseid=35 ) LIMIT 1   [ RunTime:0.0008s ]
SQL: SELECT course_praise.*,m.username,m.headProtrait FROM `course_praise` INNER JOIN member m on m.id=course_praise.userid  WHERE ( courseid=35 )  [ RunTime:0.0014s ]
INFO: [ view_parse ] --START--
INFO: [ template_filter ] --START--
INFO: Run Behavior\ContentReplaceBehavior [ RunTime:0.000103s ]
INFO: [ template_filter ] --END-- [ RunTime:0.000211s ]
NOTIC: [8] Undefined index: extension /var/www/virtual/xbkt/home/wwwroot/Application/Runtime/Cache/Home/11dd8fc8516aa2d78f6cbca9e59928db.php 第 21 行.
NOTIC: [8] Undefined index: image /var/www/virtual/xbkt/home/wwwroot/Application/Runtime/Cache/Home/11dd8fc8516aa2d78f6cbca9e59928db.php 第 22 行.
NOTIC: [8] Undefined index: name /var/www/virtual/xbkt/home/wwwroot/Application/Runtime/Cache/Home/11dd8fc8516aa2d78f6cbca9e59928db.php 第 25 行.
NOTIC: [8] Undefined variable: details_thum /var/www/virtual/xbkt/home/wwwroot/Application/Runtime/Cache/Home/11dd8fc8516aa2d78f6cbca9e59928db.php 第 26 行.
NOTIC: [8] Undefined index: numbering /var/www/virtual/xbkt/home/wwwroot/Application/Runtime/Cache/Home/11dd8fc8516aa2d78f6cbca9e59928db.php 第 33 行.
NOTIC: [8] Undefined index: area /var/www/virtual/xbkt/home/wwwroot/Application/Runtime/Cache/Home/11dd8fc8516aa2d78f6cbca9e59928db.php 第 37 行.
NOTIC: [8] Undefined index: braname /var/www/virtual/xbkt/home/wwwroot/Application/Runtime/Cache/Home/11dd8fc8516aa2d78f6cbca9e59928db.php 第 37 行.
NOTIC: [8] Undefined index: circle /var/www/virtual/xbkt/home/wwwroot/Application/Runtime/Cache/Home/11dd8fc8516aa2d78f6cbca9e59928db.php 第 37 行.
NOTIC: [8] Undefined index: detail /var/www/virtual/xbkt/home/wwwroot/Application/Runtime/Cache/Home/11dd8fc8516aa2d78f6cbca9e59928db.php 第 44 行.
NOTIC: [8] Undefined index: price /var/www/virtual/xbkt/home/wwwroot/Application/Runtime/Cache/Home/11dd8fc8516aa2d78f6cbca9e59928db.php 第 63 行.
NOTIC: [8] Undefined index: id /var/www/virtual/xbkt/home/wwwroot/Application/Runtime/Cache/Home/11dd8fc8516aa2d78f6cbca9e59928db.php 第 67 行.
NOTIC: [8] Undefined index: name /var/www/virtual/xbkt/home/wwwroot/Application/Runtime/Cache/Home/11dd8fc8516aa2d78f6cbca9e59928db.php 第 68 行.
NOTIC: [8] Undefined index: price /var/www/virtual/xbkt/home/wwwroot/Application/Runtime/Cache/Home/11dd8fc8516aa2d78f6cbca9e59928db.php 第 69 行.
NOTIC: [8] Undefined index: id /var/www/virtual/xbkt/home/wwwroot/Application/Runtime/Cache/Home/11dd8fc8516aa2d78f6cbca9e59928db.php 第 70 行.
INFO: Run Behavior\ParseTemplateBehavior [ RunTime:0.030044s ]
INFO: [ view_parse ] --END-- [ RunTime:0.030160s ]
INFO: [ view_filter ] --START--
INFO: Run Behavior\WriteHtmlCacheBehavior [ RunTime:0.000653s ]
INFO: [ view_filter ] --END-- [ RunTime:0.000742s ]
INFO: [ app_end ] --START--
INFO: Run Behavior\ShowPageTraceBehavior [ RunTime:0.002048s ]
INFO: [ app_end ] --END-- [ RunTime:0.002166s ]

[ 2016-12-02T02:57:14+08:00 ] 123.125.71.51 /robots.txt
INFO: [ app_init ] --START--
INFO: Run Behavior\BuildLiteBehavior [ RunTime:0.000046s ]
INFO: [ app_init ] --END-- [ RunTime:0.001883s ]
INFO: [ app_begin ] --START--
INFO: Run Behavior\ReadHtmlCacheBehavior [ RunTime:0.005510s ]
INFO: [ app_begin ] --END-- [ RunTime:0.005642s ]
INFO: [ app_end ] --START--
INFO: Run Behavior\ShowPageTraceBehavior [ RunTime:0.008960s ]
INFO: [ app_end ] --END-- [ RunTime:0.009093s ]

[ 2016-12-02T03:45:01+08:00 ] 218.30.118.102 /
INFO: [ app_init ] --START--
INFO: Run Behavior\BuildLiteBehavior [ RunTime:0.000027s ]
INFO: [ app_init ] --END-- [ RunTime:0.022554s ]
INFO: [ app_begin ] --START--
INFO: Run Behavior\ReadHtmlCacheBehavior [ RunTime:0.012763s ]
INFO: [ app_begin ] --END-- [ RunTime:0.012897s ]

[ 2016-12-02T03:45:02+08:00 ] 218.30.118.102 /choice/index.html
INFO: [ app_init ] --START--
INFO: Run Behavior\BuildLiteBehavior [ RunTime:0.000042s ]
INFO: [ app_init ] --END-- [ RunTime:0.001266s ]
INFO: [ app_begin ] --START--
INFO: Run Behavior\ReadHtmlCacheBehavior [ RunTime:0.001925s ]
INFO: [ app_begin ] --END-- [ RunTime:0.002030s ]
SQL: SHOW COLUMNS FROM `course` [ RunTime:0.0020s ]
SQL: SELECT course.*,g.numbering,b.braName,b.area,b.circle,(SELECT count(*) from course_praise cp WHERE cp.courseid=course.id) AS count FROM `course` INNER JOIN branch b on b.id=course.branchId INNER JOIN grocery g on g.id=b.groId LEFT JOIN course_praise cp on cp.courseid=course.id  WHERE ( extension = 1 and g.status = 1 ) GROUP BY course.id ORDER BY course.praisepoint/course.salepoint*praisenum DESC  [ RunTime:0.0070s ]
SQL: SHOW COLUMNS FROM `linkdeta` [ RunTime:0.0015s ]
SQL: SELECT * FROM `linkdeta` WHERE ( linkid = 1 ) ORDER BY sortnu  [ RunTime:0.0013s ]
SQL: SHOW COLUMNS FROM `category` [ RunTime:0.0029s ]
SQL: SELECT * FROM `category` WHERE `pid` = 0 AND `status` = 1 AND `type` = 1  [ RunTime:0.0009s ]
INFO: [ view_parse ] --START--
INFO: [ template_filter ] --START--
INFO: Run Behavior\ContentReplaceBehavior [ RunTime:0.000100s ]
INFO: [ template_filter ] --END-- [ RunTime:0.000190s ]
NOTIC: [2] Division by zero /var/www/virtual/xbkt/home/wwwroot/Application/Runtime/Cache/Home/1b07914afbea34ff8790ac18f6c6e89c.php 第 163 行.
NOTIC: [2] Division by zero /var/www/virtual/xbkt/home/wwwroot/Application/Runtime/Cache/Home/1b07914afbea34ff8790ac18f6c6e89c.php 第 163 行.
NOTIC: [2] Division by zero /var/www/virtual/xbkt/home/wwwroot/Application/Runtime/Cache/Home/1b07914afbea34ff8790ac18f6c6e89c.php 第 163 行.
NOTIC: [2] Division by zero /var/www/virtual/xbkt/home/wwwroot/Application/Runtime/Cache/Home/1b07914afbea34ff8790ac18f6c6e89c.php 第 163 行.
NOTIC: [2] Division by zero /var/www/virtual/xbkt/home/wwwroot/Application/Runtime/Cache/Home/1b07914afbea34ff8790ac18f6c6e89c.php 第 163 行.
NOTIC: [2] Division by zero /var/www/virtual/xbkt/home/wwwroot/Application/Runtime/Cache/Home/1b07914afbea34ff8790ac18f6c6e89c.php 第 163 行.
NOTIC: [2] Division by zero /var/www/virtual/xbkt/home/wwwroot/Application/Runtime/Cache/Home/1b07914afbea34ff8790ac18f6c6e89c.php 第 163 行.
NOTIC: [2] Division by zero /var/www/virtual/xbkt/home/wwwroot/Application/Runtime/Cache/Home/1b07914afbea34ff8790ac18f6c6e89c.php 第 163 行.
INFO: Run Behavior\ParseTemplateBehavior [ RunTime:0.094489s ]
INFO: [ view_parse ] --END-- [ RunTime:0.094578s ]
INFO: [ view_filter ] --START--
INFO: Run Behavior\WriteHtmlCacheBehavior [ RunTime:0.004947s ]
INFO: [ view_filter ] --END-- [ RunTime:0.005027s ]
INFO: [ app_end ] --START--
INFO: Run Behavior\ShowPageTraceBehavior [ RunTime:0.006442s ]
INFO: [ app_end ] --END-- [ RunTime:0.006565s ]

[ 2016-12-02T03:45:02+08:00 ] 218.30.118.102 /
INFO: [ app_init ] --START--
INFO: Run Behavior\BuildLiteBehavior [ RunTime:0.000040s ]
INFO: [ app_init ] --END-- [ RunTime:0.001094s ]
INFO: [ app_begin ] --START--
INFO: Run Behavior\ReadHtmlCacheBehavior [ RunTime:0.001542s ]
INFO: [ app_begin ] --END-- [ RunTime:0.001625s ]

[ 2016-12-02T03:45:02+08:00 ] 218.30.118.102 /choice/index.html
INFO: [ app_init ] --START--
INFO: Run Behavior\BuildLiteBehavior [ RunTime:0.000021s ]
INFO: [ app_init ] --END-- [ RunTime:0.000667s ]
INFO: [ app_begin ] --START--
INFO: Run Behavior\ReadHtmlCacheBehavior [ RunTime:0.000859s ]
INFO: [ app_begin ] --END-- [ RunTime:0.000911s ]
SQL: SHOW COLUMNS FROM `course` [ RunTime:0.0018s ]
SQL: SELECT course.*,g.numbering,b.braName,b.area,b.circle,(SELECT count(*) from course_praise cp WHERE cp.courseid=course.id) AS count FROM `course` INNER JOIN branch b on b.id=course.branchId INNER JOIN grocery g on g.id=b.groId LEFT JOIN course_praise cp on cp.courseid=course.id  WHERE ( extension = 1 and g.status = 1 ) GROUP BY course.id ORDER BY course.praisepoint/course.salepoint*praisenum DESC  [ RunTime:0.0054s ]
SQL: SHOW COLUMNS FROM `linkdeta` [ RunTime:0.0013s ]
SQL: SELECT * FROM `linkdeta` WHERE ( linkid = 1 ) ORDER BY sortnu  [ RunTime:0.0008s ]
SQL: SHOW COLUMNS FROM `category` [ RunTime:0.0013s ]
SQL: SELECT * FROM `category` WHERE `pid` = 0 AND `status` = 1 AND `type` = 1  [ RunTime:0.0009s ]
INFO: [ view_parse ] --START--
INFO: [ template_filter ] --START--
INFO: Run Behavior\ContentReplaceBehavior [ RunTime:0.000059s ]
INFO: [ template_filter ] --END-- [ RunTime:0.000111s ]
NOTIC: [2] Division by zero /var/www/virtual/xbkt/home/wwwroot/Application/Runtime/Cache/Home/1b07914afbea34ff8790ac18f6c6e89c.php 第 163 行.
NOTIC: [2] Division by zero /var/www/virtual/xbkt/home/wwwroot/Application/Runtime/Cache/Home/1b07914afbea34ff8790ac18f6c6e89c.php 第 163 行.
NOTIC: [2] Division by zero /var/www/virtual/xbkt/home/wwwroot/Application/Runtime/Cache/Home/1b07914afbea34ff8790ac18f6c6e89c.php 第 163 行.
NOTIC: [2] Division by zero /var/www/virtual/xbkt/home/wwwroot/Application/Runtime/Cache/Home/1b07914afbea34ff8790ac18f6c6e89c.php 第 163 行.
NOTIC: [2] Division by zero /var/www/virtual/xbkt/home/wwwroot/Application/Runtime/Cache/Home/1b07914afbea34ff8790ac18f6c6e89c.php 第 163 行.
NOTIC: [2] Division by zero /var/www/virtual/xbkt/home/wwwroot/Application/Runtime/Cache/Home/1b07914afbea34ff8790ac18f6c6e89c.php 第 163 行.
NOTIC: [2] Division by zero /var/www/virtual/xbkt/home/wwwroot/Application/Runtime/Cache/Home/1b07914afbea34ff8790ac18f6c6e89c.php 第 163 行.
NOTIC: [2] Division by zero /var/www/virtual/xbkt/home/wwwroot/Application/Runtime/Cache/Home/1b07914afbea34ff8790ac18f6c6e89c.php 第 163 行.
INFO: Run Behavior\ParseTemplateBehavior [ RunTime:0.016251s ]
INFO: [ view_parse ] --END-- [ RunTime:0.016298s ]
INFO: [ view_filter ] --START--
INFO: Run Behavior\WriteHtmlCacheBehavior [ RunTime:0.000250s ]
INFO: [ view_filter ] --END-- [ RunTime:0.000294s ]
INFO: [ app_end ] --START--
INFO: Run Behavior\ShowPageTraceBehavior [ RunTime:0.001033s ]
INFO: [ app_end ] --END-- [ RunTime:0.001081s ]

[ 2016-12-02T03:45:03+08:00 ] 218.30.118.102 /
INFO: [ app_init ] --START--
INFO: Run Behavior\BuildLiteBehavior [ RunTime:0.000021s ]
INFO: [ app_init ] --END-- [ RunTime:0.000598s ]
INFO: [ app_begin ] --START--
INFO: Run Behavior\ReadHtmlCacheBehavior [ RunTime:0.000792s ]
INFO: [ app_begin ] --END-- [ RunTime:0.000845s ]

[ 2016-12-02T03:45:03+08:00 ] 218.30.118.102 /choice/index.html
INFO: [ app_init ] --START--
INFO: Run Behavior\BuildLiteBehavior [ RunTime:0.000021s ]
INFO: [ app_init ] --END-- [ RunTime:0.000666s ]
INFO: [ app_begin ] --START--
INFO: Run Behavior\ReadHtmlCacheBehavior [ RunTime:0.000866s ]
INFO: [ app_begin ] --END-- [ RunTime:0.000919s ]
SQL: SHOW COLUMNS FROM `course` [ RunTime:0.0019s ]
SQL: SELECT course.*,g.numbering,b.braName,b.area,b.circle,(SELECT count(*) from course_praise cp WHERE cp.courseid=course.id) AS count FROM `course` INNER JOIN branch b on b.id=course.branchId INNER JOIN grocery g on g.id=b.groId LEFT JOIN course_praise cp on cp.courseid=course.id  WHERE ( extension = 1 and g.status = 1 ) GROUP BY course.id ORDER BY course.praisepoint/course.salepoint*praisenum DESC  [ RunTime:0.0053s ]
SQL: SHOW COLUMNS FROM `linkdeta` [ RunTime:0.0019s ]
SQL: SELECT * FROM `linkdeta` WHERE ( linkid = 1 ) ORDER BY sortnu  [ RunTime:0.0013s ]
SQL: SHOW COLUMNS FROM `category` [ RunTime:0.0030s ]
SQL: SELECT * FROM `category` WHERE `pid` = 0 AND `status` = 1 AND `type` = 1  [ RunTime:0.0016s ]
INFO: [ view_parse ] --START--
INFO: [ template_filter ] --START--
INFO: Run Behavior\ContentReplaceBehavior [ RunTime:0.000060s ]
INFO: [ template_filter ] --END-- [ RunTime:0.000109s ]
NOTIC: [2] Division by zero /var/www/virtual/xbkt/home/wwwroot/Application/Runtime/Cache/Home/1b07914afbea34ff8790ac18f6c6e89c.php 第 163 行.
NOTIC: [2] Division by zero /var/www/virtual/xbkt/home/wwwroot/Application/Runtime/Cache/Home/1b07914afbea34ff8790ac18f6c6e89c.php 第 163 行.
NOTIC: [2] Division by zero /var/www/virtual/xbkt/home/wwwroot/Application/Runtime/Cache/Home/1b07914afbea34ff8790ac18f6c6e89c.php 第 163 行.
NOTIC: [2] Division by zero /var/www/virtual/xbkt/home/wwwroot/Application/Runtime/Cache/Home/1b07914afbea34ff8790ac18f6c6e89c.php 第 163 行.
NOTIC: [2] Division by zero /var/www/virtual/xbkt/home/wwwroot/Application/Runtime/Cache/Home/1b07914afbea34ff8790ac18f6c6e89c.php 第 163 行.
NOTIC: [2] Division by zero /var/www/virtual/xbkt/home/wwwroot/Application/Runtime/Cache/Home/1b07914afbea34ff8790ac18f6c6e89c.php 第 163 行.
NOTIC: [2] Division by zero /var/www/virtual/xbkt/home/wwwroot/Application/Runtime/Cache/Home/1b07914afbea34ff8790ac18f6c6e89c.php 第 163 行.
NOTIC: [2] Division by zero /var/www/virtual/xbkt/home/wwwroot/Application/Runtime/Cache/Home/1b07914afbea34ff8790ac18f6c6e89c.php 第 163 行.
INFO: Run Behavior\ParseTemplateBehavior [ RunTime:0.015147s ]
INFO: [ view_parse ] --END-- [ RunTime:0.015290s ]
INFO: [ view_filter ] --START--
INFO: Run Behavior\WriteHtmlCacheBehavior [ RunTime:0.000254s ]
INFO: [ view_filter ] --END-- [ RunTime:0.000299s ]
INFO: [ app_end ] --START--
INFO: Run Behavior\ShowPageTraceBehavior [ RunTime:0.001060s ]
INFO: [ app_end ] --END-- [ RunTime:0.001110s ]

[ 2016-12-02T03:45:04+08:00 ] 218.30.118.102 /
INFO: [ app_init ] --START--
INFO: Run Behavior\BuildLiteBehavior [ RunTime:0.000041s ]
INFO: [ app_init ] --END-- [ RunTime:0.001306s ]
INFO: [ app_begin ] --START--
INFO: Run Behavior\ReadHtmlCacheBehavior [ RunTime:0.001810s ]
INFO: [ app_begin ] --END-- [ RunTime:0.001944s ]

[ 2016-12-02T03:45:05+08:00 ] 218.30.118.102 /choice/index.html
INFO: [ app_init ] --START--
INFO: Run Behavior\BuildLiteBehavior [ RunTime:0.000044s ]
INFO: [ app_init ] --END-- [ RunTime:0.001278s ]
INFO: [ app_begin ] --START--
INFO: Run Behavior\ReadHtmlCacheBehavior [ RunTime:0.001722s ]
INFO: [ app_begin ] --END-- [ RunTime:0.001832s ]
SQL: SHOW COLUMNS FROM `course` [ RunTime:0.0024s ]
SQL: SELECT course.*,g.numbering,b.braName,b.area,b.circle,(SELECT count(*) from course_praise cp WHERE cp.courseid=course.id) AS count FROM `course` INNER JOIN branch b on b.id=course.branchId INNER JOIN grocery g on g.id=b.groId LEFT JOIN course_praise cp on cp.courseid=course.id  WHERE ( extension = 1 and g.status = 1 ) GROUP BY course.id ORDER BY course.praisepoint/course.salepoint*praisenum DESC  [ RunTime:0.2270s ]
SQL: SHOW COLUMNS FROM `linkdeta` [ RunTime:0.0019s ]
SQL: SELECT * FROM `linkdeta` WHERE ( linkid = 1 ) ORDER BY sortnu  [ RunTime:0.0012s ]
SQL: SHOW COLUMNS FROM `category` [ RunTime:0.0015s ]
SQL: SELECT * FROM `category` WHERE `pid` = 0 AND `status` = 1 AND `type` = 1  [ RunTime:0.0012s ]
INFO: [ view_parse ] --START--
INFO: [ template_filter ] --START--
INFO: Run Behavior\ContentReplaceBehavior [ RunTime:0.000121s ]
INFO: [ template_filter ] --END-- [ RunTime:0.000230s ]
NOTIC: [2] Division by zero /var/www/virtual/xbkt/home/wwwroot/Application/Runtime/Cache/Home/1b07914afbea34ff8790ac18f6c6e89c.php 第 163 行.
NOTIC: [2] Division by zero /var/www/virtual/xbkt/home/wwwroot/Application/Runtime/Cache/Home/1b07914afbea34ff8790ac18f6c6e89c.php 第 163 行.
NOTIC: [2] Division by zero /var/www/virtual/xbkt/home/wwwroot/Application/Runtime/Cache/Home/1b07914afbea34ff8790ac18f6c6e89c.php 第 163 行.
NOTIC: [2] Division by zero /var/www/virtual/xbkt/home/wwwroot/Application/Runtime/Cache/Home/1b07914afbea34ff8790ac18f6c6e89c.php 第 163 行.
NOTIC: [2] Division by zero /var/www/virtual/xbkt/home/wwwroot/Application/Runtime/Cache/Home/1b07914afbea34ff8790ac18f6c6e89c.php 第 163 行.
NOTIC: [2] Division by zero /var/www/virtual/xbkt/home/wwwroot/Application/Runtime/Cache/Home/1b07914afbea34ff8790ac18f6c6e89c.php 第 163 行.
NOTIC: [2] Division by zero /var/www/virtual/xbkt/home/wwwroot/Application/Runtime/Cache/Home/1b07914afbea34ff8790ac18f6c6e89c.php 第 163 行.
NOTIC: [2] Division by zero /var/www/virtual/xbkt/home/wwwroot/Application/Runtime/Cache/Home/1b07914afbea34ff8790ac18f6c6e89c.php 第 163 行.
INFO: Run Behavior\ParseTemplateBehavior [ RunTime:0.039088s ]
INFO: [ view_parse ] --END-- [ RunTime:0.039256s ]
INFO: [ view_filter ] --START--
INFO: Run Behavior\WriteHtmlCacheBehavior [ RunTime:0.000847s ]
INFO: [ view_filter ] --END-- [ RunTime:0.000991s ]
INFO: [ app_end ] --START--
INFO: Run Behavior\ShowPageTraceBehavior [ RunTime:0.002813s ]
INFO: [ app_end ] --END-- [ RunTime:0.003098s ]

[ 2016-12-02T03:55:35+08:00 ] 114.80.208.253 /choice/index.html
INFO: [ app_init ] --START--
INFO: Run Behavior\BuildLiteBehavior [ RunTime:0.000047s ]
INFO: [ app_init ] --END-- [ RunTime:0.001405s ]
INFO: [ app_begin ] --START--
INFO: Run Behavior\ReadHtmlCacheBehavior [ RunTime:0.001981s ]
INFO: [ app_begin ] --END-- [ RunTime:0.002092s ]
SQL: SHOW COLUMNS FROM `course` [ RunTime:0.0019s ]
SQL: SELECT course.*,g.numbering,b.braName,b.area,b.circle,(SELECT count(*) from course_praise cp WHERE cp.courseid=course.id) AS count FROM `course` INNER JOIN branch b on b.id=course.branchId INNER JOIN grocery g on g.id=b.groId LEFT JOIN course_praise cp on cp.courseid=course.id  WHERE ( extension = 1 and g.status = 1 ) GROUP BY course.id ORDER BY course.praisepoint/course.salepoint*praisenum DESC  [ RunTime:0.0055s ]
SQL: SHOW COLUMNS FROM `linkdeta` [ RunTime:0.0015s ]
SQL: SELECT * FROM `linkdeta` WHERE ( linkid = 1 ) ORDER BY sortnu  [ RunTime:0.0009s ]
SQL: SHOW COLUMNS FROM `category` [ RunTime:0.0016s ]
SQL: SELECT * FROM `category` WHERE `pid` = 0 AND `status` = 1 AND `type` = 1  [ RunTime:0.0009s ]
INFO: [ view_parse ] --START--
INFO: [ template_filter ] --START--
INFO: Run Behavior\ContentReplaceBehavior [ RunTime:0.000148s ]
INFO: [ template_filter ] --END-- [ RunTime:0.000255s ]
NOTIC: [2] Division by zero /var/www/virtual/xbkt/home/wwwroot/Application/Runtime/Cache/Home/1b07914afbea34ff8790ac18f6c6e89c.php 第 163 行.
NOTIC: [2] Division by zero /var/www/virtual/xbkt/home/wwwroot/Application/Runtime/Cache/Home/1b07914afbea34ff8790ac18f6c6e89c.php 第 163 行.
NOTIC: [2] Division by zero /var/www/virtual/xbkt/home/wwwroot/Application/Runtime/Cache/Home/1b07914afbea34ff8790ac18f6c6e89c.php 第 163 行.
NOTIC: [2] Division by zero /var/www/virtual/xbkt/home/wwwroot/Application/Runtime/Cache/Home/1b07914afbea34ff8790ac18f6c6e89c.php 第 163 行.
NOTIC: [2] Division by zero /var/www/virtual/xbkt/home/wwwroot/Application/Runtime/Cache/Home/1b07914afbea34ff8790ac18f6c6e89c.php 第 163 行.
NOTIC: [2] Division by zero /var/www/virtual/xbkt/home/wwwroot/Application/Runtime/Cache/Home/1b07914afbea34ff8790ac18f6c6e89c.php 第 163 行.
NOTIC: [2] Division by zero /var/www/virtual/xbkt/home/wwwroot/Application/Runtime/Cache/Home/1b07914afbea34ff8790ac18f6c6e89c.php 第 163 行.
NOTIC: [2] Division by zero /var/www/virtual/xbkt/home/wwwroot/Application/Runtime/Cache/Home/1b07914afbea34ff8790ac18f6c6e89c.php 第 163 行.
INFO: Run Behavior\ParseTemplateBehavior [ RunTime:0.056475s ]
INFO: [ view_parse ] --END-- [ RunTime:0.056578s ]
INFO: [ view_filter ] --START--
INFO: Run Behavior\WriteHtmlCacheBehavior [ RunTime:0.003687s ]
INFO: [ view_filter ] --END-- [ RunTime:0.003812s ]
INFO: [ app_end ] --START--
INFO: Run Behavior\ShowPageTraceBehavior [ RunTime:0.002136s ]
INFO: [ app_end ] --END-- [ RunTime:0.002259s ]

[ 2016-12-02T04:37:41+08:00 ] 42.156.138.95 /course/coursedeta/id/39.html
INFO: [ app_init ] --START--
INFO: Run Behavior\BuildLiteBehavior [ RunTime:0.000173s ]
INFO: [ app_init ] --END-- [ RunTime:0.002394s ]
INFO: [ app_begin ] --START--
INFO: Run Behavior\ReadHtmlCacheBehavior [ RunTime:0.008083s ]
INFO: [ app_begin ] --END-- [ RunTime:0.008266s ]
SQL: SHOW COLUMNS FROM `course` [ RunTime:0.0021s ]
SQL: SELECT course.*,g.numbering,b.area,b.circle,b.braName FROM `course` INNER JOIN branch b on b.id=course.branchId INNER JOIN grocery g on g.id=b.groId  WHERE course.id = '39' LIMIT 1   [ RunTime:0.0023s ]
NOTIC: [2] Division by zero /var/www/virtual/xbkt/home/wwwroot/Application/Home/Controller/CourseController.class.php 第 86 行.
SQL: SHOW COLUMNS FROM `course_praise` [ RunTime:0.0016s ]
SQL: SELECT COUNT(*) AS tp_count FROM `course_praise` WHERE ( courseid=39 ) LIMIT 1   [ RunTime:0.0010s ]
SQL: SELECT course_praise.*,m.username,m.headProtrait FROM `course_praise` INNER JOIN member m on m.id=course_praise.userid  WHERE ( courseid=39 )  [ RunTime:0.0012s ]
INFO: [ view_parse ] --START--
INFO: [ template_filter ] --START--
INFO: Run Behavior\ContentReplaceBehavior [ RunTime:0.000100s ]
INFO: [ template_filter ] --END-- [ RunTime:0.000267s ]
NOTIC: [8] Undefined variable: details_thum /var/www/virtual/xbkt/home/wwwroot/Application/Runtime/Cache/Home/11dd8fc8516aa2d78f6cbca9e59928db.php 第 26 行.
INFO: Run Behavior\ParseTemplateBehavior [ RunTime:0.103503s ]
INFO: [ view_parse ] --END-- [ RunTime:0.103650s ]
INFO: [ view_filter ] --START--
INFO: Run Behavior\WriteHtmlCacheBehavior [ RunTime:0.006227s ]
INFO: [ view_filter ] --END-- [ RunTime:0.006345s ]
INFO: [ app_end ] --START--
INFO: Run Behavior\ShowPageTraceBehavior [ RunTime:0.027340s ]
INFO: [ app_end ] --END-- [ RunTime:0.027512s ]

[ 2016-12-02T05:23:27+08:00 ] 66.249.79.106 /robots.txt
INFO: [ app_init ] --START--
INFO: Run Behavior\BuildLiteBehavior [ RunTime:0.000048s ]
INFO: [ app_init ] --END-- [ RunTime:0.001868s ]
INFO: [ app_begin ] --START--
INFO: Run Behavior\ReadHtmlCacheBehavior [ RunTime:0.008254s ]
INFO: [ app_begin ] --END-- [ RunTime:0.008529s ]
INFO: [ app_end ] --START--
INFO: Run Behavior\ShowPageTraceBehavior [ RunTime:0.012093s ]
INFO: [ app_end ] --END-- [ RunTime:0.012354s ]

[ 2016-12-02T05:24:02+08:00 ] 66.249.79.98 /course/index/cate/64.html
INFO: [ app_init ] --START--
INFO: Run Behavior\BuildLiteBehavior [ RunTime:0.000044s ]
INFO: [ app_init ] --END-- [ RunTime:0.001305s ]
INFO: [ app_begin ] --START--
INFO: Run Behavior\ReadHtmlCacheBehavior [ RunTime:0.002030s ]
INFO: [ app_begin ] --END-- [ RunTime:0.002153s ]
NOTIC: [8] Undefined index: area /var/www/virtual/xbkt/home/wwwroot/Application/Home/Controller/CourseController.class.php 第 24 行.
NOTIC: [8] Undefined index: price /var/www/virtual/xbkt/home/wwwroot/Application/Home/Controller/CourseController.class.php 第 28 行.
SQL: SHOW COLUMNS FROM `course` [ RunTime:0.0023s ]
SQL: SELECT course.*,g.numbering,b.braName,b.area,b.circle,(SELECT count(*) from course_praise cp WHERE cp.courseid=course.id) AS count FROM `course` INNER JOIN branch b on b.id=course.branchId INNER JOIN grocery g on g.id=b.groId LEFT JOIN course_praise cp on cp.courseid=course.id  WHERE `cate1` = '64' AND g.status = 1 GROUP BY course.id  [ RunTime:0.0041s ]
SQL: SHOW COLUMNS FROM `area` [ RunTime:0.0028s ]
SQL: SELECT `name` FROM `area`  [ RunTime:0.0012s ]
SQL: SHOW COLUMNS FROM `category` [ RunTime:0.0015s ]
SQL: SELECT * FROM `category` WHERE `pid` = 0 AND `status` = 1 AND `type` = 1  [ RunTime:0.0013s ]
INFO: [ view_parse ] --START--
INFO: [ template_filter ] --START--
INFO: Run Behavior\ContentReplaceBehavior [ RunTime:0.000251s ]
INFO: [ template_filter ] --END-- [ RunTime:0.000376s ]
NOTIC: [2] Division by zero /var/www/virtual/xbkt/home/wwwroot/Application/Runtime/Cache/Home/5fd5f4d6eb6ceaf4d8869415689e1250.php 第 68 行.
INFO: Run Behavior\ParseTemplateBehavior [ RunTime:0.174007s ]
INFO: [ view_parse ] --END-- [ RunTime:0.174131s ]
INFO: [ view_filter ] --START--
INFO: Run Behavior\WriteHtmlCacheBehavior [ RunTime:0.007057s ]
INFO: [ view_filter ] --END-- [ RunTime:0.007165s ]
INFO: [ app_end ] --START--
INFO: Run Behavior\ShowPageTraceBehavior [ RunTime:0.002493s ]
INFO: [ app_end ] --END-- [ RunTime:0.002769s ]

[ 2016-12-02T05:49:57+08:00 ] 66.249.79.106 /course/coursedeta/id/39.html
INFO: [ app_init ] --START--
INFO: Run Behavior\BuildLiteBehavior [ RunTime:0.000029s ]
INFO: [ app_init ] --END-- [ RunTime:0.001654s ]
INFO: [ app_begin ] --START--
INFO: Run Behavior\ReadHtmlCacheBehavior [ RunTime:0.006672s ]
INFO: [ app_begin ] --END-- [ RunTime:0.006753s ]
SQL: SHOW COLUMNS FROM `course` [ RunTime:0.0022s ]
SQL: SELECT course.*,g.numbering,b.area,b.circle,b.braName FROM `course` INNER JOIN branch b on b.id=course.branchId INNER JOIN grocery g on g.id=b.groId  WHERE course.id = '39' LIMIT 1   [ RunTime:0.0020s ]
NOTIC: [2] Division by zero /var/www/virtual/xbkt/home/wwwroot/Application/Home/Controller/CourseController.class.php 第 86 行.
SQL: SHOW COLUMNS FROM `course_praise` [ RunTime:0.0015s ]
SQL: SELECT COUNT(*) AS tp_count FROM `course_praise` WHERE ( courseid=39 ) LIMIT 1   [ RunTime:0.0007s ]
SQL: SELECT course_praise.*,m.username,m.headProtrait FROM `course_praise` INNER JOIN member m on m.id=course_praise.userid  WHERE ( courseid=39 )  [ RunTime:0.0010s ]
INFO: [ view_parse ] --START--
INFO: [ template_filter ] --START--
INFO: Run Behavior\ContentReplaceBehavior [ RunTime:0.000065s ]
INFO: [ template_filter ] --END-- [ RunTime:0.000135s ]
NOTIC: [8] Undefined variable: details_thum /var/www/virtual/xbkt/home/wwwroot/Application/Runtime/Cache/Home/11dd8fc8516aa2d78f6cbca9e59928db.php 第 26 行.
INFO: Run Behavior\ParseTemplateBehavior [ RunTime:0.137117s ]
INFO: [ view_parse ] --END-- [ RunTime:0.137213s ]
INFO: [ view_filter ] --START--
INFO: Run Behavior\WriteHtmlCacheBehavior [ RunTime:0.005671s ]
INFO: [ view_filter ] --END-- [ RunTime:0.005769s ]
INFO: [ app_end ] --START--
INFO: Run Behavior\ShowPageTraceBehavior [ RunTime:0.010974s ]
INFO: [ app_end ] --END-- [ RunTime:0.011325s ]

[ 2016-12-02T07:14:09+08:00 ] 66.249.79.98 /robots.txt
INFO: [ app_init ] --START--
INFO: Run Behavior\BuildLiteBehavior [ RunTime:0.000045s ]
INFO: [ app_init ] --END-- [ RunTime:0.001859s ]
INFO: [ app_begin ] --START--
INFO: Run Behavior\ReadHtmlCacheBehavior [ RunTime:0.002253s ]
INFO: [ app_begin ] --END-- [ RunTime:0.002366s ]
INFO: [ app_end ] --START--
INFO: Run Behavior\ShowPageTraceBehavior [ RunTime:0.004937s ]
INFO: [ app_end ] --END-- [ RunTime:0.006042s ]

[ 2016-12-02T07:15:27+08:00 ] 66.249.79.106 /course/index/cate/64.html
INFO: [ app_init ] --START--
INFO: Run Behavior\BuildLiteBehavior [ RunTime:0.000042s ]
INFO: [ app_init ] --END-- [ RunTime:0.001328s ]
INFO: [ app_begin ] --START--
INFO: Run Behavior\ReadHtmlCacheBehavior [ RunTime:0.001701s ]
INFO: [ app_begin ] --END-- [ RunTime:0.001806s ]
NOTIC: [8] Undefined index: area /var/www/virtual/xbkt/home/wwwroot/Application/Home/Controller/CourseController.class.php 第 24 行.
NOTIC: [8] Undefined index: price /var/www/virtual/xbkt/home/wwwroot/Application/Home/Controller/CourseController.class.php 第 28 行.
SQL: SHOW COLUMNS FROM `course` [ RunTime:0.0022s ]
SQL: SELECT course.*,g.numbering,b.braName,b.area,b.circle,(SELECT count(*) from course_praise cp WHERE cp.courseid=course.id) AS count FROM `course` INNER JOIN branch b on b.id=course.branchId INNER JOIN grocery g on g.id=b.groId LEFT JOIN course_praise cp on cp.courseid=course.id  WHERE `cate1` = '64' AND g.status = 1 GROUP BY course.id  [ RunTime:0.0018s ]
SQL: SHOW COLUMNS FROM `area` [ RunTime:0.0021s ]
SQL: SELECT `name` FROM `area`  [ RunTime:0.0011s ]
SQL: SHOW COLUMNS FROM `category` [ RunTime:0.0023s ]
SQL: SELECT * FROM `category` WHERE `pid` = 0 AND `status` = 1 AND `type` = 1  [ RunTime:0.0011s ]
INFO: [ view_parse ] --START--
INFO: [ template_filter ] --START--
INFO: Run Behavior\ContentReplaceBehavior [ RunTime:0.000215s ]
INFO: [ template_filter ] --END-- [ RunTime:0.000453s ]
NOTIC: [2] Division by zero /var/www/virtual/xbkt/home/wwwroot/Application/Runtime/Cache/Home/5fd5f4d6eb6ceaf4d8869415689e1250.php 第 68 行.
INFO: Run Behavior\ParseTemplateBehavior [ RunTime:0.080842s ]
INFO: [ view_parse ] --END-- [ RunTime:0.080971s ]
INFO: [ view_filter ] --START--
INFO: Run Behavior\WriteHtmlCacheBehavior [ RunTime:0.001410s ]
INFO: [ view_filter ] --END-- [ RunTime:0.001502s ]
INFO: [ app_end ] --START--
INFO: Run Behavior\ShowPageTraceBehavior [ RunTime:0.002236s ]
INFO: [ app_end ] --END-- [ RunTime:0.002333s ]

[ 2016-12-02T07:55:57+08:00 ] 58.247.79.4 /
INFO: [ app_init ] --START--
INFO: Run Behavior\BuildLiteBehavior [ RunTime:0.000041s ]
INFO: [ app_init ] --END-- [ RunTime:0.001296s ]
INFO: [ app_begin ] --START--
INFO: Run Behavior\ReadHtmlCacheBehavior [ RunTime:0.001737s ]
INFO: [ app_begin ] --END-- [ RunTime:0.001842s ]

[ 2016-12-02T07:55:58+08:00 ] 58.247.79.4 /choice/index.html
INFO: [ app_init ] --START--
INFO: Run Behavior\BuildLiteBehavior [ RunTime:0.000044s ]
INFO: [ app_init ] --END-- [ RunTime:0.001426s ]
INFO: [ app_begin ] --START--
INFO: Run Behavior\ReadHtmlCacheBehavior [ RunTime:0.001730s ]
INFO: [ app_begin ] --END-- [ RunTime:0.001835s ]
SQL: SHOW COLUMNS FROM `course` [ RunTime:0.0020s ]
SQL: SELECT course.*,g.numbering,b.braName,b.area,b.circle,(SELECT count(*) from course_praise cp WHERE cp.courseid=course.id) AS count FROM `course` INNER JOIN branch b on b.id=course.branchId INNER JOIN grocery g on g.id=b.groId LEFT JOIN course_praise cp on cp.courseid=course.id  WHERE ( extension = 1 and g.status = 1 ) GROUP BY course.id ORDER BY course.praisepoint/course.salepoint*praisenum DESC  [ RunTime:0.0094s ]
SQL: SHOW COLUMNS FROM `linkdeta` [ RunTime:0.0041s ]
SQL: SELECT * FROM `linkdeta` WHERE ( linkid = 1 ) ORDER BY sortnu  [ RunTime:0.0020s ]
SQL: SHOW COLUMNS FROM `category` [ RunTime:0.0182s ]
SQL: SELECT * FROM `category` WHERE `pid` = 0 AND `status` = 1 AND `type` = 1  [ RunTime:0.0011s ]
INFO: [ view_parse ] --START--
INFO: [ template_filter ] --START--
INFO: Run Behavior\ContentReplaceBehavior [ RunTime:0.000246s ]
INFO: [ template_filter ] --END-- [ RunTime:0.000363s ]
NOTIC: [2] Division by zero /var/www/virtual/xbkt/home/wwwroot/Application/Runtime/Cache/Home/1b07914afbea34ff8790ac18f6c6e89c.php 第 163 行.
NOTIC: [2] Division by zero /var/www/virtual/xbkt/home/wwwroot/Application/Runtime/Cache/Home/1b07914afbea34ff8790ac18f6c6e89c.php 第 163 行.
NOTIC: [2] Division by zero /var/www/virtual/xbkt/home/wwwroot/Application/Runtime/Cache/Home/1b07914afbea34ff8790ac18f6c6e89c.php 第 163 行.
NOTIC: [2] Division by zero /var/www/virtual/xbkt/home/wwwroot/Application/Runtime/Cache/Home/1b07914afbea34ff8790ac18f6c6e89c.php 第 163 行.
NOTIC: [2] Division by zero /var/www/virtual/xbkt/home/wwwroot/Application/Runtime/Cache/Home/1b07914afbea34ff8790ac18f6c6e89c.php 第 163 行.
NOTIC: [2] Division by zero /var/www/virtual/xbkt/home/wwwroot/Application/Runtime/Cache/Home/1b07914afbea34ff8790ac18f6c6e89c.php 第 163 行.
NOTIC: [2] Division by zero /var/www/virtual/xbkt/home/wwwroot/Application/Runtime/Cache/Home/1b07914afbea34ff8790ac18f6c6e89c.php 第 163 行.
NOTIC: [2] Division by zero /var/www/virtual/xbkt/home/wwwroot/Application/Runtime/Cache/Home/1b07914afbea34ff8790ac18f6c6e89c.php 第 163 行.
INFO: Run Behavior\ParseTemplateBehavior [ RunTime:0.055238s ]
INFO: [ view_parse ] --END-- [ RunTime:0.055366s ]
INFO: [ view_filter ] --START--
INFO: Run Behavior\WriteHtmlCacheBehavior [ RunTime:0.000826s ]
INFO: [ view_filter ] --END-- [ RunTime:0.000914s ]
INFO: [ app_end ] --START--
INFO: Run Behavior\ShowPageTraceBehavior [ RunTime:0.002667s ]
INFO: [ app_end ] --END-- [ RunTime:0.002768s ]

[ 2016-12-02T07:56:52+08:00 ] 58.247.79.4 /
INFO: [ app_init ] --START--
INFO: Run Behavior\BuildLiteBehavior [ RunTime:0.000042s ]
INFO: [ app_init ] --END-- [ RunTime:0.001332s ]
INFO: [ app_begin ] --START--
INFO: Run Behavior\ReadHtmlCacheBehavior [ RunTime:0.001702s ]
INFO: [ app_begin ] --END-- [ RunTime:0.001835s ]

[ 2016-12-02T07:56:52+08:00 ] 58.247.79.4 /choice/index.html
INFO: [ app_init ] --START--
INFO: Run Behavior\BuildLiteBehavior [ RunTime:0.000043s ]
INFO: [ app_init ] --END-- [ RunTime:0.001257s ]
INFO: [ app_begin ] --START--
INFO: Run Behavior\ReadHtmlCacheBehavior [ RunTime:0.001737s ]
INFO: [ app_begin ] --END-- [ RunTime:0.001859s ]
SQL: SHOW COLUMNS FROM `course` [ RunTime:0.0020s ]
SQL: SELECT course.*,g.numbering,b.braName,b.area,b.circle,(SELECT count(*) from course_praise cp WHERE cp.courseid=course.id) AS count FROM `course` INNER JOIN branch b on b.id=course.branchId INNER JOIN grocery g on g.id=b.groId LEFT JOIN course_praise cp on cp.courseid=course.id  WHERE ( extension = 1 and g.status = 1 ) GROUP BY course.id ORDER BY course.praisepoint/course.salepoint*praisenum DESC  [ RunTime:0.0211s ]
SQL: SHOW COLUMNS FROM `linkdeta` [ RunTime:0.0221s ]
SQL: SELECT * FROM `linkdeta` WHERE ( linkid = 1 ) ORDER BY sortnu  [ RunTime:0.0031s ]
SQL: SHOW COLUMNS FROM `category` [ RunTime:0.0017s ]
SQL: SELECT * FROM `category` WHERE `pid` = 0 AND `status` = 1 AND `type` = 1  [ RunTime:0.0011s ]
INFO: [ view_parse ] --START--
INFO: [ template_filter ] --START--
INFO: Run Behavior\ContentReplaceBehavior [ RunTime:0.000123s ]
INFO: [ template_filter ] --END-- [ RunTime:0.000310s ]
NOTIC: [2] Division by zero /var/www/virtual/xbkt/home/wwwroot/Application/Runtime/Cache/Home/1b07914afbea34ff8790ac18f6c6e89c.php 第 163 行.
NOTIC: [2] Division by zero /var/www/virtual/xbkt/home/wwwroot/Application/Runtime/Cache/Home/1b07914afbea34ff8790ac18f6c6e89c.php 第 163 行.
NOTIC: [2] Division by zero /var/www/virtual/xbkt/home/wwwroot/Application/Runtime/Cache/Home/1b07914afbea34ff8790ac18f6c6e89c.php 第 163 行.
NOTIC: [2] Division by zero /var/www/virtual/xbkt/home/wwwroot/Application/Runtime/Cache/Home/1b07914afbea34ff8790ac18f6c6e89c.php 第 163 行.
NOTIC: [2] Division by zero /var/www/virtual/xbkt/home/wwwroot/Application/Runtime/Cache/Home/1b07914afbea34ff8790ac18f6c6e89c.php 第 163 行.
NOTIC: [2] Division by zero /var/www/virtual/xbkt/home/wwwroot/Application/Runtime/Cache/Home/1b07914afbea34ff8790ac18f6c6e89c.php 第 163 行.
NOTIC: [2] Division by zero /var/www/virtual/xbkt/home/wwwroot/Application/Runtime/Cache/Home/1b07914afbea34ff8790ac18f6c6e89c.php 第 163 行.
NOTIC: [2] Division by zero /var/www/virtual/xbkt/home/wwwroot/Application/Runtime/Cache/Home/1b07914afbea34ff8790ac18f6c6e89c.php 第 163 行.
INFO: Run Behavior\ParseTemplateBehavior [ RunTime:0.029852s ]
INFO: [ view_parse ] --END-- [ RunTime:0.029964s ]
INFO: [ view_filter ] --START--
INFO: Run Behavior\WriteHtmlCacheBehavior [ RunTime:0.000601s ]
INFO: [ view_filter ] --END-- [ RunTime:0.000690s ]
INFO: [ app_end ] --START--
INFO: Run Behavior\ShowPageTraceBehavior [ RunTime:0.002018s ]
INFO: [ app_end ] --END-- [ RunTime:0.002119s ]

[ 2016-12-02T08:00:53+08:00 ] 42.156.138.95 /article/details/id/12.html
INFO: [ app_init ] --START--
INFO: Run Behavior\BuildLiteBehavior [ RunTime:0.000044s ]
INFO: [ app_init ] --END-- [ RunTime:0.001227s ]
INFO: [ app_begin ] --START--
INFO: Run Behavior\ReadHtmlCacheBehavior [ RunTime:0.001625s ]
INFO: [ app_begin ] --END-- [ RunTime:0.001733s ]
SQL: SHOW COLUMNS FROM `article` [ RunTime:0.0023s ]
SQL: UPDATE `article` SET `readnum`=readnum+1 WHERE article.id = '12' [ RunTime:0.0012s ]
SQL: SELECT article.*,g.numbering,count(s.id) as share_count FROM `article` left join grocery g on g.id=article.groid left join article_share s on s.article_id = article.id  WHERE article.id = '12' LIMIT 1   [ RunTime:0.0017s ]
SQL: SHOW COLUMNS FROM `article_collect` [ RunTime:0.0019s ]
SQL: SELECT COUNT(*) AS tp_count FROM `article_collect` WHERE ( artid=12 ) LIMIT 1   [ RunTime:0.0008s ]
NOTIC: [2048] Declaration of Home\Controller\WeChatController::success() should be compatible with Think\Controller::success($message = '', $jumpUrl = '', $ajax = false) /var/www/virtual/xbkt/home/wwwroot/Application/Home/Controller/WeChatController.class.php 第 0 行.
INFO: [ view_parse ] --START--
INFO: [ template_filter ] --START--
INFO: Run Behavior\ContentReplaceBehavior [ RunTime:0.000122s ]
INFO: [ template_filter ] --END-- [ RunTime:0.000238s ]
NOTIC: [2] Division by zero /var/www/virtual/xbkt/home/wwwroot/Application/Runtime/Cache/Home/f60b866f38264976d0ec31337e66e9ec.php 第 34 行.
INFO: Run Behavior\ParseTemplateBehavior [ RunTime:0.031654s ]
INFO: [ view_parse ] --END-- [ RunTime:0.031771s ]
INFO: [ view_filter ] --START--
INFO: Run Behavior\WriteHtmlCacheBehavior [ RunTime:0.000669s ]
INFO: [ view_filter ] --END-- [ RunTime:0.000756s ]
INFO: [ app_end ] --START--
INFO: Run Behavior\ShowPageTraceBehavior [ RunTime:0.002221s ]
INFO: [ app_end ] --END-- [ RunTime:0.002443s ]

[ 2016-12-02T09:13:48+08:00 ] 66.249.79.106 /robots.txt
INFO: [ app_init ] --START--
INFO: Run Behavior\BuildLiteBehavior [ RunTime:0.000041s ]
INFO: [ app_init ] --END-- [ RunTime:0.001664s ]
INFO: [ app_begin ] --START--
INFO: Run Behavior\ReadHtmlCacheBehavior [ RunTime:0.001858s ]
INFO: [ app_begin ] --END-- [ RunTime:0.001978s ]
INFO: [ app_end ] --START--
INFO: Run Behavior\ShowPageTraceBehavior [ RunTime:0.002104s ]
INFO: [ app_end ] --END-- [ RunTime:0.002227s ]

[ 2016-12-02T09:14:28+08:00 ] 66.249.79.98 /course/index/cate/64.html
INFO: [ app_init ] --START--
INFO: Run Behavior\BuildLiteBehavior [ RunTime:0.000062s ]
INFO: [ app_init ] --END-- [ RunTime:0.001823s ]
INFO: [ app_begin ] --START--
INFO: Run Behavior\ReadHtmlCacheBehavior [ RunTime:0.002678s ]
INFO: [ app_begin ] --END-- [ RunTime:0.002841s ]
NOTIC: [8] Undefined index: area /var/www/virtual/xbkt/home/wwwroot/Application/Home/Controller/CourseController.class.php 第 24 行.
NOTIC: [8] Undefined index: price /var/www/virtual/xbkt/home/wwwroot/Application/Home/Controller/CourseController.class.php 第 28 行.
SQL: SHOW COLUMNS FROM `course` [ RunTime:0.0024s ]
SQL: SELECT course.*,g.numbering,b.braName,b.area,b.circle,(SELECT count(*) from course_praise cp WHERE cp.courseid=course.id) AS count FROM `course` INNER JOIN branch b on b.id=course.branchId INNER JOIN grocery g on g.id=b.groId LEFT JOIN course_praise cp on cp.courseid=course.id  WHERE `cate1` = '64' AND g.status = 1 GROUP BY course.id  [ RunTime:0.0015s ]
SQL: SHOW COLUMNS FROM `area` [ RunTime:0.0027s ]
SQL: SELECT `name` FROM `area`  [ RunTime:0.0021s ]
SQL: SHOW COLUMNS FROM `category` [ RunTime:0.0029s ]
SQL: SELECT * FROM `category` WHERE `pid` = 0 AND `status` = 1 AND `type` = 1  [ RunTime:0.0014s ]
INFO: [ view_parse ] --START--
INFO: [ template_filter ] --START--
INFO: Run Behavior\ContentReplaceBehavior [ RunTime:0.000324s ]
INFO: [ template_filter ] --END-- [ RunTime:0.000446s ]
NOTIC: [2] Division by zero /var/www/virtual/xbkt/home/wwwroot/Application/Runtime/Cache/Home/5fd5f4d6eb6ceaf4d8869415689e1250.php 第 68 行.
INFO: Run Behavior\ParseTemplateBehavior [ RunTime:0.047018s ]
INFO: [ view_parse ] --END-- [ RunTime:0.047138s ]
INFO: [ view_filter ] --START--
INFO: Run Behavior\WriteHtmlCacheBehavior [ RunTime:0.000854s ]
INFO: [ view_filter ] --END-- [ RunTime:0.000942s ]
INFO: [ app_end ] --START--
INFO: Run Behavior\ShowPageTraceBehavior [ RunTime:0.002368s ]
INFO: [ app_end ] --END-- [ RunTime:0.002495s ]

[ 2016-12-02T10:19:59+08:00 ] 180.76.15.28 /robots.txt
INFO: [ app_init ] --START--
INFO: Run Behavior\BuildLiteBehavior [ RunTime:0.000043s ]
INFO: [ app_init ] --END-- [ RunTime:0.001391s ]
INFO: [ app_begin ] --START--
INFO: Run Behavior\ReadHtmlCacheBehavior [ RunTime:0.001805s ]
INFO: [ app_begin ] --END-- [ RunTime:0.001912s ]
INFO: [ app_end ] --START--
INFO: Run Behavior\ShowPageTraceBehavior [ RunTime:0.002344s ]
INFO: [ app_end ] --END-- [ RunTime:0.002532s ]

[ 2016-12-02T10:26:52+08:00 ] 42.120.161.95 /article/details/id/16.html
INFO: [ app_init ] --START--
INFO: Run Behavior\BuildLiteBehavior [ RunTime:0.000044s ]
INFO: [ app_init ] --END-- [ RunTime:0.001290s ]
INFO: [ app_begin ] --START--
INFO: Run Behavior\ReadHtmlCacheBehavior [ RunTime:0.001886s ]
INFO: [ app_begin ] --END-- [ RunTime:0.002039s ]
SQL: SHOW COLUMNS FROM `article` [ RunTime:0.0030s ]
SQL: UPDATE `article` SET `readnum`=readnum+1 WHERE article.id = '16' [ RunTime:0.0016s ]
SQL: SELECT article.*,g.numbering,count(s.id) as share_count FROM `article` left join grocery g on g.id=article.groid left join article_share s on s.article_id = article.id  WHERE article.id = '16' LIMIT 1   [ RunTime:0.0022s ]
SQL: SHOW COLUMNS FROM `article_collect` [ RunTime:0.0029s ]
SQL: SELECT COUNT(*) AS tp_count FROM `article_collect` WHERE ( artid=16 ) LIMIT 1   [ RunTime:0.0015s ]
NOTIC: [2048] Declaration of Home\Controller\WeChatController::success() should be compatible with Think\Controller::success($message = '', $jumpUrl = '', $ajax = false) /var/www/virtual/xbkt/home/wwwroot/Application/Home/Controller/WeChatController.class.php 第 0 行.
INFO: [ view_parse ] --START--
INFO: [ template_filter ] --START--
INFO: Run Behavior\ContentReplaceBehavior [ RunTime:0.000152s ]
INFO: [ template_filter ] --END-- [ RunTime:0.000277s ]
NOTIC: [2] Division by zero /var/www/virtual/xbkt/home/wwwroot/Application/Runtime/Cache/Home/f60b866f38264976d0ec31337e66e9ec.php 第 34 行.
INFO: Run Behavior\ParseTemplateBehavior [ RunTime:0.028535s ]
INFO: [ view_parse ] --END-- [ RunTime:0.028647s ]
INFO: [ view_filter ] --START--
INFO: Run Behavior\WriteHtmlCacheBehavior [ RunTime:0.000726s ]
INFO: [ view_filter ] --END-- [ RunTime:0.000817s ]
INFO: [ app_end ] --START--
INFO: Run Behavior\ShowPageTraceBehavior [ RunTime:0.002393s ]
INFO: [ app_end ] --END-- [ RunTime:0.002513s ]

[ 2016-12-02T10:37:53+08:00 ] 42.156.138.95 /course/coursedeta/id/34.html
INFO: [ app_init ] --START--
INFO: Run Behavior\BuildLiteBehavior [ RunTime:0.000042s ]
INFO: [ app_init ] --END-- [ RunTime:0.001234s ]
INFO: [ app_begin ] --START--
INFO: Run Behavior\ReadHtmlCacheBehavior [ RunTime:0.001766s ]
INFO: [ app_begin ] --END-- [ RunTime:0.001870s ]
SQL: SHOW COLUMNS FROM `course` [ RunTime:0.0023s ]
SQL: SELECT course.*,g.numbering,b.area,b.circle,b.braName FROM `course` INNER JOIN branch b on b.id=course.branchId INNER JOIN grocery g on g.id=b.groId  WHERE course.id = '34' LIMIT 1   [ RunTime:0.0018s ]
NOTIC: [2] Division by zero /var/www/virtual/xbkt/home/wwwroot/Application/Home/Controller/CourseController.class.php 第 86 行.
SQL: SHOW COLUMNS FROM `course_praise` [ RunTime:0.0016s ]
SQL: SELECT COUNT(*) AS tp_count FROM `course_praise` WHERE ( courseid=34 ) LIMIT 1   [ RunTime:0.0007s ]
SQL: SELECT course_praise.*,m.username,m.headProtrait FROM `course_praise` INNER JOIN member m on m.id=course_praise.userid  WHERE ( courseid=34 )  [ RunTime:0.0014s ]
INFO: [ view_parse ] --START--
INFO: [ template_filter ] --START--
INFO: Run Behavior\ContentReplaceBehavior [ RunTime:0.000165s ]
INFO: [ template_filter ] --END-- [ RunTime:0.000337s ]
NOTIC: [8] Undefined variable: details_thum /var/www/virtual/xbkt/home/wwwroot/Application/Runtime/Cache/Home/11dd8fc8516aa2d78f6cbca9e59928db.php 第 26 行.
INFO: Run Behavior\ParseTemplateBehavior [ RunTime:0.195499s ]
INFO: [ view_parse ] --END-- [ RunTime:0.195628s ]
INFO: [ view_filter ] --START--
INFO: Run Behavior\WriteHtmlCacheBehavior [ RunTime:0.000926s ]
INFO: [ view_filter ] --END-- [ RunTime:0.001060s ]
INFO: [ app_end ] --START--
INFO: Run Behavior\ShowPageTraceBehavior [ RunTime:0.003746s ]
INFO: [ app_end ] --END-- [ RunTime:0.003890s ]

[ 2016-12-02T12:03:37+08:00 ] 42.156.136.95 /course/index/cate/64.html
INFO: [ app_init ] --START--
INFO: Run Behavior\BuildLiteBehavior [ RunTime:0.000043s ]
INFO: [ app_init ] --END-- [ RunTime:0.001682s ]
INFO: [ app_begin ] --START--
INFO: Run Behavior\ReadHtmlCacheBehavior [ RunTime:0.001975s ]
INFO: [ app_begin ] --END-- [ RunTime:0.002081s ]
NOTIC: [8] Undefined index: area /var/www/virtual/xbkt/home/wwwroot/Application/Home/Controller/CourseController.class.php 第 24 行.
NOTIC: [8] Undefined index: price /var/www/virtual/xbkt/home/wwwroot/Application/Home/Controller/CourseController.class.php 第 28 行.
SQL: SHOW COLUMNS FROM `course` [ RunTime:0.0025s ]
SQL: SELECT course.*,g.numbering,b.braName,b.area,b.circle,(SELECT count(*) from course_praise cp WHERE cp.courseid=course.id) AS count FROM `course` INNER JOIN branch b on b.id=course.branchId INNER JOIN grocery g on g.id=b.groId LEFT JOIN course_praise cp on cp.courseid=course.id  WHERE `cate1` = '64' AND g.status = 1 GROUP BY course.id  [ RunTime:0.0014s ]
SQL: SHOW COLUMNS FROM `area` [ RunTime:0.0018s ]
SQL: SELECT `name` FROM `area`  [ RunTime:0.0016s ]
SQL: SHOW COLUMNS FROM `category` [ RunTime:0.0020s ]
SQL: SELECT * FROM `category` WHERE `pid` = 0 AND `status` = 1 AND `type` = 1  [ RunTime:0.0010s ]
INFO: [ view_parse ] --START--
INFO: [ template_filter ] --START--
INFO: Run Behavior\ContentReplaceBehavior [ RunTime:0.000104s ]
INFO: [ template_filter ] --END-- [ RunTime:0.000214s ]
NOTIC: [2] Division by zero /var/www/virtual/xbkt/home/wwwroot/Application/Runtime/Cache/Home/5fd5f4d6eb6ceaf4d8869415689e1250.php 第 68 行.
INFO: Run Behavior\ParseTemplateBehavior [ RunTime:0.037139s ]
INFO: [ view_parse ] --END-- [ RunTime:0.037240s ]
INFO: [ view_filter ] --START--
INFO: Run Behavior\WriteHtmlCacheBehavior [ RunTime:0.000679s ]
INFO: [ view_filter ] --END-- [ RunTime:0.000768s ]
INFO: [ app_end ] --START--
INFO: Run Behavior\ShowPageTraceBehavior [ RunTime:0.002467s ]
INFO: [ app_end ] --END-- [ RunTime:0.002591s ]

[ 2016-12-02T12:32:34+08:00 ] 42.120.161.95 /course/coursedeta/id/40.html
INFO: [ app_init ] --START--
INFO: Run Behavior\BuildLiteBehavior [ RunTime:0.000045s ]
INFO: [ app_init ] --END-- [ RunTime:0.001351s ]
INFO: [ app_begin ] --START--
INFO: Run Behavior\ReadHtmlCacheBehavior [ RunTime:0.001784s ]
INFO: [ app_begin ] --END-- [ RunTime:0.001911s ]
SQL: SHOW COLUMNS FROM `course` [ RunTime:0.0050s ]
SQL: SELECT course.*,g.numbering,b.area,b.circle,b.braName FROM `course` INNER JOIN branch b on b.id=course.branchId INNER JOIN grocery g on g.id=b.groId  WHERE course.id = '40' LIMIT 1   [ RunTime:0.0029s ]
NOTIC: [2] Division by zero /var/www/virtual/xbkt/home/wwwroot/Application/Home/Controller/CourseController.class.php 第 86 行.
SQL: SHOW COLUMNS FROM `course_praise` [ RunTime:0.0018s ]
SQL: SELECT COUNT(*) AS tp_count FROM `course_praise` WHERE ( courseid=40 ) LIMIT 1   [ RunTime:0.0027s ]
SQL: SELECT course_praise.*,m.username,m.headProtrait FROM `course_praise` INNER JOIN member m on m.id=course_praise.userid  WHERE ( courseid=40 )  [ RunTime:0.0042s ]
INFO: [ view_parse ] --START--
INFO: [ template_filter ] --START--
INFO: Run Behavior\ContentReplaceBehavior [ RunTime:0.000102s ]
INFO: [ template_filter ] --END-- [ RunTime:0.000199s ]
NOTIC: [8] Undefined variable: details_thum /var/www/virtual/xbkt/home/wwwroot/Application/Runtime/Cache/Home/11dd8fc8516aa2d78f6cbca9e59928db.php 第 26 行.
INFO: Run Behavior\ParseTemplateBehavior [ RunTime:0.025939s ]
INFO: [ view_parse ] --END-- [ RunTime:0.026047s ]
INFO: [ view_filter ] --START--
INFO: Run Behavior\WriteHtmlCacheBehavior [ RunTime:0.000548s ]
INFO: [ view_filter ] --END-- [ RunTime:0.000637s ]
INFO: [ app_end ] --START--
INFO: Run Behavior\ShowPageTraceBehavior [ RunTime:0.002037s ]
INFO: [ app_end ] --END-- [ RunTime:0.002136s ]

[ 2016-12-02T14:46:33+08:00 ] 59.108.58.242 /
INFO: [ app_init ] --START--
INFO: Run Behavior\BuildLiteBehavior [ RunTime:0.000045s ]
INFO: [ app_init ] --END-- [ RunTime:0.001493s ]
INFO: [ app_begin ] --START--
INFO: Run Behavior\ReadHtmlCacheBehavior [ RunTime:0.001968s ]
INFO: [ app_begin ] --END-- [ RunTime:0.002119s ]

[ 2016-12-02T14:46:36+08:00 ] 59.108.58.242 /choice/index.html
INFO: [ app_init ] --START--
INFO: Run Behavior\BuildLiteBehavior [ RunTime:0.000041s ]
INFO: [ app_init ] --END-- [ RunTime:0.001401s ]
INFO: [ app_begin ] --START--
INFO: Run Behavior\ReadHtmlCacheBehavior [ RunTime:0.002024s ]
INFO: [ app_begin ] --END-- [ RunTime:0.002155s ]
SQL: SHOW COLUMNS FROM `course` [ RunTime:0.0033s ]
SQL: SELECT course.*,g.numbering,b.braName,b.area,b.circle,(SELECT count(*) from course_praise cp WHERE cp.courseid=course.id) AS count FROM `course` INNER JOIN branch b on b.id=course.branchId INNER JOIN grocery g on g.id=b.groId LEFT JOIN course_praise cp on cp.courseid=course.id  WHERE ( extension = 1 and g.status = 1 ) GROUP BY course.id ORDER BY course.praisepoint/course.salepoint*praisenum DESC  [ RunTime:0.0145s ]
SQL: SHOW COLUMNS FROM `linkdeta` [ RunTime:0.0025s ]
SQL: SELECT * FROM `linkdeta` WHERE ( linkid = 1 ) ORDER BY sortnu  [ RunTime:0.0048s ]
SQL: SHOW COLUMNS FROM `category` [ RunTime:0.0055s ]
SQL: SELECT * FROM `category` WHERE `pid` = 0 AND `status` = 1 AND `type` = 1  [ RunTime:0.0024s ]
INFO: [ view_parse ] --START--
INFO: [ template_filter ] --START--
INFO: Run Behavior\ContentReplaceBehavior [ RunTime:0.000186s ]
INFO: [ template_filter ] --END-- [ RunTime:0.000499s ]
NOTIC: [2] Division by zero /var/www/virtual/xbkt/home/wwwroot/Application/Runtime/Cache/Home/1b07914afbea34ff8790ac18f6c6e89c.php 第 163 行.
NOTIC: [2] Division by zero /var/www/virtual/xbkt/home/wwwroot/Application/Runtime/Cache/Home/1b07914afbea34ff8790ac18f6c6e89c.php 第 163 行.
NOTIC: [2] Division by zero /var/www/virtual/xbkt/home/wwwroot/Application/Runtime/Cache/Home/1b07914afbea34ff8790ac18f6c6e89c.php 第 163 行.
NOTIC: [2] Division by zero /var/www/virtual/xbkt/home/wwwroot/Application/Runtime/Cache/Home/1b07914afbea34ff8790ac18f6c6e89c.php 第 163 行.
NOTIC: [2] Division by zero /var/www/virtual/xbkt/home/wwwroot/Application/Runtime/Cache/Home/1b07914afbea34ff8790ac18f6c6e89c.php 第 163 行.
NOTIC: [2] Division by zero /var/www/virtual/xbkt/home/wwwroot/Application/Runtime/Cache/Home/1b07914afbea34ff8790ac18f6c6e89c.php 第 163 行.
NOTIC: [2] Division by zero /var/www/virtual/xbkt/home/wwwroot/Application/Runtime/Cache/Home/1b07914afbea34ff8790ac18f6c6e89c.php 第 163 行.
NOTIC: [2] Division by zero /var/www/virtual/xbkt/home/wwwroot/Application/Runtime/Cache/Home/1b07914afbea34ff8790ac18f6c6e89c.php 第 163 行.
INFO: Run Behavior\ParseTemplateBehavior [ RunTime:0.049982s ]
INFO: [ view_parse ] --END-- [ RunTime:0.050342s ]
INFO: [ view_filter ] --START--
INFO: Run Behavior\WriteHtmlCacheBehavior [ RunTime:0.000579s ]
INFO: [ view_filter ] --END-- [ RunTime:0.000839s ]
INFO: [ app_end ] --START--
INFO: Run Behavior\ShowPageTraceBehavior [ RunTime:0.002294s ]
INFO: [ app_end ] --END-- [ RunTime:0.002413s ]

[ 2016-12-02T14:48:28+08:00 ] 66.249.79.102 /robots.txt
INFO: [ app_init ] --START--
INFO: Run Behavior\BuildLiteBehavior [ RunTime:0.000043s ]
INFO: [ app_init ] --END-- [ RunTime:0.001372s ]
INFO: [ app_begin ] --START--
INFO: Run Behavior\ReadHtmlCacheBehavior [ RunTime:0.002113s ]
INFO: [ app_begin ] --END-- [ RunTime:0.002217s ]
INFO: [ app_end ] --START--
INFO: Run Behavior\ShowPageTraceBehavior [ RunTime:0.002120s ]
INFO: [ app_end ] --END-- [ RunTime:0.002282s ]

[ 2016-12-02T15:07:41+08:00 ] 66.249.79.98 /course/index/cate/64.html
INFO: [ app_init ] --START--
INFO: Run Behavior\BuildLiteBehavior [ RunTime:0.000044s ]
INFO: [ app_init ] --END-- [ RunTime:0.001368s ]
INFO: [ app_begin ] --START--
INFO: Run Behavior\ReadHtmlCacheBehavior [ RunTime:0.001686s ]
INFO: [ app_begin ] --END-- [ RunTime:0.001791s ]
NOTIC: [8] Undefined index: area /var/www/virtual/xbkt/home/wwwroot/Application/Home/Controller/CourseController.class.php 第 24 行.
NOTIC: [8] Undefined index: price /var/www/virtual/xbkt/home/wwwroot/Application/Home/Controller/CourseController.class.php 第 28 行.
SQL: SHOW COLUMNS FROM `course` [ RunTime:0.0025s ]
SQL: SELECT course.*,g.numbering,b.braName,b.area,b.circle,(SELECT count(*) from course_praise cp WHERE cp.courseid=course.id) AS count FROM `course` INNER JOIN branch b on b.id=course.branchId INNER JOIN grocery g on g.id=b.groId LEFT JOIN course_praise cp on cp.courseid=course.id  WHERE `cate1` = '64' AND g.status = 1 GROUP BY course.id  [ RunTime:0.0035s ]
SQL: SHOW COLUMNS FROM `area` [ RunTime:0.0016s ]
SQL: SELECT `name` FROM `area`  [ RunTime:0.0012s ]
SQL: SHOW COLUMNS FROM `category` [ RunTime:0.0024s ]
SQL: SELECT * FROM `category` WHERE `pid` = 0 AND `status` = 1 AND `type` = 1  [ RunTime:0.0011s ]
INFO: [ view_parse ] --START--
INFO: [ template_filter ] --START--
INFO: Run Behavior\ContentReplaceBehavior [ RunTime:0.000215s ]
INFO: [ template_filter ] --END-- [ RunTime:0.000333s ]
NOTIC: [2] Division by zero /var/www/virtual/xbkt/home/wwwroot/Application/Runtime/Cache/Home/5fd5f4d6eb6ceaf4d8869415689e1250.php 第 68 行.
INFO: Run Behavior\ParseTemplateBehavior [ RunTime:0.043118s ]
INFO: [ view_parse ] --END-- [ RunTime:0.043219s ]
INFO: [ view_filter ] --START--
INFO: Run Behavior\WriteHtmlCacheBehavior [ RunTime:0.000779s ]
INFO: [ view_filter ] --END-- [ RunTime:0.000874s ]
INFO: [ app_end ] --START--
INFO: Run Behavior\ShowPageTraceBehavior [ RunTime:0.002150s ]
INFO: [ app_end ] --END-- [ RunTime:0.002404s ]

[ 2016-12-02T16:07:03+08:00 ] 180.76.15.146 /user/registerf.html
INFO: [ app_init ] --START--
INFO: Run Behavior\BuildLiteBehavior [ RunTime:0.000043s ]
INFO: [ app_init ] --END-- [ RunTime:0.001291s ]
INFO: [ app_begin ] --START--
INFO: Run Behavior\ReadHtmlCacheBehavior [ RunTime:0.001630s ]
INFO: [ app_begin ] --END-- [ RunTime:0.001734s ]
INFO: [ view_parse ] --START--
INFO: [ template_filter ] --START--
INFO: Run Behavior\ContentReplaceBehavior [ RunTime:0.000272s ]
INFO: [ template_filter ] --END-- [ RunTime:0.000397s ]
INFO: Run Behavior\ParseTemplateBehavior [ RunTime:0.028699s ]
INFO: [ view_parse ] --END-- [ RunTime:0.028813s ]
INFO: [ view_filter ] --START--
INFO: Run Behavior\WriteHtmlCacheBehavior [ RunTime:0.000539s ]
INFO: [ view_filter ] --END-- [ RunTime:0.000623s ]
INFO: [ app_end ] --START--
INFO: Run Behavior\ShowPageTraceBehavior [ RunTime:0.002041s ]
INFO: [ app_end ] --END-- [ RunTime:0.002137s ]

[ 2016-12-02T16:14:06+08:00 ] 222.43.146.170 /favicon.ico
INFO: [ app_init ] --START--
INFO: Run Behavior\BuildLiteBehavior [ RunTime:0.000061s ]
INFO: [ app_init ] --END-- [ RunTime:0.001373s ]

[ 2016-12-02T16:29:40+08:00 ] 123.125.71.56 /course/index.html
INFO: [ app_init ] --START--
INFO: Run Behavior\BuildLiteBehavior [ RunTime:0.000042s ]
INFO: [ app_init ] --END-- [ RunTime:0.001330s ]
INFO: [ app_begin ] --START--
INFO: Run Behavior\ReadHtmlCacheBehavior [ RunTime:0.001668s ]
INFO: [ app_begin ] --END-- [ RunTime:0.001775s ]
NOTIC: [8] Undefined index: cate /var/www/virtual/xbkt/home/wwwroot/Application/Home/Controller/CourseController.class.php 第 17 行.
NOTIC: [8] Undefined index: area /var/www/virtual/xbkt/home/wwwroot/Application/Home/Controller/CourseController.class.php 第 24 行.
NOTIC: [8] Undefined index: price /var/www/virtual/xbkt/home/wwwroot/Application/Home/Controller/CourseController.class.php 第 28 行.
SQL: SHOW COLUMNS FROM `course` [ RunTime:0.0032s ]
SQL: SELECT course.*,g.numbering,b.braName,b.area,b.circle,(SELECT count(*) from course_praise cp WHERE cp.courseid=course.id) AS count FROM `course` INNER JOIN branch b on b.id=course.branchId INNER JOIN grocery g on g.id=b.groId LEFT JOIN course_praise cp on cp.courseid=course.id  WHERE g.status = 1 GROUP BY course.id  [ RunTime:0.0087s ]
SQL: SHOW COLUMNS FROM `area` [ RunTime:0.0019s ]
SQL: SELECT `name` FROM `area`  [ RunTime:0.0011s ]
SQL: SHOW COLUMNS FROM `category` [ RunTime:0.0017s ]
SQL: SELECT * FROM `category` WHERE `pid` = 0 AND `status` = 1 AND `type` = 1  [ RunTime:0.0012s ]
INFO: [ view_parse ] --START--
INFO: [ template_filter ] --START--
INFO: Run Behavior\ContentReplaceBehavior [ RunTime:0.000106s ]
INFO: [ template_filter ] --END-- [ RunTime:0.000338s ]
NOTIC: [2] Division by zero /var/www/virtual/xbkt/home/wwwroot/Application/Runtime/Cache/Home/5fd5f4d6eb6ceaf4d8869415689e1250.php 第 68 行.
NOTIC: [2] Division by zero /var/www/virtual/xbkt/home/wwwroot/Application/Runtime/Cache/Home/5fd5f4d6eb6ceaf4d8869415689e1250.php 第 68 行.
NOTIC: [2] Division by zero /var/www/virtual/xbkt/home/wwwroot/Application/Runtime/Cache/Home/5fd5f4d6eb6ceaf4d8869415689e1250.php 第 68 行.
NOTIC: [2] Division by zero /var/www/virtual/xbkt/home/wwwroot/Application/Runtime/Cache/Home/5fd5f4d6eb6ceaf4d8869415689e1250.php 第 68 行.
NOTIC: [2] Division by zero /var/www/virtual/xbkt/home/wwwroot/Application/Runtime/Cache/Home/5fd5f4d6eb6ceaf4d8869415689e1250.php 第 68 行.
NOTIC: [2] Division by zero /var/www/virtual/xbkt/home/wwwroot/Application/Runtime/Cache/Home/5fd5f4d6eb6ceaf4d8869415689e1250.php 第 68 行.
NOTIC: [2] Division by zero /var/www/virtual/xbkt/home/wwwroot/Application/Runtime/Cache/Home/5fd5f4d6eb6ceaf4d8869415689e1250.php 第 68 行.
NOTIC: [2] Division by zero /var/www/virtual/xbkt/home/wwwroot/Application/Runtime/Cache/Home/5fd5f4d6eb6ceaf4d8869415689e1250.php 第 68 行.
NOTIC: [2] Division by zero /var/www/virtual/xbkt/home/wwwroot/Application/Runtime/Cache/Home/5fd5f4d6eb6ceaf4d8869415689e1250.php 第 68 行.
NOTIC: [2] Division by zero /var/www/virtual/xbkt/home/wwwroot/Application/Runtime/Cache/Home/5fd5f4d6eb6ceaf4d8869415689e1250.php 第 68 行.
INFO: Run Behavior\ParseTemplateBehavior [ RunTime:0.040108s ]
INFO: [ view_parse ] --END-- [ RunTime:0.040341s ]
INFO: [ view_filter ] --START--
INFO: Run Behavior\WriteHtmlCacheBehavior [ RunTime:0.000552s ]
INFO: [ view_filter ] --END-- [ RunTime:0.000641s ]
INFO: [ app_end ] --START--
INFO: Run Behavior\ShowPageTraceBehavior [ RunTime:0.002166s ]
INFO: [ app_end ] --END-- [ RunTime:0.002286s ]

[ 2016-12-02T16:29:41+08:00 ] 123.125.71.36 /course/
INFO: [ app_init ] --START--
INFO: Run Behavior\BuildLiteBehavior [ RunTime:0.000043s ]
INFO: [ app_init ] --END-- [ RunTime:0.001245s ]
INFO: [ app_begin ] --START--
INFO: Run Behavior\ReadHtmlCacheBehavior [ RunTime:0.001688s ]
INFO: [ app_begin ] --END-- [ RunTime:0.001808s ]
NOTIC: [8] Undefined index: cate /var/www/virtual/xbkt/home/wwwroot/Application/Home/Controller/CourseController.class.php 第 17 行.
NOTIC: [8] Undefined index: area /var/www/virtual/xbkt/home/wwwroot/Application/Home/Controller/CourseController.class.php 第 24 行.
NOTIC: [8] Undefined index: price /var/www/virtual/xbkt/home/wwwroot/Application/Home/Controller/CourseController.class.php 第 28 行.
SQL: SHOW COLUMNS FROM `course` [ RunTime:0.0019s ]
SQL: SELECT course.*,g.numbering,b.braName,b.area,b.circle,(SELECT count(*) from course_praise cp WHERE cp.courseid=course.id) AS count FROM `course` INNER JOIN branch b on b.id=course.branchId INNER JOIN grocery g on g.id=b.groId LEFT JOIN course_praise cp on cp.courseid=course.id  WHERE g.status = 1 GROUP BY course.id  [ RunTime:0.0065s ]
SQL: SHOW COLUMNS FROM `area` [ RunTime:0.0017s ]
SQL: SELECT `name` FROM `area`  [ RunTime:0.0010s ]
SQL: SHOW COLUMNS FROM `category` [ RunTime:0.0020s ]
SQL: SELECT * FROM `category` WHERE `pid` = 0 AND `status` = 1 AND `type` = 1  [ RunTime:0.0010s ]
INFO: [ view_parse ] --START--
INFO: [ template_filter ] --START--
INFO: Run Behavior\ContentReplaceBehavior [ RunTime:0.000175s ]
INFO: [ template_filter ] --END-- [ RunTime:0.000353s ]
NOTIC: [2] Division by zero /var/www/virtual/xbkt/home/wwwroot/Application/Runtime/Cache/Home/5fd5f4d6eb6ceaf4d8869415689e1250.php 第 68 行.
NOTIC: [2] Division by zero /var/www/virtual/xbkt/home/wwwroot/Application/Runtime/Cache/Home/5fd5f4d6eb6ceaf4d8869415689e1250.php 第 68 行.
NOTIC: [2] Division by zero /var/www/virtual/xbkt/home/wwwroot/Application/Runtime/Cache/Home/5fd5f4d6eb6ceaf4d8869415689e1250.php 第 68 行.
NOTIC: [2] Division by zero /var/www/virtual/xbkt/home/wwwroot/Application/Runtime/Cache/Home/5fd5f4d6eb6ceaf4d8869415689e1250.php 第 68 行.
NOTIC: [2] Division by zero /var/www/virtual/xbkt/home/wwwroot/Application/Runtime/Cache/Home/5fd5f4d6eb6ceaf4d8869415689e1250.php 第 68 行.
NOTIC: [2] Division by zero /var/www/virtual/xbkt/home/wwwroot/Application/Runtime/Cache/Home/5fd5f4d6eb6ceaf4d8869415689e1250.php 第 68 行.
NOTIC: [2] Division by zero /var/www/virtual/xbkt/home/wwwroot/Application/Runtime/Cache/Home/5fd5f4d6eb6ceaf4d8869415689e1250.php 第 68 行.
NOTIC: [2] Division by zero /var/www/virtual/xbkt/home/wwwroot/Application/Runtime/Cache/Home/5fd5f4d6eb6ceaf4d8869415689e1250.php 第 68 行.
NOTIC: [2] Division by zero /var/www/virtual/xbkt/home/wwwroot/Application/Runtime/Cache/Home/5fd5f4d6eb6ceaf4d8869415689e1250.php 第 68 行.
NOTIC: [2] Division by zero /var/www/virtual/xbkt/home/wwwroot/Application/Runtime/Cache/Home/5fd5f4d6eb6ceaf4d8869415689e1250.php 第 68 行.
INFO: Run Behavior\ParseTemplateBehavior [ RunTime:0.063042s ]
INFO: [ view_parse ] --END-- [ RunTime:0.063190s ]
INFO: [ view_filter ] --START--
INFO: Run Behavior\WriteHtmlCacheBehavior [ RunTime:0.000988s ]
INFO: [ view_filter ] --END-- [ RunTime:0.001135s ]
INFO: [ app_end ] --START--
INFO: Run Behavior\ShowPageTraceBehavior [ RunTime:0.003282s ]
INFO: [ app_end ] --END-- [ RunTime:0.003427s ]

[ 2016-12-02T16:44:07+08:00 ] 45.35.109.208 /
INFO: [ app_init ] --START--
INFO: Run Behavior\BuildLiteBehavior [ RunTime:0.000124s ]
INFO: [ app_init ] --END-- [ RunTime:0.001697s ]
INFO: [ app_begin ] --START--
INFO: Run Behavior\ReadHtmlCacheBehavior [ RunTime:0.001803s ]
INFO: [ app_begin ] --END-- [ RunTime:0.001970s ]

[ 2016-12-02T16:44:08+08:00 ] 45.35.109.220 /choice/index.html
INFO: [ app_init ] --START--
INFO: Run Behavior\BuildLiteBehavior [ RunTime:0.000059s ]
INFO: [ app_init ] --END-- [ RunTime:0.001722s ]
INFO: [ app_begin ] --START--
INFO: Run Behavior\ReadHtmlCacheBehavior [ RunTime:0.002472s ]
INFO: [ app_begin ] --END-- [ RunTime:0.002714s ]
SQL: SHOW COLUMNS FROM `course` [ RunTime:0.0026s ]
SQL: SELECT course.*,g.numbering,b.braName,b.area,b.circle,(SELECT count(*) from course_praise cp WHERE cp.courseid=course.id) AS count FROM `course` INNER JOIN branch b on b.id=course.branchId INNER JOIN grocery g on g.id=b.groId LEFT JOIN course_praise cp on cp.courseid=course.id  WHERE ( extension = 1 and g.status = 1 ) GROUP BY course.id ORDER BY course.praisepoint/course.salepoint*praisenum DESC  [ RunTime:0.0087s ]
SQL: SHOW COLUMNS FROM `linkdeta` [ RunTime:0.0024s ]
SQL: SELECT * FROM `linkdeta` WHERE ( linkid = 1 ) ORDER BY sortnu  [ RunTime:0.0011s ]
SQL: SHOW COLUMNS FROM `category` [ RunTime:0.0020s ]
SQL: SELECT * FROM `category` WHERE `pid` = 0 AND `status` = 1 AND `type` = 1  [ RunTime:0.0016s ]
INFO: [ view_parse ] --START--
INFO: [ template_filter ] --START--
INFO: Run Behavior\ContentReplaceBehavior [ RunTime:0.000100s ]
INFO: [ template_filter ] --END-- [ RunTime:0.000183s ]
NOTIC: [2] Division by zero /var/www/virtual/xbkt/home/wwwroot/Application/Runtime/Cache/Home/1b07914afbea34ff8790ac18f6c6e89c.php 第 163 行.
NOTIC: [2] Division by zero /var/www/virtual/xbkt/home/wwwroot/Application/Runtime/Cache/Home/1b07914afbea34ff8790ac18f6c6e89c.php 第 163 行.
NOTIC: [2] Division by zero /var/www/virtual/xbkt/home/wwwroot/Application/Runtime/Cache/Home/1b07914afbea34ff8790ac18f6c6e89c.php 第 163 行.
NOTIC: [2] Division by zero /var/www/virtual/xbkt/home/wwwroot/Application/Runtime/Cache/Home/1b07914afbea34ff8790ac18f6c6e89c.php 第 163 行.
NOTIC: [2] Division by zero /var/www/virtual/xbkt/home/wwwroot/Application/Runtime/Cache/Home/1b07914afbea34ff8790ac18f6c6e89c.php 第 163 行.
NOTIC: [2] Division by zero /var/www/virtual/xbkt/home/wwwroot/Application/Runtime/Cache/Home/1b07914afbea34ff8790ac18f6c6e89c.php 第 163 行.
NOTIC: [2] Division by zero /var/www/virtual/xbkt/home/wwwroot/Application/Runtime/Cache/Home/1b07914afbea34ff8790ac18f6c6e89c.php 第 163 行.
NOTIC: [2] Division by zero /var/www/virtual/xbkt/home/wwwroot/Application/Runtime/Cache/Home/1b07914afbea34ff8790ac18f6c6e89c.php 第 163 行.
INFO: Run Behavior\ParseTemplateBehavior [ RunTime:0.042227s ]
INFO: [ view_parse ] --END-- [ RunTime:0.042338s ]
INFO: [ view_filter ] --START--
INFO: Run Behavior\WriteHtmlCacheBehavior [ RunTime:0.000432s ]
INFO: [ view_filter ] --END-- [ RunTime:0.000498s ]
INFO: [ app_end ] --START--
INFO: Run Behavior\ShowPageTraceBehavior [ RunTime:0.001344s ]
INFO: [ app_end ] --END-- [ RunTime:0.001413s ]

[ 2016-12-02T16:51:11+08:00 ] 42.156.137.95 /course/index/area/%E8%80%81%E6%B8%AF%E9%95%87.html
INFO: [ app_init ] --START--
INFO: Run Behavior\BuildLiteBehavior [ RunTime:0.000044s ]
INFO: [ app_init ] --END-- [ RunTime:0.001328s ]
INFO: [ app_begin ] --START--
INFO: Run Behavior\ReadHtmlCacheBehavior [ RunTime:0.001717s ]
INFO: [ app_begin ] --END-- [ RunTime:0.006314s ]
NOTIC: [8] Undefined index: cate /var/www/virtual/xbkt/home/wwwroot/Application/Home/Controller/CourseController.class.php 第 17 行.
NOTIC: [8] Undefined index: price /var/www/virtual/xbkt/home/wwwroot/Application/Home/Controller/CourseController.class.php 第 28 行.
SQL: SHOW COLUMNS FROM `course` [ RunTime:0.0041s ]
SQL: SELECT course.*,g.numbering,b.braName,b.area,b.circle,(SELECT count(*) from course_praise cp WHERE cp.courseid=course.id) AS count FROM `course` INNER JOIN branch b on b.id=course.branchId INNER JOIN grocery g on g.id=b.groId LEFT JOIN course_praise cp on cp.courseid=course.id  WHERE b.area = '老港镇' AND g.status = 1 GROUP BY course.id  [ RunTime:0.0026s ]
SQL: SHOW COLUMNS FROM `area` [ RunTime:0.0022s ]
SQL: SELECT `name` FROM `area`  [ RunTime:0.0020s ]
SQL: SHOW COLUMNS FROM `category` [ RunTime:0.0035s ]
SQL: SELECT * FROM `category` WHERE `pid` = 0 AND `status` = 1 AND `type` = 1  [ RunTime:0.0037s ]
INFO: [ view_parse ] --START--
INFO: [ template_filter ] --START--
INFO: Run Behavior\ContentReplaceBehavior [ RunTime:0.000258s ]
INFO: [ template_filter ] --END-- [ RunTime:0.000379s ]
INFO: Run Behavior\ParseTemplateBehavior [ RunTime:0.046341s ]
INFO: [ view_parse ] --END-- [ RunTime:0.046448s ]
INFO: [ view_filter ] --START--
INFO: Run Behavior\WriteHtmlCacheBehavior [ RunTime:0.000881s ]
INFO: [ view_filter ] --END-- [ RunTime:0.000969s ]
INFO: [ app_end ] --START--
INFO: Run Behavior\ShowPageTraceBehavior [ RunTime:0.006259s ]
INFO: [ app_end ] --END-- [ RunTime:0.006362s ]

[ 2016-12-02T17:34:11+08:00 ] 66.249.79.98 /robots.txt
INFO: [ app_init ] --START--
INFO: Run Behavior\BuildLiteBehavior [ RunTime:0.000045s ]
INFO: [ app_init ] --END-- [ RunTime:0.001550s ]
INFO: [ app_begin ] --START--
INFO: Run Behavior\ReadHtmlCacheBehavior [ RunTime:0.001730s ]
INFO: [ app_begin ] --END-- [ RunTime:0.001878s ]
INFO: [ app_end ] --START--
INFO: Run Behavior\ShowPageTraceBehavior [ RunTime:0.001986s ]
INFO: [ app_end ] --END-- [ RunTime:0.002094s ]

[ 2016-12-02T17:38:36+08:00 ] 66.249.79.98 /
INFO: [ app_init ] --START--
INFO: Run Behavior\BuildLiteBehavior [ RunTime:0.000058s ]
INFO: [ app_init ] --END-- [ RunTime:0.001739s ]
INFO: [ app_begin ] --START--
INFO: Run Behavior\ReadHtmlCacheBehavior [ RunTime:0.001890s ]
INFO: [ app_begin ] --END-- [ RunTime:0.002001s ]

[ 2016-12-02T17:39:24+08:00 ] 66.249.79.98 /choice/index.html
INFO: [ app_init ] --START--
INFO: Run Behavior\BuildLiteBehavior [ RunTime:0.000043s ]
INFO: [ app_init ] --END-- [ RunTime:0.001380s ]
INFO: [ app_begin ] --START--
INFO: Run Behavior\ReadHtmlCacheBehavior [ RunTime:0.001986s ]
INFO: [ app_begin ] --END-- [ RunTime:0.002121s ]
SQL: SHOW COLUMNS FROM `course` [ RunTime:0.0022s ]
SQL: SELECT course.*,g.numbering,b.braName,b.area,b.circle,(SELECT count(*) from course_praise cp WHERE cp.courseid=course.id) AS count FROM `course` INNER JOIN branch b on b.id=course.branchId INNER JOIN grocery g on g.id=b.groId LEFT JOIN course_praise cp on cp.courseid=course.id  WHERE ( extension = 1 and g.status = 1 ) GROUP BY course.id ORDER BY course.praisepoint/course.salepoint*praisenum DESC  [ RunTime:0.0061s ]
SQL: SHOW COLUMNS FROM `linkdeta` [ RunTime:0.0020s ]
SQL: SELECT * FROM `linkdeta` WHERE ( linkid = 1 ) ORDER BY sortnu  [ RunTime:0.0012s ]
SQL: SHOW COLUMNS FROM `category` [ RunTime:0.0018s ]
SQL: SELECT * FROM `category` WHERE `pid` = 0 AND `status` = 1 AND `type` = 1  [ RunTime:0.0011s ]
INFO: [ view_parse ] --START--
INFO: [ template_filter ] --START--
INFO: Run Behavior\ContentReplaceBehavior [ RunTime:0.000123s ]
INFO: [ template_filter ] --END-- [ RunTime:0.000234s ]
NOTIC: [2] Division by zero /var/www/virtual/xbkt/home/wwwroot/Application/Runtime/Cache/Home/1b07914afbea34ff8790ac18f6c6e89c.php 第 163 行.
NOTIC: [2] Division by zero /var/www/virtual/xbkt/home/wwwroot/Application/Runtime/Cache/Home/1b07914afbea34ff8790ac18f6c6e89c.php 第 163 行.
NOTIC: [2] Division by zero /var/www/virtual/xbkt/home/wwwroot/Application/Runtime/Cache/Home/1b07914afbea34ff8790ac18f6c6e89c.php 第 163 行.
NOTIC: [2] Division by zero /var/www/virtual/xbkt/home/wwwroot/Application/Runtime/Cache/Home/1b07914afbea34ff8790ac18f6c6e89c.php 第 163 行.
NOTIC: [2] Division by zero /var/www/virtual/xbkt/home/wwwroot/Application/Runtime/Cache/Home/1b07914afbea34ff8790ac18f6c6e89c.php 第 163 行.
NOTIC: [2] Division by zero /var/www/virtual/xbkt/home/wwwroot/Application/Runtime/Cache/Home/1b07914afbea34ff8790ac18f6c6e89c.php 第 163 行.
NOTIC: [2] Division by zero /var/www/virtual/xbkt/home/wwwroot/Application/Runtime/Cache/Home/1b07914afbea34ff8790ac18f6c6e89c.php 第 163 行.
NOTIC: [2] Division by zero /var/www/virtual/xbkt/home/wwwroot/Application/Runtime/Cache/Home/1b07914afbea34ff8790ac18f6c6e89c.php 第 163 行.
INFO: Run Behavior\ParseTemplateBehavior [ RunTime:0.040239s ]
INFO: [ view_parse ] --END-- [ RunTime:0.040335s ]
INFO: [ view_filter ] --START--
INFO: Run Behavior\WriteHtmlCacheBehavior [ RunTime:0.000601s ]
INFO: [ view_filter ] --END-- [ RunTime:0.000840s ]
INFO: [ app_end ] --START--
INFO: Run Behavior\ShowPageTraceBehavior [ RunTime:0.002150s ]
INFO: [ app_end ] --END-- [ RunTime:0.002249s ]

[ 2016-12-02T18:53:57+08:00 ] 218.241.108.92 /
INFO: [ app_init ] --START--
INFO: Run Behavior\BuildLiteBehavior [ RunTime:0.000034s ]
INFO: [ app_init ] --END-- [ RunTime:0.000882s ]
INFO: [ app_begin ] --START--
INFO: Run Behavior\ReadHtmlCacheBehavior [ RunTime:0.000877s ]
INFO: [ app_begin ] --END-- [ RunTime:0.000930s ]

[ 2016-12-02T18:53:58+08:00 ] 218.241.108.92 /choice/index.html
INFO: [ app_init ] --START--
INFO: Run Behavior\BuildLiteBehavior [ RunTime:0.000024s ]
INFO: [ app_init ] --END-- [ RunTime:0.000745s ]
INFO: [ app_begin ] --START--
INFO: Run Behavior\ReadHtmlCacheBehavior [ RunTime:0.000991s ]
INFO: [ app_begin ] --END-- [ RunTime:0.001084s ]
SQL: SHOW COLUMNS FROM `course` [ RunTime:0.0020s ]
SQL: SELECT course.*,g.numbering,b.braName,b.area,b.circle,(SELECT count(*) from course_praise cp WHERE cp.courseid=course.id) AS count FROM `course` INNER JOIN branch b on b.id=course.branchId INNER JOIN grocery g on g.id=b.groId LEFT JOIN course_praise cp on cp.courseid=course.id  WHERE ( extension = 1 and g.status = 1 ) GROUP BY course.id ORDER BY course.praisepoint/course.salepoint*praisenum DESC  [ RunTime:0.0066s ]
SQL: SHOW COLUMNS FROM `linkdeta` [ RunTime:0.0018s ]
SQL: SELECT * FROM `linkdeta` WHERE ( linkid = 1 ) ORDER BY sortnu  [ RunTime:0.0010s ]
SQL: SHOW COLUMNS FROM `category` [ RunTime:0.0017s ]
SQL: SELECT * FROM `category` WHERE `pid` = 0 AND `status` = 1 AND `type` = 1  [ RunTime:0.0016s ]
INFO: [ view_parse ] --START--
INFO: [ template_filter ] --START--
INFO: Run Behavior\ContentReplaceBehavior [ RunTime:0.000095s ]
INFO: [ template_filter ] --END-- [ RunTime:0.000223s ]
NOTIC: [2] Division by zero /var/www/virtual/xbkt/home/wwwroot/Application/Runtime/Cache/Home/1b07914afbea34ff8790ac18f6c6e89c.php 第 163 行.
NOTIC: [2] Division by zero /var/www/virtual/xbkt/home/wwwroot/Application/Runtime/Cache/Home/1b07914afbea34ff8790ac18f6c6e89c.php 第 163 行.
NOTIC: [2] Division by zero /var/www/virtual/xbkt/home/wwwroot/Application/Runtime/Cache/Home/1b07914afbea34ff8790ac18f6c6e89c.php 第 163 行.
NOTIC: [2] Division by zero /var/www/virtual/xbkt/home/wwwroot/Application/Runtime/Cache/Home/1b07914afbea34ff8790ac18f6c6e89c.php 第 163 行.
NOTIC: [2] Division by zero /var/www/virtual/xbkt/home/wwwroot/Application/Runtime/Cache/Home/1b07914afbea34ff8790ac18f6c6e89c.php 第 163 行.
NOTIC: [2] Division by zero /var/www/virtual/xbkt/home/wwwroot/Application/Runtime/Cache/Home/1b07914afbea34ff8790ac18f6c6e89c.php 第 163 行.
NOTIC: [2] Division by zero /var/www/virtual/xbkt/home/wwwroot/Application/Runtime/Cache/Home/1b07914afbea34ff8790ac18f6c6e89c.php 第 163 行.
NOTIC: [2] Division by zero /var/www/virtual/xbkt/home/wwwroot/Application/Runtime/Cache/Home/1b07914afbea34ff8790ac18f6c6e89c.php 第 163 行.
INFO: Run Behavior\ParseTemplateBehavior [ RunTime:0.019770s ]
INFO: [ view_parse ] --END-- [ RunTime:0.019819s ]
INFO: [ view_filter ] --START--
INFO: Run Behavior\WriteHtmlCacheBehavior [ RunTime:0.000345s ]
INFO: [ view_filter ] --END-- [ RunTime:0.000393s ]
INFO: [ app_end ] --START--
INFO: Run Behavior\ShowPageTraceBehavior [ RunTime:0.001111s ]
INFO: [ app_end ] --END-- [ RunTime:0.001159s ]

[ 2016-12-02T19:51:30+08:00 ] 66.249.79.98 /robots.txt
INFO: [ app_init ] --START--
INFO: Run Behavior\BuildLiteBehavior [ RunTime:0.000041s ]
INFO: [ app_init ] --END-- [ RunTime:0.001387s ]
INFO: [ app_begin ] --START--
INFO: Run Behavior\ReadHtmlCacheBehavior [ RunTime:0.002008s ]
INFO: [ app_begin ] --END-- [ RunTime:0.002114s ]
INFO: [ app_end ] --START--
INFO: Run Behavior\ShowPageTraceBehavior [ RunTime:0.002081s ]
INFO: [ app_end ] --END-- [ RunTime:0.002208s ]

[ 2016-12-02T19:55:46+08:00 ] 66.249.79.98 /course/index/cate/64.html
INFO: [ app_init ] --START--
INFO: Run Behavior\BuildLiteBehavior [ RunTime:0.000043s ]
INFO: [ app_init ] --END-- [ RunTime:0.001283s ]
INFO: [ app_begin ] --START--
INFO: Run Behavior\ReadHtmlCacheBehavior [ RunTime:0.001678s ]
INFO: [ app_begin ] --END-- [ RunTime:0.001795s ]
NOTIC: [8] Undefined index: area /var/www/virtual/xbkt/home/wwwroot/Application/Home/Controller/CourseController.class.php 第 24 行.
NOTIC: [8] Undefined index: price /var/www/virtual/xbkt/home/wwwroot/Application/Home/Controller/CourseController.class.php 第 28 行.
SQL: SHOW COLUMNS FROM `course` [ RunTime:0.0024s ]
SQL: SELECT course.*,g.numbering,b.braName,b.area,b.circle,(SELECT count(*) from course_praise cp WHERE cp.courseid=course.id) AS count FROM `course` INNER JOIN branch b on b.id=course.branchId INNER JOIN grocery g on g.id=b.groId LEFT JOIN course_praise cp on cp.courseid=course.id  WHERE `cate1` = '64' AND g.status = 1 GROUP BY course.id  [ RunTime:0.0057s ]
SQL: SHOW COLUMNS FROM `area` [ RunTime:0.0049s ]
SQL: SELECT `name` FROM `area`  [ RunTime:0.0037s ]
SQL: SHOW COLUMNS FROM `category` [ RunTime:0.0024s ]
SQL: SELECT * FROM `category` WHERE `pid` = 0 AND `status` = 1 AND `type` = 1  [ RunTime:0.0013s ]
INFO: [ view_parse ] --START--
INFO: [ template_filter ] --START--
INFO: Run Behavior\ContentReplaceBehavior [ RunTime:0.000102s ]
INFO: [ template_filter ] --END-- [ RunTime:0.000203s ]
NOTIC: [2] Division by zero /var/www/virtual/xbkt/home/wwwroot/Application/Runtime/Cache/Home/5fd5f4d6eb6ceaf4d8869415689e1250.php 第 68 行.
INFO: Run Behavior\ParseTemplateBehavior [ RunTime:0.038334s ]
INFO: [ view_parse ] --END-- [ RunTime:0.038432s ]
INFO: [ view_filter ] --START--
INFO: Run Behavior\WriteHtmlCacheBehavior [ RunTime:0.000673s ]
INFO: [ view_filter ] --END-- [ RunTime:0.000762s ]
INFO: [ app_end ] --START--
INFO: Run Behavior\ShowPageTraceBehavior [ RunTime:0.002248s ]
INFO: [ app_end ] --END-- [ RunTime:0.002341s ]

[ 2016-12-02T21:40:43+08:00 ] 109.236.8.10 /
INFO: [ app_init ] --START--
INFO: Run Behavior\BuildLiteBehavior [ RunTime:0.000041s ]
INFO: [ app_init ] --END-- [ RunTime:0.001428s ]
INFO: [ app_begin ] --START--
INFO: Run Behavior\ReadHtmlCacheBehavior [ RunTime:0.001936s ]
INFO: [ app_begin ] --END-- [ RunTime:0.002038s ]

[ 2016-12-02T21:40:49+08:00 ] 109.236.8.10 /choice/index.html
INFO: [ app_init ] --START--
INFO: Run Behavior\BuildLiteBehavior [ RunTime:0.000042s ]
INFO: [ app_init ] --END-- [ RunTime:0.001527s ]
INFO: [ app_begin ] --START--
INFO: Run Behavior\ReadHtmlCacheBehavior [ RunTime:0.002266s ]
INFO: [ app_begin ] --END-- [ RunTime:0.002373s ]
SQL: SHOW COLUMNS FROM `course` [ RunTime:0.0034s ]
SQL: SELECT course.*,g.numbering,b.braName,b.area,b.circle,(SELECT count(*) from course_praise cp WHERE cp.courseid=course.id) AS count FROM `course` INNER JOIN branch b on b.id=course.branchId INNER JOIN grocery g on g.id=b.groId LEFT JOIN course_praise cp on cp.courseid=course.id  WHERE ( extension = 1 and g.status = 1 ) GROUP BY course.id ORDER BY course.praisepoint/course.salepoint*praisenum DESC  [ RunTime:0.0053s ]
SQL: SHOW COLUMNS FROM `linkdeta` [ RunTime:0.0020s ]
SQL: SELECT * FROM `linkdeta` WHERE ( linkid = 1 ) ORDER BY sortnu  [ RunTime:0.0011s ]
SQL: SHOW COLUMNS FROM `category` [ RunTime:0.0020s ]
SQL: SELECT * FROM `category` WHERE `pid` = 0 AND `status` = 1 AND `type` = 1  [ RunTime:0.0009s ]
INFO: [ view_parse ] --START--
INFO: [ template_filter ] --START--
INFO: Run Behavior\ContentReplaceBehavior [ RunTime:0.000118s ]
INFO: [ template_filter ] --END-- [ RunTime:0.000394s ]
NOTIC: [2] Division by zero /var/www/virtual/xbkt/home/wwwroot/Application/Runtime/Cache/Home/1b07914afbea34ff8790ac18f6c6e89c.php 第 163 行.
NOTIC: [2] Division by zero /var/www/virtual/xbkt/home/wwwroot/Application/Runtime/Cache/Home/1b07914afbea34ff8790ac18f6c6e89c.php 第 163 行.
NOTIC: [2] Division by zero /var/www/virtual/xbkt/home/wwwroot/Application/Runtime/Cache/Home/1b07914afbea34ff8790ac18f6c6e89c.php 第 163 行.
NOTIC: [2] Division by zero /var/www/virtual/xbkt/home/wwwroot/Application/Runtime/Cache/Home/1b07914afbea34ff8790ac18f6c6e89c.php 第 163 行.
NOTIC: [2] Division by zero /var/www/virtual/xbkt/home/wwwroot/Application/Runtime/Cache/Home/1b07914afbea34ff8790ac18f6c6e89c.php 第 163 行.
NOTIC: [2] Division by zero /var/www/virtual/xbkt/home/wwwroot/Application/Runtime/Cache/Home/1b07914afbea34ff8790ac18f6c6e89c.php 第 163 行.
NOTIC: [2] Division by zero /var/www/virtual/xbkt/home/wwwroot/Application/Runtime/Cache/Home/1b07914afbea34ff8790ac18f6c6e89c.php 第 163 行.
NOTIC: [2] Division by zero /var/www/virtual/xbkt/home/wwwroot/Application/Runtime/Cache/Home/1b07914afbea34ff8790ac18f6c6e89c.php 第 163 行.
INFO: Run Behavior\ParseTemplateBehavior [ RunTime:0.034263s ]
INFO: [ view_parse ] --END-- [ RunTime:0.034376s ]
INFO: [ view_filter ] --START--
INFO: Run Behavior\WriteHtmlCacheBehavior [ RunTime:0.000665s ]
INFO: [ view_filter ] --END-- [ RunTime:0.000756s ]
INFO: [ app_end ] --START--
INFO: Run Behavior\ShowPageTraceBehavior [ RunTime:0.002455s ]
INFO: [ app_end ] --END-- [ RunTime:0.002555s ]

[ 2016-12-02T23:47:36+08:00 ] 123.125.71.13 /course/index.html
INFO: [ app_init ] --START--
INFO: Run Behavior\BuildLiteBehavior [ RunTime:0.000055s ]
INFO: [ app_init ] --END-- [ RunTime:0.001295s ]
INFO: [ app_begin ] --START--
INFO: Run Behavior\ReadHtmlCacheBehavior [ RunTime:0.001639s ]
INFO: [ app_begin ] --END-- [ RunTime:0.001748s ]
NOTIC: [8] Undefined index: cate /var/www/virtual/xbkt/home/wwwroot/Application/Home/Controller/CourseController.class.php 第 17 行.
NOTIC: [8] Undefined index: area /var/www/virtual/xbkt/home/wwwroot/Application/Home/Controller/CourseController.class.php 第 24 行.
NOTIC: [8] Undefined index: price /var/www/virtual/xbkt/home/wwwroot/Application/Home/Controller/CourseController.class.php 第 28 行.
SQL: SHOW COLUMNS FROM `course` [ RunTime:0.0028s ]
SQL: SELECT course.*,g.numbering,b.braName,b.area,b.circle,(SELECT count(*) from course_praise cp WHERE cp.courseid=course.id) AS count FROM `course` INNER JOIN branch b on b.id=course.branchId INNER JOIN grocery g on g.id=b.groId LEFT JOIN course_praise cp on cp.courseid=course.id  WHERE g.status = 1 GROUP BY course.id  [ RunTime:0.2176s ]
SQL: SHOW COLUMNS FROM `area` [ RunTime:0.0044s ]
SQL: SELECT `name` FROM `area`  [ RunTime:0.0012s ]
SQL: SHOW COLUMNS FROM `category` [ RunTime:0.0022s ]
SQL: SELECT * FROM `category` WHERE `pid` = 0 AND `status` = 1 AND `type` = 1  [ RunTime:0.0020s ]
INFO: [ view_parse ] --START--
INFO: [ template_filter ] --START--
INFO: Run Behavior\ContentReplaceBehavior [ RunTime:0.000117s ]
INFO: [ template_filter ] --END-- [ RunTime:0.000232s ]
NOTIC: [2] Division by zero /var/www/virtual/xbkt/home/wwwroot/Application/Runtime/Cache/Home/5fd5f4d6eb6ceaf4d8869415689e1250.php 第 68 行.
NOTIC: [2] Division by zero /var/www/virtual/xbkt/home/wwwroot/Application/Runtime/Cache/Home/5fd5f4d6eb6ceaf4d8869415689e1250.php 第 68 行.
NOTIC: [2] Division by zero /var/www/virtual/xbkt/home/wwwroot/Application/Runtime/Cache/Home/5fd5f4d6eb6ceaf4d8869415689e1250.php 第 68 行.
NOTIC: [2] Division by zero /var/www/virtual/xbkt/home/wwwroot/Application/Runtime/Cache/Home/5fd5f4d6eb6ceaf4d8869415689e1250.php 第 68 行.
NOTIC: [2] Division by zero /var/www/virtual/xbkt/home/wwwroot/Application/Runtime/Cache/Home/5fd5f4d6eb6ceaf4d8869415689e1250.php 第 68 行.
NOTIC: [2] Division by zero /var/www/virtual/xbkt/home/wwwroot/Application/Runtime/Cache/Home/5fd5f4d6eb6ceaf4d8869415689e1250.php 第 68 行.
NOTIC: [2] Division by zero /var/www/virtual/xbkt/home/wwwroot/Application/Runtime/Cache/Home/5fd5f4d6eb6ceaf4d8869415689e1250.php 第 68 行.
NOTIC: [2] Division by zero /var/www/virtual/xbkt/home/wwwroot/Application/Runtime/Cache/Home/5fd5f4d6eb6ceaf4d8869415689e1250.php 第 68 行.
NOTIC: [2] Division by zero /var/www/virtual/xbkt/home/wwwroot/Application/Runtime/Cache/Home/5fd5f4d6eb6ceaf4d8869415689e1250.php 第 68 行.
NOTIC: [2] Division by zero /var/www/virtual/xbkt/home/wwwroot/Application/Runtime/Cache/Home/5fd5f4d6eb6ceaf4d8869415689e1250.php 第 68 行.
INFO: Run Behavior\ParseTemplateBehavior [ RunTime:0.038243s ]
INFO: [ view_parse ] --END-- [ RunTime:0.038367s ]
INFO: [ view_filter ] --START--
INFO: Run Behavior\WriteHtmlCacheBehavior [ RunTime:0.000659s ]
INFO: [ view_filter ] --END-- [ RunTime:0.000751s ]
INFO: [ app_end ] --START--
INFO: Run Behavior\ShowPageTraceBehavior [ RunTime:0.001785s ]
INFO: [ app_end ] --END-- [ RunTime:0.001888s ]

[ 2016-12-02T23:47:41+08:00 ] 123.125.71.83 /course/
INFO: [ app_init ] --START--
INFO: Run Behavior\BuildLiteBehavior [ RunTime:0.000042s ]
INFO: [ app_init ] --END-- [ RunTime:0.001281s ]
INFO: [ app_begin ] --START--
INFO: Run Behavior\ReadHtmlCacheBehavior [ RunTime:0.002179s ]
INFO: [ app_begin ] --END-- [ RunTime:0.002326s ]
NOTIC: [8] Undefined index: cate /var/www/virtual/xbkt/home/wwwroot/Application/Home/Controller/CourseController.class.php 第 17 行.
NOTIC: [8] Undefined index: area /var/www/virtual/xbkt/home/wwwroot/Application/Home/Controller/CourseController.class.php 第 24 行.
NOTIC: [8] Undefined index: price /var/www/virtual/xbkt/home/wwwroot/Application/Home/Controller/CourseController.class.php 第 28 行.
SQL: SHOW COLUMNS FROM `course` [ RunTime:0.0021s ]
SQL: SELECT course.*,g.numbering,b.braName,b.area,b.circle,(SELECT count(*) from course_praise cp WHERE cp.courseid=course.id) AS count FROM `course` INNER JOIN branch b on b.id=course.branchId INNER JOIN grocery g on g.id=b.groId LEFT JOIN course_praise cp on cp.courseid=course.id  WHERE g.status = 1 GROUP BY course.id  [ RunTime:0.0061s ]
SQL: SHOW COLUMNS FROM `area` [ RunTime:0.0019s ]
SQL: SELECT `name` FROM `area`  [ RunTime:0.0009s ]
SQL: SHOW COLUMNS FROM `category` [ RunTime:0.0016s ]
SQL: SELECT * FROM `category` WHERE `pid` = 0 AND `status` = 1 AND `type` = 1  [ RunTime:0.0011s ]
INFO: [ view_parse ] --START--
INFO: [ template_filter ] --START--
INFO: Run Behavior\ContentReplaceBehavior [ RunTime:0.000108s ]
INFO: [ template_filter ] --END-- [ RunTime:0.000214s ]
NOTIC: [2] Division by zero /var/www/virtual/xbkt/home/wwwroot/Application/Runtime/Cache/Home/5fd5f4d6eb6ceaf4d8869415689e1250.php 第 68 行.
NOTIC: [2] Division by zero /var/www/virtual/xbkt/home/wwwroot/Application/Runtime/Cache/Home/5fd5f4d6eb6ceaf4d8869415689e1250.php 第 68 行.
NOTIC: [2] Division by zero /var/www/virtual/xbkt/home/wwwroot/Application/Runtime/Cache/Home/5fd5f4d6eb6ceaf4d8869415689e1250.php 第 68 行.
NOTIC: [2] Division by zero /var/www/virtual/xbkt/home/wwwroot/Application/Runtime/Cache/Home/5fd5f4d6eb6ceaf4d8869415689e1250.php 第 68 行.
NOTIC: [2] Division by zero /var/www/virtual/xbkt/home/wwwroot/Application/Runtime/Cache/Home/5fd5f4d6eb6ceaf4d8869415689e1250.php 第 68 行.
NOTIC: [2] Division by zero /var/www/virtual/xbkt/home/wwwroot/Application/Runtime/Cache/Home/5fd5f4d6eb6ceaf4d8869415689e1250.php 第 68 行.
NOTIC: [2] Division by zero /var/www/virtual/xbkt/home/wwwroot/Application/Runtime/Cache/Home/5fd5f4d6eb6ceaf4d8869415689e1250.php 第 68 行.
NOTIC: [2] Division by zero /var/www/virtual/xbkt/home/wwwroot/Application/Runtime/Cache/Home/5fd5f4d6eb6ceaf4d8869415689e1250.php 第 68 行.
NOTIC: [2] Division by zero /var/www/virtual/xbkt/home/wwwroot/Application/Runtime/Cache/Home/5fd5f4d6eb6ceaf4d8869415689e1250.php 第 68 行.
NOTIC: [2] Division by zero /var/www/virtual/xbkt/home/wwwroot/Application/Runtime/Cache/Home/5fd5f4d6eb6ceaf4d8869415689e1250.php 第 68 行.
INFO: Run Behavior\ParseTemplateBehavior [ RunTime:0.038805s ]
INFO: [ view_parse ] --END-- [ RunTime:0.038905s ]
INFO: [ view_filter ] --START--
INFO: Run Behavior\WriteHtmlCacheBehavior [ RunTime:0.000690s ]
INFO: [ view_filter ] --END-- [ RunTime:0.000777s ]
INFO: [ app_end ] --START--
INFO: Run Behavior\ShowPageTraceBehavior [ RunTime:0.002093s ]
INFO: [ app_end ] --END-- [ RunTime:0.002189s ]

