[ 2016-08-13T20:35:21+08:00 ] 114.245.89.194 /grocery.php
INFO: [ app_init ] --START--
INFO: Run Behavior\BuildLiteBehavior [ RunTime:0.000043s ]
INFO: [ app_init ] --END-- [ RunTime:0.001706s ]
INFO: [ app_begin ] --START--
INFO: Run Behavior\ReadHtmlCacheBehavior [ RunTime:0.001959s ]
INFO: [ app_begin ] --END-- [ RunTime:0.002065s ]
NOTIC: [8] Undefined variable: branch /var/www/virtual/xbkt/home/wwwroot/Application/Grocery/Controller/BaseController.class.php 第 17 行.
NOTIC: [8] Undefined index: branchId /var/www/virtual/xbkt/home/wwwroot/Application/Grocery/Controller/BaseController.class.php 第 20 行.
SQL: SHOW COLUMNS FROM `course_order` [ RunTime:0.0028s ]
SQL: SELECT COUNT(*) AS tp_count FROM course_order o left join course c on c.id = o.course_id INNER JOIN member m on m.id = o.user_id INNER JOIN branch b on b.id = c.branchId  WHERE c.branchId = null AND o.status IN ('1','2') ORDER BY o.id LIMIT 1   [ RunTime:0.0023s ]

[ 2016-08-13T20:35:21+08:00 ] 114.245.89.194 /grocery.php?m=Grocery&c=Login&a=index
INFO: [ app_init ] --START--
INFO: Run Behavior\BuildLiteBehavior [ RunTime:0.000042s ]
INFO: [ app_init ] --END-- [ RunTime:0.001270s ]
INFO: [ app_begin ] --START--
INFO: Run Behavior\ReadHtmlCacheBehavior [ RunTime:0.001722s ]
INFO: [ app_begin ] --END-- [ RunTime:0.001826s ]
INFO: [ view_parse ] --START--
INFO: [ template_filter ] --START--
INFO: Run Behavior\ContentReplaceBehavior [ RunTime:0.000107s ]
INFO: [ template_filter ] --END-- [ RunTime:0.000223s ]
INFO: Run Behavior\ParseTemplateBehavior [ RunTime:0.037476s ]
INFO: [ view_parse ] --END-- [ RunTime:0.037587s ]
INFO: [ view_filter ] --START--
INFO: Run Behavior\WriteHtmlCacheBehavior [ RunTime:0.000595s ]
INFO: [ view_filter ] --END-- [ RunTime:0.000680s ]
INFO: [ app_end ] --START--
INFO: Run Behavior\ShowPageTraceBehavior [ RunTime:0.002211s ]
INFO: [ app_end ] --END-- [ RunTime:0.002306s ]

[ 2016-08-13T20:35:22+08:00 ] 114.245.89.194 /grocery.php?m=Grocery&c=login&a=verify
INFO: [ app_init ] --START--
INFO: Run Behavior\BuildLiteBehavior [ RunTime:0.000043s ]
INFO: [ app_init ] --END-- [ RunTime:0.001363s ]
INFO: [ app_begin ] --START--
INFO: Run Behavior\ReadHtmlCacheBehavior [ RunTime:0.003017s ]
INFO: [ app_begin ] --END-- [ RunTime:0.003124s ]
INFO: [ app_end ] --START--
INFO: Run Behavior\ShowPageTraceBehavior [ RunTime:0.002105s ]
INFO: [ app_end ] --END-- [ RunTime:0.002323s ]

[ 2016-08-13T20:36:21+08:00 ] 114.245.89.194 /grocery.php?m=Grocery&c=login&a=login
INFO: [ app_init ] --START--
INFO: Run Behavior\BuildLiteBehavior [ RunTime:0.000022s ]
INFO: [ app_init ] --END-- [ RunTime:0.000606s ]
INFO: [ app_begin ] --START--
INFO: Run Behavior\ReadHtmlCacheBehavior [ RunTime:0.000837s ]
INFO: [ app_begin ] --END-- [ RunTime:0.000891s ]
SQL: SHOW COLUMNS FROM `branch_account` [ RunTime:0.0024s ]
SQL: SELECT * FROM `branch_account` WHERE `username` = 'yueping_1' AND `password` = 'e10adc3949ba59abbe56e057f20f883e' LIMIT 1   [ RunTime:0.0021s ]
SQL: SHOW COLUMNS FROM `grocery` [ RunTime:0.0021s ]
SQL: SELECT * FROM `grocery` WHERE ( id = 2 ) LIMIT 1   [ RunTime:0.0015s ]
INFO: [ view_parse ] --START--
INFO: [ template_filter ] --START--
INFO: Run Behavior\ContentReplaceBehavior [ RunTime:0.000081s ]
INFO: [ template_filter ] --END-- [ RunTime:0.000137s ]
INFO: Run Behavior\ParseTemplateBehavior [ RunTime:0.011407s ]
INFO: [ view_parse ] --END-- [ RunTime:0.011474s ]
INFO: [ view_filter ] --START--
INFO: Run Behavior\WriteHtmlCacheBehavior [ RunTime:0.001362s ]
INFO: [ view_filter ] --END-- [ RunTime:0.001408s ]
INFO: [ app_end ] --START--
INFO: Run Behavior\ShowPageTraceBehavior [ RunTime:0.000972s ]
INFO: [ app_end ] --END-- [ RunTime:0.001019s ]

[ 2016-08-13T20:36:25+08:00 ] 114.245.89.194 /grocery.php?m=Grocery&c=Index&a=index
INFO: [ app_init ] --START--
INFO: Run Behavior\BuildLiteBehavior [ RunTime:0.000044s ]
INFO: [ app_init ] --END-- [ RunTime:0.001475s ]
INFO: [ app_begin ] --START--
INFO: Run Behavior\ReadHtmlCacheBehavior [ RunTime:0.001882s ]
INFO: [ app_begin ] --END-- [ RunTime:0.002134s ]
SQL: SHOW COLUMNS FROM `branch_account` [ RunTime:0.0026s ]
SQL: SELECT `type` FROM `branch_account` WHERE ( id = 7 ) LIMIT 1   [ RunTime:0.0016s ]
SQL: SHOW COLUMNS FROM `course_order` [ RunTime:0.0041s ]
SQL: SELECT COUNT(*) AS tp_count FROM course_order o left join course c on c.id = o.course_id INNER JOIN member m on m.id = o.user_id INNER JOIN branch b on b.id = c.branchId  WHERE c.branchId = '4' AND o.status IN ('1','2') ORDER BY o.id LIMIT 1   [ RunTime:0.0033s ]
INFO: [ view_parse ] --START--
INFO: [ template_filter ] --START--
INFO: Run Behavior\ContentReplaceBehavior [ RunTime:0.000185s ]
INFO: [ template_filter ] --END-- [ RunTime:0.000305s ]
INFO: Run Behavior\ParseTemplateBehavior [ RunTime:0.061957s ]
INFO: [ view_parse ] --END-- [ RunTime:0.062080s ]
INFO: [ view_filter ] --START--
INFO: Run Behavior\WriteHtmlCacheBehavior [ RunTime:0.000616s ]
INFO: [ view_filter ] --END-- [ RunTime:0.000727s ]
INFO: [ app_end ] --START--
INFO: Run Behavior\ShowPageTraceBehavior [ RunTime:0.001996s ]
INFO: [ app_end ] --END-- [ RunTime:0.002090s ]

[ 2016-08-13T20:36:37+08:00 ] 114.245.89.194 /grocery.php?m=Grocery&c=order&a=index
INFO: [ app_init ] --START--
INFO: Run Behavior\BuildLiteBehavior [ RunTime:0.000040s ]
INFO: [ app_init ] --END-- [ RunTime:0.001237s ]
INFO: [ app_begin ] --START--
INFO: Run Behavior\ReadHtmlCacheBehavior [ RunTime:0.001725s ]
INFO: [ app_begin ] --END-- [ RunTime:0.001830s ]
SQL: SHOW COLUMNS FROM `branch_account` [ RunTime:0.0028s ]
SQL: SELECT `type` FROM `branch_account` WHERE ( id = 7 ) LIMIT 1   [ RunTime:0.0009s ]
SQL: SHOW COLUMNS FROM `course_order` [ RunTime:0.0023s ]
SQL: SELECT COUNT(*) AS tp_count FROM course_order o left join course c on c.id = o.course_id INNER JOIN member m on m.id = o.user_id INNER JOIN branch b on b.id = c.branchId  WHERE c.branchId = '4' AND o.status IN ('1','2') ORDER BY o.id LIMIT 1   [ RunTime:0.0008s ]
NOTIC: [8] Undefined index: status /var/www/virtual/xbkt/home/wwwroot/Application/Grocery/Controller/OrderController.class.php 第 15 行.
NOTIC: [8] Undefined index: status /var/www/virtual/xbkt/home/wwwroot/Application/Grocery/Controller/OrderController.class.php 第 17 行.
SQL: SELECT `type` FROM `branch_account` WHERE ( id = 7 ) LIMIT 1   [ RunTime:0.0010s ]
SQL: SELECT COUNT(*) AS tp_count FROM course_order o left join course c on c.id = o.course_id INNER JOIN branch b on b.id = c.branchId INNER JOIN member m on m.id = o.user_id  WHERE c.branchId = '4' LIMIT 1   [ RunTime:0.0022s ]
SQL: SELECT o.*,m.username,c.name,c.image,c.extension,c.extensionimg,c.price FROM course_order o INNER JOIN course c on c.id = o.course_id INNER JOIN member m on m.id = o.user_id INNER JOIN branch b on b.id = c.branchId  WHERE c.branchId = '4' ORDER BY o.id DESC LIMIT 0,6   [ RunTime:0.0029s ]
INFO: [ view_parse ] --START--
INFO: [ template_filter ] --START--
INFO: Run Behavior\ContentReplaceBehavior [ RunTime:0.000196s ]
INFO: [ template_filter ] --END-- [ RunTime:0.000398s ]
INFO: Run Behavior\ParseTemplateBehavior [ RunTime:0.044749s ]
INFO: [ view_parse ] --END-- [ RunTime:0.044862s ]
INFO: [ view_filter ] --START--
INFO: Run Behavior\WriteHtmlCacheBehavior [ RunTime:0.000618s ]
INFO: [ view_filter ] --END-- [ RunTime:0.000731s ]
INFO: [ app_end ] --START--
INFO: Run Behavior\ShowPageTraceBehavior [ RunTime:0.001998s ]
INFO: [ app_end ] --END-- [ RunTime:0.002159s ]

[ 2016-08-13T20:37:03+08:00 ] 114.245.89.194 /grocery.php?m=Grocery&c=Order&a=index&status=no_process
INFO: [ app_init ] --START--
INFO: Run Behavior\BuildLiteBehavior [ RunTime:0.000041s ]
INFO: [ app_init ] --END-- [ RunTime:0.001274s ]
INFO: [ app_begin ] --START--
INFO: Run Behavior\ReadHtmlCacheBehavior [ RunTime:0.001663s ]
INFO: [ app_begin ] --END-- [ RunTime:0.001839s ]
SQL: SHOW COLUMNS FROM `branch_account` [ RunTime:0.0026s ]
SQL: SELECT `type` FROM `branch_account` WHERE ( id = 7 ) LIMIT 1   [ RunTime:0.0009s ]
SQL: SHOW COLUMNS FROM `course_order` [ RunTime:0.0032s ]
SQL: SELECT COUNT(*) AS tp_count FROM course_order o left join course c on c.id = o.course_id INNER JOIN member m on m.id = o.user_id INNER JOIN branch b on b.id = c.branchId  WHERE c.branchId = '4' AND o.status IN ('1','2') ORDER BY o.id LIMIT 1   [ RunTime:0.0010s ]
SQL: SELECT `type` FROM `branch_account` WHERE ( id = 7 ) LIMIT 1   [ RunTime:0.0009s ]
SQL: SELECT COUNT(*) AS tp_count FROM course_order o left join course c on c.id = o.course_id INNER JOIN branch b on b.id = c.branchId INNER JOIN member m on m.id = o.user_id  WHERE o.status IN (1,2) AND c.branchId = '4' LIMIT 1   [ RunTime:0.0023s ]
SQL: SELECT o.*,m.username,c.name,c.image,c.extension,c.extensionimg,c.price FROM course_order o INNER JOIN course c on c.id = o.course_id INNER JOIN member m on m.id = o.user_id INNER JOIN branch b on b.id = c.branchId  WHERE o.status IN (1,2) AND c.branchId = '4' ORDER BY o.id DESC LIMIT 0,6   [ RunTime:0.0037s ]
INFO: [ view_parse ] --START--
INFO: [ template_filter ] --START--
INFO: Run Behavior\ContentReplaceBehavior [ RunTime:0.000173s ]
INFO: [ template_filter ] --END-- [ RunTime:0.000363s ]
INFO: Run Behavior\ParseTemplateBehavior [ RunTime:0.030785s ]
INFO: [ view_parse ] --END-- [ RunTime:0.030896s ]
INFO: [ view_filter ] --START--
INFO: Run Behavior\WriteHtmlCacheBehavior [ RunTime:0.000615s ]
INFO: [ view_filter ] --END-- [ RunTime:0.000703s ]
INFO: [ app_end ] --START--
INFO: Run Behavior\ShowPageTraceBehavior [ RunTime:0.002194s ]
INFO: [ app_end ] --END-- [ RunTime:0.002352s ]

[ 2016-08-13T20:37:09+08:00 ] 114.245.89.194 /grocery.php?m=Grocery&c=Order&a=index&status=no_process
INFO: [ app_init ] --START--
INFO: Run Behavior\BuildLiteBehavior [ RunTime:0.000042s ]
INFO: [ app_init ] --END-- [ RunTime:0.001276s ]
INFO: [ app_begin ] --START--
INFO: Run Behavior\ReadHtmlCacheBehavior [ RunTime:0.001815s ]
INFO: [ app_begin ] --END-- [ RunTime:0.001920s ]
SQL: SHOW COLUMNS FROM `branch_account` [ RunTime:0.0029s ]
SQL: SELECT `type` FROM `branch_account` WHERE ( id = 7 ) LIMIT 1   [ RunTime:0.0007s ]
SQL: SHOW COLUMNS FROM `course_order` [ RunTime:0.0024s ]
SQL: SELECT COUNT(*) AS tp_count FROM course_order o left join course c on c.id = o.course_id INNER JOIN member m on m.id = o.user_id INNER JOIN branch b on b.id = c.branchId  WHERE c.branchId = '4' AND o.status IN ('1','2') ORDER BY o.id LIMIT 1   [ RunTime:0.0012s ]
SQL: SELECT `type` FROM `branch_account` WHERE ( id = 7 ) LIMIT 1   [ RunTime:0.0021s ]
SQL: SELECT COUNT(*) AS tp_count FROM course_order o left join course c on c.id = o.course_id INNER JOIN branch b on b.id = c.branchId INNER JOIN member m on m.id = o.user_id  WHERE o.status IN (1,2) AND c.branchId = '4' LIMIT 1   [ RunTime:0.0009s ]
SQL: SELECT o.*,m.username,c.name,c.image,c.extension,c.extensionimg,c.price FROM course_order o INNER JOIN course c on c.id = o.course_id INNER JOIN member m on m.id = o.user_id INNER JOIN branch b on b.id = c.branchId  WHERE o.status IN (1,2) AND c.branchId = '4' ORDER BY o.id DESC LIMIT 0,6   [ RunTime:0.0014s ]
INFO: [ view_parse ] --START--
INFO: [ template_filter ] --START--
INFO: Run Behavior\ContentReplaceBehavior [ RunTime:0.000179s ]
INFO: [ template_filter ] --END-- [ RunTime:0.000282s ]
INFO: Run Behavior\ParseTemplateBehavior [ RunTime:0.036476s ]
INFO: [ view_parse ] --END-- [ RunTime:0.036577s ]
INFO: [ view_filter ] --START--
INFO: Run Behavior\WriteHtmlCacheBehavior [ RunTime:0.000701s ]
INFO: [ view_filter ] --END-- [ RunTime:0.000956s ]
INFO: [ app_end ] --START--
INFO: Run Behavior\ShowPageTraceBehavior [ RunTime:0.002533s ]
INFO: [ app_end ] --END-- [ RunTime:0.002776s ]

[ 2016-08-13T20:39:59+08:00 ] 114.245.89.194 /grocery.php?m=Grocery&c=order&a=update&id=161
INFO: [ app_init ] --START--
INFO: Run Behavior\BuildLiteBehavior [ RunTime:0.000166s ]
INFO: [ app_init ] --END-- [ RunTime:0.001621s ]
INFO: [ app_begin ] --START--
INFO: Run Behavior\ReadHtmlCacheBehavior [ RunTime:0.002215s ]
INFO: [ app_begin ] --END-- [ RunTime:0.002328s ]
SQL: SHOW COLUMNS FROM `branch_account` [ RunTime:0.0029s ]
SQL: SELECT `type` FROM `branch_account` WHERE ( id = 7 ) LIMIT 1   [ RunTime:0.0009s ]
SQL: SHOW COLUMNS FROM `course_order` [ RunTime:0.0023s ]
SQL: SELECT COUNT(*) AS tp_count FROM course_order o left join course c on c.id = o.course_id INNER JOIN member m on m.id = o.user_id INNER JOIN branch b on b.id = c.branchId  WHERE c.branchId = '4' AND o.status IN ('1','2') ORDER BY o.id LIMIT 1   [ RunTime:0.0008s ]
SQL: SELECT o.*,m.username,c.name,c.image,c.extension,c.extensionimg,c.price FROM course_order o INNER JOIN course c on c.id = o.course_id INNER JOIN member m on m.id = o.user_id  WHERE o.id = '161' LIMIT 1   [ RunTime:0.0019s ]
INFO: [ view_parse ] --START--
INFO: [ template_filter ] --START--
INFO: Run Behavior\ContentReplaceBehavior [ RunTime:0.000324s ]
INFO: [ template_filter ] --END-- [ RunTime:0.000516s ]
INFO: Run Behavior\ParseTemplateBehavior [ RunTime:0.047195s ]
INFO: [ view_parse ] --END-- [ RunTime:0.047337s ]
INFO: [ view_filter ] --START--
INFO: Run Behavior\WriteHtmlCacheBehavior [ RunTime:0.000768s ]
INFO: [ view_filter ] --END-- [ RunTime:0.000906s ]
INFO: [ app_end ] --START--
INFO: Run Behavior\ShowPageTraceBehavior [ RunTime:0.002752s ]
INFO: [ app_end ] --END-- [ RunTime:0.002906s ]

[ 2016-08-13T20:40:10+08:00 ] 114.245.89.194 /grocery.php?m=Grocery&c=order&a=update
INFO: [ app_init ] --START--
INFO: Run Behavior\BuildLiteBehavior [ RunTime:0.000042s ]
INFO: [ app_init ] --END-- [ RunTime:0.001214s ]
INFO: [ app_begin ] --START--
INFO: Run Behavior\ReadHtmlCacheBehavior [ RunTime:0.001663s ]
INFO: [ app_begin ] --END-- [ RunTime:0.001767s ]
SQL: SHOW COLUMNS FROM `branch_account` [ RunTime:0.0028s ]
SQL: SELECT `type` FROM `branch_account` WHERE ( id = 7 ) LIMIT 1   [ RunTime:0.0008s ]
SQL: SHOW COLUMNS FROM `course_order` [ RunTime:0.0026s ]
SQL: SELECT COUNT(*) AS tp_count FROM course_order o left join course c on c.id = o.course_id INNER JOIN member m on m.id = o.user_id INNER JOIN branch b on b.id = c.branchId  WHERE c.branchId = '4' AND o.status IN ('1','2') ORDER BY o.id LIMIT 1   [ RunTime:0.0010s ]
SQL: SELECT o.user_id,o.out_trade_no,o.course_id,c.name,o.experience_time,b.address,b.telephone FROM course_order o left join course c on c.id = o.course_id INNER JOIN branch b on b.id = c.branchId  WHERE ( o.id = 161 ) LIMIT 1   [ RunTime:0.0016s ]
SQL: SHOW COLUMNS FROM `member` [ RunTime:0.0029s ]
SQL: SELECT `openid` FROM `member` WHERE ( id = 36 ) LIMIT 1   [ RunTime:0.0017s ]
NOTIC: [2048] Declaration of Home\Controller\WeChatController::success() should be compatible with Think\Controller::success($message = '', $jumpUrl = '', $ajax = false) /var/www/virtual/xbkt/home/wwwroot/Application/Home/Controller/WeChatController.class.php 第 0 行.
SQL: SELECT COUNT(*) AS tp_count FROM `course_order` WHERE ( user_id = 36 ) LIMIT 1   [ RunTime:0.0013s ]
SQL: UPDATE course_order o SET `status`='3',`receptionist`='fdfjalfji',`experience_time`='2016-08-01 00:00:00' WHERE o.id = '161' [ RunTime:0.0024s ]
NOTIC: [8] Undefined variable: module /var/www/virtual/xbkt/home/wwwroot/ThinkPHP/Common/functions.php 第 990 行.
NOTIC: [8] Undefined variable: var /var/www/virtual/xbkt/home/wwwroot/ThinkPHP/Common/functions.php 第 990 行.
NOTIC: [2] array_reverse() expects parameter 1 to be array, null given /var/www/virtual/xbkt/home/wwwroot/ThinkPHP/Common/functions.php 第 990 行.
NOTIC: [2] http_build_query(): Parameter 1 expected to be Array or Object.  Incorrect value given /var/www/virtual/xbkt/home/wwwroot/ThinkPHP/Common/functions.php 第 990 行.

[ 2016-08-13T20:40:10+08:00 ] 114.245.89.194 /grocery.php?m=&&m=Grocery&c=order&a=index
INFO: [ app_init ] --START--
INFO: Run Behavior\BuildLiteBehavior [ RunTime:0.000042s ]
INFO: [ app_init ] --END-- [ RunTime:0.001337s ]
INFO: [ app_begin ] --START--
INFO: Run Behavior\ReadHtmlCacheBehavior [ RunTime:0.001831s ]
INFO: [ app_begin ] --END-- [ RunTime:0.001955s ]
SQL: SHOW COLUMNS FROM `branch_account` [ RunTime:0.0027s ]
SQL: SELECT `type` FROM `branch_account` WHERE ( id = 7 ) LIMIT 1   [ RunTime:0.0009s ]
SQL: SHOW COLUMNS FROM `course_order` [ RunTime:0.0026s ]
SQL: SELECT COUNT(*) AS tp_count FROM course_order o left join course c on c.id = o.course_id INNER JOIN member m on m.id = o.user_id INNER JOIN branch b on b.id = c.branchId  WHERE c.branchId = '4' AND o.status IN ('1','2') ORDER BY o.id LIMIT 1   [ RunTime:0.0029s ]
NOTIC: [8] Undefined index: status /var/www/virtual/xbkt/home/wwwroot/Application/Grocery/Controller/OrderController.class.php 第 15 行.
NOTIC: [8] Undefined index: status /var/www/virtual/xbkt/home/wwwroot/Application/Grocery/Controller/OrderController.class.php 第 17 行.
SQL: SELECT `type` FROM `branch_account` WHERE ( id = 7 ) LIMIT 1   [ RunTime:0.0009s ]
SQL: SELECT COUNT(*) AS tp_count FROM course_order o left join course c on c.id = o.course_id INNER JOIN branch b on b.id = c.branchId INNER JOIN member m on m.id = o.user_id  WHERE c.branchId = '4' LIMIT 1   [ RunTime:0.0022s ]
SQL: SELECT o.*,m.username,c.name,c.image,c.extension,c.extensionimg,c.price FROM course_order o INNER JOIN course c on c.id = o.course_id INNER JOIN member m on m.id = o.user_id INNER JOIN branch b on b.id = c.branchId  WHERE c.branchId = '4' ORDER BY o.id DESC LIMIT 0,6   [ RunTime:0.0029s ]
INFO: [ view_parse ] --START--
INFO: [ template_filter ] --START--
INFO: Run Behavior\ContentReplaceBehavior [ RunTime:0.000175s ]
INFO: [ template_filter ] --END-- [ RunTime:0.000291s ]
INFO: Run Behavior\ParseTemplateBehavior [ RunTime:0.035031s ]
INFO: [ view_parse ] --END-- [ RunTime:0.035161s ]
INFO: [ view_filter ] --START--
INFO: Run Behavior\WriteHtmlCacheBehavior [ RunTime:0.000739s ]
INFO: [ view_filter ] --END-- [ RunTime:0.000851s ]
INFO: [ app_end ] --START--
INFO: Run Behavior\ShowPageTraceBehavior [ RunTime:0.001989s ]
INFO: [ app_end ] --END-- [ RunTime:0.002084s ]

[ 2016-08-13T21:12:19+08:00 ] 114.245.89.194 /grocery.php?m=Grocery&c=Login&a=index
INFO: [ app_init ] --START--
INFO: Run Behavior\BuildLiteBehavior [ RunTime:0.000060s ]
INFO: [ app_init ] --END-- [ RunTime:0.001700s ]
INFO: [ app_begin ] --START--
INFO: Run Behavior\ReadHtmlCacheBehavior [ RunTime:0.002391s ]
INFO: [ app_begin ] --END-- [ RunTime:0.002547s ]
INFO: [ view_parse ] --START--
INFO: [ template_filter ] --START--
INFO: Run Behavior\ContentReplaceBehavior [ RunTime:0.000104s ]
INFO: [ template_filter ] --END-- [ RunTime:0.000212s ]
INFO: Run Behavior\ParseTemplateBehavior [ RunTime:0.023333s ]
INFO: [ view_parse ] --END-- [ RunTime:0.023532s ]
INFO: [ view_filter ] --START--
INFO: Run Behavior\WriteHtmlCacheBehavior [ RunTime:0.000534s ]
INFO: [ view_filter ] --END-- [ RunTime:0.000621s ]
INFO: [ app_end ] --START--
INFO: Run Behavior\ShowPageTraceBehavior [ RunTime:0.001944s ]
INFO: [ app_end ] --END-- [ RunTime:0.002037s ]

[ 2016-08-13T21:12:20+08:00 ] 114.245.89.194 /grocery.php?m=Grocery&c=Index&a=index
INFO: [ app_init ] --START--
INFO: Run Behavior\BuildLiteBehavior [ RunTime:0.000043s ]
INFO: [ app_init ] --END-- [ RunTime:0.001404s ]
INFO: [ app_begin ] --START--
INFO: Run Behavior\ReadHtmlCacheBehavior [ RunTime:0.001659s ]
INFO: [ app_begin ] --END-- [ RunTime:0.001759s ]
NOTIC: [8] Undefined variable: branch /var/www/virtual/xbkt/home/wwwroot/Application/Grocery/Controller/BaseController.class.php 第 17 行.
NOTIC: [8] Undefined index: branchId /var/www/virtual/xbkt/home/wwwroot/Application/Grocery/Controller/BaseController.class.php 第 20 行.
SQL: SHOW COLUMNS FROM `course_order` [ RunTime:0.0029s ]
SQL: SELECT COUNT(*) AS tp_count FROM course_order o left join course c on c.id = o.course_id INNER JOIN member m on m.id = o.user_id INNER JOIN branch b on b.id = c.branchId  WHERE c.branchId = null AND o.status IN ('1','2') ORDER BY o.id LIMIT 1   [ RunTime:0.0026s ]

[ 2016-08-13T21:12:20+08:00 ] 114.245.89.194 /grocery.php?m=Grocery&c=Login&a=index
INFO: [ app_init ] --START--
INFO: Run Behavior\BuildLiteBehavior [ RunTime:0.000043s ]
INFO: [ app_init ] --END-- [ RunTime:0.001587s ]
INFO: [ app_begin ] --START--
INFO: Run Behavior\ReadHtmlCacheBehavior [ RunTime:0.002621s ]
INFO: [ app_begin ] --END-- [ RunTime:0.002734s ]
INFO: [ view_parse ] --START--
INFO: [ template_filter ] --START--
INFO: Run Behavior\ContentReplaceBehavior [ RunTime:0.000103s ]
INFO: [ template_filter ] --END-- [ RunTime:0.000479s ]
INFO: Run Behavior\ParseTemplateBehavior [ RunTime:0.025867s ]
INFO: [ view_parse ] --END-- [ RunTime:0.025965s ]
INFO: [ view_filter ] --START--
INFO: Run Behavior\WriteHtmlCacheBehavior [ RunTime:0.000908s ]
INFO: [ view_filter ] --END-- [ RunTime:0.000995s ]
INFO: [ app_end ] --START--
INFO: Run Behavior\ShowPageTraceBehavior [ RunTime:0.002632s ]
INFO: [ app_end ] --END-- [ RunTime:0.002886s ]

[ 2016-08-13T21:12:24+08:00 ] 114.245.89.194 /grocery.php?m=Grocery&c=order&a=index
INFO: [ app_init ] --START--
INFO: Run Behavior\BuildLiteBehavior [ RunTime:0.000042s ]
INFO: [ app_init ] --END-- [ RunTime:0.001284s ]
INFO: [ app_begin ] --START--
INFO: Run Behavior\ReadHtmlCacheBehavior [ RunTime:0.001652s ]
INFO: [ app_begin ] --END-- [ RunTime:0.001753s ]
NOTIC: [8] Undefined variable: branch /var/www/virtual/xbkt/home/wwwroot/Application/Grocery/Controller/BaseController.class.php 第 17 行.
NOTIC: [8] Undefined index: branchId /var/www/virtual/xbkt/home/wwwroot/Application/Grocery/Controller/BaseController.class.php 第 20 行.
SQL: SHOW COLUMNS FROM `course_order` [ RunTime:0.0027s ]
SQL: SELECT COUNT(*) AS tp_count FROM course_order o left join course c on c.id = o.course_id INNER JOIN member m on m.id = o.user_id INNER JOIN branch b on b.id = c.branchId  WHERE c.branchId = null AND o.status IN ('1','2') ORDER BY o.id LIMIT 1   [ RunTime:0.0010s ]

[ 2016-08-13T21:12:24+08:00 ] 114.245.89.194 /grocery.php?m=Grocery&c=Login&a=index
INFO: [ app_init ] --START--
INFO: Run Behavior\BuildLiteBehavior [ RunTime:0.000043s ]
INFO: [ app_init ] --END-- [ RunTime:0.001269s ]
INFO: [ app_begin ] --START--
INFO: Run Behavior\ReadHtmlCacheBehavior [ RunTime:0.002108s ]
INFO: [ app_begin ] --END-- [ RunTime:0.002212s ]
INFO: [ view_parse ] --START--
INFO: [ template_filter ] --START--
INFO: Run Behavior\ContentReplaceBehavior [ RunTime:0.000114s ]
INFO: [ template_filter ] --END-- [ RunTime:0.000270s ]
INFO: Run Behavior\ParseTemplateBehavior [ RunTime:0.022949s ]
INFO: [ view_parse ] --END-- [ RunTime:0.023071s ]
INFO: [ view_filter ] --START--
INFO: Run Behavior\WriteHtmlCacheBehavior [ RunTime:0.000835s ]
INFO: [ view_filter ] --END-- [ RunTime:0.000972s ]
INFO: [ app_end ] --START--
INFO: Run Behavior\ShowPageTraceBehavior [ RunTime:0.002452s ]
INFO: [ app_end ] --END-- [ RunTime:0.002678s ]

[ 2016-08-13T21:12:24+08:00 ] 114.245.89.194 /grocery.php?m=Grocery&c=Order&a=index&status=no_process
INFO: [ app_init ] --START--
INFO: Run Behavior\BuildLiteBehavior [ RunTime:0.000062s ]
INFO: [ app_init ] --END-- [ RunTime:0.001788s ]
INFO: [ app_begin ] --START--
INFO: Run Behavior\ReadHtmlCacheBehavior [ RunTime:0.002385s ]
INFO: [ app_begin ] --END-- [ RunTime:0.002646s ]
NOTIC: [8] Undefined variable: branch /var/www/virtual/xbkt/home/wwwroot/Application/Grocery/Controller/BaseController.class.php 第 17 行.
NOTIC: [8] Undefined index: branchId /var/www/virtual/xbkt/home/wwwroot/Application/Grocery/Controller/BaseController.class.php 第 20 行.
SQL: SHOW COLUMNS FROM `course_order` [ RunTime:0.0028s ]
SQL: SELECT COUNT(*) AS tp_count FROM course_order o left join course c on c.id = o.course_id INNER JOIN member m on m.id = o.user_id INNER JOIN branch b on b.id = c.branchId  WHERE c.branchId = null AND o.status IN ('1','2') ORDER BY o.id LIMIT 1   [ RunTime:0.0009s ]

[ 2016-08-13T21:12:24+08:00 ] 114.245.89.194 /grocery.php?m=Grocery&c=Login&a=index
INFO: [ app_init ] --START--
INFO: Run Behavior\BuildLiteBehavior [ RunTime:0.000036s ]
INFO: [ app_init ] --END-- [ RunTime:0.001126s ]
INFO: [ app_begin ] --START--
INFO: Run Behavior\ReadHtmlCacheBehavior [ RunTime:0.001590s ]
INFO: [ app_begin ] --END-- [ RunTime:0.001676s ]
INFO: [ view_parse ] --START--
INFO: [ template_filter ] --START--
INFO: Run Behavior\ContentReplaceBehavior [ RunTime:0.000086s ]
INFO: [ template_filter ] --END-- [ RunTime:0.000172s ]
INFO: Run Behavior\ParseTemplateBehavior [ RunTime:0.015561s ]
INFO: [ view_parse ] --END-- [ RunTime:0.015641s ]
INFO: [ view_filter ] --START--
INFO: Run Behavior\WriteHtmlCacheBehavior [ RunTime:0.000497s ]
INFO: [ view_filter ] --END-- [ RunTime:0.000568s ]
INFO: [ app_end ] --START--
INFO: Run Behavior\ShowPageTraceBehavior [ RunTime:0.001558s ]
INFO: [ app_end ] --END-- [ RunTime:0.001635s ]

[ 2016-08-13T21:12:25+08:00 ] 114.245.89.194 /grocery.php?m=Grocery&c=order&a=update&id=161
INFO: [ app_init ] --START--
INFO: Run Behavior\BuildLiteBehavior [ RunTime:0.000036s ]
INFO: [ app_init ] --END-- [ RunTime:0.001078s ]
INFO: [ app_begin ] --START--
INFO: Run Behavior\ReadHtmlCacheBehavior [ RunTime:0.001472s ]
INFO: [ app_begin ] --END-- [ RunTime:0.001580s ]
NOTIC: [8] Undefined variable: branch /var/www/virtual/xbkt/home/wwwroot/Application/Grocery/Controller/BaseController.class.php 第 17 行.
NOTIC: [8] Undefined index: branchId /var/www/virtual/xbkt/home/wwwroot/Application/Grocery/Controller/BaseController.class.php 第 20 行.
SQL: SHOW COLUMNS FROM `course_order` [ RunTime:0.0028s ]
SQL: SELECT COUNT(*) AS tp_count FROM course_order o left join course c on c.id = o.course_id INNER JOIN member m on m.id = o.user_id INNER JOIN branch b on b.id = c.branchId  WHERE c.branchId = null AND o.status IN ('1','2') ORDER BY o.id LIMIT 1   [ RunTime:0.0009s ]

[ 2016-08-13T21:12:25+08:00 ] 114.245.89.194 /grocery.php?m=Grocery&c=Login&a=index
INFO: [ app_init ] --START--
INFO: Run Behavior\BuildLiteBehavior [ RunTime:0.000044s ]
INFO: [ app_init ] --END-- [ RunTime:0.001233s ]
INFO: [ app_begin ] --START--
INFO: Run Behavior\ReadHtmlCacheBehavior [ RunTime:0.001892s ]
INFO: [ app_begin ] --END-- [ RunTime:0.001992s ]
INFO: [ view_parse ] --START--
INFO: [ template_filter ] --START--
INFO: Run Behavior\ContentReplaceBehavior [ RunTime:0.000107s ]
INFO: [ template_filter ] --END-- [ RunTime:0.000218s ]
INFO: Run Behavior\ParseTemplateBehavior [ RunTime:0.025741s ]
INFO: [ view_parse ] --END-- [ RunTime:0.025834s ]
INFO: [ view_filter ] --START--
INFO: Run Behavior\WriteHtmlCacheBehavior [ RunTime:0.000519s ]
INFO: [ view_filter ] --END-- [ RunTime:0.000628s ]
INFO: [ app_end ] --START--
INFO: Run Behavior\ShowPageTraceBehavior [ RunTime:0.001865s ]
INFO: [ app_end ] --END-- [ RunTime:0.001954s ]

[ 2016-08-13T21:12:25+08:00 ] 114.245.89.194 /grocery.php?m=&&m=Grocery&c=order&a=index
INFO: [ app_init ] --START--
INFO: Run Behavior\BuildLiteBehavior [ RunTime:0.000056s ]
INFO: [ app_init ] --END-- [ RunTime:0.001867s ]
INFO: [ app_begin ] --START--
INFO: Run Behavior\ReadHtmlCacheBehavior [ RunTime:0.002043s ]
INFO: [ app_begin ] --END-- [ RunTime:0.002202s ]
NOTIC: [8] Undefined variable: branch /var/www/virtual/xbkt/home/wwwroot/Application/Grocery/Controller/BaseController.class.php 第 17 行.
NOTIC: [8] Undefined index: branchId /var/www/virtual/xbkt/home/wwwroot/Application/Grocery/Controller/BaseController.class.php 第 20 行.
SQL: SHOW COLUMNS FROM `course_order` [ RunTime:0.0033s ]
SQL: SELECT COUNT(*) AS tp_count FROM course_order o left join course c on c.id = o.course_id INNER JOIN member m on m.id = o.user_id INNER JOIN branch b on b.id = c.branchId  WHERE c.branchId = null AND o.status IN ('1','2') ORDER BY o.id LIMIT 1   [ RunTime:0.0008s ]

[ 2016-08-13T21:12:26+08:00 ] 114.245.89.194 /grocery.php?m=Grocery&c=Login&a=index
INFO: [ app_init ] --START--
INFO: Run Behavior\BuildLiteBehavior [ RunTime:0.000044s ]
INFO: [ app_init ] --END-- [ RunTime:0.001427s ]
INFO: [ app_begin ] --START--
INFO: Run Behavior\ReadHtmlCacheBehavior [ RunTime:0.002021s ]
INFO: [ app_begin ] --END-- [ RunTime:0.002152s ]
INFO: [ view_parse ] --START--
INFO: [ template_filter ] --START--
INFO: Run Behavior\ContentReplaceBehavior [ RunTime:0.000106s ]
INFO: [ template_filter ] --END-- [ RunTime:0.000301s ]
INFO: Run Behavior\ParseTemplateBehavior [ RunTime:0.021221s ]
INFO: [ view_parse ] --END-- [ RunTime:0.021367s ]
INFO: [ view_filter ] --START--
INFO: Run Behavior\WriteHtmlCacheBehavior [ RunTime:0.000633s ]
INFO: [ view_filter ] --END-- [ RunTime:0.000763s ]
INFO: [ app_end ] --START--
INFO: Run Behavior\ShowPageTraceBehavior [ RunTime:0.002142s ]
INFO: [ app_end ] --END-- [ RunTime:0.002252s ]

[ 2016-08-13T21:20:25+08:00 ] 114.245.89.194 /grocery.php?m=Grocery&c=Order&a=index&status=no_process
INFO: [ app_init ] --START--
INFO: Run Behavior\BuildLiteBehavior [ RunTime:0.000041s ]
INFO: [ app_init ] --END-- [ RunTime:0.001257s ]
INFO: [ app_begin ] --START--
INFO: Run Behavior\ReadHtmlCacheBehavior [ RunTime:0.001778s ]
INFO: [ app_begin ] --END-- [ RunTime:0.001882s ]
SQL: SHOW COLUMNS FROM `branch_account` [ RunTime:0.0028s ]
SQL: SELECT `type` FROM `branch_account` WHERE ( id = 7 ) LIMIT 1   [ RunTime:0.0017s ]
SQL: SHOW COLUMNS FROM `course_order` [ RunTime:0.0027s ]
SQL: SELECT COUNT(*) AS tp_count FROM course_order o left join course c on c.id = o.course_id INNER JOIN member m on m.id = o.user_id INNER JOIN branch b on b.id = c.branchId  WHERE c.branchId = '4' AND o.status IN ('1','2') ORDER BY o.id LIMIT 1   [ RunTime:0.0031s ]
SQL: SELECT `type` FROM `branch_account` WHERE ( id = 7 ) LIMIT 1   [ RunTime:0.0010s ]
SQL: SELECT COUNT(*) AS tp_count FROM course_order o left join course c on c.id = o.course_id INNER JOIN branch b on b.id = c.branchId INNER JOIN member m on m.id = o.user_id  WHERE o.status IN (1,2) AND c.branchId = '4' LIMIT 1   [ RunTime:0.0025s ]
SQL: SELECT o.*,m.username,c.name,c.image,c.extension,c.extensionimg,c.price FROM course_order o INNER JOIN course c on c.id = o.course_id INNER JOIN member m on m.id = o.user_id INNER JOIN branch b on b.id = c.branchId  WHERE o.status IN (1,2) AND c.branchId = '4' ORDER BY o.id DESC LIMIT 0,6   [ RunTime:0.0031s ]
INFO: [ view_parse ] --START--
INFO: [ template_filter ] --START--
INFO: Run Behavior\ContentReplaceBehavior [ RunTime:0.000176s ]
INFO: [ template_filter ] --END-- [ RunTime:0.000285s ]
INFO: Run Behavior\ParseTemplateBehavior [ RunTime:0.034376s ]
INFO: [ view_parse ] --END-- [ RunTime:0.034538s ]
INFO: [ view_filter ] --START--
INFO: Run Behavior\WriteHtmlCacheBehavior [ RunTime:0.000539s ]
INFO: [ view_filter ] --END-- [ RunTime:0.000628s ]
INFO: [ app_end ] --START--
INFO: Run Behavior\ShowPageTraceBehavior [ RunTime:0.001994s ]
INFO: [ app_end ] --END-- [ RunTime:0.002152s ]

[ 2016-08-13T21:21:03+08:00 ] 114.245.89.194 /grocery.php?m=Grocery&c=Order&a=index&m=Grocery&status=no_process&p=2
INFO: [ app_init ] --START--
INFO: Run Behavior\BuildLiteBehavior [ RunTime:0.000043s ]
INFO: [ app_init ] --END-- [ RunTime:0.001519s ]
INFO: [ app_begin ] --START--
INFO: Run Behavior\ReadHtmlCacheBehavior [ RunTime:0.001923s ]
INFO: [ app_begin ] --END-- [ RunTime:0.002027s ]
SQL: SHOW COLUMNS FROM `branch_account` [ RunTime:0.0029s ]
SQL: SELECT `type` FROM `branch_account` WHERE ( id = 7 ) LIMIT 1   [ RunTime:0.0019s ]
SQL: SHOW COLUMNS FROM `course_order` [ RunTime:0.0023s ]
SQL: SELECT COUNT(*) AS tp_count FROM course_order o left join course c on c.id = o.course_id INNER JOIN member m on m.id = o.user_id INNER JOIN branch b on b.id = c.branchId  WHERE c.branchId = '4' AND o.status IN ('1','2') ORDER BY o.id LIMIT 1   [ RunTime:0.0019s ]
SQL: SELECT `type` FROM `branch_account` WHERE ( id = 7 ) LIMIT 1   [ RunTime:0.0020s ]
SQL: SELECT COUNT(*) AS tp_count FROM course_order o left join course c on c.id = o.course_id INNER JOIN branch b on b.id = c.branchId INNER JOIN member m on m.id = o.user_id  WHERE o.status IN (1,2) AND c.branchId = '4' LIMIT 1   [ RunTime:0.0037s ]
SQL: SELECT o.*,m.username,c.name,c.image,c.extension,c.extensionimg,c.price FROM course_order o INNER JOIN course c on c.id = o.course_id INNER JOIN member m on m.id = o.user_id INNER JOIN branch b on b.id = c.branchId  WHERE o.status IN (1,2) AND c.branchId = '4' ORDER BY o.id DESC LIMIT 6,6   [ RunTime:0.0037s ]
INFO: [ view_parse ] --START--
INFO: [ template_filter ] --START--
INFO: Run Behavior\ContentReplaceBehavior [ RunTime:0.000319s ]
INFO: [ template_filter ] --END-- [ RunTime:0.000510s ]
INFO: Run Behavior\ParseTemplateBehavior [ RunTime:0.049490s ]
INFO: [ view_parse ] --END-- [ RunTime:0.049629s ]
INFO: [ view_filter ] --START--
INFO: Run Behavior\WriteHtmlCacheBehavior [ RunTime:0.000752s ]
INFO: [ view_filter ] --END-- [ RunTime:0.000912s ]
INFO: [ app_end ] --START--
INFO: Run Behavior\ShowPageTraceBehavior [ RunTime:0.002841s ]
INFO: [ app_end ] --END-- [ RunTime:0.002997s ]

[ 2016-08-13T21:22:53+08:00 ] 114.245.89.194 /grocery.php?m=Grocery&c=Order&a=index&status=no_process
INFO: [ app_init ] --START--
INFO: Run Behavior\BuildLiteBehavior [ RunTime:0.000052s ]
INFO: [ app_init ] --END-- [ RunTime:0.001105s ]
INFO: [ app_begin ] --START--
INFO: Run Behavior\ReadHtmlCacheBehavior [ RunTime:0.001396s ]
INFO: [ app_begin ] --END-- [ RunTime:0.001557s ]
SQL: SHOW COLUMNS FROM `branch_account` [ RunTime:0.0024s ]
SQL: SELECT `type` FROM `branch_account` WHERE ( id = 7 ) LIMIT 1   [ RunTime:0.0009s ]
SQL: SHOW COLUMNS FROM `course_order` [ RunTime:0.0023s ]
SQL: SELECT COUNT(*) AS tp_count FROM course_order o left join course c on c.id = o.course_id INNER JOIN member m on m.id = o.user_id INNER JOIN branch b on b.id = c.branchId  WHERE c.branchId = '4' AND o.status IN ('1','2') ORDER BY o.id LIMIT 1   [ RunTime:0.0029s ]
SQL: SELECT `type` FROM `branch_account` WHERE ( id = 7 ) LIMIT 1   [ RunTime:0.0009s ]
SQL: SELECT COUNT(*) AS tp_count FROM course_order o left join course c on c.id = o.course_id INNER JOIN branch b on b.id = c.branchId INNER JOIN member m on m.id = o.user_id  WHERE o.status IN (1,2) AND c.branchId = '4' LIMIT 1   [ RunTime:0.0020s ]
SQL: SELECT o.*,m.username,c.name,c.image,c.extension,c.extensionimg,c.price FROM course_order o INNER JOIN course c on c.id = o.course_id INNER JOIN member m on m.id = o.user_id INNER JOIN branch b on b.id = c.branchId  WHERE o.status IN (1,2) AND c.branchId = '4' ORDER BY o.id DESC LIMIT 0,6   [ RunTime:0.0030s ]
INFO: [ view_parse ] --START--
INFO: [ template_filter ] --START--
INFO: Run Behavior\ContentReplaceBehavior [ RunTime:0.000152s ]
INFO: [ template_filter ] --END-- [ RunTime:0.000242s ]
INFO: Run Behavior\ParseTemplateBehavior [ RunTime:0.029117s ]
INFO: [ view_parse ] --END-- [ RunTime:0.029201s ]
INFO: [ view_filter ] --START--
INFO: Run Behavior\WriteHtmlCacheBehavior [ RunTime:0.000532s ]
INFO: [ view_filter ] --END-- [ RunTime:0.000609s ]
INFO: [ app_end ] --START--
INFO: Run Behavior\ShowPageTraceBehavior [ RunTime:0.001748s ]
INFO: [ app_end ] --END-- [ RunTime:0.001830s ]

[ 2016-08-13T21:22:59+08:00 ] 114.245.89.194 /grocery.php?m=Grocery&c=Order&a=index&m=Grocery&status=no_process&p=2
INFO: [ app_init ] --START--
INFO: Run Behavior\BuildLiteBehavior [ RunTime:0.000031s ]
INFO: [ app_init ] --END-- [ RunTime:0.000863s ]
INFO: [ app_begin ] --START--
INFO: Run Behavior\ReadHtmlCacheBehavior [ RunTime:0.001128s ]
INFO: [ app_begin ] --END-- [ RunTime:0.001201s ]
SQL: SHOW COLUMNS FROM `branch_account` [ RunTime:0.0838s ]
SQL: SELECT `type` FROM `branch_account` WHERE ( id = 7 ) LIMIT 1   [ RunTime:0.0013s ]
SQL: SHOW COLUMNS FROM `course_order` [ RunTime:0.0024s ]
SQL: SELECT COUNT(*) AS tp_count FROM course_order o left join course c on c.id = o.course_id INNER JOIN member m on m.id = o.user_id INNER JOIN branch b on b.id = c.branchId  WHERE c.branchId = '4' AND o.status IN ('1','2') ORDER BY o.id LIMIT 1   [ RunTime:0.0011s ]
SQL: SELECT `type` FROM `branch_account` WHERE ( id = 7 ) LIMIT 1   [ RunTime:0.0006s ]
SQL: SELECT COUNT(*) AS tp_count FROM course_order o left join course c on c.id = o.course_id INNER JOIN branch b on b.id = c.branchId INNER JOIN member m on m.id = o.user_id  WHERE o.status IN (1,2) AND c.branchId = '4' LIMIT 1   [ RunTime:0.0016s ]
SQL: SELECT o.*,m.username,c.name,c.image,c.extension,c.extensionimg,c.price FROM course_order o INNER JOIN course c on c.id = o.course_id INNER JOIN member m on m.id = o.user_id INNER JOIN branch b on b.id = c.branchId  WHERE o.status IN (1,2) AND c.branchId = '4' ORDER BY o.id DESC LIMIT 6,6   [ RunTime:0.0034s ]
INFO: [ view_parse ] --START--
INFO: [ template_filter ] --START--
INFO: Run Behavior\ContentReplaceBehavior [ RunTime:0.000155s ]
INFO: [ template_filter ] --END-- [ RunTime:0.000264s ]
INFO: Run Behavior\ParseTemplateBehavior [ RunTime:0.029091s ]
INFO: [ view_parse ] --END-- [ RunTime:0.029173s ]
INFO: [ view_filter ] --START--
INFO: Run Behavior\WriteHtmlCacheBehavior [ RunTime:0.000431s ]
INFO: [ view_filter ] --END-- [ RunTime:0.000500s ]
INFO: [ app_end ] --START--
INFO: Run Behavior\ShowPageTraceBehavior [ RunTime:0.001411s ]
INFO: [ app_end ] --END-- [ RunTime:0.001489s ]

[ 2016-08-13T21:23:06+08:00 ] 114.245.89.194 /grocery.php?m=Grocery&c=Order&a=index&m=Grocery&status=no_process&p=3
INFO: [ app_init ] --START--
INFO: Run Behavior\BuildLiteBehavior [ RunTime:0.000044s ]
INFO: [ app_init ] --END-- [ RunTime:0.001320s ]
INFO: [ app_begin ] --START--
INFO: Run Behavior\ReadHtmlCacheBehavior [ RunTime:0.001714s ]
INFO: [ app_begin ] --END-- [ RunTime:0.001815s ]
SQL: SHOW COLUMNS FROM `branch_account` [ RunTime:0.0025s ]
SQL: SELECT `type` FROM `branch_account` WHERE ( id = 7 ) LIMIT 1   [ RunTime:0.0009s ]
SQL: SHOW COLUMNS FROM `course_order` [ RunTime:0.0023s ]
SQL: SELECT COUNT(*) AS tp_count FROM course_order o left join course c on c.id = o.course_id INNER JOIN member m on m.id = o.user_id INNER JOIN branch b on b.id = c.branchId  WHERE c.branchId = '4' AND o.status IN ('1','2') ORDER BY o.id LIMIT 1   [ RunTime:0.0009s ]
SQL: SELECT `type` FROM `branch_account` WHERE ( id = 7 ) LIMIT 1   [ RunTime:0.0010s ]
SQL: SELECT COUNT(*) AS tp_count FROM course_order o left join course c on c.id = o.course_id INNER JOIN branch b on b.id = c.branchId INNER JOIN member m on m.id = o.user_id  WHERE o.status IN (1,2) AND c.branchId = '4' LIMIT 1   [ RunTime:0.0010s ]
SQL: SELECT o.*,m.username,c.name,c.image,c.extension,c.extensionimg,c.price FROM course_order o INNER JOIN course c on c.id = o.course_id INNER JOIN member m on m.id = o.user_id INNER JOIN branch b on b.id = c.branchId  WHERE o.status IN (1,2) AND c.branchId = '4' ORDER BY o.id DESC LIMIT 12,6   [ RunTime:0.0030s ]
INFO: [ view_parse ] --START--
INFO: [ template_filter ] --START--
INFO: Run Behavior\ContentReplaceBehavior [ RunTime:0.000176s ]
INFO: [ template_filter ] --END-- [ RunTime:0.000277s ]
INFO: Run Behavior\ParseTemplateBehavior [ RunTime:0.038038s ]
INFO: [ view_parse ] --END-- [ RunTime:0.038140s ]
INFO: [ view_filter ] --START--
INFO: Run Behavior\WriteHtmlCacheBehavior [ RunTime:0.000646s ]
INFO: [ view_filter ] --END-- [ RunTime:0.000736s ]
INFO: [ app_end ] --START--
INFO: Run Behavior\ShowPageTraceBehavior [ RunTime:0.002087s ]
INFO: [ app_end ] --END-- [ RunTime:0.002184s ]

[ 2016-08-13T21:23:10+08:00 ] 114.245.89.194 /grocery.php?m=Grocery&c=Order&a=index&m=Grocery&status=no_process&p=4
INFO: [ app_init ] --START--
INFO: Run Behavior\BuildLiteBehavior [ RunTime:0.000044s ]
INFO: [ app_init ] --END-- [ RunTime:0.001372s ]
INFO: [ app_begin ] --START--
INFO: Run Behavior\ReadHtmlCacheBehavior [ RunTime:0.001831s ]
INFO: [ app_begin ] --END-- [ RunTime:0.001933s ]
SQL: SHOW COLUMNS FROM `branch_account` [ RunTime:0.0028s ]
SQL: SELECT `type` FROM `branch_account` WHERE ( id = 7 ) LIMIT 1   [ RunTime:0.0007s ]
SQL: SHOW COLUMNS FROM `course_order` [ RunTime:0.0023s ]
SQL: SELECT COUNT(*) AS tp_count FROM course_order o left join course c on c.id = o.course_id INNER JOIN member m on m.id = o.user_id INNER JOIN branch b on b.id = c.branchId  WHERE c.branchId = '4' AND o.status IN ('1','2') ORDER BY o.id LIMIT 1   [ RunTime:0.0010s ]
SQL: SELECT `type` FROM `branch_account` WHERE ( id = 7 ) LIMIT 1   [ RunTime:0.0019s ]
SQL: SELECT COUNT(*) AS tp_count FROM course_order o left join course c on c.id = o.course_id INNER JOIN branch b on b.id = c.branchId INNER JOIN member m on m.id = o.user_id  WHERE o.status IN (1,2) AND c.branchId = '4' LIMIT 1   [ RunTime:0.0012s ]
SQL: SELECT o.*,m.username,c.name,c.image,c.extension,c.extensionimg,c.price FROM course_order o INNER JOIN course c on c.id = o.course_id INNER JOIN member m on m.id = o.user_id INNER JOIN branch b on b.id = c.branchId  WHERE o.status IN (1,2) AND c.branchId = '4' ORDER BY o.id DESC LIMIT 18,6   [ RunTime:0.0035s ]
INFO: [ view_parse ] --START--
INFO: [ template_filter ] --START--
INFO: Run Behavior\ContentReplaceBehavior [ RunTime:0.000176s ]
INFO: [ template_filter ] --END-- [ RunTime:0.000361s ]
INFO: Run Behavior\ParseTemplateBehavior [ RunTime:0.031798s ]
INFO: [ view_parse ] --END-- [ RunTime:0.031895s ]
INFO: [ view_filter ] --START--
INFO: Run Behavior\WriteHtmlCacheBehavior [ RunTime:0.000513s ]
INFO: [ view_filter ] --END-- [ RunTime:0.000616s ]
INFO: [ app_end ] --START--
INFO: Run Behavior\ShowPageTraceBehavior [ RunTime:0.001845s ]
INFO: [ app_end ] --END-- [ RunTime:0.001947s ]

[ 2016-08-13T21:23:13+08:00 ] 114.245.89.194 /grocery.php?m=Grocery&c=Order&a=index&m=Grocery&status=no_process&p=5
INFO: [ app_init ] --START--
INFO: Run Behavior\BuildLiteBehavior [ RunTime:0.000024s ]
INFO: [ app_init ] --END-- [ RunTime:0.000633s ]
INFO: [ app_begin ] --START--
INFO: Run Behavior\ReadHtmlCacheBehavior [ RunTime:0.000833s ]
INFO: [ app_begin ] --END-- [ RunTime:0.000884s ]
SQL: SHOW COLUMNS FROM `branch_account` [ RunTime:0.0025s ]
SQL: SELECT `type` FROM `branch_account` WHERE ( id = 7 ) LIMIT 1   [ RunTime:0.0008s ]
SQL: SHOW COLUMNS FROM `course_order` [ RunTime:0.0022s ]
SQL: SELECT COUNT(*) AS tp_count FROM course_order o left join course c on c.id = o.course_id INNER JOIN member m on m.id = o.user_id INNER JOIN branch b on b.id = c.branchId  WHERE c.branchId = '4' AND o.status IN ('1','2') ORDER BY o.id LIMIT 1   [ RunTime:0.0008s ]
SQL: SELECT `type` FROM `branch_account` WHERE ( id = 7 ) LIMIT 1   [ RunTime:0.0027s ]
SQL: SELECT COUNT(*) AS tp_count FROM course_order o left join course c on c.id = o.course_id INNER JOIN branch b on b.id = c.branchId INNER JOIN member m on m.id = o.user_id  WHERE o.status IN (1,2) AND c.branchId = '4' LIMIT 1   [ RunTime:0.0027s ]
SQL: SELECT o.*,m.username,c.name,c.image,c.extension,c.extensionimg,c.price FROM course_order o INNER JOIN course c on c.id = o.course_id INNER JOIN member m on m.id = o.user_id INNER JOIN branch b on b.id = c.branchId  WHERE o.status IN (1,2) AND c.branchId = '4' ORDER BY o.id DESC LIMIT 24,6   [ RunTime:0.0035s ]
INFO: [ view_parse ] --START--
INFO: [ template_filter ] --START--
INFO: Run Behavior\ContentReplaceBehavior [ RunTime:0.000112s ]
INFO: [ template_filter ] --END-- [ RunTime:0.000251s ]
INFO: Run Behavior\ParseTemplateBehavior [ RunTime:0.017036s ]
INFO: [ view_parse ] --END-- [ RunTime:0.017091s ]
INFO: [ view_filter ] --START--
INFO: Run Behavior\WriteHtmlCacheBehavior [ RunTime:0.000280s ]
INFO: [ view_filter ] --END-- [ RunTime:0.000323s ]
INFO: [ app_end ] --START--
INFO: Run Behavior\ShowPageTraceBehavior [ RunTime:0.001074s ]
INFO: [ app_end ] --END-- [ RunTime:0.001185s ]

[ 2016-08-13T21:23:19+08:00 ] 114.245.89.194 /grocery.php?m=Grocery&c=Order&a=index&m=Grocery&status=no_process&p=3
INFO: [ app_init ] --START--
INFO: Run Behavior\BuildLiteBehavior [ RunTime:0.000042s ]
INFO: [ app_init ] --END-- [ RunTime:0.001263s ]
INFO: [ app_begin ] --START--
INFO: Run Behavior\ReadHtmlCacheBehavior [ RunTime:0.001749s ]
INFO: [ app_begin ] --END-- [ RunTime:0.001871s ]
SQL: SHOW COLUMNS FROM `branch_account` [ RunTime:0.0034s ]
SQL: SELECT `type` FROM `branch_account` WHERE ( id = 7 ) LIMIT 1   [ RunTime:0.0010s ]
SQL: SHOW COLUMNS FROM `course_order` [ RunTime:0.0027s ]
SQL: SELECT COUNT(*) AS tp_count FROM course_order o left join course c on c.id = o.course_id INNER JOIN member m on m.id = o.user_id INNER JOIN branch b on b.id = c.branchId  WHERE c.branchId = '4' AND o.status IN ('1','2') ORDER BY o.id LIMIT 1   [ RunTime:0.0009s ]
SQL: SELECT `type` FROM `branch_account` WHERE ( id = 7 ) LIMIT 1   [ RunTime:0.0009s ]
SQL: SELECT COUNT(*) AS tp_count FROM course_order o left join course c on c.id = o.course_id INNER JOIN branch b on b.id = c.branchId INNER JOIN member m on m.id = o.user_id  WHERE o.status IN (1,2) AND c.branchId = '4' LIMIT 1   [ RunTime:0.0015s ]
SQL: SELECT o.*,m.username,c.name,c.image,c.extension,c.extensionimg,c.price FROM course_order o INNER JOIN course c on c.id = o.course_id INNER JOIN member m on m.id = o.user_id INNER JOIN branch b on b.id = c.branchId  WHERE o.status IN (1,2) AND c.branchId = '4' ORDER BY o.id DESC LIMIT 12,6   [ RunTime:0.0017s ]
INFO: [ view_parse ] --START--
INFO: [ template_filter ] --START--
INFO: Run Behavior\ContentReplaceBehavior [ RunTime:0.000197s ]
INFO: [ template_filter ] --END-- [ RunTime:0.000308s ]
INFO: Run Behavior\ParseTemplateBehavior [ RunTime:0.040799s ]
INFO: [ view_parse ] --END-- [ RunTime:0.040900s ]
INFO: [ view_filter ] --START--
INFO: Run Behavior\WriteHtmlCacheBehavior [ RunTime:0.000765s ]
INFO: [ view_filter ] --END-- [ RunTime:0.000857s ]
INFO: [ app_end ] --START--
INFO: Run Behavior\ShowPageTraceBehavior [ RunTime:0.002446s ]
INFO: [ app_end ] --END-- [ RunTime:0.002544s ]

[ 2016-08-13T21:36:19+08:00 ] 114.245.89.194 /grocery.php?m=Grocery&c=Order&a=index&status=no_process
INFO: [ app_init ] --START--
INFO: Run Behavior\BuildLiteBehavior [ RunTime:0.000040s ]
INFO: [ app_init ] --END-- [ RunTime:0.001212s ]
INFO: [ app_begin ] --START--
INFO: Run Behavior\ReadHtmlCacheBehavior [ RunTime:0.001700s ]
INFO: [ app_begin ] --END-- [ RunTime:0.001799s ]
NOTIC: [8] Undefined variable: branch /var/www/virtual/xbkt/home/wwwroot/Application/Grocery/Controller/BaseController.class.php 第 17 行.
NOTIC: [8] Undefined index: branchId /var/www/virtual/xbkt/home/wwwroot/Application/Grocery/Controller/BaseController.class.php 第 20 行.
SQL: SHOW COLUMNS FROM `course_order` [ RunTime:0.0041s ]
SQL: SELECT COUNT(*) AS tp_count FROM course_order o left join course c on c.id = o.course_id INNER JOIN member m on m.id = o.user_id INNER JOIN branch b on b.id = c.branchId  WHERE c.branchId = null AND o.status IN ('1','2') ORDER BY o.id LIMIT 1   [ RunTime:0.0033s ]

[ 2016-08-13T21:36:20+08:00 ] 114.245.89.194 /grocery.php?m=Grocery&c=Login&a=index
INFO: [ app_init ] --START--
INFO: Run Behavior\BuildLiteBehavior [ RunTime:0.000031s ]
INFO: [ app_init ] --END-- [ RunTime:0.000815s ]
INFO: [ app_begin ] --START--
INFO: Run Behavior\ReadHtmlCacheBehavior [ RunTime:0.001183s ]
INFO: [ app_begin ] --END-- [ RunTime:0.001252s ]
INFO: [ view_parse ] --START--
INFO: [ template_filter ] --START--
INFO: Run Behavior\ContentReplaceBehavior [ RunTime:0.000074s ]
INFO: [ template_filter ] --END-- [ RunTime:0.000144s ]
INFO: Run Behavior\ParseTemplateBehavior [ RunTime:0.013282s ]
INFO: [ view_parse ] --END-- [ RunTime:0.013344s ]
INFO: [ view_filter ] --START--
INFO: Run Behavior\WriteHtmlCacheBehavior [ RunTime:0.000456s ]
INFO: [ view_filter ] --END-- [ RunTime:0.000515s ]
INFO: [ app_end ] --START--
INFO: Run Behavior\ShowPageTraceBehavior [ RunTime:0.001304s ]
INFO: [ app_end ] --END-- [ RunTime:0.001366s ]

[ 2016-08-13T21:36:20+08:00 ] 114.245.89.194 /grocery.php?m=Grocery&c=Order&a=index&m=Grocery&status=no_process&p=2
INFO: [ app_init ] --START--
INFO: Run Behavior\BuildLiteBehavior [ RunTime:0.000040s ]
INFO: [ app_init ] --END-- [ RunTime:0.001588s ]
INFO: [ app_begin ] --START--
INFO: Run Behavior\ReadHtmlCacheBehavior [ RunTime:0.002096s ]
INFO: [ app_begin ] --END-- [ RunTime:0.002266s ]
NOTIC: [8] Undefined variable: branch /var/www/virtual/xbkt/home/wwwroot/Application/Grocery/Controller/BaseController.class.php 第 17 行.
NOTIC: [8] Undefined index: branchId /var/www/virtual/xbkt/home/wwwroot/Application/Grocery/Controller/BaseController.class.php 第 20 行.
SQL: SHOW COLUMNS FROM `course_order` [ RunTime:0.0025s ]
SQL: SELECT COUNT(*) AS tp_count FROM course_order o left join course c on c.id = o.course_id INNER JOIN member m on m.id = o.user_id INNER JOIN branch b on b.id = c.branchId  WHERE c.branchId = null AND o.status IN ('1','2') ORDER BY o.id LIMIT 1   [ RunTime:0.0009s ]

[ 2016-08-13T21:36:20+08:00 ] 114.245.89.194 /grocery.php?m=Grocery&c=Login&a=index
INFO: [ app_init ] --START--
INFO: Run Behavior\BuildLiteBehavior [ RunTime:0.000052s ]
INFO: [ app_init ] --END-- [ RunTime:0.001446s ]
INFO: [ app_begin ] --START--
INFO: Run Behavior\ReadHtmlCacheBehavior [ RunTime:0.002014s ]
INFO: [ app_begin ] --END-- [ RunTime:0.002152s ]
INFO: [ view_parse ] --START--
INFO: [ template_filter ] --START--
INFO: Run Behavior\ContentReplaceBehavior [ RunTime:0.000146s ]
INFO: [ template_filter ] --END-- [ RunTime:0.000366s ]
INFO: Run Behavior\ParseTemplateBehavior [ RunTime:0.023607s ]
INFO: [ view_parse ] --END-- [ RunTime:0.023732s ]
INFO: [ view_filter ] --START--
INFO: Run Behavior\WriteHtmlCacheBehavior [ RunTime:0.000739s ]
INFO: [ view_filter ] --END-- [ RunTime:0.000854s ]
INFO: [ app_end ] --START--
INFO: Run Behavior\ShowPageTraceBehavior [ RunTime:0.002312s ]
INFO: [ app_end ] --END-- [ RunTime:0.002434s ]

[ 2016-08-13T21:36:21+08:00 ] 114.245.89.194 /grocery.php?m=Grocery&c=Order&a=index&m=Grocery&status=no_process&p=5
INFO: [ app_init ] --START--
INFO: Run Behavior\BuildLiteBehavior [ RunTime:0.000047s ]
INFO: [ app_init ] --END-- [ RunTime:0.001553s ]
INFO: [ app_begin ] --START--
INFO: Run Behavior\ReadHtmlCacheBehavior [ RunTime:0.001536s ]
INFO: [ app_begin ] --END-- [ RunTime:0.001637s ]
NOTIC: [8] Undefined variable: branch /var/www/virtual/xbkt/home/wwwroot/Application/Grocery/Controller/BaseController.class.php 第 17 行.
NOTIC: [8] Undefined index: branchId /var/www/virtual/xbkt/home/wwwroot/Application/Grocery/Controller/BaseController.class.php 第 20 行.
SQL: SHOW COLUMNS FROM `course_order` [ RunTime:0.0026s ]
SQL: SELECT COUNT(*) AS tp_count FROM course_order o left join course c on c.id = o.course_id INNER JOIN member m on m.id = o.user_id INNER JOIN branch b on b.id = c.branchId  WHERE c.branchId = null AND o.status IN ('1','2') ORDER BY o.id LIMIT 1   [ RunTime:0.0008s ]

[ 2016-08-13T21:36:21+08:00 ] 114.245.89.194 /grocery.php?m=Grocery&c=Login&a=index
INFO: [ app_init ] --START--
INFO: Run Behavior\BuildLiteBehavior [ RunTime:0.000064s ]
INFO: [ app_init ] --END-- [ RunTime:0.001374s ]
INFO: [ app_begin ] --START--
INFO: Run Behavior\ReadHtmlCacheBehavior [ RunTime:0.002125s ]
INFO: [ app_begin ] --END-- [ RunTime:0.002228s ]
INFO: [ view_parse ] --START--
INFO: [ template_filter ] --START--
INFO: Run Behavior\ContentReplaceBehavior [ RunTime:0.000121s ]
INFO: [ template_filter ] --END-- [ RunTime:0.000303s ]
INFO: Run Behavior\ParseTemplateBehavior [ RunTime:0.019746s ]
INFO: [ view_parse ] --END-- [ RunTime:0.019867s ]
INFO: [ view_filter ] --START--
INFO: Run Behavior\WriteHtmlCacheBehavior [ RunTime:0.000636s ]
INFO: [ view_filter ] --END-- [ RunTime:0.000799s ]
INFO: [ app_end ] --START--
INFO: Run Behavior\ShowPageTraceBehavior [ RunTime:0.001926s ]
INFO: [ app_end ] --END-- [ RunTime:0.002018s ]

[ 2016-08-13T21:36:21+08:00 ] 114.245.89.194 /grocery.php?m=Grocery&c=Order&a=index&m=Grocery&status=no_process&p=4
INFO: [ app_init ] --START--
INFO: Run Behavior\BuildLiteBehavior [ RunTime:0.000045s ]
INFO: [ app_init ] --END-- [ RunTime:0.001387s ]
INFO: [ app_begin ] --START--
INFO: Run Behavior\ReadHtmlCacheBehavior [ RunTime:0.001901s ]
INFO: [ app_begin ] --END-- [ RunTime:0.002032s ]
NOTIC: [8] Undefined variable: branch /var/www/virtual/xbkt/home/wwwroot/Application/Grocery/Controller/BaseController.class.php 第 17 行.
NOTIC: [8] Undefined index: branchId /var/www/virtual/xbkt/home/wwwroot/Application/Grocery/Controller/BaseController.class.php 第 20 行.
SQL: SHOW COLUMNS FROM `course_order` [ RunTime:0.0036s ]
SQL: SELECT COUNT(*) AS tp_count FROM course_order o left join course c on c.id = o.course_id INNER JOIN member m on m.id = o.user_id INNER JOIN branch b on b.id = c.branchId  WHERE c.branchId = null AND o.status IN ('1','2') ORDER BY o.id LIMIT 1   [ RunTime:0.0018s ]

[ 2016-08-13T21:36:21+08:00 ] 114.245.89.194 /grocery.php?m=Grocery&c=Login&a=index
INFO: [ app_init ] --START--
INFO: Run Behavior\BuildLiteBehavior [ RunTime:0.000043s ]
INFO: [ app_init ] --END-- [ RunTime:0.001230s ]
INFO: [ app_begin ] --START--
INFO: Run Behavior\ReadHtmlCacheBehavior [ RunTime:0.001712s ]
INFO: [ app_begin ] --END-- [ RunTime:0.001815s ]
INFO: [ view_parse ] --START--
INFO: [ template_filter ] --START--
INFO: Run Behavior\ContentReplaceBehavior [ RunTime:0.000105s ]
INFO: [ template_filter ] --END-- [ RunTime:0.000206s ]
INFO: Run Behavior\ParseTemplateBehavior [ RunTime:0.018225s ]
INFO: [ view_parse ] --END-- [ RunTime:0.018317s ]
INFO: [ view_filter ] --START--
INFO: Run Behavior\WriteHtmlCacheBehavior [ RunTime:0.000529s ]
INFO: [ view_filter ] --END-- [ RunTime:0.000630s ]
INFO: [ app_end ] --START--
INFO: Run Behavior\ShowPageTraceBehavior [ RunTime:0.001839s ]
INFO: [ app_end ] --END-- [ RunTime:0.001930s ]

[ 2016-08-13T21:36:22+08:00 ] 114.245.89.194 /grocery.php?m=Grocery&c=Order&a=index&m=Grocery&status=no_process&p=3
INFO: [ app_init ] --START--
INFO: Run Behavior\BuildLiteBehavior [ RunTime:0.000024s ]
INFO: [ app_init ] --END-- [ RunTime:0.000610s ]
INFO: [ app_begin ] --START--
INFO: Run Behavior\ReadHtmlCacheBehavior [ RunTime:0.000853s ]
INFO: [ app_begin ] --END-- [ RunTime:0.000905s ]
NOTIC: [8] Undefined variable: branch /var/www/virtual/xbkt/home/wwwroot/Application/Grocery/Controller/BaseController.class.php 第 17 行.
NOTIC: [8] Undefined index: branchId /var/www/virtual/xbkt/home/wwwroot/Application/Grocery/Controller/BaseController.class.php 第 20 行.
SQL: SHOW COLUMNS FROM `course_order` [ RunTime:0.0024s ]
SQL: SELECT COUNT(*) AS tp_count FROM course_order o left join course c on c.id = o.course_id INNER JOIN member m on m.id = o.user_id INNER JOIN branch b on b.id = c.branchId  WHERE c.branchId = null AND o.status IN ('1','2') ORDER BY o.id LIMIT 1   [ RunTime:0.0009s ]

[ 2016-08-13T21:36:22+08:00 ] 114.245.89.194 /grocery.php?m=Grocery&c=Login&a=index
INFO: [ app_init ] --START--
INFO: Run Behavior\BuildLiteBehavior [ RunTime:0.000022s ]
INFO: [ app_init ] --END-- [ RunTime:0.000595s ]
INFO: [ app_begin ] --START--
INFO: Run Behavior\ReadHtmlCacheBehavior [ RunTime:0.000806s ]
INFO: [ app_begin ] --END-- [ RunTime:0.000858s ]
INFO: [ view_parse ] --START--
INFO: [ template_filter ] --START--
INFO: Run Behavior\ContentReplaceBehavior [ RunTime:0.000051s ]
INFO: [ template_filter ] --END-- [ RunTime:0.000109s ]
INFO: Run Behavior\ParseTemplateBehavior [ RunTime:0.009081s ]
INFO: [ view_parse ] --END-- [ RunTime:0.009128s ]
INFO: [ view_filter ] --START--
INFO: Run Behavior\WriteHtmlCacheBehavior [ RunTime:0.000255s ]
INFO: [ view_filter ] --END-- [ RunTime:0.000297s ]
INFO: [ app_end ] --START--
INFO: Run Behavior\ShowPageTraceBehavior [ RunTime:0.000907s ]
INFO: [ app_end ] --END-- [ RunTime:0.000954s ]

[ 2016-08-13T21:54:33+08:00 ] 114.245.89.194 /grocery.php?m=Grocery&c=Order&a=index&m=Grocery&status=no_process&p=3
INFO: [ app_init ] --START--
INFO: Run Behavior\BuildLiteBehavior [ RunTime:0.000061s ]
INFO: [ app_init ] --END-- [ RunTime:0.001320s ]
INFO: [ app_begin ] --START--
INFO: Run Behavior\ReadHtmlCacheBehavior [ RunTime:0.001692s ]
INFO: [ app_begin ] --END-- [ RunTime:0.001814s ]
SQL: SHOW COLUMNS FROM `branch_account` [ RunTime:0.0029s ]
SQL: SELECT `type` FROM `branch_account` WHERE ( id = 7 ) LIMIT 1   [ RunTime:0.0009s ]
SQL: SHOW COLUMNS FROM `course_order` [ RunTime:0.0029s ]
SQL: SELECT COUNT(*) AS tp_count FROM course_order o left join course c on c.id = o.course_id INNER JOIN member m on m.id = o.user_id INNER JOIN branch b on b.id = c.branchId  WHERE c.branchId = '4' AND o.status IN ('1','2') ORDER BY o.id LIMIT 1   [ RunTime:0.0013s ]
SQL: SELECT `type` FROM `branch_account` WHERE ( id = 7 ) LIMIT 1   [ RunTime:0.0008s ]
SQL: SELECT COUNT(*) AS tp_count FROM course_order o left join course c on c.id = o.course_id INNER JOIN branch b on b.id = c.branchId INNER JOIN member m on m.id = o.user_id  WHERE o.status IN (1,2) AND c.branchId = '4' LIMIT 1   [ RunTime:0.0010s ]
SQL: SELECT o.*,m.username,c.name,c.image,c.extension,c.extensionimg,c.price FROM course_order o INNER JOIN course c on c.id = o.course_id INNER JOIN member m on m.id = o.user_id INNER JOIN branch b on b.id = c.branchId  WHERE o.status IN (1,2) AND c.branchId = '4' ORDER BY o.id DESC LIMIT 12,6   [ RunTime:0.0017s ]
INFO: [ view_parse ] --START--
INFO: [ template_filter ] --START--
INFO: Run Behavior\ContentReplaceBehavior [ RunTime:0.000224s ]
INFO: [ template_filter ] --END-- [ RunTime:0.000339s ]
INFO: Run Behavior\ParseTemplateBehavior [ RunTime:0.039599s ]
INFO: [ view_parse ] --END-- [ RunTime:0.039735s ]
INFO: [ view_filter ] --START--
INFO: Run Behavior\WriteHtmlCacheBehavior [ RunTime:0.000729s ]
INFO: [ view_filter ] --END-- [ RunTime:0.000831s ]
INFO: [ app_end ] --START--
INFO: Run Behavior\ShowPageTraceBehavior [ RunTime:0.002323s ]
INFO: [ app_end ] --END-- [ RunTime:0.002555s ]

[ 2016-08-13T21:54:42+08:00 ] 114.245.89.194 /grocery.php?m=Grocery&c=Order&a=index&m=Grocery&status=no_process&p=1
INFO: [ app_init ] --START--
INFO: Run Behavior\BuildLiteBehavior [ RunTime:0.000044s ]
INFO: [ app_init ] --END-- [ RunTime:0.001307s ]
INFO: [ app_begin ] --START--
INFO: Run Behavior\ReadHtmlCacheBehavior [ RunTime:0.001907s ]
INFO: [ app_begin ] --END-- [ RunTime:0.002009s ]
SQL: SHOW COLUMNS FROM `branch_account` [ RunTime:0.0040s ]
SQL: SELECT `type` FROM `branch_account` WHERE ( id = 7 ) LIMIT 1   [ RunTime:0.0018s ]
SQL: SHOW COLUMNS FROM `course_order` [ RunTime:0.0027s ]
SQL: SELECT COUNT(*) AS tp_count FROM course_order o left join course c on c.id = o.course_id INNER JOIN member m on m.id = o.user_id INNER JOIN branch b on b.id = c.branchId  WHERE c.branchId = '4' AND o.status IN ('1','2') ORDER BY o.id LIMIT 1   [ RunTime:0.0009s ]
SQL: SELECT `type` FROM `branch_account` WHERE ( id = 7 ) LIMIT 1   [ RunTime:0.0018s ]
SQL: SELECT COUNT(*) AS tp_count FROM course_order o left join course c on c.id = o.course_id INNER JOIN branch b on b.id = c.branchId INNER JOIN member m on m.id = o.user_id  WHERE o.status IN (1,2) AND c.branchId = '4' LIMIT 1   [ RunTime:0.0007s ]
SQL: SELECT o.*,m.username,c.name,c.image,c.extension,c.extensionimg,c.price FROM course_order o INNER JOIN course c on c.id = o.course_id INNER JOIN member m on m.id = o.user_id INNER JOIN branch b on b.id = c.branchId  WHERE o.status IN (1,2) AND c.branchId = '4' ORDER BY o.id DESC LIMIT 0,6   [ RunTime:0.0016s ]
INFO: [ view_parse ] --START--
INFO: [ template_filter ] --START--
INFO: Run Behavior\ContentReplaceBehavior [ RunTime:0.000184s ]
INFO: [ template_filter ] --END-- [ RunTime:0.000351s ]
INFO: Run Behavior\ParseTemplateBehavior [ RunTime:0.051683s ]
INFO: [ view_parse ] --END-- [ RunTime:0.051887s ]
INFO: [ view_filter ] --START--
INFO: Run Behavior\WriteHtmlCacheBehavior [ RunTime:0.000700s ]
INFO: [ view_filter ] --END-- [ RunTime:0.000843s ]
INFO: [ app_end ] --START--
INFO: Run Behavior\ShowPageTraceBehavior [ RunTime:0.002373s ]
INFO: [ app_end ] --END-- [ RunTime:0.002471s ]

[ 2016-08-13T21:54:57+08:00 ] 114.245.89.194 /grocery.php?m=Grocery&c=order&a=update&id=191
INFO: [ app_init ] --START--
INFO: Run Behavior\BuildLiteBehavior [ RunTime:0.000042s ]
INFO: [ app_init ] --END-- [ RunTime:0.002930s ]
INFO: [ app_begin ] --START--
INFO: Run Behavior\ReadHtmlCacheBehavior [ RunTime:0.001755s ]
INFO: [ app_begin ] --END-- [ RunTime:0.001858s ]
SQL: SHOW COLUMNS FROM `branch_account` [ RunTime:0.0025s ]
SQL: SELECT `type` FROM `branch_account` WHERE ( id = 7 ) LIMIT 1   [ RunTime:0.0011s ]
SQL: SHOW COLUMNS FROM `course_order` [ RunTime:0.0024s ]
SQL: SELECT COUNT(*) AS tp_count FROM course_order o left join course c on c.id = o.course_id INNER JOIN member m on m.id = o.user_id INNER JOIN branch b on b.id = c.branchId  WHERE c.branchId = '4' AND o.status IN ('1','2') ORDER BY o.id LIMIT 1   [ RunTime:0.0009s ]
SQL: SELECT o.*,m.username,c.name,c.image,c.extension,c.extensionimg,c.price FROM course_order o INNER JOIN course c on c.id = o.course_id INNER JOIN member m on m.id = o.user_id  WHERE o.id = '191' LIMIT 1   [ RunTime:0.0022s ]
INFO: [ view_parse ] --START--
INFO: [ template_filter ] --START--
INFO: Run Behavior\ContentReplaceBehavior [ RunTime:0.000240s ]
INFO: [ template_filter ] --END-- [ RunTime:0.000360s ]
INFO: Run Behavior\ParseTemplateBehavior [ RunTime:0.033101s ]
INFO: [ view_parse ] --END-- [ RunTime:0.033355s ]
INFO: [ view_filter ] --START--
INFO: Run Behavior\WriteHtmlCacheBehavior [ RunTime:0.000668s ]
INFO: [ view_filter ] --END-- [ RunTime:0.000755s ]
INFO: [ app_end ] --START--
INFO: Run Behavior\ShowPageTraceBehavior [ RunTime:0.002292s ]
INFO: [ app_end ] --END-- [ RunTime:0.002429s ]

[ 2016-08-13T21:55:55+08:00 ] 114.245.89.194 /grocery.php?m=Grocery&c=Order&a=index&m=Grocery&status=no_process&p=1
INFO: [ app_init ] --START--
INFO: Run Behavior\BuildLiteBehavior [ RunTime:0.000044s ]
INFO: [ app_init ] --END-- [ RunTime:0.001257s ]
INFO: [ app_begin ] --START--
INFO: Run Behavior\ReadHtmlCacheBehavior [ RunTime:0.001761s ]
INFO: [ app_begin ] --END-- [ RunTime:0.001867s ]
SQL: SHOW COLUMNS FROM `branch_account` [ RunTime:0.0074s ]
SQL: SELECT `type` FROM `branch_account` WHERE ( id = 7 ) LIMIT 1   [ RunTime:0.0008s ]
SQL: SHOW COLUMNS FROM `course_order` [ RunTime:0.0023s ]
SQL: SELECT COUNT(*) AS tp_count FROM course_order o left join course c on c.id = o.course_id INNER JOIN member m on m.id = o.user_id INNER JOIN branch b on b.id = c.branchId  WHERE c.branchId = '4' AND o.status IN ('1','2') ORDER BY o.id LIMIT 1   [ RunTime:0.0009s ]
SQL: SELECT `type` FROM `branch_account` WHERE ( id = 7 ) LIMIT 1   [ RunTime:0.0008s ]
SQL: SELECT COUNT(*) AS tp_count FROM course_order o left join course c on c.id = o.course_id INNER JOIN branch b on b.id = c.branchId INNER JOIN member m on m.id = o.user_id  WHERE o.status IN (1,2) AND `is_pay` = 1 AND c.branchId = '4' LIMIT 1   [ RunTime:0.0022s ]
SQL: SELECT o.*,m.username,c.name,c.image,c.extension,c.extensionimg,c.price FROM course_order o INNER JOIN course c on c.id = o.course_id INNER JOIN member m on m.id = o.user_id INNER JOIN branch b on b.id = c.branchId  WHERE o.status IN (1,2) AND `is_pay` = 1 AND c.branchId = '4' ORDER BY o.id DESC LIMIT 0,6   [ RunTime:0.0023s ]
INFO: [ view_parse ] --START--
INFO: [ template_filter ] --START--
INFO: Run Behavior\ContentReplaceBehavior [ RunTime:0.000309s ]
INFO: [ template_filter ] --END-- [ RunTime:0.000428s ]
INFO: Run Behavior\ParseTemplateBehavior [ RunTime:0.037967s ]
INFO: [ view_parse ] --END-- [ RunTime:0.038138s ]
INFO: [ view_filter ] --START--
INFO: Run Behavior\WriteHtmlCacheBehavior [ RunTime:0.000669s ]
INFO: [ view_filter ] --END-- [ RunTime:0.000769s ]
INFO: [ app_end ] --START--
INFO: Run Behavior\ShowPageTraceBehavior [ RunTime:0.002457s ]
INFO: [ app_end ] --END-- [ RunTime:0.002558s ]

[ 2016-08-13T21:56:04+08:00 ] 114.245.89.194 /grocery.php?m=Grocery&c=Order&a=index&m=Grocery&status=no_process&p=2
INFO: [ app_init ] --START--
INFO: Run Behavior\BuildLiteBehavior [ RunTime:0.000046s ]
INFO: [ app_init ] --END-- [ RunTime:0.001236s ]
INFO: [ app_begin ] --START--
INFO: Run Behavior\ReadHtmlCacheBehavior [ RunTime:0.001718s ]
INFO: [ app_begin ] --END-- [ RunTime:0.001839s ]
SQL: SHOW COLUMNS FROM `branch_account` [ RunTime:0.0029s ]
SQL: SELECT `type` FROM `branch_account` WHERE ( id = 7 ) LIMIT 1   [ RunTime:0.0008s ]
SQL: SHOW COLUMNS FROM `course_order` [ RunTime:0.0027s ]
SQL: SELECT COUNT(*) AS tp_count FROM course_order o left join course c on c.id = o.course_id INNER JOIN member m on m.id = o.user_id INNER JOIN branch b on b.id = c.branchId  WHERE c.branchId = '4' AND o.status IN ('1','2') ORDER BY o.id LIMIT 1   [ RunTime:0.0011s ]
SQL: SELECT `type` FROM `branch_account` WHERE ( id = 7 ) LIMIT 1   [ RunTime:0.0007s ]
SQL: SELECT COUNT(*) AS tp_count FROM course_order o left join course c on c.id = o.course_id INNER JOIN branch b on b.id = c.branchId INNER JOIN member m on m.id = o.user_id  WHERE o.status IN (1,2) AND `is_pay` = 1 AND c.branchId = '4' LIMIT 1   [ RunTime:0.0008s ]
SQL: SELECT o.*,m.username,c.name,c.image,c.extension,c.extensionimg,c.price FROM course_order o INNER JOIN course c on c.id = o.course_id INNER JOIN member m on m.id = o.user_id INNER JOIN branch b on b.id = c.branchId  WHERE o.status IN (1,2) AND `is_pay` = 1 AND c.branchId = '4' ORDER BY o.id DESC LIMIT 6,6   [ RunTime:0.0030s ]
INFO: [ view_parse ] --START--
INFO: [ template_filter ] --START--
INFO: Run Behavior\ContentReplaceBehavior [ RunTime:0.000180s ]
INFO: [ template_filter ] --END-- [ RunTime:0.000452s ]
INFO: Run Behavior\ParseTemplateBehavior [ RunTime:0.044392s ]
INFO: [ view_parse ] --END-- [ RunTime:0.044490s ]
INFO: [ view_filter ] --START--
INFO: Run Behavior\WriteHtmlCacheBehavior [ RunTime:0.000736s ]
INFO: [ view_filter ] --END-- [ RunTime:0.000825s ]
INFO: [ app_end ] --START--
INFO: Run Behavior\ShowPageTraceBehavior [ RunTime:0.002503s ]
INFO: [ app_end ] --END-- [ RunTime:0.002651s ]

[ 2016-08-13T21:56:08+08:00 ] 114.245.89.194 /grocery.php?m=Grocery&c=Order&a=index&m=Grocery&status=no_process&p=1
INFO: [ app_init ] --START--
INFO: Run Behavior\BuildLiteBehavior [ RunTime:0.000044s ]
INFO: [ app_init ] --END-- [ RunTime:0.001351s ]
INFO: [ app_begin ] --START--
INFO: Run Behavior\ReadHtmlCacheBehavior [ RunTime:0.001748s ]
INFO: [ app_begin ] --END-- [ RunTime:0.001852s ]
SQL: SHOW COLUMNS FROM `branch_account` [ RunTime:0.0026s ]
SQL: SELECT `type` FROM `branch_account` WHERE ( id = 7 ) LIMIT 1   [ RunTime:0.0013s ]
SQL: SHOW COLUMNS FROM `course_order` [ RunTime:0.0042s ]
SQL: SELECT COUNT(*) AS tp_count FROM course_order o left join course c on c.id = o.course_id INNER JOIN member m on m.id = o.user_id INNER JOIN branch b on b.id = c.branchId  WHERE c.branchId = '4' AND o.status IN ('1','2') ORDER BY o.id LIMIT 1   [ RunTime:0.0022s ]
SQL: SELECT `type` FROM `branch_account` WHERE ( id = 7 ) LIMIT 1   [ RunTime:0.0011s ]
SQL: SELECT COUNT(*) AS tp_count FROM course_order o left join course c on c.id = o.course_id INNER JOIN branch b on b.id = c.branchId INNER JOIN member m on m.id = o.user_id  WHERE o.status IN (1,2) AND `is_pay` = 1 AND c.branchId = '4' LIMIT 1   [ RunTime:0.0009s ]
SQL: SELECT o.*,m.username,c.name,c.image,c.extension,c.extensionimg,c.price FROM course_order o INNER JOIN course c on c.id = o.course_id INNER JOIN member m on m.id = o.user_id INNER JOIN branch b on b.id = c.branchId  WHERE o.status IN (1,2) AND `is_pay` = 1 AND c.branchId = '4' ORDER BY o.id DESC LIMIT 0,6   [ RunTime:0.0018s ]
INFO: [ view_parse ] --START--
INFO: [ template_filter ] --START--
INFO: Run Behavior\ContentReplaceBehavior [ RunTime:0.000182s ]
INFO: [ template_filter ] --END-- [ RunTime:0.000309s ]
INFO: Run Behavior\ParseTemplateBehavior [ RunTime:0.031908s ]
INFO: [ view_parse ] --END-- [ RunTime:0.032010s ]
INFO: [ view_filter ] --START--
INFO: Run Behavior\WriteHtmlCacheBehavior [ RunTime:0.000535s ]
INFO: [ view_filter ] --END-- [ RunTime:0.000639s ]
INFO: [ app_end ] --START--
INFO: Run Behavior\ShowPageTraceBehavior [ RunTime:0.002214s ]
INFO: [ app_end ] --END-- [ RunTime:0.002337s ]

[ 2016-08-13T21:56:31+08:00 ] 114.245.89.194 /grocery.php?m=Grocery&c=Order&a=index&m=Grocery&status=no_process&p=1
INFO: [ app_init ] --START--
INFO: Run Behavior\BuildLiteBehavior [ RunTime:0.000145s ]
INFO: [ app_init ] --END-- [ RunTime:0.001351s ]
INFO: [ app_begin ] --START--
INFO: Run Behavior\ReadHtmlCacheBehavior [ RunTime:0.001728s ]
INFO: [ app_begin ] --END-- [ RunTime:0.001832s ]
SQL: SHOW COLUMNS FROM `branch_account` [ RunTime:0.0029s ]
SQL: SELECT `type` FROM `branch_account` WHERE ( id = 7 ) LIMIT 1   [ RunTime:0.0012s ]
SQL: SHOW COLUMNS FROM `course_order` [ RunTime:0.0024s ]
SQL: SELECT COUNT(*) AS tp_count FROM course_order o left join course c on c.id = o.course_id INNER JOIN member m on m.id = o.user_id INNER JOIN branch b on b.id = c.branchId  WHERE c.branchId = '4' AND o.status IN ('1','2') ORDER BY o.id LIMIT 1   [ RunTime:0.0010s ]
SQL: SELECT `type` FROM `branch_account` WHERE ( id = 7 ) LIMIT 1   [ RunTime:0.0011s ]
SQL: SELECT COUNT(*) AS tp_count FROM course_order o left join course c on c.id = o.course_id INNER JOIN branch b on b.id = c.branchId INNER JOIN member m on m.id = o.user_id  WHERE o.status IN (0,1,2) AND `is_pay` = 1 AND c.branchId = '4' LIMIT 1   [ RunTime:0.0019s ]
SQL: SELECT o.*,m.username,c.name,c.image,c.extension,c.extensionimg,c.price FROM course_order o INNER JOIN course c on c.id = o.course_id INNER JOIN member m on m.id = o.user_id INNER JOIN branch b on b.id = c.branchId  WHERE o.status IN (0,1,2) AND `is_pay` = 1 AND c.branchId = '4' ORDER BY o.id DESC LIMIT 0,6   [ RunTime:0.0028s ]
INFO: [ view_parse ] --START--
INFO: [ template_filter ] --START--
INFO: Run Behavior\ContentReplaceBehavior [ RunTime:0.000300s ]
INFO: [ template_filter ] --END-- [ RunTime:0.000418s ]
INFO: Run Behavior\ParseTemplateBehavior [ RunTime:0.042303s ]
INFO: [ view_parse ] --END-- [ RunTime:0.042401s ]
INFO: [ view_filter ] --START--
INFO: Run Behavior\WriteHtmlCacheBehavior [ RunTime:0.000544s ]
INFO: [ view_filter ] --END-- [ RunTime:0.000750s ]
INFO: [ app_end ] --START--
INFO: Run Behavior\ShowPageTraceBehavior [ RunTime:0.002185s ]
INFO: [ app_end ] --END-- [ RunTime:0.002281s ]

[ 2016-08-13T21:56:41+08:00 ] 114.245.89.194 /grocery.php?m=Grocery&c=Order&a=index&m=Grocery&status=no_process&p=2
INFO: [ app_init ] --START--
INFO: Run Behavior\BuildLiteBehavior [ RunTime:0.000045s ]
INFO: [ app_init ] --END-- [ RunTime:0.001336s ]
INFO: [ app_begin ] --START--
INFO: Run Behavior\ReadHtmlCacheBehavior [ RunTime:0.001762s ]
INFO: [ app_begin ] --END-- [ RunTime:0.001885s ]
SQL: SHOW COLUMNS FROM `branch_account` [ RunTime:0.0047s ]
SQL: SELECT `type` FROM `branch_account` WHERE ( id = 7 ) LIMIT 1   [ RunTime:0.0009s ]
SQL: SHOW COLUMNS FROM `course_order` [ RunTime:0.0025s ]
SQL: SELECT COUNT(*) AS tp_count FROM course_order o left join course c on c.id = o.course_id INNER JOIN member m on m.id = o.user_id INNER JOIN branch b on b.id = c.branchId  WHERE c.branchId = '4' AND o.status IN ('1','2') ORDER BY o.id LIMIT 1   [ RunTime:0.0022s ]
SQL: SELECT `type` FROM `branch_account` WHERE ( id = 7 ) LIMIT 1   [ RunTime:0.0009s ]
SQL: SELECT COUNT(*) AS tp_count FROM course_order o left join course c on c.id = o.course_id INNER JOIN branch b on b.id = c.branchId INNER JOIN member m on m.id = o.user_id  WHERE o.status IN (0,1,2) AND `is_pay` = 1 AND c.branchId = '4' LIMIT 1   [ RunTime:0.0011s ]
SQL: SELECT o.*,m.username,c.name,c.image,c.extension,c.extensionimg,c.price FROM course_order o INNER JOIN course c on c.id = o.course_id INNER JOIN member m on m.id = o.user_id INNER JOIN branch b on b.id = c.branchId  WHERE o.status IN (0,1,2) AND `is_pay` = 1 AND c.branchId = '4' ORDER BY o.id DESC LIMIT 6,6   [ RunTime:0.0028s ]
INFO: [ view_parse ] --START--
INFO: [ template_filter ] --START--
INFO: Run Behavior\ContentReplaceBehavior [ RunTime:0.000182s ]
INFO: [ template_filter ] --END-- [ RunTime:0.000284s ]
INFO: Run Behavior\ParseTemplateBehavior [ RunTime:0.039943s ]
INFO: [ view_parse ] --END-- [ RunTime:0.040065s ]
INFO: [ view_filter ] --START--
INFO: Run Behavior\WriteHtmlCacheBehavior [ RunTime:0.000532s ]
INFO: [ view_filter ] --END-- [ RunTime:0.000626s ]
INFO: [ app_end ] --START--
INFO: Run Behavior\ShowPageTraceBehavior [ RunTime:0.001951s ]
INFO: [ app_end ] --END-- [ RunTime:0.002050s ]

[ 2016-08-13T22:16:31+08:00 ] 114.245.89.194 /grocery.php?m=Grocery&c=Order&a=index&m=Grocery&status=no_process&p=3
INFO: [ app_init ] --START--
INFO: Run Behavior\BuildLiteBehavior [ RunTime:0.000041s ]
INFO: [ app_init ] --END-- [ RunTime:0.001271s ]
INFO: [ app_begin ] --START--
INFO: Run Behavior\ReadHtmlCacheBehavior [ RunTime:0.001642s ]
INFO: [ app_begin ] --END-- [ RunTime:0.001852s ]
NOTIC: [8] Undefined variable: branch /var/www/virtual/xbkt/home/wwwroot/Application/Grocery/Controller/BaseController.class.php 第 17 行.
NOTIC: [8] Undefined index: branchId /var/www/virtual/xbkt/home/wwwroot/Application/Grocery/Controller/BaseController.class.php 第 20 行.
SQL: SHOW COLUMNS FROM `course_order` [ RunTime:0.0029s ]
SQL: SELECT COUNT(*) AS tp_count FROM course_order o left join course c on c.id = o.course_id INNER JOIN member m on m.id = o.user_id INNER JOIN branch b on b.id = c.branchId  WHERE c.branchId = null AND o.status IN ('0','1','2') AND o.is_pay = 1 ORDER BY o.id LIMIT 1   [ RunTime:0.0020s ]

[ 2016-08-13T22:16:32+08:00 ] 114.245.89.194 /grocery.php?m=Grocery&c=Login&a=index
INFO: [ app_init ] --START--
INFO: Run Behavior\BuildLiteBehavior [ RunTime:0.000059s ]
INFO: [ app_init ] --END-- [ RunTime:0.001292s ]
INFO: [ app_begin ] --START--
INFO: Run Behavior\ReadHtmlCacheBehavior [ RunTime:0.001709s ]
INFO: [ app_begin ] --END-- [ RunTime:0.001810s ]
INFO: [ view_parse ] --START--
INFO: [ template_filter ] --START--
INFO: Run Behavior\ContentReplaceBehavior [ RunTime:0.000105s ]
INFO: [ template_filter ] --END-- [ RunTime:0.000304s ]
INFO: Run Behavior\ParseTemplateBehavior [ RunTime:0.020131s ]
INFO: [ view_parse ] --END-- [ RunTime:0.020242s ]
INFO: [ view_filter ] --START--
INFO: Run Behavior\WriteHtmlCacheBehavior [ RunTime:0.000537s ]
INFO: [ view_filter ] --END-- [ RunTime:0.000621s ]
INFO: [ app_end ] --START--
INFO: Run Behavior\ShowPageTraceBehavior [ RunTime:0.002021s ]
INFO: [ app_end ] --END-- [ RunTime:0.002111s ]

[ 2016-08-13T22:16:32+08:00 ] 114.245.89.194 /grocery.php?m=Grocery&c=order&a=update&id=191
INFO: [ app_init ] --START--
INFO: Run Behavior\BuildLiteBehavior [ RunTime:0.000045s ]
INFO: [ app_init ] --END-- [ RunTime:0.001733s ]
INFO: [ app_begin ] --START--
INFO: Run Behavior\ReadHtmlCacheBehavior [ RunTime:0.001794s ]
INFO: [ app_begin ] --END-- [ RunTime:0.001898s ]
NOTIC: [8] Undefined variable: branch /var/www/virtual/xbkt/home/wwwroot/Application/Grocery/Controller/BaseController.class.php 第 17 行.
NOTIC: [8] Undefined index: branchId /var/www/virtual/xbkt/home/wwwroot/Application/Grocery/Controller/BaseController.class.php 第 20 行.
SQL: SHOW COLUMNS FROM `course_order` [ RunTime:0.0027s ]
SQL: SELECT COUNT(*) AS tp_count FROM course_order o left join course c on c.id = o.course_id INNER JOIN member m on m.id = o.user_id INNER JOIN branch b on b.id = c.branchId  WHERE c.branchId = null AND o.status IN ('0','1','2') AND o.is_pay = 1 ORDER BY o.id LIMIT 1   [ RunTime:0.0011s ]

[ 2016-08-13T22:16:32+08:00 ] 114.245.89.194 /grocery.php?m=Grocery&c=Login&a=index
INFO: [ app_init ] --START--
INFO: Run Behavior\BuildLiteBehavior [ RunTime:0.000042s ]
INFO: [ app_init ] --END-- [ RunTime:0.001448s ]
INFO: [ app_begin ] --START--
INFO: Run Behavior\ReadHtmlCacheBehavior [ RunTime:0.001746s ]
INFO: [ app_begin ] --END-- [ RunTime:0.001850s ]
INFO: [ view_parse ] --START--
INFO: [ template_filter ] --START--
INFO: Run Behavior\ContentReplaceBehavior [ RunTime:0.000102s ]
INFO: [ template_filter ] --END-- [ RunTime:0.000203s ]
INFO: Run Behavior\ParseTemplateBehavior [ RunTime:0.018788s ]
INFO: [ view_parse ] --END-- [ RunTime:0.018894s ]
INFO: [ view_filter ] --START--
INFO: Run Behavior\WriteHtmlCacheBehavior [ RunTime:0.000592s ]
INFO: [ view_filter ] --END-- [ RunTime:0.000678s ]
INFO: [ app_end ] --START--
INFO: Run Behavior\ShowPageTraceBehavior [ RunTime:0.001820s ]
INFO: [ app_end ] --END-- [ RunTime:0.001912s ]

[ 2016-08-13T22:16:33+08:00 ] 114.245.89.194 /grocery.php?m=Grocery&c=Order&a=index&m=Grocery&status=no_process&p=2
INFO: [ app_init ] --START--
INFO: Run Behavior\BuildLiteBehavior [ RunTime:0.000059s ]
INFO: [ app_init ] --END-- [ RunTime:0.001311s ]
INFO: [ app_begin ] --START--
INFO: Run Behavior\ReadHtmlCacheBehavior [ RunTime:0.001774s ]
INFO: [ app_begin ] --END-- [ RunTime:0.001878s ]
NOTIC: [8] Undefined variable: branch /var/www/virtual/xbkt/home/wwwroot/Application/Grocery/Controller/BaseController.class.php 第 17 行.
NOTIC: [8] Undefined index: branchId /var/www/virtual/xbkt/home/wwwroot/Application/Grocery/Controller/BaseController.class.php 第 20 行.
SQL: SHOW COLUMNS FROM `course_order` [ RunTime:0.0028s ]
SQL: SELECT COUNT(*) AS tp_count FROM course_order o left join course c on c.id = o.course_id INNER JOIN member m on m.id = o.user_id INNER JOIN branch b on b.id = c.branchId  WHERE c.branchId = null AND o.status IN ('0','1','2') AND o.is_pay = 1 ORDER BY o.id LIMIT 1   [ RunTime:0.0010s ]

[ 2016-08-13T22:16:33+08:00 ] 114.245.89.194 /grocery.php?m=Grocery&c=Login&a=index
INFO: [ app_init ] --START--
INFO: Run Behavior\BuildLiteBehavior [ RunTime:0.000042s ]
INFO: [ app_init ] --END-- [ RunTime:0.001405s ]
INFO: [ app_begin ] --START--
INFO: Run Behavior\ReadHtmlCacheBehavior [ RunTime:0.001744s ]
INFO: [ app_begin ] --END-- [ RunTime:0.001846s ]
INFO: [ view_parse ] --START--
INFO: [ template_filter ] --START--
INFO: Run Behavior\ContentReplaceBehavior [ RunTime:0.000102s ]
INFO: [ template_filter ] --END-- [ RunTime:0.000325s ]
INFO: Run Behavior\ParseTemplateBehavior [ RunTime:0.018364s ]
INFO: [ view_parse ] --END-- [ RunTime:0.018457s ]
INFO: [ view_filter ] --START--
INFO: Run Behavior\WriteHtmlCacheBehavior [ RunTime:0.000604s ]
INFO: [ view_filter ] --END-- [ RunTime:0.000754s ]
INFO: [ app_end ] --START--
INFO: Run Behavior\ShowPageTraceBehavior [ RunTime:0.001871s ]
INFO: [ app_end ] --END-- [ RunTime:0.001965s ]

[ 2016-08-13T22:16:33+08:00 ] 114.245.89.194 /grocery.php?m=Grocery&c=Order&a=index&m=Grocery&status=no_process&p=1
INFO: [ app_init ] --START--
INFO: Run Behavior\BuildLiteBehavior [ RunTime:0.000044s ]
INFO: [ app_init ] --END-- [ RunTime:0.001407s ]
INFO: [ app_begin ] --START--
INFO: Run Behavior\ReadHtmlCacheBehavior [ RunTime:0.001893s ]
INFO: [ app_begin ] --END-- [ RunTime:0.001998s ]
NOTIC: [8] Undefined variable: branch /var/www/virtual/xbkt/home/wwwroot/Application/Grocery/Controller/BaseController.class.php 第 17 行.
NOTIC: [8] Undefined index: branchId /var/www/virtual/xbkt/home/wwwroot/Application/Grocery/Controller/BaseController.class.php 第 20 行.
SQL: SHOW COLUMNS FROM `course_order` [ RunTime:0.0027s ]
SQL: SELECT COUNT(*) AS tp_count FROM course_order o left join course c on c.id = o.course_id INNER JOIN member m on m.id = o.user_id INNER JOIN branch b on b.id = c.branchId  WHERE c.branchId = null AND o.status IN ('0','1','2') AND o.is_pay = 1 ORDER BY o.id LIMIT 1   [ RunTime:0.0009s ]

[ 2016-08-13T22:16:33+08:00 ] 114.245.89.194 /grocery.php?m=Grocery&c=Login&a=index
INFO: [ app_init ] --START--
INFO: Run Behavior\BuildLiteBehavior [ RunTime:0.000043s ]
INFO: [ app_init ] --END-- [ RunTime:0.001273s ]
INFO: [ app_begin ] --START--
INFO: Run Behavior\ReadHtmlCacheBehavior [ RunTime:0.001800s ]
INFO: [ app_begin ] --END-- [ RunTime:0.001903s ]
INFO: [ view_parse ] --START--
INFO: [ template_filter ] --START--
INFO: Run Behavior\ContentReplaceBehavior [ RunTime:0.000100s ]
INFO: [ template_filter ] --END-- [ RunTime:0.000199s ]
INFO: Run Behavior\ParseTemplateBehavior [ RunTime:0.019723s ]
INFO: [ view_parse ] --END-- [ RunTime:0.019815s ]
INFO: [ view_filter ] --START--
INFO: Run Behavior\WriteHtmlCacheBehavior [ RunTime:0.000497s ]
INFO: [ view_filter ] --END-- [ RunTime:0.000598s ]
INFO: [ app_end ] --START--
INFO: Run Behavior\ShowPageTraceBehavior [ RunTime:0.001805s ]
INFO: [ app_end ] --END-- [ RunTime:0.001897s ]

