[ 2016-02-15T18:20:21+08:00 ] ::1 /ThinkAdmin/grocery.php?m=Grocery&c=Course&a=get_next_cate
INFO: [ app_begin ] --START--
INFO: Run Behavior\ReadHtmlCacheBehavior [ RunTime:0.000000s ]
INFO: [ app_begin ] --END-- [ RunTime:0.000000s ]
SQL: SHOW COLUMNS FROM `category` [ RunTime:0.0624s ]
SQL: SELECT * FROM `category` WHERE `pid` = 16  [ RunTime:0.0780s ]

[ 2016-02-15T18:20:23+08:00 ] ::1 /ThinkAdmin/grocery.php?m=Grocery&c=Course&a=get_next_cate
INFO: [ app_begin ] --START--
INFO: Run Behavior\ReadHtmlCacheBehavior [ RunTime:0.000000s ]
INFO: [ app_begin ] --END-- [ RunTime:0.000000s ]
SQL: SHOW COLUMNS FROM `category` [ RunTime:0.0648s ]
SQL: SELECT * FROM `category` WHERE `pid` = 15  [ RunTime:0.0780s ]

[ 2016-02-15T18:23:50+08:00 ] ::1 /ThinkAdmin/grocery.php?m=Grocery&c=course&a=update&id=8
ERR: SQLSTATE[23000]: Integrity constraint violation: 1052 Column 'id' in where clause is ambiguous

[ 2016-02-15T18:25:08+08:00 ] ::1 /ThinkAdmin/grocery.php?m=Grocery&c=course&a=update&id=8
ERR: SQLSTATE[23000]: Integrity constraint violation: 1052 Column 'id' in where clause is ambiguous

[ 2016-02-15T18:25:10+08:00 ] ::1 /ThinkAdmin/grocery.php?m=Grocery&c=course&a=update&id=8
ERR: SQLSTATE[23000]: Integrity constraint violation: 1052 Column 'id' in where clause is ambiguous

[ 2016-02-15T18:25:28+08:00 ] ::1 /ThinkAdmin/grocery.php?m=Grocery&c=course&a=update&id=8
ERR: SQLSTATE[23000]: Integrity constraint violation: 1052 Column 'id' in where clause is ambiguous

[ 2016-02-15T18:25:54+08:00 ] ::1 /ThinkAdmin/grocery.php?m=Grocery&c=course&a=update&id=8
ERR: SQLSTATE[23000]: Integrity constraint violation: 1052 Column 'id' in where clause is ambiguous

[ 2016-02-15T18:41:32+08:00 ] ::1 /ThinkAdmin/grocery.php?m=Grocery&c=Course&a=get_next_cate
INFO: [ app_begin ] --START--
INFO: Run Behavior\ReadHtmlCacheBehavior [ RunTime:0.000000s ]
INFO: [ app_begin ] --END-- [ RunTime:0.000000s ]
SQL: SHOW COLUMNS FROM `category` [ RunTime:0.0780s ]
SQL: SELECT * FROM `category` WHERE `pid` = 16  [ RunTime:0.0624s ]

[ 2016-02-15T18:43:06+08:00 ] ::1 /ThinkAdmin/grocery.php?m=Grocery&c=Course&a=get_next_cate
INFO: [ app_begin ] --START--
INFO: Run Behavior\ReadHtmlCacheBehavior [ RunTime:0.000000s ]
INFO: [ app_begin ] --END-- [ RunTime:0.000000s ]
SQL: SHOW COLUMNS FROM `category` [ RunTime:0.0668s ]
SQL: SELECT * FROM `category` WHERE `pid` = 16  [ RunTime:0.0780s ]

[ 2016-02-15T18:44:14+08:00 ] ::1 /ThinkAdmin/grocery.php?m=Grocery&c=Course&a=get_next_cate
INFO: [ app_begin ] --START--
INFO: Run Behavior\ReadHtmlCacheBehavior [ RunTime:0.000000s ]
INFO: [ app_begin ] --END-- [ RunTime:0.015600s ]
SQL: SHOW COLUMNS FROM `category` [ RunTime:0.0684s ]
SQL: SELECT * FROM `category` WHERE `pid` = 18  [ RunTime:0.0624s ]

[ 2016-02-15T18:47:35+08:00 ] ::1 /ThinkAdmin/grocery.php?m=Grocery&c=Course&a=get_next_cate
INFO: [ app_begin ] --START--
INFO: Run Behavior\ReadHtmlCacheBehavior [ RunTime:0.000000s ]
INFO: [ app_begin ] --END-- [ RunTime:0.002000s ]
SQL: SHOW COLUMNS FROM `category` [ RunTime:0.0624s ]
SQL: SELECT * FROM `category` WHERE `pid` = 16  [ RunTime:0.0780s ]

[ 2016-02-15T18:48:56+08:00 ] ::1 /ThinkAdmin/grocery.php?m=Grocery&c=Course&a=get_next_cate
INFO: [ app_begin ] --START--
INFO: Run Behavior\ReadHtmlCacheBehavior [ RunTime:0.001000s ]
INFO: [ app_begin ] --END-- [ RunTime:0.001000s ]
SQL: SHOW COLUMNS FROM `category` [ RunTime:0.0624s ]
SQL: SELECT * FROM `category` WHERE `pid` = 18  [ RunTime:0.0624s ]

[ 2016-02-15T19:02:15+08:00 ] ::1 /ThinkAdmin/grocery.php?m=Grocery&c=Course&a=get_next_cate
INFO: [ app_begin ] --START--
INFO: Run Behavior\ReadHtmlCacheBehavior [ RunTime:0.000000s ]
INFO: [ app_begin ] --END-- [ RunTime:0.000000s ]
SQL: SHOW COLUMNS FROM `category` [ RunTime:0.0624s ]
SQL: SELECT * FROM `category` WHERE `pid` = 16  [ RunTime:0.0780s ]

[ 2016-02-15T19:15:18+08:00 ] ::1 /ThinkAdmin/grocery.php?m=Grocery&c=Course&a=get_next_cate
INFO: [ app_begin ] --START--
INFO: Run Behavior\ReadHtmlCacheBehavior [ RunTime:0.000000s ]
INFO: [ app_begin ] --END-- [ RunTime:0.000000s ]
SQL: SHOW COLUMNS FROM `category` [ RunTime:0.0668s ]
SQL: SELECT * FROM `category` WHERE `pid` = 21  [ RunTime:0.0780s ]

[ 2016-02-15T19:24:07+08:00 ] ::1 /ThinkAdmin/grocery.php?m=Grocery&c=Course&a=get_next_cate
INFO: [ app_begin ] --START--
INFO: Run Behavior\ReadHtmlCacheBehavior [ RunTime:0.001000s ]
INFO: [ app_begin ] --END-- [ RunTime:0.001000s ]
SQL: SHOW COLUMNS FROM `category` [ RunTime:0.0714s ]
SQL: SELECT * FROM `category` WHERE `pid` = 18  [ RunTime:0.0780s ]

[ 2016-02-15T19:25:54+08:00 ] ::1 /ThinkAdmin/grocery.php?m=Grocery&c=Course&a=get_next_cate
INFO: [ app_begin ] --START--
INFO: Run Behavior\ReadHtmlCacheBehavior [ RunTime:0.000000s ]
INFO: [ app_begin ] --END-- [ RunTime:0.000000s ]
SQL: SHOW COLUMNS FROM `category` [ RunTime:0.0624s ]
SQL: SELECT * FROM `category` WHERE `pid` = 16  [ RunTime:0.0780s ]

[ 2016-02-15T19:26:45+08:00 ] ::1 /ThinkAdmin/grocery.php?m=Grocery&c=Course&a=get_next_cate
INFO: [ app_begin ] --START--
INFO: Run Behavior\ReadHtmlCacheBehavior [ RunTime:0.000000s ]
INFO: [ app_begin ] --END-- [ RunTime:0.000000s ]
SQL: SHOW COLUMNS FROM `category` [ RunTime:0.0780s ]
SQL: SELECT * FROM `category` WHERE `pid` = 15  [ RunTime:0.0624s ]

[ 2016-02-15T19:26:47+08:00 ] ::1 /ThinkAdmin/grocery.php?m=Grocery&c=Course&a=get_next_cate
INFO: [ app_begin ] --START--
INFO: Run Behavior\ReadHtmlCacheBehavior [ RunTime:0.000000s ]
INFO: [ app_begin ] --END-- [ RunTime:0.000000s ]
SQL: SHOW COLUMNS FROM `category` [ RunTime:0.0624s ]
SQL: SELECT * FROM `category` WHERE `pid` = 21  [ RunTime:0.0800s ]

[ 2016-02-15T19:28:00+08:00 ] ::1 /ThinkAdmin/grocery.php?m=Grocery&c=Course&a=get_next_cate
INFO: [ app_begin ] --START--
INFO: Run Behavior\ReadHtmlCacheBehavior [ RunTime:0.000000s ]
INFO: [ app_begin ] --END-- [ RunTime:0.000000s ]
SQL: SHOW COLUMNS FROM `category` [ RunTime:0.0684s ]
SQL: SELECT * FROM `category` WHERE `pid` = 16  [ RunTime:0.0624s ]

