[ 2016-08-17T10:41:53+08:00 ] 114.113.113.83 /grocery.php
INFO: [ app_init ] --START--
INFO: Run Behavior\BuildLiteBehavior [ RunTime:0.000146s ]
INFO: [ app_init ] --END-- [ RunTime:0.001847s ]
INFO: [ app_begin ] --START--
INFO: Run Behavior\ReadHtmlCacheBehavior [ RunTime:0.003030s ]
INFO: [ app_begin ] --END-- [ RunTime:0.003203s ]
NOTIC: [8] Undefined variable: branch /var/www/virtual/xbkt/home/wwwroot/Application/Grocery/Controller/BaseController.class.php 第 17 行.
NOTIC: [8] Undefined index: branchId /var/www/virtual/xbkt/home/wwwroot/Application/Grocery/Controller/BaseController.class.php 第 20 行.
SQL: SHOW COLUMNS FROM `course_order` [ RunTime:0.0040s ]
SQL: SELECT COUNT(*) AS tp_count FROM course_order o left join course c on c.id = o.course_id INNER JOIN member m on m.id = o.user_id INNER JOIN branch b on b.id = c.branchId  WHERE c.branchId = null AND o.status IN ('0','1','2') AND o.is_pay = 1 ORDER BY o.id LIMIT 1   [ RunTime:0.0055s ]

[ 2016-08-17T10:41:54+08:00 ] 114.113.113.83 /grocery.php?m=Grocery&c=Login&a=index
INFO: [ app_init ] --START--
INFO: Run Behavior\BuildLiteBehavior [ RunTime:0.000046s ]
INFO: [ app_init ] --END-- [ RunTime:0.001432s ]
INFO: [ app_begin ] --START--
INFO: Run Behavior\ReadHtmlCacheBehavior [ RunTime:0.013301s ]
INFO: [ app_begin ] --END-- [ RunTime:0.013519s ]
INFO: [ view_parse ] --START--
INFO: [ template_filter ] --START--
INFO: Run Behavior\ContentReplaceBehavior [ RunTime:0.000140s ]
INFO: [ template_filter ] --END-- [ RunTime:0.000293s ]
INFO: Run Behavior\ParseTemplateBehavior [ RunTime:0.044891s ]
INFO: [ view_parse ] --END-- [ RunTime:0.045022s ]
INFO: [ view_filter ] --START--
INFO: Run Behavior\WriteHtmlCacheBehavior [ RunTime:0.000711s ]
INFO: [ view_filter ] --END-- [ RunTime:0.000833s ]
INFO: [ app_end ] --START--
INFO: Run Behavior\ShowPageTraceBehavior [ RunTime:0.002471s ]
INFO: [ app_end ] --END-- [ RunTime:0.002624s ]

[ 2016-08-17T10:41:54+08:00 ] 114.113.113.83 /grocery.php?m=Grocery&c=login&a=verify
INFO: [ app_init ] --START--
INFO: Run Behavior\BuildLiteBehavior [ RunTime:0.000036s ]
INFO: [ app_init ] --END-- [ RunTime:0.001212s ]
INFO: [ app_begin ] --START--
INFO: Run Behavior\ReadHtmlCacheBehavior [ RunTime:0.001338s ]
INFO: [ app_begin ] --END-- [ RunTime:0.001456s ]
INFO: [ app_end ] --START--
INFO: Run Behavior\ShowPageTraceBehavior [ RunTime:0.002172s ]
INFO: [ app_end ] --END-- [ RunTime:0.002298s ]

[ 2016-08-17T10:42:00+08:00 ] 114.113.113.83 /grocery.php?m=Grocery&c=login&a=login
INFO: [ app_init ] --START--
INFO: Run Behavior\BuildLiteBehavior [ RunTime:0.000034s ]
INFO: [ app_init ] --END-- [ RunTime:0.001013s ]
INFO: [ app_begin ] --START--
INFO: Run Behavior\ReadHtmlCacheBehavior [ RunTime:0.001334s ]
INFO: [ app_begin ] --END-- [ RunTime:0.001429s ]
SQL: SHOW COLUMNS FROM `branch_account` [ RunTime:0.0029s ]
SQL: SELECT * FROM `branch_account` WHERE `username` = 'yueping_1' AND `password` = 'e10adc3949ba59abbe56e057f20f883e' LIMIT 1   [ RunTime:0.0020s ]
SQL: SHOW COLUMNS FROM `grocery` [ RunTime:0.0067s ]
SQL: SELECT * FROM `grocery` WHERE ( id = 2 ) LIMIT 1   [ RunTime:0.0015s ]
INFO: [ view_parse ] --START--
INFO: [ template_filter ] --START--
INFO: Run Behavior\ContentReplaceBehavior [ RunTime:0.000072s ]
INFO: [ template_filter ] --END-- [ RunTime:0.000160s ]
INFO: Run Behavior\ParseTemplateBehavior [ RunTime:0.025687s ]
INFO: [ view_parse ] --END-- [ RunTime:0.025902s ]
INFO: [ view_filter ] --START--
INFO: Run Behavior\WriteHtmlCacheBehavior [ RunTime:0.000472s ]
INFO: [ view_filter ] --END-- [ RunTime:0.000539s ]
INFO: [ app_end ] --START--
INFO: Run Behavior\ShowPageTraceBehavior [ RunTime:0.001644s ]
INFO: [ app_end ] --END-- [ RunTime:0.001727s ]

[ 2016-08-17T10:42:02+08:00 ] 114.113.113.83 /grocery.php?m=Grocery&c=Index&a=index
INFO: [ app_init ] --START--
INFO: Run Behavior\BuildLiteBehavior [ RunTime:0.000041s ]
INFO: [ app_init ] --END-- [ RunTime:0.001177s ]
INFO: [ app_begin ] --START--
INFO: Run Behavior\ReadHtmlCacheBehavior [ RunTime:0.001576s ]
INFO: [ app_begin ] --END-- [ RunTime:0.001774s ]
SQL: SHOW COLUMNS FROM `branch_account` [ RunTime:0.2113s ]
SQL: SELECT `type` FROM `branch_account` WHERE ( id = 7 ) LIMIT 1   [ RunTime:0.0016s ]
SQL: SHOW COLUMNS FROM `course_order` [ RunTime:0.0027s ]
SQL: SELECT COUNT(*) AS tp_count FROM course_order o left join course c on c.id = o.course_id INNER JOIN member m on m.id = o.user_id INNER JOIN branch b on b.id = c.branchId  WHERE c.branchId = '4' AND o.status IN ('0','1','2') AND o.is_pay = 1 ORDER BY o.id LIMIT 1   [ RunTime:0.0020s ]
INFO: [ view_parse ] --START--
INFO: [ template_filter ] --START--
INFO: Run Behavior\ContentReplaceBehavior [ RunTime:0.000148s ]
INFO: [ template_filter ] --END-- [ RunTime:0.000251s ]
INFO: Run Behavior\ParseTemplateBehavior [ RunTime:0.043711s ]
INFO: [ view_parse ] --END-- [ RunTime:0.043803s ]
INFO: [ view_filter ] --START--
INFO: Run Behavior\WriteHtmlCacheBehavior [ RunTime:0.000483s ]
INFO: [ view_filter ] --END-- [ RunTime:0.000563s ]
INFO: [ app_end ] --START--
INFO: Run Behavior\ShowPageTraceBehavior [ RunTime:0.001617s ]
INFO: [ app_end ] --END-- [ RunTime:0.001713s ]

[ 2016-08-17T10:42:07+08:00 ] 114.113.113.83 /grocery.php?m=Grocery&c=course&a=index
INFO: [ app_init ] --START--
INFO: Run Behavior\BuildLiteBehavior [ RunTime:0.000020s ]
INFO: [ app_init ] --END-- [ RunTime:0.000642s ]
INFO: [ app_begin ] --START--
INFO: Run Behavior\ReadHtmlCacheBehavior [ RunTime:0.000832s ]
INFO: [ app_begin ] --END-- [ RunTime:0.000904s ]
SQL: SHOW COLUMNS FROM `branch_account` [ RunTime:0.0024s ]
SQL: SELECT `type` FROM `branch_account` WHERE ( id = 7 ) LIMIT 1   [ RunTime:0.0009s ]
SQL: SHOW COLUMNS FROM `course_order` [ RunTime:0.0028s ]
SQL: SELECT COUNT(*) AS tp_count FROM course_order o left join course c on c.id = o.course_id INNER JOIN member m on m.id = o.user_id INNER JOIN branch b on b.id = c.branchId  WHERE c.branchId = '4' AND o.status IN ('0','1','2') AND o.is_pay = 1 ORDER BY o.id LIMIT 1   [ RunTime:0.0011s ]
SQL: SHOW COLUMNS FROM `course` [ RunTime:0.0023s ]
SQL: SELECT `type` FROM `branch_account` WHERE ( id = 7 ) LIMIT 1   [ RunTime:0.0010s ]
SQL: SELECT COUNT(*) AS tp_count FROM `course` left join branch b on b.id = course.branchId  WHERE `branchId` = '4' LIMIT 1   [ RunTime:0.0015s ]
SQL: SELECT course.*,branch.braName,branch.area,branch.circle FROM `course` INNER JOIN branch on course.branchId=branch.id  WHERE `branchId` = '4' ORDER BY course.id DESC LIMIT 0,6   [ RunTime:0.0020s ]
INFO: [ view_parse ] --START--
INFO: [ template_filter ] --START--
INFO: Run Behavior\ContentReplaceBehavior [ RunTime:0.000140s ]
INFO: [ template_filter ] --END-- [ RunTime:0.000238s ]
INFO: Run Behavior\ParseTemplateBehavior [ RunTime:0.050696s ]
INFO: [ view_parse ] --END-- [ RunTime:0.050787s ]
INFO: [ view_filter ] --START--
INFO: Run Behavior\WriteHtmlCacheBehavior [ RunTime:0.000430s ]
INFO: [ view_filter ] --END-- [ RunTime:0.000492s ]
INFO: [ app_end ] --START--
INFO: Run Behavior\ShowPageTraceBehavior [ RunTime:0.001705s ]
INFO: [ app_end ] --END-- [ RunTime:0.001792s ]

[ 2016-08-17T10:42:08+08:00 ] 114.113.113.83 /grocery.php?m=Grocery&c=course&a=addCourse
INFO: [ app_init ] --START--
INFO: Run Behavior\BuildLiteBehavior [ RunTime:0.000025s ]
INFO: [ app_init ] --END-- [ RunTime:0.000764s ]
INFO: [ app_begin ] --START--
INFO: Run Behavior\ReadHtmlCacheBehavior [ RunTime:0.002381s ]
INFO: [ app_begin ] --END-- [ RunTime:0.002496s ]
SQL: SHOW COLUMNS FROM `branch_account` [ RunTime:0.0032s ]
SQL: SELECT `type` FROM `branch_account` WHERE ( id = 7 ) LIMIT 1   [ RunTime:0.0008s ]
SQL: SHOW COLUMNS FROM `course_order` [ RunTime:0.0025s ]
SQL: SELECT COUNT(*) AS tp_count FROM course_order o left join course c on c.id = o.course_id INNER JOIN member m on m.id = o.user_id INNER JOIN branch b on b.id = c.branchId  WHERE c.branchId = '4' AND o.status IN ('0','1','2') AND o.is_pay = 1 ORDER BY o.id LIMIT 1   [ RunTime:0.0008s ]
SQL: SHOW COLUMNS FROM `category` [ RunTime:0.0024s ]
SQL: SELECT * FROM `category` WHERE ( pid=0 )  [ RunTime:0.0019s ]
SQL: SHOW COLUMNS FROM `branch` [ RunTime:0.0031s ]
SQL: SELECT `id`,`braName` FROM `branch` WHERE ( groId = 2 )  [ RunTime:0.0034s ]
INFO: [ view_parse ] --START--
INFO: [ template_filter ] --START--
INFO: Run Behavior\ContentReplaceBehavior [ RunTime:0.000165s ]
INFO: [ template_filter ] --END-- [ RunTime:0.000267s ]
INFO: Run Behavior\ParseTemplateBehavior [ RunTime:0.036378s ]
INFO: [ view_parse ] --END-- [ RunTime:0.036449s ]
INFO: [ view_filter ] --START--
INFO: Run Behavior\WriteHtmlCacheBehavior [ RunTime:0.000379s ]
INFO: [ view_filter ] --END-- [ RunTime:0.000476s ]
INFO: [ app_end ] --START--
INFO: Run Behavior\ShowPageTraceBehavior [ RunTime:0.001477s ]
INFO: [ app_end ] --END-- [ RunTime:0.001582s ]

[ 2016-08-17T10:42:12+08:00 ] 114.113.113.83 /grocery.php?m=Grocery&c=course&a=addCourse
INFO: [ app_init ] --START--
INFO: Run Behavior\BuildLiteBehavior [ RunTime:0.000043s ]
INFO: [ app_init ] --END-- [ RunTime:0.001332s ]
INFO: [ app_begin ] --START--
INFO: Run Behavior\ReadHtmlCacheBehavior [ RunTime:0.001832s ]
INFO: [ app_begin ] --END-- [ RunTime:0.001951s ]
SQL: SHOW COLUMNS FROM `branch_account` [ RunTime:0.0046s ]
SQL: SELECT `type` FROM `branch_account` WHERE ( id = 7 ) LIMIT 1   [ RunTime:0.0038s ]
SQL: SHOW COLUMNS FROM `course_order` [ RunTime:0.0026s ]
SQL: SELECT COUNT(*) AS tp_count FROM course_order o left join course c on c.id = o.course_id INNER JOIN member m on m.id = o.user_id INNER JOIN branch b on b.id = c.branchId  WHERE c.branchId = '4' AND o.status IN ('0','1','2') AND o.is_pay = 1 ORDER BY o.id LIMIT 1   [ RunTime:0.0011s ]
SQL: SHOW COLUMNS FROM `category` [ RunTime:0.0033s ]
SQL: SELECT * FROM `category` WHERE ( pid=0 )  [ RunTime:0.0012s ]
SQL: SHOW COLUMNS FROM `branch` [ RunTime:0.0092s ]
SQL: SELECT `id`,`braName` FROM `branch` WHERE ( groId = 2 )  [ RunTime:0.0019s ]
INFO: [ view_parse ] --START--
INFO: [ template_filter ] --START--
INFO: Run Behavior\ContentReplaceBehavior [ RunTime:0.000168s ]
INFO: [ template_filter ] --END-- [ RunTime:0.000281s ]
INFO: Run Behavior\ParseTemplateBehavior [ RunTime:0.042607s ]
INFO: [ view_parse ] --END-- [ RunTime:0.042780s ]
INFO: [ view_filter ] --START--
INFO: Run Behavior\WriteHtmlCacheBehavior [ RunTime:0.000445s ]
INFO: [ view_filter ] --END-- [ RunTime:0.000513s ]
INFO: [ app_end ] --START--
INFO: Run Behavior\ShowPageTraceBehavior [ RunTime:0.001535s ]
INFO: [ app_end ] --END-- [ RunTime:0.001616s ]

[ 2016-08-17T10:42:17+08:00 ] 114.113.113.83 /grocery.php?m=Grocery&c=course&a=index
INFO: [ app_init ] --START--
INFO: Run Behavior\BuildLiteBehavior [ RunTime:0.000061s ]
INFO: [ app_init ] --END-- [ RunTime:0.001250s ]
INFO: [ app_begin ] --START--
INFO: Run Behavior\ReadHtmlCacheBehavior [ RunTime:0.001753s ]
INFO: [ app_begin ] --END-- [ RunTime:0.001856s ]
SQL: SHOW COLUMNS FROM `branch_account` [ RunTime:0.0038s ]
SQL: SELECT `type` FROM `branch_account` WHERE ( id = 7 ) LIMIT 1   [ RunTime:0.0017s ]
SQL: SHOW COLUMNS FROM `course_order` [ RunTime:0.0024s ]
SQL: SELECT COUNT(*) AS tp_count FROM course_order o left join course c on c.id = o.course_id INNER JOIN member m on m.id = o.user_id INNER JOIN branch b on b.id = c.branchId  WHERE c.branchId = '4' AND o.status IN ('0','1','2') AND o.is_pay = 1 ORDER BY o.id LIMIT 1   [ RunTime:0.0011s ]
SQL: SHOW COLUMNS FROM `course` [ RunTime:0.0024s ]
SQL: SELECT `type` FROM `branch_account` WHERE ( id = 7 ) LIMIT 1   [ RunTime:0.0011s ]
SQL: SELECT COUNT(*) AS tp_count FROM `course` left join branch b on b.id = course.branchId  WHERE `branchId` = '4' LIMIT 1   [ RunTime:0.0009s ]
SQL: SELECT course.*,branch.braName,branch.area,branch.circle FROM `course` INNER JOIN branch on course.branchId=branch.id  WHERE `branchId` = '4' ORDER BY course.id DESC LIMIT 0,6   [ RunTime:0.0014s ]
INFO: [ view_parse ] --START--
INFO: [ template_filter ] --START--
INFO: Run Behavior\ContentReplaceBehavior [ RunTime:0.000180s ]
INFO: [ template_filter ] --END-- [ RunTime:0.000313s ]
INFO: Run Behavior\ParseTemplateBehavior [ RunTime:0.033531s ]
INFO: [ view_parse ] --END-- [ RunTime:0.033638s ]
INFO: [ view_filter ] --START--
INFO: Run Behavior\WriteHtmlCacheBehavior [ RunTime:0.000635s ]
INFO: [ view_filter ] --END-- [ RunTime:0.000796s ]
INFO: [ app_end ] --START--
INFO: Run Behavior\ShowPageTraceBehavior [ RunTime:0.002033s ]
INFO: [ app_end ] --END-- [ RunTime:0.002202s ]

[ 2016-08-17T10:42:20+08:00 ] 114.113.113.83 /grocery.php?m=Grocery&c=course&a=update&id=24
INFO: [ app_init ] --START--
INFO: Run Behavior\BuildLiteBehavior [ RunTime:0.000044s ]
INFO: [ app_init ] --END-- [ RunTime:0.001322s ]
INFO: [ app_begin ] --START--
INFO: Run Behavior\ReadHtmlCacheBehavior [ RunTime:0.002091s ]
INFO: [ app_begin ] --END-- [ RunTime:0.002210s ]
SQL: SHOW COLUMNS FROM `branch_account` [ RunTime:0.0033s ]
SQL: SELECT `type` FROM `branch_account` WHERE ( id = 7 ) LIMIT 1   [ RunTime:0.0013s ]
SQL: SHOW COLUMNS FROM `course_order` [ RunTime:0.0038s ]
SQL: SELECT COUNT(*) AS tp_count FROM course_order o left join course c on c.id = o.course_id INNER JOIN member m on m.id = o.user_id INNER JOIN branch b on b.id = c.branchId  WHERE c.branchId = '4' AND o.status IN ('0','1','2') AND o.is_pay = 1 ORDER BY o.id LIMIT 1   [ RunTime:0.0008s ]
SQL: SHOW COLUMNS FROM `course` [ RunTime:0.0031s ]
SQL: SHOW COLUMNS FROM `branch` [ RunTime:0.0045s ]
SQL: SELECT `id`,`braName` FROM `branch` WHERE ( groId = 2 )  [ RunTime:0.0008s ]
SQL: SELECT course.*,category.*,b.area,b.circle FROM `course` left join category on category.id = course.cate2 left join branch b on b.id = course.branchId  WHERE course.id = '24' LIMIT 1   [ RunTime:0.0020s ]
SQL: SHOW COLUMNS FROM `category` [ RunTime:0.0024s ]
SQL: SELECT * FROM `category` WHERE ( pid=0 )  [ RunTime:0.0102s ]
INFO: [ view_parse ] --START--
INFO: [ template_filter ] --START--
INFO: Run Behavior\ContentReplaceBehavior [ RunTime:0.000160s ]
INFO: [ template_filter ] --END-- [ RunTime:0.000251s ]
INFO: Run Behavior\ParseTemplateBehavior [ RunTime:0.029237s ]
INFO: [ view_parse ] --END-- [ RunTime:0.029323s ]
INFO: [ view_filter ] --START--
INFO: Run Behavior\WriteHtmlCacheBehavior [ RunTime:0.000510s ]
INFO: [ view_filter ] --END-- [ RunTime:0.000580s ]
INFO: [ app_end ] --START--
INFO: Run Behavior\ShowPageTraceBehavior [ RunTime:0.001607s ]
INFO: [ app_end ] --END-- [ RunTime:0.001683s ]

[ 2016-08-17T10:43:15+08:00 ] 114.113.113.83 /grocery.php?m=Grocery&c=course&a=index
INFO: [ app_init ] --START--
INFO: Run Behavior\BuildLiteBehavior [ RunTime:0.000042s ]
INFO: [ app_init ] --END-- [ RunTime:0.001518s ]
INFO: [ app_begin ] --START--
INFO: Run Behavior\ReadHtmlCacheBehavior [ RunTime:0.002716s ]
INFO: [ app_begin ] --END-- [ RunTime:0.002823s ]
SQL: SHOW COLUMNS FROM `branch_account` [ RunTime:0.0232s ]
SQL: SELECT `type` FROM `branch_account` WHERE ( id = 7 ) LIMIT 1   [ RunTime:0.0108s ]
SQL: SHOW COLUMNS FROM `course_order` [ RunTime:0.0229s ]
SQL: SELECT COUNT(*) AS tp_count FROM course_order o left join course c on c.id = o.course_id INNER JOIN member m on m.id = o.user_id INNER JOIN branch b on b.id = c.branchId  WHERE c.branchId = '4' AND o.status IN ('0','1','2') AND o.is_pay = 1 ORDER BY o.id LIMIT 1   [ RunTime:0.0051s ]
SQL: SHOW COLUMNS FROM `course` [ RunTime:0.0071s ]
SQL: SELECT `type` FROM `branch_account` WHERE ( id = 7 ) LIMIT 1   [ RunTime:0.0073s ]
SQL: SELECT COUNT(*) AS tp_count FROM `course` left join branch b on b.id = course.branchId  WHERE `branchId` = '4' LIMIT 1   [ RunTime:0.0344s ]
SQL: SELECT course.*,branch.braName,branch.area,branch.circle FROM `course` INNER JOIN branch on course.branchId=branch.id  WHERE `branchId` = '4' ORDER BY course.id DESC LIMIT 0,6   [ RunTime:0.0099s ]
INFO: [ view_parse ] --START--
INFO: [ template_filter ] --START--
INFO: Run Behavior\ContentReplaceBehavior [ RunTime:0.000243s ]
INFO: [ template_filter ] --END-- [ RunTime:0.000406s ]
INFO: Run Behavior\ParseTemplateBehavior [ RunTime:0.035785s ]
INFO: [ view_parse ] --END-- [ RunTime:0.035928s ]
INFO: [ view_filter ] --START--
INFO: Run Behavior\WriteHtmlCacheBehavior [ RunTime:0.000825s ]
INFO: [ view_filter ] --END-- [ RunTime:0.000949s ]
INFO: [ app_end ] --START--
INFO: Run Behavior\ShowPageTraceBehavior [ RunTime:0.002556s ]
INFO: [ app_end ] --END-- [ RunTime:0.002782s ]

[ 2016-08-17T10:43:25+08:00 ] 114.113.113.83 /grocery.php?m=Grocery&c=course&a=update&id=14
INFO: [ app_init ] --START--
INFO: Run Behavior\BuildLiteBehavior [ RunTime:0.000044s ]
INFO: [ app_init ] --END-- [ RunTime:0.001292s ]
INFO: [ app_begin ] --START--
INFO: Run Behavior\ReadHtmlCacheBehavior [ RunTime:0.002198s ]
INFO: [ app_begin ] --END-- [ RunTime:0.002347s ]
SQL: SHOW COLUMNS FROM `branch_account` [ RunTime:0.0121s ]
SQL: SELECT `type` FROM `branch_account` WHERE ( id = 7 ) LIMIT 1   [ RunTime:0.0010s ]
SQL: SHOW COLUMNS FROM `course_order` [ RunTime:0.0101s ]
SQL: SELECT COUNT(*) AS tp_count FROM course_order o left join course c on c.id = o.course_id INNER JOIN member m on m.id = o.user_id INNER JOIN branch b on b.id = c.branchId  WHERE c.branchId = '4' AND o.status IN ('0','1','2') AND o.is_pay = 1 ORDER BY o.id LIMIT 1   [ RunTime:0.0053s ]
SQL: SHOW COLUMNS FROM `course` [ RunTime:0.0024s ]
SQL: SHOW COLUMNS FROM `branch` [ RunTime:0.2359s ]
SQL: SELECT `id`,`braName` FROM `branch` WHERE ( groId = 2 )  [ RunTime:0.0045s ]
SQL: SELECT course.*,category.*,b.area,b.circle FROM `course` left join category on category.id = course.cate2 left join branch b on b.id = course.branchId  WHERE course.id = '14' LIMIT 1   [ RunTime:0.0390s ]
SQL: SHOW COLUMNS FROM `category` [ RunTime:0.0096s ]
SQL: SELECT * FROM `category` WHERE ( pid=0 )  [ RunTime:0.0091s ]
INFO: [ view_parse ] --START--
INFO: [ template_filter ] --START--
INFO: Run Behavior\ContentReplaceBehavior [ RunTime:0.000383s ]
INFO: [ template_filter ] --END-- [ RunTime:0.000602s ]
INFO: Run Behavior\ParseTemplateBehavior [ RunTime:0.045155s ]
INFO: [ view_parse ] --END-- [ RunTime:0.045346s ]
INFO: [ view_filter ] --START--
INFO: Run Behavior\WriteHtmlCacheBehavior [ RunTime:0.000839s ]
INFO: [ view_filter ] --END-- [ RunTime:0.000983s ]
INFO: [ app_end ] --START--
INFO: Run Behavior\ShowPageTraceBehavior [ RunTime:0.002819s ]
INFO: [ app_end ] --END-- [ RunTime:0.002966s ]

