[ 2016-09-10T20:09:38+08:00 ] 36.111.129.141 /grocery.php
INFO: [ app_init ] --START--
INFO: Run Behavior\BuildLiteBehavior [ RunTime:0.000050s ]
INFO: [ app_init ] --END-- [ RunTime:0.002250s ]
INFO: [ app_begin ] --START--
INFO: Run Behavior\ReadHtmlCacheBehavior [ RunTime:0.004532s ]
INFO: [ app_begin ] --END-- [ RunTime:0.004797s ]
NOTIC: [8] Undefined variable: branch /var/www/virtual/xbkt/home/wwwroot/Application/Grocery/Controller/BaseController.class.php 第 17 行.
NOTIC: [8] Undefined index: branchId /var/www/virtual/xbkt/home/wwwroot/Application/Grocery/Controller/BaseController.class.php 第 20 行.
SQL: SHOW COLUMNS FROM `course_order` [ RunTime:0.0032s ]
SQL: SELECT COUNT(*) AS tp_count FROM course_order o left join course c on c.id = o.course_id INNER JOIN member m on m.id = o.user_id INNER JOIN branch b on b.id = c.branchId  WHERE c.branchId = null AND o.status IN ('0','1','2') AND o.is_pay = 1 ORDER BY o.id LIMIT 1   [ RunTime:0.0021s ]

[ 2016-09-10T20:09:39+08:00 ] 36.111.129.141 /grocery.php?m=Grocery&c=Login&a=index
INFO: [ app_init ] --START--
INFO: Run Behavior\BuildLiteBehavior [ RunTime:0.000045s ]
INFO: [ app_init ] --END-- [ RunTime:0.001500s ]
INFO: [ app_begin ] --START--
INFO: Run Behavior\ReadHtmlCacheBehavior [ RunTime:0.001861s ]
INFO: [ app_begin ] --END-- [ RunTime:0.001969s ]
INFO: [ view_parse ] --START--
INFO: [ template_filter ] --START--
INFO: Run Behavior\ContentReplaceBehavior [ RunTime:0.000124s ]
INFO: [ template_filter ] --END-- [ RunTime:0.000247s ]
INFO: Run Behavior\ParseTemplateBehavior [ RunTime:0.046990s ]
INFO: [ view_parse ] --END-- [ RunTime:0.047286s ]
INFO: [ view_filter ] --START--
INFO: Run Behavior\WriteHtmlCacheBehavior [ RunTime:0.000779s ]
INFO: [ view_filter ] --END-- [ RunTime:0.000872s ]
INFO: [ app_end ] --START--
INFO: Run Behavior\ShowPageTraceBehavior [ RunTime:0.002633s ]
INFO: [ app_end ] --END-- [ RunTime:0.002735s ]

[ 2016-09-10T20:09:39+08:00 ] 36.111.129.141 /grocery.php?m=Grocery&c=login&a=verify
INFO: [ app_init ] --START--
INFO: Run Behavior\BuildLiteBehavior [ RunTime:0.000062s ]
INFO: [ app_init ] --END-- [ RunTime:0.001883s ]
INFO: [ app_begin ] --START--
INFO: Run Behavior\ReadHtmlCacheBehavior [ RunTime:0.002566s ]
INFO: [ app_begin ] --END-- [ RunTime:0.002720s ]
INFO: [ app_end ] --START--
INFO: Run Behavior\ShowPageTraceBehavior [ RunTime:0.002303s ]
INFO: [ app_end ] --END-- [ RunTime:0.002433s ]

[ 2016-09-10T20:09:50+08:00 ] 36.111.129.141 /grocery.php?m=Grocery&c=login&a=verify&random=602
INFO: [ app_init ] --START--
INFO: Run Behavior\BuildLiteBehavior [ RunTime:0.000045s ]
INFO: [ app_init ] --END-- [ RunTime:0.001321s ]
INFO: [ app_begin ] --START--
INFO: Run Behavior\ReadHtmlCacheBehavior [ RunTime:0.001959s ]
INFO: [ app_begin ] --END-- [ RunTime:0.002066s ]
INFO: [ app_end ] --START--
INFO: Run Behavior\ShowPageTraceBehavior [ RunTime:0.004391s ]
INFO: [ app_end ] --END-- [ RunTime:0.004523s ]

[ 2016-09-10T20:09:56+08:00 ] 36.111.129.141 /grocery.php?m=Grocery&c=login&a=login
INFO: [ app_init ] --START--
INFO: Run Behavior\BuildLiteBehavior [ RunTime:0.000041s ]
INFO: [ app_init ] --END-- [ RunTime:0.001234s ]
INFO: [ app_begin ] --START--
INFO: Run Behavior\ReadHtmlCacheBehavior [ RunTime:0.001658s ]
INFO: [ app_begin ] --END-- [ RunTime:0.001755s ]
SQL: SHOW COLUMNS FROM `branch_account` [ RunTime:0.0031s ]
SQL: SELECT * FROM `branch_account` WHERE `username` = 'admin' AND `password` = '21232f297a57a5a743894a0e4a801fc3' LIMIT 1   [ RunTime:0.0169s ]
INFO: [ view_parse ] --START--
INFO: [ template_filter ] --START--
INFO: Run Behavior\ContentReplaceBehavior [ RunTime:0.000145s ]
INFO: [ template_filter ] --END-- [ RunTime:0.000409s ]
INFO: Run Behavior\ParseTemplateBehavior [ RunTime:0.035406s ]
INFO: [ view_parse ] --END-- [ RunTime:0.035731s ]
INFO: [ view_filter ] --START--
INFO: Run Behavior\WriteHtmlCacheBehavior [ RunTime:0.000840s ]
INFO: [ view_filter ] --END-- [ RunTime:0.000978s ]

