[ 2016-09-21T20:17:25+08:00 ] 220.179.147.56 /grocery.php
INFO: [ app_init ] --START--
INFO: Run Behavior\BuildLiteBehavior [ RunTime:0.000040s ]
INFO: [ app_init ] --END-- [ RunTime:0.001236s ]
INFO: [ app_begin ] --START--
INFO: Run Behavior\ReadHtmlCacheBehavior [ RunTime:0.001680s ]
INFO: [ app_begin ] --END-- [ RunTime:0.001840s ]
NOTIC: [8] Undefined variable: branch /var/www/virtual/xbkt/home/wwwroot/Application/Grocery/Controller/BaseController.class.php 第 17 行.
NOTIC: [8] Undefined index: branchId /var/www/virtual/xbkt/home/wwwroot/Application/Grocery/Controller/BaseController.class.php 第 20 行.
SQL: SHOW COLUMNS FROM `course_order` [ RunTime:0.0030s ]
SQL: SELECT COUNT(*) AS tp_count FROM course_order o left join course c on c.id = o.course_id INNER JOIN member m on m.id = o.user_id INNER JOIN branch b on b.id = c.branchId  WHERE c.branchId = null AND o.status IN ('0','1','2') AND o.is_pay = 1 ORDER BY o.id LIMIT 1   [ RunTime:0.0025s ]

[ 2016-09-21T20:17:26+08:00 ] 220.179.147.56 /grocery.php?m=Grocery&c=Login&a=index
INFO: [ app_init ] --START--
INFO: Run Behavior\BuildLiteBehavior [ RunTime:0.000047s ]
INFO: [ app_init ] --END-- [ RunTime:0.001259s ]
INFO: [ app_begin ] --START--
INFO: Run Behavior\ReadHtmlCacheBehavior [ RunTime:0.001686s ]
INFO: [ app_begin ] --END-- [ RunTime:0.001790s ]
INFO: [ view_parse ] --START--
INFO: [ template_filter ] --START--
INFO: Run Behavior\ContentReplaceBehavior [ RunTime:0.000110s ]
INFO: [ template_filter ] --END-- [ RunTime:0.000227s ]
INFO: Run Behavior\ParseTemplateBehavior [ RunTime:0.049767s ]
INFO: [ view_parse ] --END-- [ RunTime:0.049900s ]
INFO: [ view_filter ] --START--
INFO: Run Behavior\WriteHtmlCacheBehavior [ RunTime:0.000781s ]
INFO: [ view_filter ] --END-- [ RunTime:0.000872s ]
INFO: [ app_end ] --START--
INFO: Run Behavior\ShowPageTraceBehavior [ RunTime:0.002142s ]
INFO: [ app_end ] --END-- [ RunTime:0.002237s ]

[ 2016-09-21T20:17:28+08:00 ] 220.179.147.56 /grocery.php?m=Grocery&c=login&a=verify
INFO: [ app_init ] --START--
INFO: Run Behavior\BuildLiteBehavior [ RunTime:0.000060s ]
INFO: [ app_init ] --END-- [ RunTime:0.001315s ]
INFO: [ app_begin ] --START--
INFO: Run Behavior\ReadHtmlCacheBehavior [ RunTime:0.001901s ]
INFO: [ app_begin ] --END-- [ RunTime:0.002027s ]
INFO: [ app_end ] --START--
INFO: Run Behavior\ShowPageTraceBehavior [ RunTime:0.002033s ]
INFO: [ app_end ] --END-- [ RunTime:0.002163s ]

[ 2016-09-21T20:43:05+08:00 ] 220.179.147.61 /grocery.php
INFO: [ app_init ] --START--
INFO: Run Behavior\BuildLiteBehavior [ RunTime:0.000038s ]
INFO: [ app_init ] --END-- [ RunTime:0.001145s ]
INFO: [ app_begin ] --START--
INFO: Run Behavior\ReadHtmlCacheBehavior [ RunTime:0.001464s ]
INFO: [ app_begin ] --END-- [ RunTime:0.001567s ]
NOTIC: [8] Undefined variable: branch /var/www/virtual/xbkt/home/wwwroot/Application/Grocery/Controller/BaseController.class.php 第 17 行.
NOTIC: [8] Undefined index: branchId /var/www/virtual/xbkt/home/wwwroot/Application/Grocery/Controller/BaseController.class.php 第 20 行.
SQL: SHOW COLUMNS FROM `course_order` [ RunTime:0.0028s ]
SQL: SELECT COUNT(*) AS tp_count FROM course_order o left join course c on c.id = o.course_id INNER JOIN member m on m.id = o.user_id INNER JOIN branch b on b.id = c.branchId  WHERE c.branchId = null AND o.status IN ('0','1','2') AND o.is_pay = 1 ORDER BY o.id LIMIT 1   [ RunTime:0.0018s ]

[ 2016-09-21T20:43:05+08:00 ] 220.179.147.61 /grocery.php?m=Grocery&c=Login&a=index
INFO: [ app_init ] --START--
INFO: Run Behavior\BuildLiteBehavior [ RunTime:0.000040s ]
INFO: [ app_init ] --END-- [ RunTime:0.001056s ]
INFO: [ app_begin ] --START--
INFO: Run Behavior\ReadHtmlCacheBehavior [ RunTime:0.001562s ]
INFO: [ app_begin ] --END-- [ RunTime:0.001650s ]
INFO: [ view_parse ] --START--
INFO: [ template_filter ] --START--
INFO: Run Behavior\ContentReplaceBehavior [ RunTime:0.000111s ]
INFO: [ template_filter ] --END-- [ RunTime:0.000226s ]
INFO: Run Behavior\ParseTemplateBehavior [ RunTime:0.016341s ]
INFO: [ view_parse ] --END-- [ RunTime:0.016493s ]
INFO: [ view_filter ] --START--
INFO: Run Behavior\WriteHtmlCacheBehavior [ RunTime:0.000511s ]
INFO: [ view_filter ] --END-- [ RunTime:0.000615s ]
INFO: [ app_end ] --START--
INFO: Run Behavior\ShowPageTraceBehavior [ RunTime:0.001622s ]
INFO: [ app_end ] --END-- [ RunTime:0.001701s ]

[ 2016-09-21T20:43:06+08:00 ] 220.179.147.61 /grocery.php?m=Grocery&c=login&a=verify
INFO: [ app_init ] --START--
INFO: Run Behavior\BuildLiteBehavior [ RunTime:0.000039s ]
INFO: [ app_init ] --END-- [ RunTime:0.001386s ]
INFO: [ app_begin ] --START--
INFO: Run Behavior\ReadHtmlCacheBehavior [ RunTime:0.002274s ]
INFO: [ app_begin ] --END-- [ RunTime:0.002405s ]
INFO: [ app_end ] --START--
INFO: Run Behavior\ShowPageTraceBehavior [ RunTime:0.001946s ]
INFO: [ app_end ] --END-- [ RunTime:0.002099s ]

[ 2016-09-21T20:43:23+08:00 ] 220.179.147.61 /grocery.php?m=Grocery&c=login&a=verify&random=338
INFO: [ app_init ] --START--
INFO: Run Behavior\BuildLiteBehavior [ RunTime:0.000044s ]
INFO: [ app_init ] --END-- [ RunTime:0.001437s ]
INFO: [ app_begin ] --START--
INFO: Run Behavior\ReadHtmlCacheBehavior [ RunTime:0.001959s ]
INFO: [ app_begin ] --END-- [ RunTime:0.002097s ]
INFO: [ app_end ] --START--
INFO: Run Behavior\ShowPageTraceBehavior [ RunTime:0.002137s ]
INFO: [ app_end ] --END-- [ RunTime:0.002378s ]

[ 2016-09-21T20:43:29+08:00 ] 220.179.147.61 /grocery.php?m=Grocery&c=login&a=login
INFO: [ app_init ] --START--
INFO: Run Behavior\BuildLiteBehavior [ RunTime:0.000043s ]
INFO: [ app_init ] --END-- [ RunTime:0.001228s ]
INFO: [ app_begin ] --START--
INFO: Run Behavior\ReadHtmlCacheBehavior [ RunTime:0.001662s ]
INFO: [ app_begin ] --END-- [ RunTime:0.001824s ]
SQL: SHOW COLUMNS FROM `branch_account` [ RunTime:0.0027s ]
SQL: SELECT * FROM `branch_account` WHERE `username` = 'SSDA' AND `password` = 'e10adc3949ba59abbe56e057f20f883e' LIMIT 1   [ RunTime:0.0015s ]
SQL: SHOW COLUMNS FROM `grocery` [ RunTime:0.0026s ]
SQL: SELECT * FROM `grocery` WHERE ( id = 22 ) LIMIT 1   [ RunTime:0.0011s ]
INFO: [ view_parse ] --START--
INFO: [ template_filter ] --START--
INFO: Run Behavior\ContentReplaceBehavior [ RunTime:0.000088s ]
INFO: [ template_filter ] --END-- [ RunTime:0.000190s ]
INFO: Run Behavior\ParseTemplateBehavior [ RunTime:0.018444s ]
INFO: [ view_parse ] --END-- [ RunTime:0.018538s ]
INFO: [ view_filter ] --START--
INFO: Run Behavior\WriteHtmlCacheBehavior [ RunTime:0.000544s ]
INFO: [ view_filter ] --END-- [ RunTime:0.000629s ]
INFO: [ app_end ] --START--
INFO: Run Behavior\ShowPageTraceBehavior [ RunTime:0.001865s ]
INFO: [ app_end ] --END-- [ RunTime:0.002040s ]

[ 2016-09-21T20:43:30+08:00 ] 220.179.147.61 /grocery.php?m=Grocery&c=Index&a=index
INFO: [ app_init ] --START--
INFO: Run Behavior\BuildLiteBehavior [ RunTime:0.000043s ]
INFO: [ app_init ] --END-- [ RunTime:0.001212s ]
INFO: [ app_begin ] --START--
INFO: Run Behavior\ReadHtmlCacheBehavior [ RunTime:0.001686s ]
INFO: [ app_begin ] --END-- [ RunTime:0.001806s ]
SQL: SHOW COLUMNS FROM `branch_account` [ RunTime:0.0024s ]
SQL: SELECT `type` FROM `branch_account` WHERE ( id = 16 ) LIMIT 1   [ RunTime:0.0009s ]
NOTIC: [8] Undefined index: branchId /var/www/virtual/xbkt/home/wwwroot/Application/Grocery/Controller/BaseController.class.php 第 20 行.
SQL: SHOW COLUMNS FROM `course_order` [ RunTime:0.0024s ]
SQL: SELECT COUNT(*) AS tp_count FROM course_order o left join course c on c.id = o.course_id INNER JOIN member m on m.id = o.user_id INNER JOIN branch b on b.id = c.branchId  WHERE c.branchId = null AND o.status IN ('0','1','2') AND o.is_pay = 1 ORDER BY o.id LIMIT 1   [ RunTime:0.0009s ]
INFO: [ view_parse ] --START--
INFO: [ template_filter ] --START--
INFO: Run Behavior\ContentReplaceBehavior [ RunTime:0.000149s ]
INFO: [ template_filter ] --END-- [ RunTime:0.000245s ]
INFO: Run Behavior\ParseTemplateBehavior [ RunTime:0.050597s ]
INFO: [ view_parse ] --END-- [ RunTime:0.050692s ]
INFO: [ view_filter ] --START--
INFO: Run Behavior\WriteHtmlCacheBehavior [ RunTime:0.000610s ]
INFO: [ view_filter ] --END-- [ RunTime:0.000685s ]
INFO: [ app_end ] --START--
INFO: Run Behavior\ShowPageTraceBehavior [ RunTime:0.001901s ]
INFO: [ app_end ] --END-- [ RunTime:0.001983s ]

[ 2016-09-21T20:43:34+08:00 ] 220.179.147.61 /grocery.php?m=Grocery&c=setup&a=add_account&action=add
INFO: [ app_init ] --START--
INFO: Run Behavior\BuildLiteBehavior [ RunTime:0.000058s ]
INFO: [ app_init ] --END-- [ RunTime:0.003482s ]
INFO: [ app_begin ] --START--
INFO: Run Behavior\ReadHtmlCacheBehavior [ RunTime:0.002624s ]
INFO: [ app_begin ] --END-- [ RunTime:0.002790s ]
SQL: SHOW COLUMNS FROM `branch_account` [ RunTime:0.0047s ]
SQL: SELECT `type` FROM `branch_account` WHERE ( id = 16 ) LIMIT 1   [ RunTime:0.0010s ]
NOTIC: [8] Undefined index: branchId /var/www/virtual/xbkt/home/wwwroot/Application/Grocery/Controller/BaseController.class.php 第 20 行.
SQL: SHOW COLUMNS FROM `course_order` [ RunTime:0.0024s ]
SQL: SELECT COUNT(*) AS tp_count FROM course_order o left join course c on c.id = o.course_id INNER JOIN member m on m.id = o.user_id INNER JOIN branch b on b.id = c.branchId  WHERE c.branchId = null AND o.status IN ('0','1','2') AND o.is_pay = 1 ORDER BY o.id LIMIT 1   [ RunTime:0.0030s ]
SQL: SELECT `type` FROM `branch_account` WHERE ( id = 16 ) LIMIT 1   [ RunTime:0.0028s ]
INFO: [ view_parse ] --START--
INFO: [ template_filter ] --START--
INFO: Run Behavior\ContentReplaceBehavior [ RunTime:0.000094s ]
INFO: [ template_filter ] --END-- [ RunTime:0.000211s ]
INFO: Run Behavior\ParseTemplateBehavior [ RunTime:0.031320s ]
INFO: [ view_parse ] --END-- [ RunTime:0.031447s ]
INFO: [ view_filter ] --START--
INFO: Run Behavior\WriteHtmlCacheBehavior [ RunTime:0.000549s ]
INFO: [ view_filter ] --END-- [ RunTime:0.000643s ]

[ 2016-09-21T20:43:38+08:00 ] 220.179.147.61 /grocery.php?m=Grocery&c=setup&a=account
INFO: [ app_init ] --START--
INFO: Run Behavior\BuildLiteBehavior [ RunTime:0.000063s ]
INFO: [ app_init ] --END-- [ RunTime:0.001700s ]
INFO: [ app_begin ] --START--
INFO: Run Behavior\ReadHtmlCacheBehavior [ RunTime:0.001701s ]
INFO: [ app_begin ] --END-- [ RunTime:0.001806s ]
SQL: SHOW COLUMNS FROM `branch_account` [ RunTime:0.0022s ]
SQL: SELECT `type` FROM `branch_account` WHERE ( id = 16 ) LIMIT 1   [ RunTime:0.0008s ]
NOTIC: [8] Undefined index: branchId /var/www/virtual/xbkt/home/wwwroot/Application/Grocery/Controller/BaseController.class.php 第 20 行.
SQL: SHOW COLUMNS FROM `course_order` [ RunTime:0.0025s ]
SQL: SELECT COUNT(*) AS tp_count FROM course_order o left join course c on c.id = o.course_id INNER JOIN member m on m.id = o.user_id INNER JOIN branch b on b.id = c.branchId  WHERE c.branchId = null AND o.status IN ('0','1','2') AND o.is_pay = 1 ORDER BY o.id LIMIT 1   [ RunTime:0.0009s ]
SQL: SELECT a.*,b.braName FROM branch_account a left join branch b on b.id = a.branchId  WHERE a.groId = '22'  [ RunTime:0.0023s ]
INFO: [ view_parse ] --START--
INFO: [ template_filter ] --START--
INFO: Run Behavior\ContentReplaceBehavior [ RunTime:0.000226s ]
INFO: [ template_filter ] --END-- [ RunTime:0.000401s ]
NOTIC: [8] Undefined variable: page /var/www/virtual/xbkt/home/wwwroot/Application/Runtime/Cache/Grocery/4dd27d8175050a856366cde2f672f3d1.php 第 156 行.
INFO: Run Behavior\ParseTemplateBehavior [ RunTime:0.051840s ]
INFO: [ view_parse ] --END-- [ RunTime:0.052019s ]
INFO: [ view_filter ] --START--
INFO: Run Behavior\WriteHtmlCacheBehavior [ RunTime:0.000959s ]
INFO: [ view_filter ] --END-- [ RunTime:0.001105s ]
INFO: [ app_end ] --START--
INFO: Run Behavior\ShowPageTraceBehavior [ RunTime:0.003343s ]
INFO: [ app_end ] --END-- [ RunTime:0.003620s ]

[ 2016-09-21T20:43:45+08:00 ] 220.179.147.61 /grocery.php?m=Grocery&c=setup&a=update_account&id=17
INFO: [ app_init ] --START--
INFO: Run Behavior\BuildLiteBehavior [ RunTime:0.000053s ]
INFO: [ app_init ] --END-- [ RunTime:0.001706s ]
INFO: [ app_begin ] --START--
INFO: Run Behavior\ReadHtmlCacheBehavior [ RunTime:0.002198s ]
INFO: [ app_begin ] --END-- [ RunTime:0.002330s ]
SQL: SHOW COLUMNS FROM `branch_account` [ RunTime:0.0029s ]
SQL: SELECT `type` FROM `branch_account` WHERE ( id = 16 ) LIMIT 1   [ RunTime:0.0008s ]
NOTIC: [8] Undefined index: branchId /var/www/virtual/xbkt/home/wwwroot/Application/Grocery/Controller/BaseController.class.php 第 20 行.
SQL: SHOW COLUMNS FROM `course_order` [ RunTime:0.0023s ]
SQL: SELECT COUNT(*) AS tp_count FROM course_order o left join course c on c.id = o.course_id INNER JOIN member m on m.id = o.user_id INNER JOIN branch b on b.id = c.branchId  WHERE c.branchId = null AND o.status IN ('0','1','2') AND o.is_pay = 1 ORDER BY o.id LIMIT 1   [ RunTime:0.0009s ]
SQL: SHOW COLUMNS FROM `branch` [ RunTime:0.0022s ]
SQL: SELECT `id`,`braName` FROM `branch` WHERE ( groId = 22 )  [ RunTime:0.0011s ]
SQL: SELECT * FROM `branch_account` WHERE ( id = 17 ) LIMIT 1   [ RunTime:0.0022s ]
INFO: [ view_parse ] --START--
INFO: [ template_filter ] --START--
INFO: Run Behavior\ContentReplaceBehavior [ RunTime:0.000150s ]
INFO: [ template_filter ] --END-- [ RunTime:0.000252s ]
INFO: Run Behavior\ParseTemplateBehavior [ RunTime:0.037537s ]
INFO: [ view_parse ] --END-- [ RunTime:0.037807s ]
INFO: [ view_filter ] --START--
INFO: Run Behavior\WriteHtmlCacheBehavior [ RunTime:0.000622s ]
INFO: [ view_filter ] --END-- [ RunTime:0.000970s ]
INFO: [ app_end ] --START--
INFO: Run Behavior\ShowPageTraceBehavior [ RunTime:0.007308s ]
INFO: [ app_end ] --END-- [ RunTime:0.007497s ]

[ 2016-09-21T20:44:54+08:00 ] 220.179.147.61 /grocery.php?m=Grocery&c=setup&a=account
INFO: [ app_init ] --START--
INFO: Run Behavior\BuildLiteBehavior [ RunTime:0.000059s ]
INFO: [ app_init ] --END-- [ RunTime:0.001371s ]
INFO: [ app_begin ] --START--
INFO: Run Behavior\ReadHtmlCacheBehavior [ RunTime:0.001821s ]
INFO: [ app_begin ] --END-- [ RunTime:0.001927s ]
SQL: SHOW COLUMNS FROM `branch_account` [ RunTime:0.0025s ]
SQL: SELECT `type` FROM `branch_account` WHERE ( id = 16 ) LIMIT 1   [ RunTime:0.0010s ]
NOTIC: [8] Undefined index: branchId /var/www/virtual/xbkt/home/wwwroot/Application/Grocery/Controller/BaseController.class.php 第 20 行.
SQL: SHOW COLUMNS FROM `course_order` [ RunTime:0.0029s ]
SQL: SELECT COUNT(*) AS tp_count FROM course_order o left join course c on c.id = o.course_id INNER JOIN member m on m.id = o.user_id INNER JOIN branch b on b.id = c.branchId  WHERE c.branchId = null AND o.status IN ('0','1','2') AND o.is_pay = 1 ORDER BY o.id LIMIT 1   [ RunTime:0.0010s ]
SQL: SELECT a.*,b.braName FROM branch_account a left join branch b on b.id = a.branchId  WHERE a.groId = '22'  [ RunTime:0.0014s ]
INFO: [ view_parse ] --START--
INFO: [ template_filter ] --START--
INFO: Run Behavior\ContentReplaceBehavior [ RunTime:0.000251s ]
INFO: [ template_filter ] --END-- [ RunTime:0.000375s ]
NOTIC: [8] Undefined variable: page /var/www/virtual/xbkt/home/wwwroot/Application/Runtime/Cache/Grocery/4dd27d8175050a856366cde2f672f3d1.php 第 156 行.
INFO: Run Behavior\ParseTemplateBehavior [ RunTime:0.032368s ]
INFO: [ view_parse ] --END-- [ RunTime:0.032459s ]
INFO: [ view_filter ] --START--
INFO: Run Behavior\WriteHtmlCacheBehavior [ RunTime:0.000685s ]
INFO: [ view_filter ] --END-- [ RunTime:0.000774s ]
INFO: [ app_end ] --START--
INFO: Run Behavior\ShowPageTraceBehavior [ RunTime:0.002195s ]
INFO: [ app_end ] --END-- [ RunTime:0.002314s ]

[ 2016-09-21T20:45:07+08:00 ] 220.179.147.61 /grocery.php?m=Grocery&c=login&a=logout
INFO: [ app_init ] --START--
INFO: Run Behavior\BuildLiteBehavior [ RunTime:0.000041s ]
INFO: [ app_init ] --END-- [ RunTime:0.001366s ]
INFO: [ app_begin ] --START--
INFO: Run Behavior\ReadHtmlCacheBehavior [ RunTime:0.001799s ]
INFO: [ app_begin ] --END-- [ RunTime:0.001904s ]

[ 2016-09-21T20:45:07+08:00 ] 220.179.147.61 /grocery.php?m=Grocery&c=Login&a=index
INFO: [ app_init ] --START--
INFO: Run Behavior\BuildLiteBehavior [ RunTime:0.000202s ]
INFO: [ app_init ] --END-- [ RunTime:0.002351s ]
INFO: [ app_begin ] --START--
INFO: Run Behavior\ReadHtmlCacheBehavior [ RunTime:0.003112s ]
INFO: [ app_begin ] --END-- [ RunTime:0.003368s ]
INFO: [ view_parse ] --START--
INFO: [ template_filter ] --START--
INFO: Run Behavior\ContentReplaceBehavior [ RunTime:0.000303s ]
INFO: [ template_filter ] --END-- [ RunTime:0.000503s ]
INFO: Run Behavior\ParseTemplateBehavior [ RunTime:0.033863s ]
INFO: [ view_parse ] --END-- [ RunTime:0.034037s ]
INFO: [ view_filter ] --START--
INFO: Run Behavior\WriteHtmlCacheBehavior [ RunTime:0.000786s ]
INFO: [ view_filter ] --END-- [ RunTime:0.001068s ]
INFO: [ app_end ] --START--
INFO: Run Behavior\ShowPageTraceBehavior [ RunTime:0.003239s ]
INFO: [ app_end ] --END-- [ RunTime:0.003474s ]

[ 2016-09-21T20:45:10+08:00 ] 220.179.147.61 /grocery.php?m=Grocery&c=login&a=verify
INFO: [ app_init ] --START--
INFO: Run Behavior\BuildLiteBehavior [ RunTime:0.000044s ]
INFO: [ app_init ] --END-- [ RunTime:0.001199s ]
INFO: [ app_begin ] --START--
INFO: Run Behavior\ReadHtmlCacheBehavior [ RunTime:0.001590s ]
INFO: [ app_begin ] --END-- [ RunTime:0.001697s ]
INFO: [ app_end ] --START--
INFO: Run Behavior\ShowPageTraceBehavior [ RunTime:0.001774s ]
INFO: [ app_end ] --END-- [ RunTime:0.001952s ]

[ 2016-09-21T20:45:14+08:00 ] 220.179.147.61 /grocery.php
INFO: [ app_init ] --START--
INFO: Run Behavior\BuildLiteBehavior [ RunTime:0.000046s ]
INFO: [ app_init ] --END-- [ RunTime:0.001296s ]
INFO: [ app_begin ] --START--
INFO: Run Behavior\ReadHtmlCacheBehavior [ RunTime:0.001719s ]
INFO: [ app_begin ] --END-- [ RunTime:0.001912s ]
SQL: SHOW COLUMNS FROM `branch_account` [ RunTime:0.0027s ]
SQL: SELECT `type` FROM `branch_account` WHERE ( id = 16 ) LIMIT 1   [ RunTime:0.0008s ]
NOTIC: [8] Undefined index: branchId /var/www/virtual/xbkt/home/wwwroot/Application/Grocery/Controller/BaseController.class.php 第 20 行.
SQL: SHOW COLUMNS FROM `course_order` [ RunTime:0.0025s ]
SQL: SELECT COUNT(*) AS tp_count FROM course_order o left join course c on c.id = o.course_id INNER JOIN member m on m.id = o.user_id INNER JOIN branch b on b.id = c.branchId  WHERE c.branchId = null AND o.status IN ('0','1','2') AND o.is_pay = 1 ORDER BY o.id LIMIT 1   [ RunTime:0.0017s ]
INFO: [ view_parse ] --START--
INFO: [ template_filter ] --START--
INFO: Run Behavior\ContentReplaceBehavior [ RunTime:0.000403s ]
INFO: [ template_filter ] --END-- [ RunTime:0.000603s ]
INFO: Run Behavior\ParseTemplateBehavior [ RunTime:0.045605s ]
INFO: [ view_parse ] --END-- [ RunTime:0.045766s ]
INFO: [ view_filter ] --START--
INFO: Run Behavior\WriteHtmlCacheBehavior [ RunTime:0.000941s ]
INFO: [ view_filter ] --END-- [ RunTime:0.001089s ]
INFO: [ app_end ] --START--
INFO: Run Behavior\ShowPageTraceBehavior [ RunTime:0.003708s ]
INFO: [ app_end ] --END-- [ RunTime:0.003878s ]

[ 2016-09-21T20:45:18+08:00 ] 220.179.147.61 /grocery.php?m=Grocery&c=login&a=logout
INFO: [ app_init ] --START--
INFO: Run Behavior\BuildLiteBehavior [ RunTime:0.000048s ]
INFO: [ app_init ] --END-- [ RunTime:0.001386s ]
INFO: [ app_begin ] --START--
INFO: Run Behavior\ReadHtmlCacheBehavior [ RunTime:0.002069s ]
INFO: [ app_begin ] --END-- [ RunTime:0.002173s ]

[ 2016-09-21T20:45:18+08:00 ] 220.179.147.61 /grocery.php?m=Grocery&c=Login&a=index
INFO: [ app_init ] --START--
INFO: Run Behavior\BuildLiteBehavior [ RunTime:0.000045s ]
INFO: [ app_init ] --END-- [ RunTime:0.001225s ]
INFO: [ app_begin ] --START--
INFO: Run Behavior\ReadHtmlCacheBehavior [ RunTime:0.001724s ]
INFO: [ app_begin ] --END-- [ RunTime:0.001832s ]
INFO: [ view_parse ] --START--
INFO: [ template_filter ] --START--
INFO: Run Behavior\ContentReplaceBehavior [ RunTime:0.000159s ]
INFO: [ template_filter ] --END-- [ RunTime:0.000273s ]
INFO: Run Behavior\ParseTemplateBehavior [ RunTime:0.018845s ]
INFO: [ view_parse ] --END-- [ RunTime:0.018941s ]
INFO: [ view_filter ] --START--
INFO: Run Behavior\WriteHtmlCacheBehavior [ RunTime:0.000566s ]
INFO: [ view_filter ] --END-- [ RunTime:0.000669s ]
INFO: [ app_end ] --START--
INFO: Run Behavior\ShowPageTraceBehavior [ RunTime:0.001861s ]
INFO: [ app_end ] --END-- [ RunTime:0.001962s ]

[ 2016-09-21T20:45:19+08:00 ] 220.179.147.61 /grocery.php?m=Grocery&c=login&a=verify
INFO: [ app_init ] --START--
INFO: Run Behavior\BuildLiteBehavior [ RunTime:0.000058s ]
INFO: [ app_init ] --END-- [ RunTime:0.001336s ]
INFO: [ app_begin ] --START--
INFO: Run Behavior\ReadHtmlCacheBehavior [ RunTime:0.001875s ]
INFO: [ app_begin ] --END-- [ RunTime:0.001976s ]
INFO: [ app_end ] --START--
INFO: Run Behavior\ShowPageTraceBehavior [ RunTime:0.002271s ]
INFO: [ app_end ] --END-- [ RunTime:0.002408s ]

[ 2016-09-21T20:46:10+08:00 ] 220.179.147.61 /grocery.php?m=Grocery&c=login&a=verify&random=273
INFO: [ app_init ] --START--
INFO: Run Behavior\BuildLiteBehavior [ RunTime:0.000049s ]
INFO: [ app_init ] --END-- [ RunTime:0.001349s ]
INFO: [ app_begin ] --START--
INFO: Run Behavior\ReadHtmlCacheBehavior [ RunTime:0.001744s ]
INFO: [ app_begin ] --END-- [ RunTime:0.001885s ]
INFO: [ app_end ] --START--
INFO: Run Behavior\ShowPageTraceBehavior [ RunTime:0.001990s ]
INFO: [ app_end ] --END-- [ RunTime:0.002109s ]

[ 2016-09-21T20:46:11+08:00 ] 220.179.147.61 /grocery.php?m=Grocery&c=login&a=verify&random=278
INFO: [ app_init ] --START--
INFO: Run Behavior\BuildLiteBehavior [ RunTime:0.000044s ]
INFO: [ app_init ] --END-- [ RunTime:0.001383s ]
INFO: [ app_begin ] --START--
INFO: Run Behavior\ReadHtmlCacheBehavior [ RunTime:0.001712s ]
INFO: [ app_begin ] --END-- [ RunTime:0.001894s ]
INFO: [ app_end ] --START--
INFO: Run Behavior\ShowPageTraceBehavior [ RunTime:0.003046s ]
INFO: [ app_end ] --END-- [ RunTime:0.003195s ]

[ 2016-09-21T20:46:13+08:00 ] 220.179.147.61 /grocery.php?m=Grocery&c=login&a=verify&random=477
INFO: [ app_init ] --START--
INFO: Run Behavior\BuildLiteBehavior [ RunTime:0.000050s ]
INFO: [ app_init ] --END-- [ RunTime:0.001550s ]
INFO: [ app_begin ] --START--
INFO: Run Behavior\ReadHtmlCacheBehavior [ RunTime:0.001920s ]
INFO: [ app_begin ] --END-- [ RunTime:0.002024s ]
INFO: [ app_end ] --START--
INFO: Run Behavior\ShowPageTraceBehavior [ RunTime:0.002039s ]
INFO: [ app_end ] --END-- [ RunTime:0.002156s ]

[ 2016-09-21T20:46:19+08:00 ] 220.179.147.61 /grocery.php?m=Grocery&c=login&a=login
INFO: [ app_init ] --START--
INFO: Run Behavior\BuildLiteBehavior [ RunTime:0.000044s ]
INFO: [ app_init ] --END-- [ RunTime:0.001312s ]
INFO: [ app_begin ] --START--
INFO: Run Behavior\ReadHtmlCacheBehavior [ RunTime:0.001913s ]
INFO: [ app_begin ] --END-- [ RunTime:0.002073s ]
SQL: SHOW COLUMNS FROM `branch_account` [ RunTime:0.0024s ]
SQL: SELECT * FROM `branch_account` WHERE `username` = 'SSK-A' AND `password` = 'e10adc3949ba59abbe56e057f20f883e' LIMIT 1   [ RunTime:0.0020s ]
SQL: SHOW COLUMNS FROM `grocery` [ RunTime:0.0020s ]
SQL: SELECT * FROM `grocery` WHERE ( id = 24 ) LIMIT 1   [ RunTime:0.0012s ]
INFO: [ view_parse ] --START--
INFO: [ template_filter ] --START--
INFO: Run Behavior\ContentReplaceBehavior [ RunTime:0.000092s ]
INFO: [ template_filter ] --END-- [ RunTime:0.000198s ]
INFO: Run Behavior\ParseTemplateBehavior [ RunTime:0.021588s ]
INFO: [ view_parse ] --END-- [ RunTime:0.021687s ]
INFO: [ view_filter ] --START--
INFO: Run Behavior\WriteHtmlCacheBehavior [ RunTime:0.000625s ]
INFO: [ view_filter ] --END-- [ RunTime:0.000710s ]
INFO: [ app_end ] --START--
INFO: Run Behavior\ShowPageTraceBehavior [ RunTime:0.002068s ]
INFO: [ app_end ] --END-- [ RunTime:0.002160s ]

[ 2016-09-21T20:46:20+08:00 ] 220.179.147.61 /grocery.php?m=Grocery&c=Index&a=index
INFO: [ app_init ] --START--
INFO: Run Behavior\BuildLiteBehavior [ RunTime:0.000038s ]
INFO: [ app_init ] --END-- [ RunTime:0.001246s ]
INFO: [ app_begin ] --START--
INFO: Run Behavior\ReadHtmlCacheBehavior [ RunTime:0.001688s ]
INFO: [ app_begin ] --END-- [ RunTime:0.001790s ]
SQL: SHOW COLUMNS FROM `branch_account` [ RunTime:0.0031s ]
SQL: SELECT `type` FROM `branch_account` WHERE ( id = 21 ) LIMIT 1   [ RunTime:0.0011s ]
SQL: SHOW COLUMNS FROM `course_order` [ RunTime:0.0082s ]
SQL: SELECT COUNT(*) AS tp_count FROM course_order o left join course c on c.id = o.course_id INNER JOIN member m on m.id = o.user_id INNER JOIN branch b on b.id = c.branchId  WHERE c.branchId = '31' AND o.status IN ('0','1','2') AND o.is_pay = 1 ORDER BY o.id LIMIT 1   [ RunTime:0.0015s ]
INFO: [ view_parse ] --START--
INFO: [ template_filter ] --START--
INFO: Run Behavior\ContentReplaceBehavior [ RunTime:0.000161s ]
INFO: [ template_filter ] --END-- [ RunTime:0.000261s ]
INFO: Run Behavior\ParseTemplateBehavior [ RunTime:0.027162s ]
INFO: [ view_parse ] --END-- [ RunTime:0.027265s ]
INFO: [ view_filter ] --START--
INFO: Run Behavior\WriteHtmlCacheBehavior [ RunTime:0.000656s ]
INFO: [ view_filter ] --END-- [ RunTime:0.000745s ]
INFO: [ app_end ] --START--
INFO: Run Behavior\ShowPageTraceBehavior [ RunTime:0.002142s ]
INFO: [ app_end ] --END-- [ RunTime:0.002236s ]

[ 2016-09-21T20:46:24+08:00 ] 220.179.147.61 /grocery.php?m=Grocery&c=setup&a=add_account&action=add
INFO: [ app_init ] --START--
INFO: Run Behavior\BuildLiteBehavior [ RunTime:0.000058s ]
INFO: [ app_init ] --END-- [ RunTime:0.001463s ]
INFO: [ app_begin ] --START--
INFO: Run Behavior\ReadHtmlCacheBehavior [ RunTime:0.001667s ]
INFO: [ app_begin ] --END-- [ RunTime:0.001773s ]
SQL: SHOW COLUMNS FROM `branch_account` [ RunTime:0.0024s ]
SQL: SELECT `type` FROM `branch_account` WHERE ( id = 21 ) LIMIT 1   [ RunTime:0.0008s ]
SQL: SHOW COLUMNS FROM `course_order` [ RunTime:0.0036s ]
SQL: SELECT COUNT(*) AS tp_count FROM course_order o left join course c on c.id = o.course_id INNER JOIN member m on m.id = o.user_id INNER JOIN branch b on b.id = c.branchId  WHERE c.branchId = '31' AND o.status IN ('0','1','2') AND o.is_pay = 1 ORDER BY o.id LIMIT 1   [ RunTime:0.0010s ]
SQL: SELECT `type` FROM `branch_account` WHERE ( id = 21 ) LIMIT 1   [ RunTime:0.0013s ]
INFO: [ view_parse ] --START--
INFO: [ template_filter ] --START--
INFO: Run Behavior\ContentReplaceBehavior [ RunTime:0.000089s ]
INFO: [ template_filter ] --END-- [ RunTime:0.000186s ]
INFO: Run Behavior\ParseTemplateBehavior [ RunTime:0.020581s ]
INFO: [ view_parse ] --END-- [ RunTime:0.020839s ]
INFO: [ view_filter ] --START--
INFO: Run Behavior\WriteHtmlCacheBehavior [ RunTime:0.000537s ]
INFO: [ view_filter ] --END-- [ RunTime:0.000621s ]

[ 2016-09-21T20:46:30+08:00 ] 220.179.147.61 /grocery.php?m=Grocery&c=setup&a=account
INFO: [ app_init ] --START--
INFO: Run Behavior\BuildLiteBehavior [ RunTime:0.000043s ]
INFO: [ app_init ] --END-- [ RunTime:0.001248s ]
INFO: [ app_begin ] --START--
INFO: Run Behavior\ReadHtmlCacheBehavior [ RunTime:0.001953s ]
INFO: [ app_begin ] --END-- [ RunTime:0.002085s ]
SQL: SHOW COLUMNS FROM `branch_account` [ RunTime:0.0024s ]
SQL: SELECT `type` FROM `branch_account` WHERE ( id = 21 ) LIMIT 1   [ RunTime:0.0014s ]
SQL: SHOW COLUMNS FROM `course_order` [ RunTime:0.0022s ]
SQL: SELECT COUNT(*) AS tp_count FROM course_order o left join course c on c.id = o.course_id INNER JOIN member m on m.id = o.user_id INNER JOIN branch b on b.id = c.branchId  WHERE c.branchId = '31' AND o.status IN ('0','1','2') AND o.is_pay = 1 ORDER BY o.id LIMIT 1   [ RunTime:0.0011s ]
SQL: SELECT a.*,b.braName FROM branch_account a left join branch b on b.id = a.branchId  WHERE a.groId = '24'  [ RunTime:0.0018s ]
INFO: [ view_parse ] --START--
INFO: [ template_filter ] --START--
INFO: Run Behavior\ContentReplaceBehavior [ RunTime:0.000157s ]
INFO: [ template_filter ] --END-- [ RunTime:0.000268s ]
NOTIC: [8] Undefined variable: page /var/www/virtual/xbkt/home/wwwroot/Application/Runtime/Cache/Grocery/4dd27d8175050a856366cde2f672f3d1.php 第 156 行.
INFO: Run Behavior\ParseTemplateBehavior [ RunTime:0.029406s ]
INFO: [ view_parse ] --END-- [ RunTime:0.029500s ]
INFO: [ view_filter ] --START--
INFO: Run Behavior\WriteHtmlCacheBehavior [ RunTime:0.000594s ]
INFO: [ view_filter ] --END-- [ RunTime:0.000678s ]
INFO: [ app_end ] --START--
INFO: Run Behavior\ShowPageTraceBehavior [ RunTime:0.001831s ]
INFO: [ app_end ] --END-- [ RunTime:0.001925s ]

[ 2016-09-21T20:46:35+08:00 ] 220.179.147.61 /grocery.php?m=Grocery&c=setup&a=update_account&id=21
INFO: [ app_init ] --START--
INFO: Run Behavior\BuildLiteBehavior [ RunTime:0.000042s ]
INFO: [ app_init ] --END-- [ RunTime:0.001752s ]
INFO: [ app_begin ] --START--
INFO: Run Behavior\ReadHtmlCacheBehavior [ RunTime:0.001721s ]
INFO: [ app_begin ] --END-- [ RunTime:0.001824s ]
SQL: SHOW COLUMNS FROM `branch_account` [ RunTime:0.0037s ]
SQL: SELECT `type` FROM `branch_account` WHERE ( id = 21 ) LIMIT 1   [ RunTime:0.0032s ]
SQL: SHOW COLUMNS FROM `course_order` [ RunTime:0.0038s ]
SQL: SELECT COUNT(*) AS tp_count FROM course_order o left join course c on c.id = o.course_id INNER JOIN member m on m.id = o.user_id INNER JOIN branch b on b.id = c.branchId  WHERE c.branchId = '31' AND o.status IN ('0','1','2') AND o.is_pay = 1 ORDER BY o.id LIMIT 1   [ RunTime:0.0026s ]
SQL: SHOW COLUMNS FROM `branch` [ RunTime:0.0037s ]
SQL: SELECT `id`,`braName` FROM `branch` WHERE ( groId = 24 )  [ RunTime:0.0024s ]
SQL: SELECT * FROM `branch_account` WHERE ( id = 21 ) LIMIT 1   [ RunTime:0.0046s ]
INFO: [ view_parse ] --START--
INFO: [ template_filter ] --START--
INFO: Run Behavior\ContentReplaceBehavior [ RunTime:0.000202s ]
INFO: [ template_filter ] --END-- [ RunTime:0.000421s ]
INFO: Run Behavior\ParseTemplateBehavior [ RunTime:0.063683s ]
INFO: [ view_parse ] --END-- [ RunTime:0.063887s ]
INFO: [ view_filter ] --START--
INFO: Run Behavior\WriteHtmlCacheBehavior [ RunTime:0.000649s ]
INFO: [ view_filter ] --END-- [ RunTime:0.000762s ]
INFO: [ app_end ] --START--
INFO: Run Behavior\ShowPageTraceBehavior [ RunTime:0.002010s ]
INFO: [ app_end ] --END-- [ RunTime:0.002157s ]

[ 2016-09-21T20:46:48+08:00 ] 220.179.147.61 /grocery.php?m=Grocery&c=setup&a=index
INFO: [ app_init ] --START--
INFO: Run Behavior\BuildLiteBehavior [ RunTime:0.000038s ]
INFO: [ app_init ] --END-- [ RunTime:0.001311s ]
INFO: [ app_begin ] --START--
INFO: Run Behavior\ReadHtmlCacheBehavior [ RunTime:0.001683s ]
INFO: [ app_begin ] --END-- [ RunTime:0.001807s ]
SQL: SHOW COLUMNS FROM `branch_account` [ RunTime:0.0026s ]
SQL: SELECT `type` FROM `branch_account` WHERE ( id = 21 ) LIMIT 1   [ RunTime:0.0015s ]
SQL: SHOW COLUMNS FROM `course_order` [ RunTime:0.0025s ]
SQL: SELECT COUNT(*) AS tp_count FROM course_order o left join course c on c.id = o.course_id INNER JOIN member m on m.id = o.user_id INNER JOIN branch b on b.id = c.branchId  WHERE c.branchId = '31' AND o.status IN ('0','1','2') AND o.is_pay = 1 ORDER BY o.id LIMIT 1   [ RunTime:0.0008s ]
SQL: SHOW COLUMNS FROM `grocery` [ RunTime:0.0020s ]
SQL: SELECT * FROM `grocery` WHERE ( id = 24 ) LIMIT 1   [ RunTime:0.0011s ]
INFO: [ view_parse ] --START--
INFO: [ template_filter ] --START--
INFO: Run Behavior\ContentReplaceBehavior [ RunTime:0.000167s ]
INFO: [ template_filter ] --END-- [ RunTime:0.000279s ]
INFO: Run Behavior\ParseTemplateBehavior [ RunTime:0.037487s ]
INFO: [ view_parse ] --END-- [ RunTime:0.037608s ]
INFO: [ view_filter ] --START--
INFO: Run Behavior\WriteHtmlCacheBehavior [ RunTime:0.000527s ]
INFO: [ view_filter ] --END-- [ RunTime:0.000782s ]
INFO: [ app_end ] --START--
INFO: Run Behavior\ShowPageTraceBehavior [ RunTime:0.002191s ]
INFO: [ app_end ] --END-- [ RunTime:0.002287s ]

[ 2016-09-21T20:46:51+08:00 ] 220.179.147.61 /grocery.php?m=Grocery&c=article&a=index
INFO: [ app_init ] --START--
INFO: Run Behavior\BuildLiteBehavior [ RunTime:0.000041s ]
INFO: [ app_init ] --END-- [ RunTime:0.001515s ]
INFO: [ app_begin ] --START--
INFO: Run Behavior\ReadHtmlCacheBehavior [ RunTime:0.001668s ]
INFO: [ app_begin ] --END-- [ RunTime:0.001845s ]
SQL: SHOW COLUMNS FROM `branch_account` [ RunTime:0.0027s ]
SQL: SELECT `type` FROM `branch_account` WHERE ( id = 21 ) LIMIT 1   [ RunTime:0.0009s ]
SQL: SHOW COLUMNS FROM `course_order` [ RunTime:0.0024s ]
SQL: SELECT COUNT(*) AS tp_count FROM course_order o left join course c on c.id = o.course_id INNER JOIN member m on m.id = o.user_id INNER JOIN branch b on b.id = c.branchId  WHERE c.branchId = '31' AND o.status IN ('0','1','2') AND o.is_pay = 1 ORDER BY o.id LIMIT 1   [ RunTime:0.0009s ]
NOTIC: [8] Undefined index: cate /var/www/virtual/xbkt/home/wwwroot/Application/Grocery/Controller/ArticleController.class.php 第 15 行.
SQL: SHOW COLUMNS FROM `article` [ RunTime:0.0029s ]
SQL: SELECT COUNT(*) AS tp_count FROM `article` WHERE `groid` = 24 LIMIT 1   [ RunTime:0.0012s ]
SQL: SELECT article.*,(select count(*) from article_collect ac where ac.artid=article.id) as cnum FROM `article` left join article_collect ac on ac.artid=article.id  WHERE `groid` = '24' GROUP BY article.id LIMIT 0,6   [ RunTime:0.0041s ]
SQL: SELECT COUNT(*) AS tp_count FROM `article` WHERE ( groid=24 ) LIMIT 1   [ RunTime:0.0018s ]
SQL: SELECT count(*) count,`cate` FROM `article` WHERE ( groid=24 ) GROUP BY cate  [ RunTime:0.0012s ]
INFO: [ view_parse ] --START--
INFO: [ template_filter ] --START--
INFO: Run Behavior\ContentReplaceBehavior [ RunTime:0.000199s ]
INFO: [ template_filter ] --END-- [ RunTime:0.000326s ]
NOTIC: [8] Undefined index: create_time /var/www/virtual/xbkt/home/wwwroot/Application/Runtime/Cache/Grocery/b7ab84f90332f33935899b09b5bbf5f3.php 第 147 行.
NOTIC: [2] Division by zero /var/www/virtual/xbkt/home/wwwroot/Application/Runtime/Cache/Grocery/b7ab84f90332f33935899b09b5bbf5f3.php 第 149 行.
INFO: Run Behavior\ParseTemplateBehavior [ RunTime:0.054016s ]
INFO: [ view_parse ] --END-- [ RunTime:0.054183s ]
INFO: [ view_filter ] --START--
INFO: Run Behavior\WriteHtmlCacheBehavior [ RunTime:0.000816s ]
INFO: [ view_filter ] --END-- [ RunTime:0.000906s ]
INFO: [ app_end ] --START--
INFO: Run Behavior\ShowPageTraceBehavior [ RunTime:0.002419s ]
INFO: [ app_end ] --END-- [ RunTime:0.002515s ]

[ 2016-09-21T20:46:54+08:00 ] 220.179.147.61 /grocery.php?m=Grocery&c=course&a=index
INFO: [ app_init ] --START--
INFO: Run Behavior\BuildLiteBehavior [ RunTime:0.000038s ]
INFO: [ app_init ] --END-- [ RunTime:0.001455s ]
INFO: [ app_begin ] --START--
INFO: Run Behavior\ReadHtmlCacheBehavior [ RunTime:0.001703s ]
INFO: [ app_begin ] --END-- [ RunTime:0.001806s ]
SQL: SHOW COLUMNS FROM `branch_account` [ RunTime:0.0029s ]
SQL: SELECT `type` FROM `branch_account` WHERE ( id = 21 ) LIMIT 1   [ RunTime:0.0010s ]
SQL: SHOW COLUMNS FROM `course_order` [ RunTime:0.0024s ]
SQL: SELECT COUNT(*) AS tp_count FROM course_order o left join course c on c.id = o.course_id INNER JOIN member m on m.id = o.user_id INNER JOIN branch b on b.id = c.branchId  WHERE c.branchId = '31' AND o.status IN ('0','1','2') AND o.is_pay = 1 ORDER BY o.id LIMIT 1   [ RunTime:0.0009s ]
SQL: SHOW COLUMNS FROM `course` [ RunTime:0.0025s ]
SQL: SELECT `type` FROM `branch_account` WHERE ( id = 21 ) LIMIT 1   [ RunTime:0.0009s ]
SQL: SELECT COUNT(*) AS tp_count FROM `course` left join branch b on b.id = course.branchId  WHERE `branchId` = '31' LIMIT 1   [ RunTime:0.0017s ]
SQL: SELECT course.*,branch.braName,branch.area,branch.circle FROM `course` INNER JOIN branch on course.branchId=branch.id  WHERE `branchId` = '31' ORDER BY course.id DESC LIMIT 0,6   [ RunTime:0.0025s ]
INFO: [ view_parse ] --START--
INFO: [ template_filter ] --START--
INFO: Run Behavior\ContentReplaceBehavior [ RunTime:0.000171s ]
INFO: [ template_filter ] --END-- [ RunTime:0.000283s ]
INFO: Run Behavior\ParseTemplateBehavior [ RunTime:0.038317s ]
INFO: [ view_parse ] --END-- [ RunTime:0.038555s ]
INFO: [ view_filter ] --START--
INFO: Run Behavior\WriteHtmlCacheBehavior [ RunTime:0.000709s ]
INFO: [ view_filter ] --END-- [ RunTime:0.000828s ]
INFO: [ app_end ] --START--
INFO: Run Behavior\ShowPageTraceBehavior [ RunTime:0.002652s ]
INFO: [ app_end ] --END-- [ RunTime:0.002757s ]

[ 2016-09-21T20:46:57+08:00 ] 220.179.147.61 /grocery.php?m=Grocery&c=article&a=index
INFO: [ app_init ] --START--
INFO: Run Behavior\BuildLiteBehavior [ RunTime:0.000125s ]
INFO: [ app_init ] --END-- [ RunTime:0.002660s ]
INFO: [ app_begin ] --START--
INFO: Run Behavior\ReadHtmlCacheBehavior [ RunTime:0.003064s ]
INFO: [ app_begin ] --END-- [ RunTime:0.003229s ]
SQL: SHOW COLUMNS FROM `branch_account` [ RunTime:0.0025s ]
SQL: SELECT `type` FROM `branch_account` WHERE ( id = 21 ) LIMIT 1   [ RunTime:0.0010s ]
SQL: SHOW COLUMNS FROM `course_order` [ RunTime:0.0051s ]
SQL: SELECT COUNT(*) AS tp_count FROM course_order o left join course c on c.id = o.course_id INNER JOIN member m on m.id = o.user_id INNER JOIN branch b on b.id = c.branchId  WHERE c.branchId = '31' AND o.status IN ('0','1','2') AND o.is_pay = 1 ORDER BY o.id LIMIT 1   [ RunTime:0.0014s ]
NOTIC: [8] Undefined index: cate /var/www/virtual/xbkt/home/wwwroot/Application/Grocery/Controller/ArticleController.class.php 第 15 行.
SQL: SHOW COLUMNS FROM `article` [ RunTime:0.0022s ]
SQL: SELECT COUNT(*) AS tp_count FROM `article` WHERE `groid` = 24 LIMIT 1   [ RunTime:0.0009s ]
SQL: SELECT article.*,(select count(*) from article_collect ac where ac.artid=article.id) as cnum FROM `article` left join article_collect ac on ac.artid=article.id  WHERE `groid` = '24' GROUP BY article.id LIMIT 0,6   [ RunTime:0.0031s ]
SQL: SELECT COUNT(*) AS tp_count FROM `article` WHERE ( groid=24 ) LIMIT 1   [ RunTime:0.0019s ]
SQL: SELECT count(*) count,`cate` FROM `article` WHERE ( groid=24 ) GROUP BY cate  [ RunTime:0.0024s ]
INFO: [ view_parse ] --START--
INFO: [ template_filter ] --START--
INFO: Run Behavior\ContentReplaceBehavior [ RunTime:0.000229s ]
INFO: [ template_filter ] --END-- [ RunTime:0.000363s ]
NOTIC: [8] Undefined index: create_time /var/www/virtual/xbkt/home/wwwroot/Application/Runtime/Cache/Grocery/b7ab84f90332f33935899b09b5bbf5f3.php 第 147 行.
NOTIC: [2] Division by zero /var/www/virtual/xbkt/home/wwwroot/Application/Runtime/Cache/Grocery/b7ab84f90332f33935899b09b5bbf5f3.php 第 149 行.
INFO: Run Behavior\ParseTemplateBehavior [ RunTime:0.049782s ]
INFO: [ view_parse ] --END-- [ RunTime:0.049911s ]
INFO: [ view_filter ] --START--
INFO: Run Behavior\WriteHtmlCacheBehavior [ RunTime:0.000670s ]
INFO: [ view_filter ] --END-- [ RunTime:0.000761s ]
INFO: [ app_end ] --START--
INFO: Run Behavior\ShowPageTraceBehavior [ RunTime:0.002855s ]
INFO: [ app_end ] --END-- [ RunTime:0.002992s ]

[ 2016-09-21T20:47:00+08:00 ] 220.179.147.61 /grocery.php?m=Grocery&c=course&a=index
INFO: [ app_init ] --START--
INFO: Run Behavior\BuildLiteBehavior [ RunTime:0.000045s ]
INFO: [ app_init ] --END-- [ RunTime:0.001292s ]
INFO: [ app_begin ] --START--
INFO: Run Behavior\ReadHtmlCacheBehavior [ RunTime:0.001699s ]
INFO: [ app_begin ] --END-- [ RunTime:0.001802s ]
SQL: SHOW COLUMNS FROM `branch_account` [ RunTime:0.0029s ]
SQL: SELECT `type` FROM `branch_account` WHERE ( id = 21 ) LIMIT 1   [ RunTime:0.0010s ]
SQL: SHOW COLUMNS FROM `course_order` [ RunTime:0.0026s ]
SQL: SELECT COUNT(*) AS tp_count FROM course_order o left join course c on c.id = o.course_id INNER JOIN member m on m.id = o.user_id INNER JOIN branch b on b.id = c.branchId  WHERE c.branchId = '31' AND o.status IN ('0','1','2') AND o.is_pay = 1 ORDER BY o.id LIMIT 1   [ RunTime:0.0009s ]
SQL: SHOW COLUMNS FROM `course` [ RunTime:0.0024s ]
SQL: SELECT `type` FROM `branch_account` WHERE ( id = 21 ) LIMIT 1   [ RunTime:0.0014s ]
SQL: SELECT COUNT(*) AS tp_count FROM `course` left join branch b on b.id = course.branchId  WHERE `branchId` = '31' LIMIT 1   [ RunTime:0.0010s ]
SQL: SELECT course.*,branch.braName,branch.area,branch.circle FROM `course` INNER JOIN branch on course.branchId=branch.id  WHERE `branchId` = '31' ORDER BY course.id DESC LIMIT 0,6   [ RunTime:0.0019s ]
INFO: [ view_parse ] --START--
INFO: [ template_filter ] --START--
INFO: Run Behavior\ContentReplaceBehavior [ RunTime:0.000280s ]
INFO: [ template_filter ] --END-- [ RunTime:0.000386s ]
INFO: Run Behavior\ParseTemplateBehavior [ RunTime:0.035579s ]
INFO: [ view_parse ] --END-- [ RunTime:0.035677s ]
INFO: [ view_filter ] --START--
INFO: Run Behavior\WriteHtmlCacheBehavior [ RunTime:0.000724s ]
INFO: [ view_filter ] --END-- [ RunTime:0.000857s ]
INFO: [ app_end ] --START--
INFO: Run Behavior\ShowPageTraceBehavior [ RunTime:0.002515s ]
INFO: [ app_end ] --END-- [ RunTime:0.002614s ]

[ 2016-09-21T20:47:02+08:00 ] 220.179.147.61 /grocery.php?m=Grocery&c=order&a=index
INFO: [ app_init ] --START--
INFO: Run Behavior\BuildLiteBehavior [ RunTime:0.000044s ]
INFO: [ app_init ] --END-- [ RunTime:0.001269s ]
INFO: [ app_begin ] --START--
INFO: Run Behavior\ReadHtmlCacheBehavior [ RunTime:0.001774s ]
INFO: [ app_begin ] --END-- [ RunTime:0.001894s ]
SQL: SHOW COLUMNS FROM `branch_account` [ RunTime:0.0026s ]
SQL: SELECT `type` FROM `branch_account` WHERE ( id = 21 ) LIMIT 1   [ RunTime:0.0008s ]
SQL: SHOW COLUMNS FROM `course_order` [ RunTime:0.0025s ]
SQL: SELECT COUNT(*) AS tp_count FROM course_order o left join course c on c.id = o.course_id INNER JOIN member m on m.id = o.user_id INNER JOIN branch b on b.id = c.branchId  WHERE c.branchId = '31' AND o.status IN ('0','1','2') AND o.is_pay = 1 ORDER BY o.id LIMIT 1   [ RunTime:0.0012s ]
NOTIC: [8] Undefined index: status /var/www/virtual/xbkt/home/wwwroot/Application/Grocery/Controller/OrderController.class.php 第 15 行.
NOTIC: [8] Undefined index: status /var/www/virtual/xbkt/home/wwwroot/Application/Grocery/Controller/OrderController.class.php 第 18 行.
SQL: SELECT `type` FROM `branch_account` WHERE ( id = 21 ) LIMIT 1   [ RunTime:0.0009s ]
SQL: SELECT COUNT(*) AS tp_count FROM course_order o left join course c on c.id = o.course_id INNER JOIN branch b on b.id = c.branchId INNER JOIN member m on m.id = o.user_id  WHERE c.branchId = '31' LIMIT 1   [ RunTime:0.0022s ]
SQL: SELECT o.*,m.username,c.name,c.image,c.extension,c.extensionimg,c.price FROM course_order o INNER JOIN course c on c.id = o.course_id INNER JOIN member m on m.id = o.user_id INNER JOIN branch b on b.id = c.branchId  WHERE c.branchId = '31' ORDER BY o.id DESC LIMIT 0,6   [ RunTime:0.0044s ]
INFO: [ view_parse ] --START--
INFO: [ template_filter ] --START--
INFO: Run Behavior\ContentReplaceBehavior [ RunTime:0.000199s ]
INFO: [ template_filter ] --END-- [ RunTime:0.000329s ]
INFO: Run Behavior\ParseTemplateBehavior [ RunTime:0.050088s ]
INFO: [ view_parse ] --END-- [ RunTime:0.050215s ]
INFO: [ view_filter ] --START--
INFO: Run Behavior\WriteHtmlCacheBehavior [ RunTime:0.000585s ]
INFO: [ view_filter ] --END-- [ RunTime:0.000684s ]
INFO: [ app_end ] --START--
INFO: Run Behavior\ShowPageTraceBehavior [ RunTime:0.001972s ]
INFO: [ app_end ] --END-- [ RunTime:0.002071s ]

[ 2016-09-21T20:47:05+08:00 ] 220.179.147.61 /grocery.php?m=Grocery&c=order&a=update&id=221
INFO: [ app_init ] --START--
INFO: Run Behavior\BuildLiteBehavior [ RunTime:0.000044s ]
INFO: [ app_init ] --END-- [ RunTime:0.001297s ]
INFO: [ app_begin ] --START--
INFO: Run Behavior\ReadHtmlCacheBehavior [ RunTime:0.001686s ]
INFO: [ app_begin ] --END-- [ RunTime:0.001788s ]
SQL: SHOW COLUMNS FROM `branch_account` [ RunTime:0.0034s ]
SQL: SELECT `type` FROM `branch_account` WHERE ( id = 21 ) LIMIT 1   [ RunTime:0.0007s ]
SQL: SHOW COLUMNS FROM `course_order` [ RunTime:0.0022s ]
SQL: SELECT COUNT(*) AS tp_count FROM course_order o left join course c on c.id = o.course_id INNER JOIN member m on m.id = o.user_id INNER JOIN branch b on b.id = c.branchId  WHERE c.branchId = '31' AND o.status IN ('0','1','2') AND o.is_pay = 1 ORDER BY o.id LIMIT 1   [ RunTime:0.0011s ]
SQL: SELECT o.*,m.username,c.name,c.image,c.extension,c.extensionimg,c.price FROM course_order o INNER JOIN course c on c.id = o.course_id INNER JOIN member m on m.id = o.user_id  WHERE o.id = '221' LIMIT 1   [ RunTime:0.0023s ]
INFO: [ view_parse ] --START--
INFO: [ template_filter ] --START--
INFO: Run Behavior\ContentReplaceBehavior [ RunTime:0.000202s ]
INFO: [ template_filter ] --END-- [ RunTime:0.000318s ]
INFO: Run Behavior\ParseTemplateBehavior [ RunTime:0.045532s ]
INFO: [ view_parse ] --END-- [ RunTime:0.045805s ]
INFO: [ view_filter ] --START--
INFO: Run Behavior\WriteHtmlCacheBehavior [ RunTime:0.000569s ]
INFO: [ view_filter ] --END-- [ RunTime:0.000656s ]
INFO: [ app_end ] --START--
INFO: Run Behavior\ShowPageTraceBehavior [ RunTime:0.003990s ]
INFO: [ app_end ] --END-- [ RunTime:0.004118s ]

[ 2016-09-21T20:52:24+08:00 ] 220.179.147.61 /grocery.php?m=Grocery&c=setup&a=account
INFO: [ app_init ] --START--
INFO: Run Behavior\BuildLiteBehavior [ RunTime:0.000060s ]
INFO: [ app_init ] --END-- [ RunTime:0.002032s ]
INFO: [ app_begin ] --START--
INFO: Run Behavior\ReadHtmlCacheBehavior [ RunTime:0.002959s ]
INFO: [ app_begin ] --END-- [ RunTime:0.003141s ]
SQL: SHOW COLUMNS FROM `branch_account` [ RunTime:0.0024s ]
SQL: SELECT `type` FROM `branch_account` WHERE ( id = 21 ) LIMIT 1   [ RunTime:0.0008s ]
SQL: SHOW COLUMNS FROM `course_order` [ RunTime:0.0023s ]
SQL: SELECT COUNT(*) AS tp_count FROM course_order o left join course c on c.id = o.course_id INNER JOIN member m on m.id = o.user_id INNER JOIN branch b on b.id = c.branchId  WHERE c.branchId = '31' AND o.status IN ('0','1','2') AND o.is_pay = 1 ORDER BY o.id LIMIT 1   [ RunTime:0.0013s ]
SQL: SELECT a.*,b.braName FROM branch_account a left join branch b on b.id = a.branchId  WHERE a.groId = '24'  [ RunTime:0.0013s ]
INFO: [ view_parse ] --START--
INFO: [ template_filter ] --START--
INFO: Run Behavior\ContentReplaceBehavior [ RunTime:0.000182s ]
INFO: [ template_filter ] --END-- [ RunTime:0.000307s ]
NOTIC: [8] Undefined variable: page /var/www/virtual/xbkt/home/wwwroot/Application/Runtime/Cache/Grocery/4dd27d8175050a856366cde2f672f3d1.php 第 156 行.
INFO: Run Behavior\ParseTemplateBehavior [ RunTime:0.038501s ]
INFO: [ view_parse ] --END-- [ RunTime:0.038901s ]
INFO: [ view_filter ] --START--
INFO: Run Behavior\WriteHtmlCacheBehavior [ RunTime:0.000695s ]
INFO: [ view_filter ] --END-- [ RunTime:0.000786s ]
INFO: [ app_end ] --START--
INFO: Run Behavior\ShowPageTraceBehavior [ RunTime:0.002641s ]
INFO: [ app_end ] --END-- [ RunTime:0.002763s ]

[ 2016-09-21T20:52:31+08:00 ] 220.179.147.61 /grocery.php?m=Grocery&c=setup&a=branch_list
INFO: [ app_init ] --START--
INFO: Run Behavior\BuildLiteBehavior [ RunTime:0.000058s ]
INFO: [ app_init ] --END-- [ RunTime:0.001570s ]
INFO: [ app_begin ] --START--
INFO: Run Behavior\ReadHtmlCacheBehavior [ RunTime:0.001914s ]
INFO: [ app_begin ] --END-- [ RunTime:0.002020s ]
SQL: SHOW COLUMNS FROM `branch_account` [ RunTime:0.0028s ]
SQL: SELECT `type` FROM `branch_account` WHERE ( id = 21 ) LIMIT 1   [ RunTime:0.0018s ]
SQL: SHOW COLUMNS FROM `course_order` [ RunTime:0.0093s ]
SQL: SELECT COUNT(*) AS tp_count FROM course_order o left join course c on c.id = o.course_id INNER JOIN member m on m.id = o.user_id INNER JOIN branch b on b.id = c.branchId  WHERE c.branchId = '31' AND o.status IN ('0','1','2') AND o.is_pay = 1 ORDER BY o.id LIMIT 1   [ RunTime:0.0072s ]
SQL: SHOW COLUMNS FROM `branch` [ RunTime:0.0079s ]
SQL: SELECT * FROM `branch` WHERE `groId` = 24 AND `braName` <> '' AND `area` <> '' AND `circle` <> '' GROUP BY braName  [ RunTime:0.0067s ]
INFO: [ view_parse ] --START--
INFO: [ template_filter ] --START--
INFO: Run Behavior\ContentReplaceBehavior [ RunTime:0.000269s ]
INFO: [ template_filter ] --END-- [ RunTime:0.000493s ]
NOTIC: [8] Undefined variable: page /var/www/virtual/xbkt/home/wwwroot/Application/Runtime/Cache/Grocery/7d0a71f3fe8f831768b36abeadbc60be.php 第 154 行.
INFO: Run Behavior\ParseTemplateBehavior [ RunTime:0.052460s ]
INFO: [ view_parse ] --END-- [ RunTime:0.052668s ]
INFO: [ view_filter ] --START--
INFO: Run Behavior\WriteHtmlCacheBehavior [ RunTime:0.000846s ]
INFO: [ view_filter ] --END-- [ RunTime:0.001014s ]
INFO: [ app_end ] --START--
INFO: Run Behavior\ShowPageTraceBehavior [ RunTime:0.004052s ]
INFO: [ app_end ] --END-- [ RunTime:0.004299s ]

[ 2016-09-21T20:53:49+08:00 ] 220.179.147.61 /grocery.php?m=Grocery&c=setup&a=account
INFO: [ app_init ] --START--
INFO: Run Behavior\BuildLiteBehavior [ RunTime:0.000036s ]
INFO: [ app_init ] --END-- [ RunTime:0.001048s ]
INFO: [ app_begin ] --START--
INFO: Run Behavior\ReadHtmlCacheBehavior [ RunTime:0.001398s ]
INFO: [ app_begin ] --END-- [ RunTime:0.001587s ]
SQL: SHOW COLUMNS FROM `branch_account` [ RunTime:0.0024s ]
SQL: SELECT `type` FROM `branch_account` WHERE ( id = 21 ) LIMIT 1   [ RunTime:0.0012s ]
SQL: SHOW COLUMNS FROM `course_order` [ RunTime:0.0022s ]
SQL: SELECT COUNT(*) AS tp_count FROM course_order o left join course c on c.id = o.course_id INNER JOIN member m on m.id = o.user_id INNER JOIN branch b on b.id = c.branchId  WHERE c.branchId = '31' AND o.status IN ('0','1','2') AND o.is_pay = 1 ORDER BY o.id LIMIT 1   [ RunTime:0.0011s ]
SQL: SELECT a.*,b.braName FROM branch_account a left join branch b on b.id = a.branchId  WHERE a.groId = '24'  [ RunTime:0.0013s ]
INFO: [ view_parse ] --START--
INFO: [ template_filter ] --START--
INFO: Run Behavior\ContentReplaceBehavior [ RunTime:0.000208s ]
INFO: [ template_filter ] --END-- [ RunTime:0.000347s ]
NOTIC: [8] Undefined variable: page /var/www/virtual/xbkt/home/wwwroot/Application/Runtime/Cache/Grocery/4dd27d8175050a856366cde2f672f3d1.php 第 156 行.
INFO: Run Behavior\ParseTemplateBehavior [ RunTime:0.038493s ]
INFO: [ view_parse ] --END-- [ RunTime:0.038736s ]
INFO: [ view_filter ] --START--
INFO: Run Behavior\WriteHtmlCacheBehavior [ RunTime:0.000769s ]
INFO: [ view_filter ] --END-- [ RunTime:0.000882s ]
INFO: [ app_end ] --START--
INFO: Run Behavior\ShowPageTraceBehavior [ RunTime:0.002530s ]
INFO: [ app_end ] --END-- [ RunTime:0.002646s ]

[ 2016-09-21T20:53:56+08:00 ] 220.179.147.61 /grocery.php?m=Grocery&c=setup&a=update_account&id=20
INFO: [ app_init ] --START--
INFO: Run Behavior\BuildLiteBehavior [ RunTime:0.000043s ]
INFO: [ app_init ] --END-- [ RunTime:0.001227s ]
INFO: [ app_begin ] --START--
INFO: Run Behavior\ReadHtmlCacheBehavior [ RunTime:0.001674s ]
INFO: [ app_begin ] --END-- [ RunTime:0.001788s ]
SQL: SHOW COLUMNS FROM `branch_account` [ RunTime:0.0026s ]
SQL: SELECT `type` FROM `branch_account` WHERE ( id = 21 ) LIMIT 1   [ RunTime:0.0008s ]
SQL: SHOW COLUMNS FROM `course_order` [ RunTime:0.0027s ]
SQL: SELECT COUNT(*) AS tp_count FROM course_order o left join course c on c.id = o.course_id INNER JOIN member m on m.id = o.user_id INNER JOIN branch b on b.id = c.branchId  WHERE c.branchId = '31' AND o.status IN ('0','1','2') AND o.is_pay = 1 ORDER BY o.id LIMIT 1   [ RunTime:0.0022s ]
SQL: SHOW COLUMNS FROM `branch` [ RunTime:0.0022s ]
SQL: SELECT `id`,`braName` FROM `branch` WHERE ( groId = 24 )  [ RunTime:0.0009s ]
SQL: SELECT * FROM `branch_account` WHERE ( id = 20 ) LIMIT 1   [ RunTime:0.0016s ]
INFO: [ view_parse ] --START--
INFO: [ template_filter ] --START--
INFO: Run Behavior\ContentReplaceBehavior [ RunTime:0.000226s ]
INFO: [ template_filter ] --END-- [ RunTime:0.000338s ]
INFO: Run Behavior\ParseTemplateBehavior [ RunTime:0.036002s ]
INFO: [ view_parse ] --END-- [ RunTime:0.036100s ]
INFO: [ view_filter ] --START--
INFO: Run Behavior\WriteHtmlCacheBehavior [ RunTime:0.000802s ]
INFO: [ view_filter ] --END-- [ RunTime:0.000892s ]
INFO: [ app_end ] --START--
INFO: Run Behavior\ShowPageTraceBehavior [ RunTime:0.003003s ]
INFO: [ app_end ] --END-- [ RunTime:0.003126s ]

[ 2016-09-21T20:54:03+08:00 ] 220.179.147.61 /grocery.php?m=Grocery&c=setup&a=update_account
INFO: [ app_init ] --START--
INFO: Run Behavior\BuildLiteBehavior [ RunTime:0.000043s ]
INFO: [ app_init ] --END-- [ RunTime:0.001323s ]
INFO: [ app_begin ] --START--
INFO: Run Behavior\ReadHtmlCacheBehavior [ RunTime:0.001669s ]
INFO: [ app_begin ] --END-- [ RunTime:0.001822s ]
SQL: SHOW COLUMNS FROM `branch_account` [ RunTime:0.0046s ]
SQL: SELECT `type` FROM `branch_account` WHERE ( id = 21 ) LIMIT 1   [ RunTime:0.0025s ]
SQL: SHOW COLUMNS FROM `course_order` [ RunTime:0.0048s ]
SQL: SELECT COUNT(*) AS tp_count FROM course_order o left join course c on c.id = o.course_id INNER JOIN member m on m.id = o.user_id INNER JOIN branch b on b.id = c.branchId  WHERE c.branchId = '31' AND o.status IN ('0','1','2') AND o.is_pay = 1 ORDER BY o.id LIMIT 1   [ RunTime:0.0024s ]
NOTIC: [8] Undefined index: branchId /var/www/virtual/xbkt/home/wwwroot/Application/Grocery/Controller/SetupController.class.php 第 102 行.
NOTIC: [8] Undefined index: type /var/www/virtual/xbkt/home/wwwroot/Application/Grocery/Controller/SetupController.class.php 第 108 行.
SQL: UPDATE `branch_account` SET `username`='SSK',`branchId`=NULL,`wechat`='',`mphone`='123456',`type`=NULL WHERE `id` = 20 [ RunTime:0.0035s ]
NOTIC: [8] Undefined variable: module /var/www/virtual/xbkt/home/wwwroot/ThinkPHP/Common/functions.php 第 990 行.
NOTIC: [8] Undefined variable: var /var/www/virtual/xbkt/home/wwwroot/ThinkPHP/Common/functions.php 第 990 行.
NOTIC: [2] array_reverse() expects parameter 1 to be array, null given /var/www/virtual/xbkt/home/wwwroot/ThinkPHP/Common/functions.php 第 990 行.
NOTIC: [2] http_build_query(): Parameter 1 expected to be Array or Object.  Incorrect value given /var/www/virtual/xbkt/home/wwwroot/ThinkPHP/Common/functions.php 第 990 行.

[ 2016-09-21T20:54:03+08:00 ] 220.179.147.61 /grocery.php?m=&&m=Grocery&c=setup&a=update_account&id=20
INFO: [ app_init ] --START--
INFO: Run Behavior\BuildLiteBehavior [ RunTime:0.000041s ]
INFO: [ app_init ] --END-- [ RunTime:0.001243s ]
INFO: [ app_begin ] --START--
INFO: Run Behavior\ReadHtmlCacheBehavior [ RunTime:0.001815s ]
INFO: [ app_begin ] --END-- [ RunTime:0.001916s ]
SQL: SHOW COLUMNS FROM `branch_account` [ RunTime:0.0024s ]
SQL: SELECT `type` FROM `branch_account` WHERE ( id = 21 ) LIMIT 1   [ RunTime:0.0015s ]
SQL: SHOW COLUMNS FROM `course_order` [ RunTime:0.0027s ]
SQL: SELECT COUNT(*) AS tp_count FROM course_order o left join course c on c.id = o.course_id INNER JOIN member m on m.id = o.user_id INNER JOIN branch b on b.id = c.branchId  WHERE c.branchId = '31' AND o.status IN ('0','1','2') AND o.is_pay = 1 ORDER BY o.id LIMIT 1   [ RunTime:0.0010s ]
SQL: SHOW COLUMNS FROM `branch` [ RunTime:0.0025s ]
SQL: SELECT `id`,`braName` FROM `branch` WHERE ( groId = 24 )  [ RunTime:0.0009s ]
SQL: SELECT * FROM `branch_account` WHERE ( id = 20 ) LIMIT 1   [ RunTime:0.0014s ]
INFO: [ view_parse ] --START--
INFO: [ template_filter ] --START--
INFO: Run Behavior\ContentReplaceBehavior [ RunTime:0.000175s ]
INFO: [ template_filter ] --END-- [ RunTime:0.000274s ]
INFO: Run Behavior\ParseTemplateBehavior [ RunTime:0.029951s ]
INFO: [ view_parse ] --END-- [ RunTime:0.030048s ]
INFO: [ view_filter ] --START--
INFO: Run Behavior\WriteHtmlCacheBehavior [ RunTime:0.000653s ]
INFO: [ view_filter ] --END-- [ RunTime:0.000738s ]
INFO: [ app_end ] --START--
INFO: Run Behavior\ShowPageTraceBehavior [ RunTime:0.002099s ]
INFO: [ app_end ] --END-- [ RunTime:0.002195s ]

[ 2016-09-21T20:54:06+08:00 ] 220.179.147.61 /grocery.php?m=Grocery&c=setup&a=update_account
INFO: [ app_init ] --START--
INFO: Run Behavior\BuildLiteBehavior [ RunTime:0.000056s ]
INFO: [ app_init ] --END-- [ RunTime:0.001714s ]
INFO: [ app_begin ] --START--
INFO: Run Behavior\ReadHtmlCacheBehavior [ RunTime:0.001765s ]
INFO: [ app_begin ] --END-- [ RunTime:0.001888s ]
SQL: SHOW COLUMNS FROM `branch_account` [ RunTime:0.0024s ]
SQL: SELECT `type` FROM `branch_account` WHERE ( id = 21 ) LIMIT 1   [ RunTime:0.0013s ]
SQL: SHOW COLUMNS FROM `course_order` [ RunTime:0.0023s ]
SQL: SELECT COUNT(*) AS tp_count FROM course_order o left join course c on c.id = o.course_id INNER JOIN member m on m.id = o.user_id INNER JOIN branch b on b.id = c.branchId  WHERE c.branchId = '31' AND o.status IN ('0','1','2') AND o.is_pay = 1 ORDER BY o.id LIMIT 1   [ RunTime:0.0011s ]
NOTIC: [8] Undefined index: branchId /var/www/virtual/xbkt/home/wwwroot/Application/Grocery/Controller/SetupController.class.php 第 102 行.
NOTIC: [8] Undefined index: type /var/www/virtual/xbkt/home/wwwroot/Application/Grocery/Controller/SetupController.class.php 第 108 行.
SQL: UPDATE `branch_account` SET `username`='SSK',`branchId`=NULL,`wechat`='',`mphone`='123456',`type`=NULL WHERE `id` = 20 [ RunTime:0.0013s ]
NOTIC: [8] Undefined variable: module /var/www/virtual/xbkt/home/wwwroot/ThinkPHP/Common/functions.php 第 990 行.
NOTIC: [8] Undefined variable: var /var/www/virtual/xbkt/home/wwwroot/ThinkPHP/Common/functions.php 第 990 行.
NOTIC: [2] array_reverse() expects parameter 1 to be array, null given /var/www/virtual/xbkt/home/wwwroot/ThinkPHP/Common/functions.php 第 990 行.
NOTIC: [2] http_build_query(): Parameter 1 expected to be Array or Object.  Incorrect value given /var/www/virtual/xbkt/home/wwwroot/ThinkPHP/Common/functions.php 第 990 行.

[ 2016-09-21T20:54:06+08:00 ] 220.179.147.61 /grocery.php?m=&&m=Grocery&c=setup&a=update_account&id=20
INFO: [ app_init ] --START--
INFO: Run Behavior\BuildLiteBehavior [ RunTime:0.000042s ]
INFO: [ app_init ] --END-- [ RunTime:0.001386s ]
INFO: [ app_begin ] --START--
INFO: Run Behavior\ReadHtmlCacheBehavior [ RunTime:0.001814s ]
INFO: [ app_begin ] --END-- [ RunTime:0.001921s ]
SQL: SHOW COLUMNS FROM `branch_account` [ RunTime:0.0023s ]
SQL: SELECT `type` FROM `branch_account` WHERE ( id = 21 ) LIMIT 1   [ RunTime:0.0011s ]
SQL: SHOW COLUMNS FROM `course_order` [ RunTime:0.0025s ]
SQL: SELECT COUNT(*) AS tp_count FROM course_order o left join course c on c.id = o.course_id INNER JOIN member m on m.id = o.user_id INNER JOIN branch b on b.id = c.branchId  WHERE c.branchId = '31' AND o.status IN ('0','1','2') AND o.is_pay = 1 ORDER BY o.id LIMIT 1   [ RunTime:0.0011s ]
SQL: SHOW COLUMNS FROM `branch` [ RunTime:0.0023s ]
SQL: SELECT `id`,`braName` FROM `branch` WHERE ( groId = 24 )  [ RunTime:0.0012s ]
SQL: SELECT * FROM `branch_account` WHERE ( id = 20 ) LIMIT 1   [ RunTime:0.0013s ]
INFO: [ view_parse ] --START--
INFO: [ template_filter ] --START--
INFO: Run Behavior\ContentReplaceBehavior [ RunTime:0.000186s ]
INFO: [ template_filter ] --END-- [ RunTime:0.000290s ]
INFO: Run Behavior\ParseTemplateBehavior [ RunTime:0.031063s ]
INFO: [ view_parse ] --END-- [ RunTime:0.031164s ]
INFO: [ view_filter ] --START--
INFO: Run Behavior\WriteHtmlCacheBehavior [ RunTime:0.000652s ]
INFO: [ view_filter ] --END-- [ RunTime:0.000756s ]
INFO: [ app_end ] --START--
INFO: Run Behavior\ShowPageTraceBehavior [ RunTime:0.002117s ]
INFO: [ app_end ] --END-- [ RunTime:0.002217s ]

[ 2016-09-21T20:54:08+08:00 ] 220.179.147.61 /grocery.php?m=Grocery&c=setup&a=account
INFO: [ app_init ] --START--
INFO: Run Behavior\BuildLiteBehavior [ RunTime:0.000043s ]
INFO: [ app_init ] --END-- [ RunTime:0.001528s ]
INFO: [ app_begin ] --START--
INFO: Run Behavior\ReadHtmlCacheBehavior [ RunTime:0.001975s ]
INFO: [ app_begin ] --END-- [ RunTime:0.002079s ]
SQL: SHOW COLUMNS FROM `branch_account` [ RunTime:0.0024s ]
SQL: SELECT `type` FROM `branch_account` WHERE ( id = 21 ) LIMIT 1   [ RunTime:0.0009s ]
SQL: SHOW COLUMNS FROM `course_order` [ RunTime:0.0022s ]
SQL: SELECT COUNT(*) AS tp_count FROM course_order o left join course c on c.id = o.course_id INNER JOIN member m on m.id = o.user_id INNER JOIN branch b on b.id = c.branchId  WHERE c.branchId = '31' AND o.status IN ('0','1','2') AND o.is_pay = 1 ORDER BY o.id LIMIT 1   [ RunTime:0.0010s ]
SQL: SELECT a.*,b.braName FROM branch_account a left join branch b on b.id = a.branchId  WHERE a.groId = '24'  [ RunTime:0.0018s ]
INFO: [ view_parse ] --START--
INFO: [ template_filter ] --START--
INFO: Run Behavior\ContentReplaceBehavior [ RunTime:0.000164s ]
INFO: [ template_filter ] --END-- [ RunTime:0.000389s ]
NOTIC: [8] Undefined variable: page /var/www/virtual/xbkt/home/wwwroot/Application/Runtime/Cache/Grocery/4dd27d8175050a856366cde2f672f3d1.php 第 156 行.
INFO: Run Behavior\ParseTemplateBehavior [ RunTime:0.034058s ]
INFO: [ view_parse ] --END-- [ RunTime:0.034156s ]
INFO: [ view_filter ] --START--
INFO: Run Behavior\WriteHtmlCacheBehavior [ RunTime:0.000666s ]
INFO: [ view_filter ] --END-- [ RunTime:0.000753s ]
INFO: [ app_end ] --START--
INFO: Run Behavior\ShowPageTraceBehavior [ RunTime:0.002757s ]
INFO: [ app_end ] --END-- [ RunTime:0.002886s ]

[ 2016-09-21T20:54:18+08:00 ] 220.179.147.61 /grocery.php?m=Grocery&c=setup&a=update_account&id=20
INFO: [ app_init ] --START--
INFO: Run Behavior\BuildLiteBehavior [ RunTime:0.000055s ]
INFO: [ app_init ] --END-- [ RunTime:0.001317s ]
INFO: [ app_begin ] --START--
INFO: Run Behavior\ReadHtmlCacheBehavior [ RunTime:0.001840s ]
INFO: [ app_begin ] --END-- [ RunTime:0.001943s ]
SQL: SHOW COLUMNS FROM `branch_account` [ RunTime:0.0024s ]
SQL: SELECT `type` FROM `branch_account` WHERE ( id = 21 ) LIMIT 1   [ RunTime:0.0013s ]
SQL: SHOW COLUMNS FROM `course_order` [ RunTime:0.0027s ]
SQL: SELECT COUNT(*) AS tp_count FROM course_order o left join course c on c.id = o.course_id INNER JOIN member m on m.id = o.user_id INNER JOIN branch b on b.id = c.branchId  WHERE c.branchId = '31' AND o.status IN ('0','1','2') AND o.is_pay = 1 ORDER BY o.id LIMIT 1   [ RunTime:0.0014s ]
SQL: SHOW COLUMNS FROM `branch` [ RunTime:0.0027s ]
SQL: SELECT `id`,`braName` FROM `branch` WHERE ( groId = 24 )  [ RunTime:0.0010s ]
SQL: SELECT * FROM `branch_account` WHERE ( id = 20 ) LIMIT 1   [ RunTime:0.0015s ]
INFO: [ view_parse ] --START--
INFO: [ template_filter ] --START--
INFO: Run Behavior\ContentReplaceBehavior [ RunTime:0.000177s ]
INFO: [ template_filter ] --END-- [ RunTime:0.000290s ]
INFO: Run Behavior\ParseTemplateBehavior [ RunTime:0.029472s ]
INFO: [ view_parse ] --END-- [ RunTime:0.029658s ]
INFO: [ view_filter ] --START--
INFO: Run Behavior\WriteHtmlCacheBehavior [ RunTime:0.000546s ]
INFO: [ view_filter ] --END-- [ RunTime:0.000632s ]
INFO: [ app_end ] --START--
INFO: Run Behavior\ShowPageTraceBehavior [ RunTime:0.002005s ]
INFO: [ app_end ] --END-- [ RunTime:0.002167s ]

[ 2016-09-21T20:54:37+08:00 ] 220.179.147.61 /grocery.php?m=Grocery&c=setup&a=add_account&action=add
INFO: [ app_init ] --START--
INFO: Run Behavior\BuildLiteBehavior [ RunTime:0.000043s ]
INFO: [ app_init ] --END-- [ RunTime:0.001274s ]
INFO: [ app_begin ] --START--
INFO: Run Behavior\ReadHtmlCacheBehavior [ RunTime:0.001973s ]
INFO: [ app_begin ] --END-- [ RunTime:0.002090s ]
SQL: SHOW COLUMNS FROM `branch_account` [ RunTime:0.0024s ]
SQL: SELECT `type` FROM `branch_account` WHERE ( id = 21 ) LIMIT 1   [ RunTime:0.0008s ]
SQL: SHOW COLUMNS FROM `course_order` [ RunTime:0.0038s ]
SQL: SELECT COUNT(*) AS tp_count FROM course_order o left join course c on c.id = o.course_id INNER JOIN member m on m.id = o.user_id INNER JOIN branch b on b.id = c.branchId  WHERE c.branchId = '31' AND o.status IN ('0','1','2') AND o.is_pay = 1 ORDER BY o.id LIMIT 1   [ RunTime:0.0011s ]
SQL: SELECT `type` FROM `branch_account` WHERE ( id = 21 ) LIMIT 1   [ RunTime:0.0016s ]
INFO: [ view_parse ] --START--
INFO: [ template_filter ] --START--
INFO: Run Behavior\ContentReplaceBehavior [ RunTime:0.000091s ]
INFO: [ template_filter ] --END-- [ RunTime:0.000206s ]
INFO: Run Behavior\ParseTemplateBehavior [ RunTime:0.018885s ]
INFO: [ view_parse ] --END-- [ RunTime:0.018997s ]
INFO: [ view_filter ] --START--
INFO: Run Behavior\WriteHtmlCacheBehavior [ RunTime:0.000540s ]
INFO: [ view_filter ] --END-- [ RunTime:0.000626s ]

[ 2016-09-21T20:54:41+08:00 ] 220.179.147.61 /grocery.php?m=Grocery&c=setup&a=account
INFO: [ app_init ] --START--
INFO: Run Behavior\BuildLiteBehavior [ RunTime:0.000043s ]
INFO: [ app_init ] --END-- [ RunTime:0.001301s ]
INFO: [ app_begin ] --START--
INFO: Run Behavior\ReadHtmlCacheBehavior [ RunTime:0.001784s ]
INFO: [ app_begin ] --END-- [ RunTime:0.001904s ]
SQL: SHOW COLUMNS FROM `branch_account` [ RunTime:0.0023s ]
SQL: SELECT `type` FROM `branch_account` WHERE ( id = 21 ) LIMIT 1   [ RunTime:0.0008s ]
SQL: SHOW COLUMNS FROM `course_order` [ RunTime:0.0029s ]
SQL: SELECT COUNT(*) AS tp_count FROM course_order o left join course c on c.id = o.course_id INNER JOIN member m on m.id = o.user_id INNER JOIN branch b on b.id = c.branchId  WHERE c.branchId = '31' AND o.status IN ('0','1','2') AND o.is_pay = 1 ORDER BY o.id LIMIT 1   [ RunTime:0.0010s ]
SQL: SELECT a.*,b.braName FROM branch_account a left join branch b on b.id = a.branchId  WHERE a.groId = '24'  [ RunTime:0.0011s ]
INFO: [ view_parse ] --START--
INFO: [ template_filter ] --START--
INFO: Run Behavior\ContentReplaceBehavior [ RunTime:0.000161s ]
INFO: [ template_filter ] --END-- [ RunTime:0.000261s ]
NOTIC: [8] Undefined variable: page /var/www/virtual/xbkt/home/wwwroot/Application/Runtime/Cache/Grocery/4dd27d8175050a856366cde2f672f3d1.php 第 156 行.
INFO: Run Behavior\ParseTemplateBehavior [ RunTime:0.034854s ]
INFO: [ view_parse ] --END-- [ RunTime:0.034949s ]
INFO: [ view_filter ] --START--
INFO: Run Behavior\WriteHtmlCacheBehavior [ RunTime:0.000749s ]
INFO: [ view_filter ] --END-- [ RunTime:0.000836s ]
INFO: [ app_end ] --START--
INFO: Run Behavior\ShowPageTraceBehavior [ RunTime:0.002495s ]
INFO: [ app_end ] --END-- [ RunTime:0.002590s ]

[ 2016-09-21T20:56:17+08:00 ] 220.179.147.61 /grocery.php?m=Grocery&c=article&a=index
INFO: [ app_init ] --START--
INFO: Run Behavior\BuildLiteBehavior [ RunTime:0.000052s ]
INFO: [ app_init ] --END-- [ RunTime:0.001278s ]
INFO: [ app_begin ] --START--
INFO: Run Behavior\ReadHtmlCacheBehavior [ RunTime:0.001835s ]
INFO: [ app_begin ] --END-- [ RunTime:0.001953s ]
SQL: SHOW COLUMNS FROM `branch_account` [ RunTime:0.0031s ]
SQL: SELECT `type` FROM `branch_account` WHERE ( id = 21 ) LIMIT 1   [ RunTime:0.0025s ]
SQL: SHOW COLUMNS FROM `course_order` [ RunTime:0.0028s ]
SQL: SELECT COUNT(*) AS tp_count FROM course_order o left join course c on c.id = o.course_id INNER JOIN member m on m.id = o.user_id INNER JOIN branch b on b.id = c.branchId  WHERE c.branchId = '31' AND o.status IN ('0','1','2') AND o.is_pay = 1 ORDER BY o.id LIMIT 1   [ RunTime:0.0009s ]
NOTIC: [8] Undefined index: cate /var/www/virtual/xbkt/home/wwwroot/Application/Grocery/Controller/ArticleController.class.php 第 15 行.
SQL: SHOW COLUMNS FROM `article` [ RunTime:0.0019s ]
SQL: SELECT COUNT(*) AS tp_count FROM `article` WHERE `groid` = 24 LIMIT 1   [ RunTime:0.0013s ]
SQL: SELECT article.*,(select count(*) from article_collect ac where ac.artid=article.id) as cnum FROM `article` left join article_collect ac on ac.artid=article.id  WHERE `groid` = '24' GROUP BY article.id LIMIT 0,6   [ RunTime:0.0023s ]
SQL: SELECT COUNT(*) AS tp_count FROM `article` WHERE ( groid=24 ) LIMIT 1   [ RunTime:0.0010s ]
SQL: SELECT count(*) count,`cate` FROM `article` WHERE ( groid=24 ) GROUP BY cate  [ RunTime:0.0018s ]
INFO: [ view_parse ] --START--
INFO: [ template_filter ] --START--
INFO: Run Behavior\ContentReplaceBehavior [ RunTime:0.000191s ]
INFO: [ template_filter ] --END-- [ RunTime:0.000321s ]
NOTIC: [8] Undefined index: create_time /var/www/virtual/xbkt/home/wwwroot/Application/Runtime/Cache/Grocery/b7ab84f90332f33935899b09b5bbf5f3.php 第 147 行.
NOTIC: [2] Division by zero /var/www/virtual/xbkt/home/wwwroot/Application/Runtime/Cache/Grocery/b7ab84f90332f33935899b09b5bbf5f3.php 第 149 行.
INFO: Run Behavior\ParseTemplateBehavior [ RunTime:0.031174s ]
INFO: [ view_parse ] --END-- [ RunTime:0.031271s ]
INFO: [ view_filter ] --START--
INFO: Run Behavior\WriteHtmlCacheBehavior [ RunTime:0.000526s ]
INFO: [ view_filter ] --END-- [ RunTime:0.000627s ]
INFO: [ app_end ] --START--
INFO: Run Behavior\ShowPageTraceBehavior [ RunTime:0.002049s ]
INFO: [ app_end ] --END-- [ RunTime:0.002168s ]

