[ 2016-11-09T03:04:15+08:00 ] 180.97.35.37 /grocery.php?m=grocery&c=index&a=index
INFO: [ app_init ] --START--
INFO: Run Behavior\BuildLiteBehavior [ RunTime:0.000026s ]
INFO: [ app_init ] --END-- [ RunTime:0.001061s ]
INFO: [ app_begin ] --START--
INFO: Run Behavior\ReadHtmlCacheBehavior [ RunTime:0.006455s ]
INFO: [ app_begin ] --END-- [ RunTime:0.006559s ]
NOTIC: [8] Undefined variable: branch /var/www/virtual/xbkt/home/wwwroot/Application/Grocery/Controller/BaseController.class.php 第 17 行.
NOTIC: [8] Undefined index: branchId /var/www/virtual/xbkt/home/wwwroot/Application/Grocery/Controller/BaseController.class.php 第 20 行.
SQL: SHOW COLUMNS FROM `course_order` [ RunTime:0.0019s ]
SQL: SELECT COUNT(*) AS tp_count FROM course_order o left join course c on c.id = o.course_id INNER JOIN member m on m.id = o.user_id INNER JOIN branch b on b.id = c.branchId  WHERE c.branchId = null AND o.status IN ('0','1','2') AND o.is_pay = 1 ORDER BY o.id LIMIT 1   [ RunTime:0.0008s ]

[ 2016-11-09T03:04:15+08:00 ] 180.97.35.37 /grocery.php?m=Grocery&c=Login&a=index
INFO: [ app_init ] --START--
INFO: Run Behavior\BuildLiteBehavior [ RunTime:0.000047s ]
INFO: [ app_init ] --END-- [ RunTime:0.001450s ]
INFO: [ app_begin ] --START--
INFO: Run Behavior\ReadHtmlCacheBehavior [ RunTime:0.002176s ]
INFO: [ app_begin ] --END-- [ RunTime:0.002292s ]
INFO: [ view_parse ] --START--
INFO: [ template_filter ] --START--
INFO: Run Behavior\ContentReplaceBehavior [ RunTime:0.000324s ]
INFO: [ template_filter ] --END-- [ RunTime:0.000469s ]
INFO: Run Behavior\ParseTemplateBehavior [ RunTime:0.072098s ]
INFO: [ view_parse ] --END-- [ RunTime:0.072386s ]
INFO: [ view_filter ] --START--
INFO: Run Behavior\WriteHtmlCacheBehavior [ RunTime:0.003499s ]
INFO: [ view_filter ] --END-- [ RunTime:0.003874s ]
INFO: [ app_end ] --START--
INFO: Run Behavior\ShowPageTraceBehavior [ RunTime:0.008834s ]
INFO: [ app_end ] --END-- [ RunTime:0.008943s ]

[ 2016-11-09T03:04:16+08:00 ] 180.97.35.37 /grocery.php?m=Grocery&c=login&a=verify
INFO: [ app_init ] --START--
INFO: Run Behavior\BuildLiteBehavior [ RunTime:0.000034s ]
INFO: [ app_init ] --END-- [ RunTime:0.001088s ]
INFO: [ app_begin ] --START--
INFO: Run Behavior\ReadHtmlCacheBehavior [ RunTime:0.001389s ]
INFO: [ app_begin ] --END-- [ RunTime:0.001472s ]
INFO: [ app_end ] --START--
INFO: Run Behavior\ShowPageTraceBehavior [ RunTime:0.001918s ]
INFO: [ app_end ] --END-- [ RunTime:0.002023s ]

[ 2016-11-09T03:07:54+08:00 ] 111.206.36.143 /grocery.php?m=grocery&c=order&a=index
INFO: [ app_init ] --START--
INFO: Run Behavior\BuildLiteBehavior [ RunTime:0.000044s ]
INFO: [ app_init ] --END-- [ RunTime:0.001290s ]
INFO: [ app_begin ] --START--
INFO: Run Behavior\ReadHtmlCacheBehavior [ RunTime:0.001861s ]
INFO: [ app_begin ] --END-- [ RunTime:0.001964s ]
NOTIC: [8] Undefined variable: branch /var/www/virtual/xbkt/home/wwwroot/Application/Grocery/Controller/BaseController.class.php 第 17 行.
NOTIC: [8] Undefined index: branchId /var/www/virtual/xbkt/home/wwwroot/Application/Grocery/Controller/BaseController.class.php 第 20 行.
SQL: SHOW COLUMNS FROM `course_order` [ RunTime:0.0027s ]
SQL: SELECT COUNT(*) AS tp_count FROM course_order o left join course c on c.id = o.course_id INNER JOIN member m on m.id = o.user_id INNER JOIN branch b on b.id = c.branchId  WHERE c.branchId = null AND o.status IN ('0','1','2') AND o.is_pay = 1 ORDER BY o.id LIMIT 1   [ RunTime:0.0010s ]

[ 2016-11-09T03:07:55+08:00 ] 111.206.36.147 /grocery.php?m=Grocery&c=Login&a=index
INFO: [ app_init ] --START--
INFO: Run Behavior\BuildLiteBehavior [ RunTime:0.000114s ]
INFO: [ app_init ] --END-- [ RunTime:0.001284s ]
INFO: [ app_begin ] --START--
INFO: Run Behavior\ReadHtmlCacheBehavior [ RunTime:0.001748s ]
INFO: [ app_begin ] --END-- [ RunTime:0.001850s ]
INFO: [ view_parse ] --START--
INFO: [ template_filter ] --START--
INFO: Run Behavior\ContentReplaceBehavior [ RunTime:0.000123s ]
INFO: [ template_filter ] --END-- [ RunTime:0.000230s ]
INFO: Run Behavior\ParseTemplateBehavior [ RunTime:0.018448s ]
INFO: [ view_parse ] --END-- [ RunTime:0.018562s ]
INFO: [ view_filter ] --START--
INFO: Run Behavior\WriteHtmlCacheBehavior [ RunTime:0.000605s ]
INFO: [ view_filter ] --END-- [ RunTime:0.000689s ]
INFO: [ app_end ] --START--
INFO: Run Behavior\ShowPageTraceBehavior [ RunTime:0.001825s ]
INFO: [ app_end ] --END-- [ RunTime:0.001968s ]

[ 2016-11-09T03:07:55+08:00 ] 111.206.36.6 /grocery.php?m=Grocery&c=login&a=verify
INFO: [ app_init ] --START--
INFO: Run Behavior\BuildLiteBehavior [ RunTime:0.000051s ]
INFO: [ app_init ] --END-- [ RunTime:0.001547s ]
INFO: [ app_begin ] --START--
INFO: Run Behavior\ReadHtmlCacheBehavior [ RunTime:0.002127s ]
INFO: [ app_begin ] --END-- [ RunTime:0.002246s ]
INFO: [ app_end ] --START--
INFO: Run Behavior\ShowPageTraceBehavior [ RunTime:0.002128s ]
INFO: [ app_end ] --END-- [ RunTime:0.002246s ]

[ 2016-11-09T03:08:07+08:00 ] 111.206.36.141 /grocery.php?m=grocery&c=order&a=update&id=229
INFO: [ app_init ] --START--
INFO: Run Behavior\BuildLiteBehavior [ RunTime:0.000048s ]
INFO: [ app_init ] --END-- [ RunTime:0.001519s ]
INFO: [ app_begin ] --START--
INFO: Run Behavior\ReadHtmlCacheBehavior [ RunTime:0.008452s ]
INFO: [ app_begin ] --END-- [ RunTime:0.008586s ]
NOTIC: [8] Undefined variable: branch /var/www/virtual/xbkt/home/wwwroot/Application/Grocery/Controller/BaseController.class.php 第 17 行.
NOTIC: [8] Undefined index: branchId /var/www/virtual/xbkt/home/wwwroot/Application/Grocery/Controller/BaseController.class.php 第 20 行.
SQL: SHOW COLUMNS FROM `course_order` [ RunTime:0.0024s ]
SQL: SELECT COUNT(*) AS tp_count FROM course_order o left join course c on c.id = o.course_id INNER JOIN member m on m.id = o.user_id INNER JOIN branch b on b.id = c.branchId  WHERE c.branchId = null AND o.status IN ('0','1','2') AND o.is_pay = 1 ORDER BY o.id LIMIT 1   [ RunTime:0.0008s ]

[ 2016-11-09T03:08:07+08:00 ] 111.206.36.13 /grocery.php?m=Grocery&c=Login&a=index
INFO: [ app_init ] --START--
INFO: Run Behavior\BuildLiteBehavior [ RunTime:0.000045s ]
INFO: [ app_init ] --END-- [ RunTime:0.001371s ]
INFO: [ app_begin ] --START--
INFO: Run Behavior\ReadHtmlCacheBehavior [ RunTime:0.001889s ]
INFO: [ app_begin ] --END-- [ RunTime:0.001994s ]
INFO: [ view_parse ] --START--
INFO: [ template_filter ] --START--
INFO: Run Behavior\ContentReplaceBehavior [ RunTime:0.000107s ]
INFO: [ template_filter ] --END-- [ RunTime:0.000225s ]
INFO: Run Behavior\ParseTemplateBehavior [ RunTime:0.021860s ]
INFO: [ view_parse ] --END-- [ RunTime:0.021956s ]
INFO: [ view_filter ] --START--
INFO: Run Behavior\WriteHtmlCacheBehavior [ RunTime:0.000683s ]
INFO: [ view_filter ] --END-- [ RunTime:0.000770s ]
INFO: [ app_end ] --START--
INFO: Run Behavior\ShowPageTraceBehavior [ RunTime:0.002018s ]
INFO: [ app_end ] --END-- [ RunTime:0.002109s ]

[ 2016-11-09T03:08:08+08:00 ] 111.206.36.132 /grocery.php?m=Grocery&c=login&a=verify
INFO: [ app_init ] --START--
INFO: Run Behavior\BuildLiteBehavior [ RunTime:0.000064s ]
INFO: [ app_init ] --END-- [ RunTime:0.001959s ]
INFO: [ app_begin ] --START--
INFO: Run Behavior\ReadHtmlCacheBehavior [ RunTime:0.002491s ]
INFO: [ app_begin ] --END-- [ RunTime:0.002647s ]
INFO: [ app_end ] --START--
INFO: Run Behavior\ShowPageTraceBehavior [ RunTime:0.003716s ]
INFO: [ app_end ] --END-- [ RunTime:0.003891s ]

[ 2016-11-09T15:30:06+08:00 ] 180.125.227.26 /grocery.php?m=Grocery&c=setup&a=add_account&action=add
INFO: [ app_init ] --START--
INFO: Run Behavior\BuildLiteBehavior [ RunTime:0.000049s ]
INFO: [ app_init ] --END-- [ RunTime:0.001290s ]
INFO: [ app_begin ] --START--
INFO: Run Behavior\ReadHtmlCacheBehavior [ RunTime:0.002254s ]
INFO: [ app_begin ] --END-- [ RunTime:0.002382s ]
NOTIC: [8] Undefined variable: branch /var/www/virtual/xbkt/home/wwwroot/Application/Grocery/Controller/BaseController.class.php 第 17 行.
NOTIC: [8] Undefined index: branchId /var/www/virtual/xbkt/home/wwwroot/Application/Grocery/Controller/BaseController.class.php 第 20 行.
SQL: SHOW COLUMNS FROM `course_order` [ RunTime:0.0025s ]
SQL: SELECT COUNT(*) AS tp_count FROM course_order o left join course c on c.id = o.course_id INNER JOIN member m on m.id = o.user_id INNER JOIN branch b on b.id = c.branchId  WHERE c.branchId = null AND o.status IN ('0','1','2') AND o.is_pay = 1 ORDER BY o.id LIMIT 1   [ RunTime:0.0013s ]

[ 2016-11-09T15:30:07+08:00 ] 180.125.227.26 /grocery.php?m=Grocery&c=Login&a=index
INFO: [ app_init ] --START--
INFO: Run Behavior\BuildLiteBehavior [ RunTime:0.000043s ]
INFO: [ app_init ] --END-- [ RunTime:0.001289s ]
INFO: [ app_begin ] --START--
INFO: Run Behavior\ReadHtmlCacheBehavior [ RunTime:0.001740s ]
INFO: [ app_begin ] --END-- [ RunTime:0.001843s ]
INFO: [ view_parse ] --START--
INFO: [ template_filter ] --START--
INFO: Run Behavior\ContentReplaceBehavior [ RunTime:0.000234s ]
INFO: [ template_filter ] --END-- [ RunTime:0.000363s ]
INFO: Run Behavior\ParseTemplateBehavior [ RunTime:0.029776s ]
INFO: [ view_parse ] --END-- [ RunTime:0.029900s ]
INFO: [ view_filter ] --START--
INFO: Run Behavior\WriteHtmlCacheBehavior [ RunTime:0.000966s ]
INFO: [ view_filter ] --END-- [ RunTime:0.001083s ]
INFO: [ app_end ] --START--
INFO: Run Behavior\ShowPageTraceBehavior [ RunTime:0.002393s ]
INFO: [ app_end ] --END-- [ RunTime:0.002599s ]

[ 2016-11-09T15:30:07+08:00 ] 180.125.227.26 /grocery.php?m=Grocery&c=login&a=verify
INFO: [ app_init ] --START--
INFO: Run Behavior\BuildLiteBehavior [ RunTime:0.000043s ]
INFO: [ app_init ] --END-- [ RunTime:0.001290s ]
INFO: [ app_begin ] --START--
INFO: Run Behavior\ReadHtmlCacheBehavior [ RunTime:0.001740s ]
INFO: [ app_begin ] --END-- [ RunTime:0.001844s ]
INFO: [ app_end ] --START--
INFO: Run Behavior\ShowPageTraceBehavior [ RunTime:0.002034s ]
INFO: [ app_end ] --END-- [ RunTime:0.002212s ]

[ 2016-11-09T15:30:27+08:00 ] 180.125.227.26 /grocery.php?m=Grocery&c=login&a=login
INFO: [ app_init ] --START--
INFO: Run Behavior\BuildLiteBehavior [ RunTime:0.000060s ]
INFO: [ app_init ] --END-- [ RunTime:0.001761s ]
INFO: [ app_begin ] --START--
INFO: Run Behavior\ReadHtmlCacheBehavior [ RunTime:0.002519s ]
INFO: [ app_begin ] --END-- [ RunTime:0.002673s ]
SQL: SHOW COLUMNS FROM `branch_account` [ RunTime:0.0021s ]
INFO: [ view_parse ] --START--
INFO: [ template_filter ] --START--
INFO: Run Behavior\ContentReplaceBehavior [ RunTime:0.000162s ]
INFO: [ template_filter ] --END-- [ RunTime:0.000327s ]
INFO: Run Behavior\ParseTemplateBehavior [ RunTime:0.027330s ]
INFO: [ view_parse ] --END-- [ RunTime:0.027485s ]
INFO: [ view_filter ] --START--
INFO: Run Behavior\WriteHtmlCacheBehavior [ RunTime:0.000817s ]
INFO: [ view_filter ] --END-- [ RunTime:0.000957s ]

[ 2016-11-09T15:30:30+08:00 ] 180.125.227.26 /grocery.php?m=Grocery&c=login&a=verify
INFO: [ app_init ] --START--
INFO: Run Behavior\BuildLiteBehavior [ RunTime:0.000060s ]
INFO: [ app_init ] --END-- [ RunTime:0.001415s ]
INFO: [ app_begin ] --START--
INFO: Run Behavior\ReadHtmlCacheBehavior [ RunTime:0.001758s ]
INFO: [ app_begin ] --END-- [ RunTime:0.001863s ]
INFO: [ app_end ] --START--
INFO: Run Behavior\ShowPageTraceBehavior [ RunTime:0.002158s ]
INFO: [ app_end ] --END-- [ RunTime:0.002275s ]

[ 2016-11-09T15:30:32+08:00 ] 101.226.65.108 /grocery.php?m=Grocery&c=setup&a=add_account&action=add
INFO: [ app_init ] --START--
INFO: Run Behavior\BuildLiteBehavior [ RunTime:0.000042s ]
INFO: [ app_init ] --END-- [ RunTime:0.001293s ]
INFO: [ app_begin ] --START--
INFO: Run Behavior\ReadHtmlCacheBehavior [ RunTime:0.001630s ]
INFO: [ app_begin ] --END-- [ RunTime:0.001732s ]
NOTIC: [8] Undefined variable: branch /var/www/virtual/xbkt/home/wwwroot/Application/Grocery/Controller/BaseController.class.php 第 17 行.
NOTIC: [8] Undefined index: branchId /var/www/virtual/xbkt/home/wwwroot/Application/Grocery/Controller/BaseController.class.php 第 20 行.
SQL: SHOW COLUMNS FROM `course_order` [ RunTime:0.0026s ]
SQL: SELECT COUNT(*) AS tp_count FROM course_order o left join course c on c.id = o.course_id INNER JOIN member m on m.id = o.user_id INNER JOIN branch b on b.id = c.branchId  WHERE c.branchId = null AND o.status IN ('0','1','2') AND o.is_pay = 1 ORDER BY o.id LIMIT 1   [ RunTime:0.0012s ]

[ 2016-11-09T15:30:32+08:00 ] 101.226.65.108 /grocery.php?m=Grocery&c=Login&a=index
INFO: [ app_init ] --START--
INFO: Run Behavior\BuildLiteBehavior [ RunTime:0.000043s ]
INFO: [ app_init ] --END-- [ RunTime:0.001264s ]
INFO: [ app_begin ] --START--
INFO: Run Behavior\ReadHtmlCacheBehavior [ RunTime:0.003910s ]
INFO: [ app_begin ] --END-- [ RunTime:0.004071s ]
INFO: [ view_parse ] --START--
INFO: [ template_filter ] --START--
INFO: Run Behavior\ContentReplaceBehavior [ RunTime:0.000107s ]
INFO: [ template_filter ] --END-- [ RunTime:0.000232s ]
INFO: Run Behavior\ParseTemplateBehavior [ RunTime:0.020145s ]
INFO: [ view_parse ] --END-- [ RunTime:0.020238s ]
INFO: [ view_filter ] --START--
INFO: Run Behavior\WriteHtmlCacheBehavior [ RunTime:0.000601s ]
INFO: [ view_filter ] --END-- [ RunTime:0.000702s ]
INFO: [ app_end ] --START--
INFO: Run Behavior\ShowPageTraceBehavior [ RunTime:0.001854s ]
INFO: [ app_end ] --END-- [ RunTime:0.001943s ]

[ 2016-11-09T15:30:33+08:00 ] 180.125.227.26 /grocery.php?m=Grocery&c=login&a=login
INFO: [ app_init ] --START--
INFO: Run Behavior\BuildLiteBehavior [ RunTime:0.000046s ]
INFO: [ app_init ] --END-- [ RunTime:0.001516s ]
INFO: [ app_begin ] --START--
INFO: Run Behavior\ReadHtmlCacheBehavior [ RunTime:0.002088s ]
INFO: [ app_begin ] --END-- [ RunTime:0.002218s ]
SQL: SHOW COLUMNS FROM `branch_account` [ RunTime:0.0022s ]
SQL: SELECT * FROM `branch_account` WHERE `username` = 'WDK' AND `password` = 'e10adc3949ba59abbe56e057f20f883e' LIMIT 1   [ RunTime:0.0021s ]
SQL: SHOW COLUMNS FROM `grocery` [ RunTime:0.0027s ]
SQL: SELECT * FROM `grocery` WHERE ( id = 38 ) LIMIT 1   [ RunTime:0.0017s ]
INFO: [ view_parse ] --START--
INFO: [ template_filter ] --START--
INFO: Run Behavior\ContentReplaceBehavior [ RunTime:0.000125s ]
INFO: [ template_filter ] --END-- [ RunTime:0.000267s ]
INFO: Run Behavior\ParseTemplateBehavior [ RunTime:0.020988s ]
INFO: [ view_parse ] --END-- [ RunTime:0.021104s ]
INFO: [ view_filter ] --START--
INFO: Run Behavior\WriteHtmlCacheBehavior [ RunTime:0.000592s ]
INFO: [ view_filter ] --END-- [ RunTime:0.000737s ]
INFO: [ app_end ] --START--
INFO: Run Behavior\ShowPageTraceBehavior [ RunTime:0.002182s ]
INFO: [ app_end ] --END-- [ RunTime:0.002313s ]

[ 2016-11-09T15:30:35+08:00 ] 180.125.227.26 /grocery.php?m=Grocery&c=Index&a=index
INFO: [ app_init ] --START--
INFO: Run Behavior\BuildLiteBehavior [ RunTime:0.000043s ]
INFO: [ app_init ] --END-- [ RunTime:0.001262s ]
INFO: [ app_begin ] --START--
INFO: Run Behavior\ReadHtmlCacheBehavior [ RunTime:0.001861s ]
INFO: [ app_begin ] --END-- [ RunTime:0.001964s ]
SQL: SHOW COLUMNS FROM `branch_account` [ RunTime:0.0033s ]
SQL: SELECT `type` FROM `branch_account` WHERE ( id = 53 ) LIMIT 1   [ RunTime:0.0013s ]
SQL: SHOW COLUMNS FROM `course_order` [ RunTime:0.0039s ]
SQL: SELECT COUNT(*) AS tp_count FROM course_order o left join course c on c.id = o.course_id INNER JOIN member m on m.id = o.user_id INNER JOIN branch b on b.id = c.branchId  WHERE `groId` = '38' AND o.status IN ('0','1','2') AND o.is_pay = 1 ORDER BY o.id LIMIT 1   [ RunTime:0.0038s ]
INFO: [ view_parse ] --START--
INFO: [ template_filter ] --START--
INFO: Run Behavior\ContentReplaceBehavior [ RunTime:0.000231s ]
INFO: [ template_filter ] --END-- [ RunTime:0.000413s ]
INFO: Run Behavior\ParseTemplateBehavior [ RunTime:0.045120s ]
INFO: [ view_parse ] --END-- [ RunTime:0.045225s ]
INFO: [ view_filter ] --START--
INFO: Run Behavior\WriteHtmlCacheBehavior [ RunTime:0.000704s ]
INFO: [ view_filter ] --END-- [ RunTime:0.000794s ]
INFO: [ app_end ] --START--
INFO: Run Behavior\ShowPageTraceBehavior [ RunTime:0.002197s ]
INFO: [ app_end ] --END-- [ RunTime:0.007435s ]

[ 2016-11-09T15:30:35+08:00 ] 101.226.66.191 /grocery.php?m=Grocery&c=Login&a=index
INFO: [ app_init ] --START--
INFO: Run Behavior\BuildLiteBehavior [ RunTime:0.000044s ]
INFO: [ app_init ] --END-- [ RunTime:0.001295s ]
INFO: [ app_begin ] --START--
INFO: Run Behavior\ReadHtmlCacheBehavior [ RunTime:0.001744s ]
INFO: [ app_begin ] --END-- [ RunTime:0.001887s ]
INFO: [ view_parse ] --START--
INFO: [ template_filter ] --START--
INFO: Run Behavior\ContentReplaceBehavior [ RunTime:0.000110s ]
INFO: [ template_filter ] --END-- [ RunTime:0.000242s ]
INFO: Run Behavior\ParseTemplateBehavior [ RunTime:0.023650s ]
INFO: [ view_parse ] --END-- [ RunTime:0.023762s ]
INFO: [ view_filter ] --START--
INFO: Run Behavior\WriteHtmlCacheBehavior [ RunTime:0.000573s ]
INFO: [ view_filter ] --END-- [ RunTime:0.000763s ]
INFO: [ app_end ] --START--
INFO: Run Behavior\ShowPageTraceBehavior [ RunTime:0.002067s ]
INFO: [ app_end ] --END-- [ RunTime:0.002210s ]

[ 2016-11-09T15:30:35+08:00 ] 101.226.65.104 /grocery.php?m=Grocery&c=login&a=verify
INFO: [ app_init ] --START--
INFO: Run Behavior\BuildLiteBehavior [ RunTime:0.000052s ]
INFO: [ app_init ] --END-- [ RunTime:0.001598s ]
INFO: [ app_begin ] --START--
INFO: Run Behavior\ReadHtmlCacheBehavior [ RunTime:0.001832s ]
INFO: [ app_begin ] --END-- [ RunTime:0.001939s ]
INFO: [ app_end ] --START--
INFO: Run Behavior\ShowPageTraceBehavior [ RunTime:0.002300s ]
INFO: [ app_end ] --END-- [ RunTime:0.002503s ]

[ 2016-11-09T15:30:37+08:00 ] 180.125.227.26 /grocery.php?m=Grocery&c=order&a=index
INFO: [ app_init ] --START--
INFO: Run Behavior\BuildLiteBehavior [ RunTime:0.000051s ]
INFO: [ app_init ] --END-- [ RunTime:0.001502s ]
INFO: [ app_begin ] --START--
INFO: Run Behavior\ReadHtmlCacheBehavior [ RunTime:0.001745s ]
INFO: [ app_begin ] --END-- [ RunTime:0.001921s ]
SQL: SHOW COLUMNS FROM `branch_account` [ RunTime:0.0024s ]
SQL: SELECT `type` FROM `branch_account` WHERE ( id = 53 ) LIMIT 1   [ RunTime:0.0011s ]
SQL: SHOW COLUMNS FROM `course_order` [ RunTime:0.0035s ]
SQL: SELECT COUNT(*) AS tp_count FROM course_order o left join course c on c.id = o.course_id INNER JOIN member m on m.id = o.user_id INNER JOIN branch b on b.id = c.branchId  WHERE `groId` = '38' AND o.status IN ('0','1','2') AND o.is_pay = 1 ORDER BY o.id LIMIT 1   [ RunTime:0.0015s ]
NOTIC: [8] Undefined index: status /var/www/virtual/xbkt/home/wwwroot/Application/Grocery/Controller/OrderController.class.php 第 15 行.
NOTIC: [8] Undefined index: status /var/www/virtual/xbkt/home/wwwroot/Application/Grocery/Controller/OrderController.class.php 第 18 行.
SQL: SELECT `type` FROM `branch_account` WHERE ( id = 53 ) LIMIT 1   [ RunTime:0.0011s ]
SQL: SELECT COUNT(*) AS tp_count FROM course_order o left join course c on c.id = o.course_id INNER JOIN branch b on b.id = c.branchId INNER JOIN member m on m.id = o.user_id  WHERE `groId` = '38' LIMIT 1   [ RunTime:0.0031s ]
SQL: SELECT o.*,m.username,c.name,c.image,c.extension,c.extensionimg,c.price FROM course_order o INNER JOIN course c on c.id = o.course_id INNER JOIN member m on m.id = o.user_id INNER JOIN branch b on b.id = c.branchId  WHERE `groId` = '38' ORDER BY o.id DESC LIMIT 0,6   [ RunTime:0.0031s ]
INFO: [ view_parse ] --START--
INFO: [ template_filter ] --START--
INFO: Run Behavior\ContentReplaceBehavior [ RunTime:0.000232s ]
INFO: [ template_filter ] --END-- [ RunTime:0.000733s ]
INFO: Run Behavior\ParseTemplateBehavior [ RunTime:0.050921s ]
INFO: [ view_parse ] --END-- [ RunTime:0.051045s ]
INFO: [ view_filter ] --START--
INFO: Run Behavior\WriteHtmlCacheBehavior [ RunTime:0.000673s ]
INFO: [ view_filter ] --END-- [ RunTime:0.000771s ]
INFO: [ app_end ] --START--
INFO: Run Behavior\ShowPageTraceBehavior [ RunTime:0.002056s ]
INFO: [ app_end ] --END-- [ RunTime:0.002148s ]

[ 2016-11-09T15:30:39+08:00 ] 180.125.227.26 /grocery.php?m=Grocery&c=course&a=index
INFO: [ app_init ] --START--
INFO: Run Behavior\BuildLiteBehavior [ RunTime:0.000042s ]
INFO: [ app_init ] --END-- [ RunTime:0.001353s ]
INFO: [ app_begin ] --START--
INFO: Run Behavior\ReadHtmlCacheBehavior [ RunTime:0.001891s ]
INFO: [ app_begin ] --END-- [ RunTime:0.001997s ]
SQL: SHOW COLUMNS FROM `branch_account` [ RunTime:0.0031s ]
SQL: SELECT `type` FROM `branch_account` WHERE ( id = 53 ) LIMIT 1   [ RunTime:0.0032s ]
SQL: SHOW COLUMNS FROM `course_order` [ RunTime:0.0018s ]
SQL: SELECT COUNT(*) AS tp_count FROM course_order o left join course c on c.id = o.course_id INNER JOIN member m on m.id = o.user_id INNER JOIN branch b on b.id = c.branchId  WHERE `groId` = '38' AND o.status IN ('0','1','2') AND o.is_pay = 1 ORDER BY o.id LIMIT 1   [ RunTime:0.0012s ]
SQL: SHOW COLUMNS FROM `course` [ RunTime:0.0017s ]
SQL: SELECT `type` FROM `branch_account` WHERE ( id = 53 ) LIMIT 1   [ RunTime:0.0011s ]
SQL: SELECT COUNT(*) AS tp_count FROM `course` left join branch b on b.id = course.branchId  WHERE `groId` = '38' LIMIT 1   [ RunTime:0.0011s ]
SQL: SELECT course.*,branch.braName,branch.area,branch.circle FROM `course` INNER JOIN branch on course.branchId=branch.id  WHERE `groId` = '38' ORDER BY course.id DESC LIMIT 0,6   [ RunTime:0.0016s ]
INFO: [ view_parse ] --START--
INFO: [ template_filter ] --START--
INFO: Run Behavior\ContentReplaceBehavior [ RunTime:0.000299s ]
INFO: [ template_filter ] --END-- [ RunTime:0.000418s ]
INFO: Run Behavior\ParseTemplateBehavior [ RunTime:0.040176s ]
INFO: [ view_parse ] --END-- [ RunTime:0.040281s ]
INFO: [ view_filter ] --START--
INFO: Run Behavior\WriteHtmlCacheBehavior [ RunTime:0.000820s ]
INFO: [ view_filter ] --END-- [ RunTime:0.001025s ]
INFO: [ app_end ] --START--
INFO: Run Behavior\ShowPageTraceBehavior [ RunTime:0.002565s ]
INFO: [ app_end ] --END-- [ RunTime:0.002665s ]

[ 2016-11-09T15:30:40+08:00 ] 180.125.227.26 /grocery.php?m=Grocery&c=article&a=index
INFO: [ app_init ] --START--
INFO: Run Behavior\BuildLiteBehavior [ RunTime:0.000044s ]
INFO: [ app_init ] --END-- [ RunTime:0.001241s ]
INFO: [ app_begin ] --START--
INFO: Run Behavior\ReadHtmlCacheBehavior [ RunTime:0.001686s ]
INFO: [ app_begin ] --END-- [ RunTime:0.001790s ]
SQL: SHOW COLUMNS FROM `branch_account` [ RunTime:0.0111s ]
SQL: SELECT `type` FROM `branch_account` WHERE ( id = 53 ) LIMIT 1   [ RunTime:0.0111s ]
SQL: SHOW COLUMNS FROM `course_order` [ RunTime:0.0067s ]
SQL: SELECT COUNT(*) AS tp_count FROM course_order o left join course c on c.id = o.course_id INNER JOIN member m on m.id = o.user_id INNER JOIN branch b on b.id = c.branchId  WHERE `groId` = '38' AND o.status IN ('0','1','2') AND o.is_pay = 1 ORDER BY o.id LIMIT 1   [ RunTime:0.0075s ]
NOTIC: [8] Undefined index: cate /var/www/virtual/xbkt/home/wwwroot/Application/Grocery/Controller/ArticleController.class.php 第 15 行.
SQL: SHOW COLUMNS FROM `article` [ RunTime:0.0081s ]
SQL: SELECT COUNT(*) AS tp_count FROM `article` WHERE `groid` = 38 LIMIT 1   [ RunTime:0.0089s ]
SQL: SELECT article.*,(select count(*) from article_collect ac where ac.artid=article.id) as cnum FROM `article` left join article_collect ac on ac.artid=article.id  WHERE `groid` = '38' GROUP BY article.id LIMIT 0,6   [ RunTime:0.0023s ]
SQL: SELECT COUNT(*) AS tp_count FROM `article` WHERE ( groid=38 ) LIMIT 1   [ RunTime:0.0013s ]
SQL: SELECT count(*) count,`cate` FROM `article` WHERE ( groid=38 ) GROUP BY cate  [ RunTime:0.0017s ]
INFO: [ view_parse ] --START--
INFO: [ template_filter ] --START--
INFO: Run Behavior\ContentReplaceBehavior [ RunTime:0.000176s ]
INFO: [ template_filter ] --END-- [ RunTime:0.000295s ]
INFO: Run Behavior\ParseTemplateBehavior [ RunTime:0.048361s ]
INFO: [ view_parse ] --END-- [ RunTime:0.048482s ]
INFO: [ view_filter ] --START--
INFO: Run Behavior\WriteHtmlCacheBehavior [ RunTime:0.000598s ]
INFO: [ view_filter ] --END-- [ RunTime:0.000809s ]
INFO: [ app_end ] --START--
INFO: Run Behavior\ShowPageTraceBehavior [ RunTime:0.002333s ]
INFO: [ app_end ] --END-- [ RunTime:0.002441s ]

[ 2016-11-09T15:30:42+08:00 ] 180.125.227.26 /grocery.php?m=Grocery&c=setup&a=index
INFO: [ app_init ] --START--
INFO: Run Behavior\BuildLiteBehavior [ RunTime:0.000044s ]
INFO: [ app_init ] --END-- [ RunTime:0.001467s ]
INFO: [ app_begin ] --START--
INFO: Run Behavior\ReadHtmlCacheBehavior [ RunTime:0.001910s ]
INFO: [ app_begin ] --END-- [ RunTime:0.002013s ]
SQL: SHOW COLUMNS FROM `branch_account` [ RunTime:0.0025s ]
SQL: SELECT `type` FROM `branch_account` WHERE ( id = 53 ) LIMIT 1   [ RunTime:0.0008s ]
SQL: SHOW COLUMNS FROM `course_order` [ RunTime:0.0170s ]
SQL: SELECT COUNT(*) AS tp_count FROM course_order o left join course c on c.id = o.course_id INNER JOIN member m on m.id = o.user_id INNER JOIN branch b on b.id = c.branchId  WHERE `groId` = '38' AND o.status IN ('0','1','2') AND o.is_pay = 1 ORDER BY o.id LIMIT 1   [ RunTime:0.0016s ]
SQL: SHOW COLUMNS FROM `grocery` [ RunTime:0.0020s ]
SQL: SELECT * FROM `grocery` WHERE ( id = 38 ) LIMIT 1   [ RunTime:0.0010s ]
INFO: [ view_parse ] --START--
INFO: [ template_filter ] --START--
INFO: Run Behavior\ContentReplaceBehavior [ RunTime:0.000266s ]
INFO: [ template_filter ] --END-- [ RunTime:0.000447s ]
INFO: Run Behavior\ParseTemplateBehavior [ RunTime:0.042211s ]
INFO: [ view_parse ] --END-- [ RunTime:0.042369s ]
INFO: [ view_filter ] --START--
INFO: Run Behavior\WriteHtmlCacheBehavior [ RunTime:0.000771s ]
INFO: [ view_filter ] --END-- [ RunTime:0.000905s ]
INFO: [ app_end ] --START--
INFO: Run Behavior\ShowPageTraceBehavior [ RunTime:0.002695s ]
INFO: [ app_end ] --END-- [ RunTime:0.002844s ]

[ 2016-11-09T15:30:43+08:00 ] 180.125.227.26 /grocery.php?m=Grocery&c=setup&a=branch_list
INFO: [ app_init ] --START--
INFO: Run Behavior\BuildLiteBehavior [ RunTime:0.000112s ]
INFO: [ app_init ] --END-- [ RunTime:0.001289s ]
INFO: [ app_begin ] --START--
INFO: Run Behavior\ReadHtmlCacheBehavior [ RunTime:0.001709s ]
INFO: [ app_begin ] --END-- [ RunTime:0.001811s ]
SQL: SHOW COLUMNS FROM `branch_account` [ RunTime:0.0025s ]
SQL: SELECT `type` FROM `branch_account` WHERE ( id = 53 ) LIMIT 1   [ RunTime:0.0009s ]
SQL: SHOW COLUMNS FROM `course_order` [ RunTime:0.0026s ]
SQL: SELECT COUNT(*) AS tp_count FROM course_order o left join course c on c.id = o.course_id INNER JOIN member m on m.id = o.user_id INNER JOIN branch b on b.id = c.branchId  WHERE `groId` = '38' AND o.status IN ('0','1','2') AND o.is_pay = 1 ORDER BY o.id LIMIT 1   [ RunTime:0.0015s ]
SQL: SHOW COLUMNS FROM `branch` [ RunTime:0.0027s ]
SQL: SELECT * FROM `branch` WHERE `groId` = 38 AND `braName` <> '' AND `area` <> '' AND `circle` <> '' GROUP BY braName  [ RunTime:0.0037s ]
INFO: [ view_parse ] --START--
INFO: [ template_filter ] --START--
INFO: Run Behavior\ContentReplaceBehavior [ RunTime:0.000162s ]
INFO: [ template_filter ] --END-- [ RunTime:0.000272s ]
NOTIC: [8] Undefined variable: page /var/www/virtual/xbkt/home/wwwroot/Application/Runtime/Cache/Grocery/7d0a71f3fe8f831768b36abeadbc60be.php 第 156 行.
INFO: Run Behavior\ParseTemplateBehavior [ RunTime:0.037062s ]
INFO: [ view_parse ] --END-- [ RunTime:0.037155s ]
INFO: [ view_filter ] --START--
INFO: Run Behavior\WriteHtmlCacheBehavior [ RunTime:0.000580s ]
INFO: [ view_filter ] --END-- [ RunTime:0.000666s ]
INFO: [ app_end ] --START--
INFO: Run Behavior\ShowPageTraceBehavior [ RunTime:0.001907s ]
INFO: [ app_end ] --END-- [ RunTime:0.002005s ]

[ 2016-11-09T15:30:46+08:00 ] 180.125.227.26 /grocery.php?m=Grocery&c=setup&a=update_branch&id=61&action=update
INFO: [ app_init ] --START--
INFO: Run Behavior\BuildLiteBehavior [ RunTime:0.000041s ]
INFO: [ app_init ] --END-- [ RunTime:0.001253s ]
INFO: [ app_begin ] --START--
INFO: Run Behavior\ReadHtmlCacheBehavior [ RunTime:0.004973s ]
INFO: [ app_begin ] --END-- [ RunTime:0.005079s ]
SQL: SHOW COLUMNS FROM `branch_account` [ RunTime:0.0017s ]
SQL: SELECT `type` FROM `branch_account` WHERE ( id = 53 ) LIMIT 1   [ RunTime:0.0008s ]
SQL: SHOW COLUMNS FROM `course_order` [ RunTime:0.0017s ]
SQL: SELECT COUNT(*) AS tp_count FROM course_order o left join course c on c.id = o.course_id INNER JOIN member m on m.id = o.user_id INNER JOIN branch b on b.id = c.branchId  WHERE `groId` = '38' AND o.status IN ('0','1','2') AND o.is_pay = 1 ORDER BY o.id LIMIT 1   [ RunTime:0.0008s ]
SQL: SHOW COLUMNS FROM `branch` [ RunTime:0.0020s ]
SQL: SELECT * FROM `branch` WHERE ( id = 61 ) LIMIT 1   [ RunTime:0.0031s ]
INFO: [ view_parse ] --START--
INFO: [ template_filter ] --START--
INFO: Run Behavior\ContentReplaceBehavior [ RunTime:0.000170s ]
INFO: [ template_filter ] --END-- [ RunTime:0.000275s ]
NOTIC: [8] Undefined variable: action /var/www/virtual/xbkt/home/wwwroot/Application/Runtime/Cache/Grocery/06feb17fe8f9c8758aa56c9a27800557.php 第 112 行.
NOTIC: [8] Undefined index: type /var/www/virtual/xbkt/home/wwwroot/Application/Runtime/Cache/Grocery/06feb17fe8f9c8758aa56c9a27800557.php 第 156 行.
NOTIC: [8] Undefined variable: action /var/www/virtual/xbkt/home/wwwroot/Application/Runtime/Cache/Grocery/06feb17fe8f9c8758aa56c9a27800557.php 第 167 行.
INFO: Run Behavior\ParseTemplateBehavior [ RunTime:0.042767s ]
INFO: [ view_parse ] --END-- [ RunTime:0.042877s ]
INFO: [ view_filter ] --START--
INFO: Run Behavior\WriteHtmlCacheBehavior [ RunTime:0.000531s ]
INFO: [ view_filter ] --END-- [ RunTime:0.000629s ]
INFO: [ app_end ] --START--
INFO: Run Behavior\ShowPageTraceBehavior [ RunTime:0.002616s ]
INFO: [ app_end ] --END-- [ RunTime:0.002725s ]

[ 2016-11-09T15:30:49+08:00 ] 180.125.227.26 /grocery.php?m=Grocery&c=setup&a=branch_list
INFO: [ app_init ] --START--
INFO: Run Behavior\BuildLiteBehavior [ RunTime:0.000041s ]
INFO: [ app_init ] --END-- [ RunTime:0.001329s ]
INFO: [ app_begin ] --START--
INFO: Run Behavior\ReadHtmlCacheBehavior [ RunTime:0.001906s ]
INFO: [ app_begin ] --END-- [ RunTime:0.002011s ]
SQL: SHOW COLUMNS FROM `branch_account` [ RunTime:0.0026s ]
SQL: SELECT `type` FROM `branch_account` WHERE ( id = 53 ) LIMIT 1   [ RunTime:0.0012s ]
SQL: SHOW COLUMNS FROM `course_order` [ RunTime:0.0023s ]
SQL: SELECT COUNT(*) AS tp_count FROM course_order o left join course c on c.id = o.course_id INNER JOIN member m on m.id = o.user_id INNER JOIN branch b on b.id = c.branchId  WHERE `groId` = '38' AND o.status IN ('0','1','2') AND o.is_pay = 1 ORDER BY o.id LIMIT 1   [ RunTime:0.0016s ]
SQL: SHOW COLUMNS FROM `branch` [ RunTime:0.0025s ]
SQL: SELECT * FROM `branch` WHERE `groId` = 38 AND `braName` <> '' AND `area` <> '' AND `circle` <> '' GROUP BY braName  [ RunTime:0.0016s ]
INFO: [ view_parse ] --START--
INFO: [ template_filter ] --START--
INFO: Run Behavior\ContentReplaceBehavior [ RunTime:0.000154s ]
INFO: [ template_filter ] --END-- [ RunTime:0.000260s ]
NOTIC: [8] Undefined variable: page /var/www/virtual/xbkt/home/wwwroot/Application/Runtime/Cache/Grocery/7d0a71f3fe8f831768b36abeadbc60be.php 第 156 行.
INFO: Run Behavior\ParseTemplateBehavior [ RunTime:0.028732s ]
INFO: [ view_parse ] --END-- [ RunTime:0.028953s ]
INFO: [ view_filter ] --START--
INFO: Run Behavior\WriteHtmlCacheBehavior [ RunTime:0.000533s ]
INFO: [ view_filter ] --END-- [ RunTime:0.000614s ]
INFO: [ app_end ] --START--
INFO: Run Behavior\ShowPageTraceBehavior [ RunTime:0.001926s ]
INFO: [ app_end ] --END-- [ RunTime:0.002098s ]

[ 2016-11-09T15:30:55+08:00 ] 180.125.227.26 /grocery.php?m=Grocery&c=setup&a=update_branch&id=61&action=update
INFO: [ app_init ] --START--
INFO: Run Behavior\BuildLiteBehavior [ RunTime:0.000042s ]
INFO: [ app_init ] --END-- [ RunTime:0.001238s ]
INFO: [ app_begin ] --START--
INFO: Run Behavior\ReadHtmlCacheBehavior [ RunTime:0.001698s ]
INFO: [ app_begin ] --END-- [ RunTime:0.001875s ]
SQL: SHOW COLUMNS FROM `branch_account` [ RunTime:0.0027s ]
SQL: SELECT `type` FROM `branch_account` WHERE ( id = 53 ) LIMIT 1   [ RunTime:0.0008s ]
SQL: SHOW COLUMNS FROM `course_order` [ RunTime:0.0023s ]
SQL: SELECT COUNT(*) AS tp_count FROM course_order o left join course c on c.id = o.course_id INNER JOIN member m on m.id = o.user_id INNER JOIN branch b on b.id = c.branchId  WHERE `groId` = '38' AND o.status IN ('0','1','2') AND o.is_pay = 1 ORDER BY o.id LIMIT 1   [ RunTime:0.0031s ]
SQL: SHOW COLUMNS FROM `branch` [ RunTime:0.0022s ]
SQL: SELECT * FROM `branch` WHERE ( id = 61 ) LIMIT 1   [ RunTime:0.0012s ]
INFO: [ view_parse ] --START--
INFO: [ template_filter ] --START--
INFO: Run Behavior\ContentReplaceBehavior [ RunTime:0.000173s ]
INFO: [ template_filter ] --END-- [ RunTime:0.000334s ]
NOTIC: [8] Undefined variable: action /var/www/virtual/xbkt/home/wwwroot/Application/Runtime/Cache/Grocery/06feb17fe8f9c8758aa56c9a27800557.php 第 112 行.
NOTIC: [8] Undefined index: type /var/www/virtual/xbkt/home/wwwroot/Application/Runtime/Cache/Grocery/06feb17fe8f9c8758aa56c9a27800557.php 第 156 行.
NOTIC: [8] Undefined variable: action /var/www/virtual/xbkt/home/wwwroot/Application/Runtime/Cache/Grocery/06feb17fe8f9c8758aa56c9a27800557.php 第 167 行.
INFO: Run Behavior\ParseTemplateBehavior [ RunTime:0.028953s ]
INFO: [ view_parse ] --END-- [ RunTime:0.029066s ]
INFO: [ view_filter ] --START--
INFO: Run Behavior\WriteHtmlCacheBehavior [ RunTime:0.000589s ]
INFO: [ view_filter ] --END-- [ RunTime:0.000720s ]
INFO: [ app_end ] --START--
INFO: Run Behavior\ShowPageTraceBehavior [ RunTime:0.001995s ]
INFO: [ app_end ] --END-- [ RunTime:0.002152s ]

[ 2016-11-09T15:30:59+08:00 ] 61.151.218.118 /grocery.php?m=Grocery&c=order&a=index
INFO: [ app_init ] --START--
INFO: Run Behavior\BuildLiteBehavior [ RunTime:0.000042s ]
INFO: [ app_init ] --END-- [ RunTime:0.001395s ]
INFO: [ app_begin ] --START--
INFO: Run Behavior\ReadHtmlCacheBehavior [ RunTime:0.001832s ]
INFO: [ app_begin ] --END-- [ RunTime:0.001935s ]
NOTIC: [8] Undefined variable: branch /var/www/virtual/xbkt/home/wwwroot/Application/Grocery/Controller/BaseController.class.php 第 17 行.
NOTIC: [8] Undefined index: branchId /var/www/virtual/xbkt/home/wwwroot/Application/Grocery/Controller/BaseController.class.php 第 20 行.
SQL: SHOW COLUMNS FROM `course_order` [ RunTime:0.0026s ]
SQL: SELECT COUNT(*) AS tp_count FROM course_order o left join course c on c.id = o.course_id INNER JOIN member m on m.id = o.user_id INNER JOIN branch b on b.id = c.branchId  WHERE c.branchId = null AND o.status IN ('0','1','2') AND o.is_pay = 1 ORDER BY o.id LIMIT 1   [ RunTime:0.0007s ]

[ 2016-11-09T15:30:59+08:00 ] 61.151.218.118 /grocery.php?m=Grocery&c=Login&a=index
INFO: [ app_init ] --START--
INFO: Run Behavior\BuildLiteBehavior [ RunTime:0.000044s ]
INFO: [ app_init ] --END-- [ RunTime:0.001327s ]
INFO: [ app_begin ] --START--
INFO: Run Behavior\ReadHtmlCacheBehavior [ RunTime:0.001862s ]
INFO: [ app_begin ] --END-- [ RunTime:0.001965s ]
INFO: [ view_parse ] --START--
INFO: [ template_filter ] --START--
INFO: Run Behavior\ContentReplaceBehavior [ RunTime:0.000106s ]
INFO: [ template_filter ] --END-- [ RunTime:0.000213s ]
INFO: Run Behavior\ParseTemplateBehavior [ RunTime:0.020676s ]
INFO: [ view_parse ] --END-- [ RunTime:0.020772s ]
INFO: [ view_filter ] --START--
INFO: Run Behavior\WriteHtmlCacheBehavior [ RunTime:0.000646s ]
INFO: [ view_filter ] --END-- [ RunTime:0.000730s ]
INFO: [ app_end ] --START--
INFO: Run Behavior\ShowPageTraceBehavior [ RunTime:0.002055s ]
INFO: [ app_end ] --END-- [ RunTime:0.002165s ]

[ 2016-11-09T15:31:03+08:00 ] 101.226.33.240 /grocery.php?m=Grocery&c=Index&a=index
INFO: [ app_init ] --START--
INFO: Run Behavior\BuildLiteBehavior [ RunTime:0.000055s ]
INFO: [ app_init ] --END-- [ RunTime:0.001327s ]
INFO: [ app_begin ] --START--
INFO: Run Behavior\ReadHtmlCacheBehavior [ RunTime:0.001763s ]
INFO: [ app_begin ] --END-- [ RunTime:0.001919s ]
NOTIC: [8] Undefined variable: branch /var/www/virtual/xbkt/home/wwwroot/Application/Grocery/Controller/BaseController.class.php 第 17 行.
NOTIC: [8] Undefined index: branchId /var/www/virtual/xbkt/home/wwwroot/Application/Grocery/Controller/BaseController.class.php 第 20 行.
SQL: SHOW COLUMNS FROM `course_order` [ RunTime:0.0029s ]
SQL: SELECT COUNT(*) AS tp_count FROM course_order o left join course c on c.id = o.course_id INNER JOIN member m on m.id = o.user_id INNER JOIN branch b on b.id = c.branchId  WHERE c.branchId = null AND o.status IN ('0','1','2') AND o.is_pay = 1 ORDER BY o.id LIMIT 1   [ RunTime:0.0013s ]

[ 2016-11-09T15:31:04+08:00 ] 101.226.33.240 /grocery.php?m=Grocery&c=Login&a=index
INFO: [ app_init ] --START--
INFO: Run Behavior\BuildLiteBehavior [ RunTime:0.000042s ]
INFO: [ app_init ] --END-- [ RunTime:0.001503s ]
INFO: [ app_begin ] --START--
INFO: Run Behavior\ReadHtmlCacheBehavior [ RunTime:0.002228s ]
INFO: [ app_begin ] --END-- [ RunTime:0.002417s ]
INFO: [ view_parse ] --START--
INFO: [ template_filter ] --START--
INFO: Run Behavior\ContentReplaceBehavior [ RunTime:0.000107s ]
INFO: [ template_filter ] --END-- [ RunTime:0.000241s ]
INFO: Run Behavior\ParseTemplateBehavior [ RunTime:0.020577s ]
INFO: [ view_parse ] --END-- [ RunTime:0.020699s ]
INFO: [ view_filter ] --START--
INFO: Run Behavior\WriteHtmlCacheBehavior [ RunTime:0.000558s ]
INFO: [ view_filter ] --END-- [ RunTime:0.000647s ]
INFO: [ app_end ] --START--
INFO: Run Behavior\ShowPageTraceBehavior [ RunTime:0.001977s ]
INFO: [ app_end ] --END-- [ RunTime:0.002069s ]

[ 2016-11-09T15:31:06+08:00 ] 180.153.212.13 /grocery.php?m=Grocery&c=course&a=index
INFO: [ app_init ] --START--
INFO: Run Behavior\BuildLiteBehavior [ RunTime:0.000044s ]
INFO: [ app_init ] --END-- [ RunTime:0.001629s ]
INFO: [ app_begin ] --START--
INFO: Run Behavior\ReadHtmlCacheBehavior [ RunTime:0.002004s ]
INFO: [ app_begin ] --END-- [ RunTime:0.002111s ]
NOTIC: [8] Undefined variable: branch /var/www/virtual/xbkt/home/wwwroot/Application/Grocery/Controller/BaseController.class.php 第 17 行.
NOTIC: [8] Undefined index: branchId /var/www/virtual/xbkt/home/wwwroot/Application/Grocery/Controller/BaseController.class.php 第 20 行.
SQL: SHOW COLUMNS FROM `course_order` [ RunTime:0.0027s ]
SQL: SELECT COUNT(*) AS tp_count FROM course_order o left join course c on c.id = o.course_id INNER JOIN member m on m.id = o.user_id INNER JOIN branch b on b.id = c.branchId  WHERE c.branchId = null AND o.status IN ('0','1','2') AND o.is_pay = 1 ORDER BY o.id LIMIT 1   [ RunTime:0.0016s ]

[ 2016-11-09T15:31:06+08:00 ] 180.153.212.13 /grocery.php?m=Grocery&c=Login&a=index
INFO: [ app_init ] --START--
INFO: Run Behavior\BuildLiteBehavior [ RunTime:0.000042s ]
INFO: [ app_init ] --END-- [ RunTime:0.001387s ]
INFO: [ app_begin ] --START--
INFO: Run Behavior\ReadHtmlCacheBehavior [ RunTime:0.001909s ]
INFO: [ app_begin ] --END-- [ RunTime:0.002013s ]
INFO: [ view_parse ] --START--
INFO: [ template_filter ] --START--
INFO: Run Behavior\ContentReplaceBehavior [ RunTime:0.000101s ]
INFO: [ template_filter ] --END-- [ RunTime:0.000203s ]
INFO: Run Behavior\ParseTemplateBehavior [ RunTime:0.023449s ]
INFO: [ view_parse ] --END-- [ RunTime:0.023627s ]
INFO: [ view_filter ] --START--
INFO: Run Behavior\WriteHtmlCacheBehavior [ RunTime:0.000682s ]
INFO: [ view_filter ] --END-- [ RunTime:0.000767s ]
INFO: [ app_end ] --START--
INFO: Run Behavior\ShowPageTraceBehavior [ RunTime:0.002156s ]
INFO: [ app_end ] --END-- [ RunTime:0.002400s ]

[ 2016-11-09T15:31:07+08:00 ] 180.125.227.26 /grocery.php?m=Grocery&c=setup&a=add_account&action=add
INFO: [ app_init ] --START--
INFO: Run Behavior\BuildLiteBehavior [ RunTime:0.000041s ]
INFO: [ app_init ] --END-- [ RunTime:0.001296s ]
INFO: [ app_begin ] --START--
INFO: Run Behavior\ReadHtmlCacheBehavior [ RunTime:0.001700s ]
INFO: [ app_begin ] --END-- [ RunTime:0.001819s ]
SQL: SHOW COLUMNS FROM `branch_account` [ RunTime:0.0020s ]
SQL: SELECT `type` FROM `branch_account` WHERE ( id = 53 ) LIMIT 1   [ RunTime:0.0018s ]
SQL: SHOW COLUMNS FROM `course_order` [ RunTime:0.0018s ]
SQL: SELECT COUNT(*) AS tp_count FROM course_order o left join course c on c.id = o.course_id INNER JOIN member m on m.id = o.user_id INNER JOIN branch b on b.id = c.branchId  WHERE `groId` = '38' AND o.status IN ('0','1','2') AND o.is_pay = 1 ORDER BY o.id LIMIT 1   [ RunTime:0.0019s ]
SQL: SELECT `type` FROM `branch_account` WHERE ( id = 53 ) LIMIT 1   [ RunTime:0.0007s ]
SQL: SHOW COLUMNS FROM `branch` [ RunTime:0.0019s ]
SQL: SELECT `id`,`braName` FROM `branch` WHERE ( groId = 38 )  [ RunTime:0.0025s ]
INFO: [ view_parse ] --START--
INFO: [ template_filter ] --START--
INFO: Run Behavior\ContentReplaceBehavior [ RunTime:0.000206s ]
INFO: [ template_filter ] --END-- [ RunTime:0.000346s ]
INFO: Run Behavior\ParseTemplateBehavior [ RunTime:0.042154s ]
INFO: [ view_parse ] --END-- [ RunTime:0.042338s ]
INFO: [ view_filter ] --START--
INFO: Run Behavior\WriteHtmlCacheBehavior [ RunTime:0.000687s ]
INFO: [ view_filter ] --END-- [ RunTime:0.000774s ]
INFO: [ app_end ] --START--
INFO: Run Behavior\ShowPageTraceBehavior [ RunTime:0.001943s ]
INFO: [ app_end ] --END-- [ RunTime:0.002061s ]

[ 2016-11-09T15:31:10+08:00 ] 180.153.160.24 /grocery.php?m=Grocery&c=setup&a=index
INFO: [ app_init ] --START--
INFO: Run Behavior\BuildLiteBehavior [ RunTime:0.000044s ]
INFO: [ app_init ] --END-- [ RunTime:0.001326s ]
INFO: [ app_begin ] --START--
INFO: Run Behavior\ReadHtmlCacheBehavior [ RunTime:0.001860s ]
INFO: [ app_begin ] --END-- [ RunTime:0.001978s ]
NOTIC: [8] Undefined variable: branch /var/www/virtual/xbkt/home/wwwroot/Application/Grocery/Controller/BaseController.class.php 第 17 行.
NOTIC: [8] Undefined index: branchId /var/www/virtual/xbkt/home/wwwroot/Application/Grocery/Controller/BaseController.class.php 第 20 行.
SQL: SHOW COLUMNS FROM `course_order` [ RunTime:0.0106s ]
SQL: SELECT COUNT(*) AS tp_count FROM course_order o left join course c on c.id = o.course_id INNER JOIN member m on m.id = o.user_id INNER JOIN branch b on b.id = c.branchId  WHERE c.branchId = null AND o.status IN ('0','1','2') AND o.is_pay = 1 ORDER BY o.id LIMIT 1   [ RunTime:0.0041s ]

[ 2016-11-09T15:31:11+08:00 ] 180.153.160.24 /grocery.php?m=Grocery&c=Login&a=index
INFO: [ app_init ] --START--
INFO: Run Behavior\BuildLiteBehavior [ RunTime:0.000058s ]
INFO: [ app_init ] --END-- [ RunTime:0.001891s ]
INFO: [ app_begin ] --START--
INFO: Run Behavior\ReadHtmlCacheBehavior [ RunTime:0.002510s ]
INFO: [ app_begin ] --END-- [ RunTime:0.002799s ]
INFO: [ view_parse ] --START--
INFO: [ template_filter ] --START--
INFO: Run Behavior\ContentReplaceBehavior [ RunTime:0.000107s ]
INFO: [ template_filter ] --END-- [ RunTime:0.000222s ]
INFO: Run Behavior\ParseTemplateBehavior [ RunTime:0.028759s ]
INFO: [ view_parse ] --END-- [ RunTime:0.028900s ]
INFO: [ view_filter ] --START--
INFO: Run Behavior\WriteHtmlCacheBehavior [ RunTime:0.000697s ]
INFO: [ view_filter ] --END-- [ RunTime:0.000845s ]
INFO: [ app_end ] --START--
INFO: Run Behavior\ShowPageTraceBehavior [ RunTime:0.002202s ]
INFO: [ app_end ] --END-- [ RunTime:0.002301s ]

[ 2016-11-09T15:31:11+08:00 ] 180.153.214.178 /grocery.php?m=Grocery&c=setup&a=branch_list
INFO: [ app_init ] --START--
INFO: Run Behavior\BuildLiteBehavior [ RunTime:0.000057s ]
INFO: [ app_init ] --END-- [ RunTime:0.001792s ]
INFO: [ app_begin ] --START--
INFO: Run Behavior\ReadHtmlCacheBehavior [ RunTime:0.021073s ]
INFO: [ app_begin ] --END-- [ RunTime:0.021332s ]
NOTIC: [8] Undefined variable: branch /var/www/virtual/xbkt/home/wwwroot/Application/Grocery/Controller/BaseController.class.php 第 17 行.
NOTIC: [8] Undefined index: branchId /var/www/virtual/xbkt/home/wwwroot/Application/Grocery/Controller/BaseController.class.php 第 20 行.
SQL: SHOW COLUMNS FROM `course_order` [ RunTime:0.2025s ]
SQL: SELECT COUNT(*) AS tp_count FROM course_order o left join course c on c.id = o.course_id INNER JOIN member m on m.id = o.user_id INNER JOIN branch b on b.id = c.branchId  WHERE c.branchId = null AND o.status IN ('0','1','2') AND o.is_pay = 1 ORDER BY o.id LIMIT 1   [ RunTime:0.0017s ]

[ 2016-11-09T15:31:11+08:00 ] 180.153.214.178 /grocery.php?m=Grocery&c=Login&a=index
INFO: [ app_init ] --START--
INFO: Run Behavior\BuildLiteBehavior [ RunTime:0.000045s ]
INFO: [ app_init ] --END-- [ RunTime:0.001607s ]
INFO: [ app_begin ] --START--
INFO: Run Behavior\ReadHtmlCacheBehavior [ RunTime:0.002038s ]
INFO: [ app_begin ] --END-- [ RunTime:0.002145s ]
INFO: [ view_parse ] --START--
INFO: [ template_filter ] --START--
INFO: Run Behavior\ContentReplaceBehavior [ RunTime:0.000106s ]
INFO: [ template_filter ] --END-- [ RunTime:0.000219s ]
INFO: Run Behavior\ParseTemplateBehavior [ RunTime:0.022647s ]
INFO: [ view_parse ] --END-- [ RunTime:0.022746s ]
INFO: [ view_filter ] --START--
INFO: Run Behavior\WriteHtmlCacheBehavior [ RunTime:0.000639s ]
INFO: [ view_filter ] --END-- [ RunTime:0.000724s ]
INFO: [ app_end ] --START--
INFO: Run Behavior\ShowPageTraceBehavior [ RunTime:0.002104s ]
INFO: [ app_end ] --END-- [ RunTime:0.002197s ]

[ 2016-11-09T15:31:12+08:00 ] 101.226.64.177 /grocery.php?m=Grocery&c=setup&a=update_branch&id=61&action=update
INFO: [ app_init ] --START--
INFO: Run Behavior\BuildLiteBehavior [ RunTime:0.000040s ]
INFO: [ app_init ] --END-- [ RunTime:0.001539s ]
INFO: [ app_begin ] --START--
INFO: Run Behavior\ReadHtmlCacheBehavior [ RunTime:0.002138s ]
INFO: [ app_begin ] --END-- [ RunTime:0.002288s ]
NOTIC: [8] Undefined variable: branch /var/www/virtual/xbkt/home/wwwroot/Application/Grocery/Controller/BaseController.class.php 第 17 行.
NOTIC: [8] Undefined index: branchId /var/www/virtual/xbkt/home/wwwroot/Application/Grocery/Controller/BaseController.class.php 第 20 行.
SQL: SHOW COLUMNS FROM `course_order` [ RunTime:0.0020s ]
SQL: SELECT COUNT(*) AS tp_count FROM course_order o left join course c on c.id = o.course_id INNER JOIN member m on m.id = o.user_id INNER JOIN branch b on b.id = c.branchId  WHERE c.branchId = null AND o.status IN ('0','1','2') AND o.is_pay = 1 ORDER BY o.id LIMIT 1   [ RunTime:0.0012s ]

[ 2016-11-09T15:31:12+08:00 ] 101.226.64.177 /grocery.php?m=Grocery&c=Login&a=index
INFO: [ app_init ] --START--
INFO: Run Behavior\BuildLiteBehavior [ RunTime:0.000059s ]
INFO: [ app_init ] --END-- [ RunTime:0.001704s ]
INFO: [ app_begin ] --START--
INFO: Run Behavior\ReadHtmlCacheBehavior [ RunTime:0.002292s ]
INFO: [ app_begin ] --END-- [ RunTime:0.002442s ]
INFO: [ view_parse ] --START--
INFO: [ template_filter ] --START--
INFO: Run Behavior\ContentReplaceBehavior [ RunTime:0.000152s ]
INFO: [ template_filter ] --END-- [ RunTime:0.000321s ]
INFO: Run Behavior\ParseTemplateBehavior [ RunTime:0.025541s ]
INFO: [ view_parse ] --END-- [ RunTime:0.025677s ]
INFO: [ view_filter ] --START--
INFO: Run Behavior\WriteHtmlCacheBehavior [ RunTime:0.000839s ]
INFO: [ view_filter ] --END-- [ RunTime:0.000991s ]
INFO: [ app_end ] --START--
INFO: Run Behavior\ShowPageTraceBehavior [ RunTime:0.002631s ]
INFO: [ app_end ] --END-- [ RunTime:0.002790s ]

