[ 2016-09-21T20:25:26+08:00 ] 220.179.147.56 /admin.php
INFO: [ app_init ] --START--
INFO: Run Behavior\BuildLiteBehavior [ RunTime:0.000042s ]
INFO: [ app_init ] --END-- [ RunTime:0.001353s ]
INFO: [ app_begin ] --START--
INFO: Run Behavior\ReadHtmlCacheBehavior [ RunTime:0.002007s ]
INFO: [ app_begin ] --END-- [ RunTime:0.002113s ]

[ 2016-09-21T20:25:26+08:00 ] 220.179.147.56 /admin.php?m=Admin&c=Login&a=index
INFO: [ app_init ] --START--
INFO: Run Behavior\BuildLiteBehavior [ RunTime:0.000044s ]
INFO: [ app_init ] --END-- [ RunTime:0.001325s ]
INFO: [ app_begin ] --START--
INFO: Run Behavior\ReadHtmlCacheBehavior [ RunTime:0.002003s ]
INFO: [ app_begin ] --END-- [ RunTime:0.002110s ]
INFO: [ view_parse ] --START--
INFO: [ template_filter ] --START--
INFO: Run Behavior\ContentReplaceBehavior [ RunTime:0.000164s ]
INFO: [ template_filter ] --END-- [ RunTime:0.000287s ]
INFO: Run Behavior\ParseTemplateBehavior [ RunTime:0.030504s ]
INFO: [ view_parse ] --END-- [ RunTime:0.030674s ]
INFO: [ view_filter ] --START--
INFO: Run Behavior\WriteHtmlCacheBehavior [ RunTime:0.002195s ]
INFO: [ view_filter ] --END-- [ RunTime:0.002295s ]
INFO: [ app_end ] --START--
INFO: Run Behavior\ShowPageTraceBehavior [ RunTime:0.003170s ]
INFO: [ app_end ] --END-- [ RunTime:0.003304s ]

[ 2016-09-21T20:25:26+08:00 ] 220.179.147.56 /admin.php?m=Admin&c=login&a=verify
INFO: [ app_init ] --START--
INFO: Run Behavior\BuildLiteBehavior [ RunTime:0.000065s ]
INFO: [ app_init ] --END-- [ RunTime:0.001295s ]
INFO: [ app_begin ] --START--
INFO: Run Behavior\ReadHtmlCacheBehavior [ RunTime:0.001836s ]
INFO: [ app_begin ] --END-- [ RunTime:0.001940s ]
INFO: [ app_end ] --START--
INFO: Run Behavior\ShowPageTraceBehavior [ RunTime:0.001989s ]
INFO: [ app_end ] --END-- [ RunTime:0.002116s ]

[ 2016-09-21T20:25:43+08:00 ] 220.179.147.56 /admin.php?m=Admin&c=login&a=login
INFO: [ app_init ] --START--
INFO: Run Behavior\BuildLiteBehavior [ RunTime:0.000039s ]
INFO: [ app_init ] --END-- [ RunTime:0.001230s ]
INFO: [ app_begin ] --START--
INFO: Run Behavior\ReadHtmlCacheBehavior [ RunTime:0.001672s ]
INFO: [ app_begin ] --END-- [ RunTime:0.001778s ]
SQL: SHOW COLUMNS FROM `member` [ RunTime:0.0032s ]
SQL: SELECT * FROM `member` WHERE `username` = 'admin' AND `password` = '21232f297a57a5a743894a0e4a801fc3' LIMIT 1   [ RunTime:0.0016s ]
SQL: UPDATE `member` SET `update_at`='1474460743',`login_ip`='220.179.147.56' WHERE `id` = 1 [ RunTime:0.0015s ]
INFO: [ view_parse ] --START--
INFO: [ template_filter ] --START--
INFO: Run Behavior\ContentReplaceBehavior [ RunTime:0.000354s ]
INFO: [ template_filter ] --END-- [ RunTime:0.000647s ]
INFO: Run Behavior\ParseTemplateBehavior [ RunTime:0.045322s ]
INFO: [ view_parse ] --END-- [ RunTime:0.045645s ]
INFO: [ view_filter ] --START--
INFO: Run Behavior\WriteHtmlCacheBehavior [ RunTime:0.000903s ]
INFO: [ view_filter ] --END-- [ RunTime:0.001032s ]
INFO: [ app_end ] --START--
INFO: Run Behavior\ShowPageTraceBehavior [ RunTime:0.003119s ]
INFO: [ app_end ] --END-- [ RunTime:0.003430s ]

[ 2016-09-21T20:25:48+08:00 ] 220.179.147.56 /admin.php?m=Admin&c=Index&a=index
INFO: [ app_init ] --START--
INFO: Run Behavior\BuildLiteBehavior [ RunTime:0.000045s ]
INFO: [ app_init ] --END-- [ RunTime:0.004118s ]
INFO: [ app_begin ] --START--
INFO: Run Behavior\ReadHtmlCacheBehavior [ RunTime:0.001844s ]
INFO: [ app_begin ] --END-- [ RunTime:0.001966s ]
SQL: SHOW COLUMNS FROM `course_order` [ RunTime:0.0033s ]
SQL: SELECT count(*) as count,o.status FROM course_order o INNER JOIN course c on c.id = o.course_id INNER JOIN member m on m.id = o.user_id INNER JOIN branch b on b.id = c.branchId INNER JOIN grocery g on g.id = b.groId  GROUP BY o.status  [ RunTime:0.0027s ]
NOTIC: [8] Undefined offset: 5 /var/www/virtual/xbkt/home/wwwroot/Application/Admin/Controller/BaseController.class.php 第 28 行.
NOTIC: [8] Undefined offset: -1 /var/www/virtual/xbkt/home/wwwroot/Application/Admin/Controller/BaseController.class.php 第 33 行.
INFO: [ view_parse ] --START--
INFO: [ template_filter ] --START--
INFO: Run Behavior\ContentReplaceBehavior [ RunTime:0.000166s ]
INFO: [ template_filter ] --END-- [ RunTime:0.000289s ]
INFO: Run Behavior\ParseTemplateBehavior [ RunTime:0.057960s ]
INFO: [ view_parse ] --END-- [ RunTime:0.058101s ]
INFO: [ view_filter ] --START--
INFO: Run Behavior\WriteHtmlCacheBehavior [ RunTime:0.000675s ]
INFO: [ view_filter ] --END-- [ RunTime:0.000797s ]
INFO: [ app_end ] --START--
INFO: Run Behavior\ShowPageTraceBehavior [ RunTime:0.002148s ]
INFO: [ app_end ] --END-- [ RunTime:0.002261s ]

[ 2016-09-21T20:27:10+08:00 ] 220.179.147.56 /admin.php?m=Admin&c=course&a=add
INFO: [ app_init ] --START--
INFO: Run Behavior\BuildLiteBehavior [ RunTime:0.000054s ]
INFO: [ app_init ] --END-- [ RunTime:0.001819s ]
INFO: [ app_begin ] --START--
INFO: Run Behavior\ReadHtmlCacheBehavior [ RunTime:0.002383s ]
INFO: [ app_begin ] --END-- [ RunTime:0.002541s ]
SQL: SHOW COLUMNS FROM `course_order` [ RunTime:0.0026s ]
SQL: SELECT count(*) as count,o.status FROM course_order o INNER JOIN course c on c.id = o.course_id INNER JOIN member m on m.id = o.user_id INNER JOIN branch b on b.id = c.branchId INNER JOIN grocery g on g.id = b.groId  GROUP BY o.status  [ RunTime:0.0010s ]
NOTIC: [8] Undefined offset: 5 /var/www/virtual/xbkt/home/wwwroot/Application/Admin/Controller/BaseController.class.php 第 28 行.
NOTIC: [8] Undefined offset: -1 /var/www/virtual/xbkt/home/wwwroot/Application/Admin/Controller/BaseController.class.php 第 33 行.
SQL: SHOW COLUMNS FROM `category` [ RunTime:0.0023s ]
SQL: SELECT * FROM `category` WHERE ( pid=0 and type=1 )  [ RunTime:0.0016s ]
SQL: SHOW COLUMNS FROM `grocery` [ RunTime:0.0020s ]
SQL: SELECT * FROM `grocery`  [ RunTime:0.0016s ]
INFO: [ view_parse ] --START--
INFO: [ template_filter ] --START--
INFO: Run Behavior\ContentReplaceBehavior [ RunTime:0.000238s ]
INFO: [ template_filter ] --END-- [ RunTime:0.000367s ]
NOTIC: [8] Undefined variable: course /var/www/virtual/xbkt/home/wwwroot/Application/Runtime/Cache/Admin/0dea500d8016f3030ea0e396ac2d3a59.php 第 166 行.
NOTIC: [8] Undefined variable: course /var/www/virtual/xbkt/home/wwwroot/Application/Runtime/Cache/Admin/0dea500d8016f3030ea0e396ac2d3a59.php 第 167 行.
NOTIC: [8] Undefined variable: course /var/www/virtual/xbkt/home/wwwroot/Application/Runtime/Cache/Admin/0dea500d8016f3030ea0e396ac2d3a59.php 第 176 行.
NOTIC: [8] Undefined variable: course /var/www/virtual/xbkt/home/wwwroot/Application/Runtime/Cache/Admin/0dea500d8016f3030ea0e396ac2d3a59.php 第 177 行.
INFO: Run Behavior\ParseTemplateBehavior [ RunTime:0.051209s ]
INFO: [ view_parse ] --END-- [ RunTime:0.051313s ]
INFO: [ view_filter ] --START--
INFO: Run Behavior\WriteHtmlCacheBehavior [ RunTime:0.000792s ]
INFO: [ view_filter ] --END-- [ RunTime:0.000879s ]
INFO: [ app_end ] --START--
INFO: Run Behavior\ShowPageTraceBehavior [ RunTime:0.002615s ]
INFO: [ app_end ] --END-- [ RunTime:0.002741s ]

[ 2016-09-21T20:27:20+08:00 ] 220.179.147.56 /admin.php?m=Admin&c=Course&a=get_branch
INFO: [ app_init ] --START--
INFO: Run Behavior\BuildLiteBehavior [ RunTime:0.000052s ]
INFO: [ app_init ] --END-- [ RunTime:0.001381s ]
INFO: [ app_begin ] --START--
INFO: Run Behavior\ReadHtmlCacheBehavior [ RunTime:0.002533s ]
INFO: [ app_begin ] --END-- [ RunTime:0.002650s ]
SQL: SHOW COLUMNS FROM `course_order` [ RunTime:0.0029s ]
SQL: SELECT count(*) as count,o.status FROM course_order o INNER JOIN course c on c.id = o.course_id INNER JOIN member m on m.id = o.user_id INNER JOIN branch b on b.id = c.branchId INNER JOIN grocery g on g.id = b.groId  GROUP BY o.status  [ RunTime:0.0010s ]
NOTIC: [8] Undefined offset: 5 /var/www/virtual/xbkt/home/wwwroot/Application/Admin/Controller/BaseController.class.php 第 28 行.
NOTIC: [8] Undefined offset: -1 /var/www/virtual/xbkt/home/wwwroot/Application/Admin/Controller/BaseController.class.php 第 33 行.
SQL: SHOW COLUMNS FROM `branch` [ RunTime:0.0022s ]
SQL: SELECT * FROM `branch` WHERE `groId` = 20  [ RunTime:0.0015s ]

[ 2016-09-21T20:27:26+08:00 ] 220.179.147.56 /admin.php?m=Admin&c=course&a=index
INFO: [ app_init ] --START--
INFO: Run Behavior\BuildLiteBehavior [ RunTime:0.000045s ]
INFO: [ app_init ] --END-- [ RunTime:0.001412s ]
INFO: [ app_begin ] --START--
INFO: Run Behavior\ReadHtmlCacheBehavior [ RunTime:0.001807s ]
INFO: [ app_begin ] --END-- [ RunTime:0.001933s ]
SQL: SHOW COLUMNS FROM `course_order` [ RunTime:0.0028s ]
SQL: SELECT count(*) as count,o.status FROM course_order o INNER JOIN course c on c.id = o.course_id INNER JOIN member m on m.id = o.user_id INNER JOIN branch b on b.id = c.branchId INNER JOIN grocery g on g.id = b.groId  GROUP BY o.status  [ RunTime:0.0011s ]
NOTIC: [8] Undefined offset: 5 /var/www/virtual/xbkt/home/wwwroot/Application/Admin/Controller/BaseController.class.php 第 28 行.
NOTIC: [8] Undefined offset: -1 /var/www/virtual/xbkt/home/wwwroot/Application/Admin/Controller/BaseController.class.php 第 33 行.
SQL: SHOW COLUMNS FROM `course` [ RunTime:0.0057s ]
NOTIC: [8] Undefined variable: where /var/www/virtual/xbkt/home/wwwroot/Application/Admin/Controller/CourseController.class.php 第 25 行.
SQL: SELECT COUNT(*) AS tp_count FROM `course` INNER JOIN branch b on b.id=course.branchId INNER JOIN grocery g on g.id=b.groId  LIMIT 1   [ RunTime:0.0017s ]
NOTIC: [8] Undefined variable: where /var/www/virtual/xbkt/home/wwwroot/Application/Admin/Controller/CourseController.class.php 第 40 行.
SQL: SELECT course.*,g.name as gname,b.braName,b.id bid,(select count(*) from course_order o left join course c on c.id = o.course_id where o.course_id = course.id) as order_count,ca.title FROM `course` INNER JOIN branch b on b.id=course.branchId INNER JOIN grocery g on g.id=b.groId left join course_order o on o.course_id = course.id left join category ca on ca.id = course.cate1  GROUP BY course.id ORDER BY course.id DESC LIMIT 0,6   [ RunTime:0.0068s ]
INFO: [ view_parse ] --START--
INFO: [ template_filter ] --START--
INFO: Run Behavior\ContentReplaceBehavior [ RunTime:0.000178s ]
INFO: [ template_filter ] --END-- [ RunTime:0.000295s ]
NOTIC: [2] Division by zero /var/www/virtual/xbkt/home/wwwroot/Application/Runtime/Cache/Admin/0a118b67613e888354da043b45de67d3.php 第 164 行.
NOTIC: [2] Division by zero /var/www/virtual/xbkt/home/wwwroot/Application/Runtime/Cache/Admin/0a118b67613e888354da043b45de67d3.php 第 164 行.
NOTIC: [2] Division by zero /var/www/virtual/xbkt/home/wwwroot/Application/Runtime/Cache/Admin/0a118b67613e888354da043b45de67d3.php 第 164 行.
NOTIC: [2] Division by zero /var/www/virtual/xbkt/home/wwwroot/Application/Runtime/Cache/Admin/0a118b67613e888354da043b45de67d3.php 第 164 行.
NOTIC: [2] Division by zero /var/www/virtual/xbkt/home/wwwroot/Application/Runtime/Cache/Admin/0a118b67613e888354da043b45de67d3.php 第 164 行.
NOTIC: [2] Division by zero /var/www/virtual/xbkt/home/wwwroot/Application/Runtime/Cache/Admin/0a118b67613e888354da043b45de67d3.php 第 164 行.
INFO: Run Behavior\ParseTemplateBehavior [ RunTime:0.044039s ]
INFO: [ view_parse ] --END-- [ RunTime:0.044137s ]
INFO: [ view_filter ] --START--
INFO: Run Behavior\WriteHtmlCacheBehavior [ RunTime:0.000759s ]
INFO: [ view_filter ] --END-- [ RunTime:0.000846s ]
INFO: [ app_end ] --START--
INFO: Run Behavior\ShowPageTraceBehavior [ RunTime:0.002509s ]
INFO: [ app_end ] --END-- [ RunTime:0.002605s ]

[ 2016-09-21T20:27:35+08:00 ] 220.179.147.56 /admin.php?m=Admin&c=article&a=index
INFO: [ app_init ] --START--
INFO: Run Behavior\BuildLiteBehavior [ RunTime:0.000030s ]
INFO: [ app_init ] --END-- [ RunTime:0.000905s ]
INFO: [ app_begin ] --START--
INFO: Run Behavior\ReadHtmlCacheBehavior [ RunTime:0.001229s ]
INFO: [ app_begin ] --END-- [ RunTime:0.001298s ]
SQL: SHOW COLUMNS FROM `course_order` [ RunTime:0.0026s ]
SQL: SELECT count(*) as count,o.status FROM course_order o INNER JOIN course c on c.id = o.course_id INNER JOIN member m on m.id = o.user_id INNER JOIN branch b on b.id = c.branchId INNER JOIN grocery g on g.id = b.groId  GROUP BY o.status  [ RunTime:0.0009s ]
NOTIC: [8] Undefined offset: 5 /var/www/virtual/xbkt/home/wwwroot/Application/Admin/Controller/BaseController.class.php 第 28 行.
NOTIC: [8] Undefined offset: -1 /var/www/virtual/xbkt/home/wwwroot/Application/Admin/Controller/BaseController.class.php 第 33 行.
NOTIC: [8] Undefined index: cate /var/www/virtual/xbkt/home/wwwroot/Application/Admin/Controller/ArticleController.class.php 第 20 行.
SQL: SHOW COLUMNS FROM `article` [ RunTime:0.0027s ]
SQL: SELECT count(*) count,`cate` FROM `article` GROUP BY cate  [ RunTime:0.0019s ]
NOTIC: [8] Undefined variable: where /var/www/virtual/xbkt/home/wwwroot/Application/Admin/Controller/ArticleController.class.php 第 30 行.
SQL: SELECT COUNT(*) AS tp_count FROM `article` LIMIT 1   [ RunTime:0.0010s ]
NOTIC: [8] Undefined variable: where /var/www/virtual/xbkt/home/wwwroot/Application/Admin/Controller/ArticleController.class.php 第 36 行.
SQL: SELECT article.*,(select count(*) from article_collect ac inner join member m on m.id=ac.userid where ac.artid=article.id) as cnum,g.name FROM `article` left join grocery g on g.id=article.groid  GROUP BY article.id ORDER BY article.id DESC LIMIT 0,6   [ RunTime:0.0064s ]
SQL: SELECT COUNT(*) AS tp_count FROM `article` LIMIT 1   [ RunTime:0.0008s ]
INFO: [ view_parse ] --START--
INFO: [ template_filter ] --START--
INFO: Run Behavior\ContentReplaceBehavior [ RunTime:0.000141s ]
INFO: [ template_filter ] --END-- [ RunTime:0.000269s ]
NOTIC: [2] Division by zero /var/www/virtual/xbkt/home/wwwroot/Application/Runtime/Cache/Admin/7a4184ffe8f804b12b2e7f8851dd8f7d.php 第 166 行.
NOTIC: [2] Division by zero /var/www/virtual/xbkt/home/wwwroot/Application/Runtime/Cache/Admin/7a4184ffe8f804b12b2e7f8851dd8f7d.php 第 166 行.
NOTIC: [2] Division by zero /var/www/virtual/xbkt/home/wwwroot/Application/Runtime/Cache/Admin/7a4184ffe8f804b12b2e7f8851dd8f7d.php 第 166 行.
INFO: Run Behavior\ParseTemplateBehavior [ RunTime:0.026014s ]
INFO: [ view_parse ] --END-- [ RunTime:0.026087s ]
INFO: [ view_filter ] --START--
INFO: Run Behavior\WriteHtmlCacheBehavior [ RunTime:0.000420s ]
INFO: [ view_filter ] --END-- [ RunTime:0.000477s ]
INFO: [ app_end ] --START--
INFO: Run Behavior\ShowPageTraceBehavior [ RunTime:0.001249s ]
INFO: [ app_end ] --END-- [ RunTime:0.001311s ]

[ 2016-09-21T20:27:37+08:00 ] 220.179.147.56 /admin.php?m=Admin&c=article&a=update&id=19
INFO: [ app_init ] --START--
INFO: Run Behavior\BuildLiteBehavior [ RunTime:0.000052s ]
INFO: [ app_init ] --END-- [ RunTime:0.001458s ]
INFO: [ app_begin ] --START--
INFO: Run Behavior\ReadHtmlCacheBehavior [ RunTime:0.001687s ]
INFO: [ app_begin ] --END-- [ RunTime:0.001894s ]
SQL: SHOW COLUMNS FROM `course_order` [ RunTime:0.0029s ]
SQL: SELECT count(*) as count,o.status FROM course_order o INNER JOIN course c on c.id = o.course_id INNER JOIN member m on m.id = o.user_id INNER JOIN branch b on b.id = c.branchId INNER JOIN grocery g on g.id = b.groId  GROUP BY o.status  [ RunTime:0.0010s ]
NOTIC: [8] Undefined offset: 5 /var/www/virtual/xbkt/home/wwwroot/Application/Admin/Controller/BaseController.class.php 第 28 行.
NOTIC: [8] Undefined offset: -1 /var/www/virtual/xbkt/home/wwwroot/Application/Admin/Controller/BaseController.class.php 第 33 行.
SQL: SHOW COLUMNS FROM `article` [ RunTime:0.0022s ]
SQL: SELECT * FROM `article` WHERE `id` = 19 LIMIT 1   [ RunTime:0.0025s ]
SQL: SHOW COLUMNS FROM `grocery` [ RunTime:0.0021s ]
SQL: SELECT * FROM `grocery`  [ RunTime:0.0011s ]
SQL: SHOW COLUMNS FROM `category` [ RunTime:0.0042s ]
SQL: SELECT * FROM `category` WHERE `pid` = 0 AND `type` = 0  [ RunTime:0.0016s ]
INFO: [ view_parse ] --START--
INFO: [ template_filter ] --START--
INFO: Run Behavior\ContentReplaceBehavior [ RunTime:0.000177s ]
INFO: [ template_filter ] --END-- [ RunTime:0.000296s ]
INFO: Run Behavior\ParseTemplateBehavior [ RunTime:0.039704s ]
INFO: [ view_parse ] --END-- [ RunTime:0.039822s ]
INFO: [ view_filter ] --START--
INFO: Run Behavior\WriteHtmlCacheBehavior [ RunTime:0.000802s ]
INFO: [ view_filter ] --END-- [ RunTime:0.000923s ]
INFO: [ app_end ] --START--
INFO: Run Behavior\ShowPageTraceBehavior [ RunTime:0.002289s ]
INFO: [ app_end ] --END-- [ RunTime:0.002562s ]

[ 2016-09-21T20:27:55+08:00 ] 220.179.147.56 /admin.php?m=Admin&c=member&a=groceryMember
INFO: [ app_init ] --START--
INFO: Run Behavior\BuildLiteBehavior [ RunTime:0.000053s ]
INFO: [ app_init ] --END-- [ RunTime:0.001595s ]
INFO: [ app_begin ] --START--
INFO: Run Behavior\ReadHtmlCacheBehavior [ RunTime:0.001688s ]
INFO: [ app_begin ] --END-- [ RunTime:0.001856s ]
SQL: SHOW COLUMNS FROM `course_order` [ RunTime:0.0026s ]
SQL: SELECT count(*) as count,o.status FROM course_order o INNER JOIN course c on c.id = o.course_id INNER JOIN member m on m.id = o.user_id INNER JOIN branch b on b.id = c.branchId INNER JOIN grocery g on g.id = b.groId  GROUP BY o.status  [ RunTime:0.0011s ]
NOTIC: [8] Undefined offset: 5 /var/www/virtual/xbkt/home/wwwroot/Application/Admin/Controller/BaseController.class.php 第 28 行.
NOTIC: [8] Undefined offset: -1 /var/www/virtual/xbkt/home/wwwroot/Application/Admin/Controller/BaseController.class.php 第 33 行.
SQL: SHOW COLUMNS FROM `grocery` [ RunTime:0.0020s ]
NOTIC: [8] Undefined index: status /var/www/virtual/xbkt/home/wwwroot/Application/Admin/Controller/MemberController.class.php 第 51 行.
NOTIC: [8] Undefined variable: where /var/www/virtual/xbkt/home/wwwroot/Application/Admin/Controller/MemberController.class.php 第 54 行.
SQL: SELECT COUNT(*) AS tp_count FROM `grocery` LIMIT 1   [ RunTime:0.0012s ]
NOTIC: [8] Undefined variable: where /var/www/virtual/xbkt/home/wwwroot/Application/Admin/Controller/MemberController.class.php 第 57 行.
SQL: SELECT * FROM `grocery` ORDER BY id DESC LIMIT 0,5   [ RunTime:0.0014s ]
INFO: [ view_parse ] --START--
INFO: [ template_filter ] --START--
INFO: Run Behavior\ContentReplaceBehavior [ RunTime:0.000177s ]
INFO: [ template_filter ] --END-- [ RunTime:0.000406s ]
INFO: Run Behavior\ParseTemplateBehavior [ RunTime:0.045733s ]
INFO: [ view_parse ] --END-- [ RunTime:0.045888s ]
INFO: [ view_filter ] --START--
INFO: Run Behavior\WriteHtmlCacheBehavior [ RunTime:0.000673s ]
INFO: [ view_filter ] --END-- [ RunTime:0.000760s ]
INFO: [ app_end ] --START--
INFO: Run Behavior\ShowPageTraceBehavior [ RunTime:0.002250s ]
INFO: [ app_end ] --END-- [ RunTime:0.002349s ]

[ 2016-09-21T20:27:58+08:00 ] 220.179.147.56 /admin.php?m=Admin&c=category&a=index&tab=1
INFO: [ app_init ] --START--
INFO: Run Behavior\BuildLiteBehavior [ RunTime:0.000039s ]
INFO: [ app_init ] --END-- [ RunTime:0.001220s ]
INFO: [ app_begin ] --START--
INFO: Run Behavior\ReadHtmlCacheBehavior [ RunTime:0.001761s ]
INFO: [ app_begin ] --END-- [ RunTime:0.001864s ]
SQL: SHOW COLUMNS FROM `course_order` [ RunTime:0.0030s ]
SQL: SELECT count(*) as count,o.status FROM course_order o INNER JOIN course c on c.id = o.course_id INNER JOIN member m on m.id = o.user_id INNER JOIN branch b on b.id = c.branchId INNER JOIN grocery g on g.id = b.groId  GROUP BY o.status  [ RunTime:0.0013s ]
NOTIC: [8] Undefined offset: 5 /var/www/virtual/xbkt/home/wwwroot/Application/Admin/Controller/BaseController.class.php 第 28 行.
NOTIC: [8] Undefined offset: -1 /var/www/virtual/xbkt/home/wwwroot/Application/Admin/Controller/BaseController.class.php 第 33 行.
SQL: SHOW COLUMNS FROM `category` [ RunTime:0.0023s ]
SQL: SELECT COUNT(*) AS tp_count FROM `category` WHERE ( type = 1 ) LIMIT 1   [ RunTime:0.0025s ]
SQL: SELECT c1.*,c2.title as father FROM category c1 left join category c2 on c1.pid=c2.id  WHERE ( c1.type = 1 ) ORDER BY id DESC LIMIT 0,10   [ RunTime:0.0018s ]
SQL: SELECT COUNT(*) AS tp_count FROM `category` WHERE ( type = 2 ) LIMIT 1   [ RunTime:0.0013s ]
SQL: SELECT c1.*,c2.title as father FROM category c1 left join category c2 on c1.pid=c2.id  WHERE ( c1.type = 0 ) ORDER BY id DESC LIMIT 0,10   [ RunTime:0.0019s ]
SQL: SHOW COLUMNS FROM `circle` [ RunTime:0.0033s ]
SQL: SELECT * FROM `circle` ORDER BY id DESC  [ RunTime:0.0015s ]
SQL: SHOW COLUMNS FROM `area` [ RunTime:0.0069s ]
SQL: SELECT COUNT(*) AS tp_count FROM `area` LIMIT 1   [ RunTime:0.0028s ]
SQL: SELECT a1.*,a2.name as father FROM area a1 left join area a2 on a1.pid = a2.id  ORDER BY id DESC LIMIT 0,10   [ RunTime:0.0016s ]
INFO: [ view_parse ] --START--
INFO: [ template_filter ] --START--
INFO: Run Behavior\ContentReplaceBehavior [ RunTime:0.000290s ]
INFO: [ template_filter ] --END-- [ RunTime:0.000426s ]
NOTIC: [8] Undefined index: html /var/www/virtual/xbkt/home/wwwroot/Application/Runtime/Cache/Admin/9bfef0f9f473c596f668b6c9a32bfd5c.php 第 174 行.
NOTIC: [8] Undefined index: html /var/www/virtual/xbkt/home/wwwroot/Application/Runtime/Cache/Admin/9bfef0f9f473c596f668b6c9a32bfd5c.php 第 174 行.
NOTIC: [8] Undefined index: html /var/www/virtual/xbkt/home/wwwroot/Application/Runtime/Cache/Admin/9bfef0f9f473c596f668b6c9a32bfd5c.php 第 174 行.
NOTIC: [8] Undefined index: html /var/www/virtual/xbkt/home/wwwroot/Application/Runtime/Cache/Admin/9bfef0f9f473c596f668b6c9a32bfd5c.php 第 174 行.
NOTIC: [8] Undefined index: html /var/www/virtual/xbkt/home/wwwroot/Application/Runtime/Cache/Admin/9bfef0f9f473c596f668b6c9a32bfd5c.php 第 174 行.
NOTIC: [8] Undefined index: html /var/www/virtual/xbkt/home/wwwroot/Application/Runtime/Cache/Admin/9bfef0f9f473c596f668b6c9a32bfd5c.php 第 174 行.
NOTIC: [8] Undefined index: html /var/www/virtual/xbkt/home/wwwroot/Application/Runtime/Cache/Admin/9bfef0f9f473c596f668b6c9a32bfd5c.php 第 174 行.
NOTIC: [8] Undefined index: html /var/www/virtual/xbkt/home/wwwroot/Application/Runtime/Cache/Admin/9bfef0f9f473c596f668b6c9a32bfd5c.php 第 174 行.
NOTIC: [8] Undefined index: html /var/www/virtual/xbkt/home/wwwroot/Application/Runtime/Cache/Admin/9bfef0f9f473c596f668b6c9a32bfd5c.php 第 209 行.
NOTIC: [8] Undefined index: html /var/www/virtual/xbkt/home/wwwroot/Application/Runtime/Cache/Admin/9bfef0f9f473c596f668b6c9a32bfd5c.php 第 209 行.
NOTIC: [8] Undefined index: html /var/www/virtual/xbkt/home/wwwroot/Application/Runtime/Cache/Admin/9bfef0f9f473c596f668b6c9a32bfd5c.php 第 209 行.
NOTIC: [8] Undefined index: html /var/www/virtual/xbkt/home/wwwroot/Application/Runtime/Cache/Admin/9bfef0f9f473c596f668b6c9a32bfd5c.php 第 274 行.
NOTIC: [8] Undefined index: html /var/www/virtual/xbkt/home/wwwroot/Application/Runtime/Cache/Admin/9bfef0f9f473c596f668b6c9a32bfd5c.php 第 274 行.
NOTIC: [8] Undefined index: html /var/www/virtual/xbkt/home/wwwroot/Application/Runtime/Cache/Admin/9bfef0f9f473c596f668b6c9a32bfd5c.php 第 274 行.
NOTIC: [8] Undefined index: html /var/www/virtual/xbkt/home/wwwroot/Application/Runtime/Cache/Admin/9bfef0f9f473c596f668b6c9a32bfd5c.php 第 274 行.
NOTIC: [8] Undefined index: html /var/www/virtual/xbkt/home/wwwroot/Application/Runtime/Cache/Admin/9bfef0f9f473c596f668b6c9a32bfd5c.php 第 274 行.
NOTIC: [8] Undefined index: html /var/www/virtual/xbkt/home/wwwroot/Application/Runtime/Cache/Admin/9bfef0f9f473c596f668b6c9a32bfd5c.php 第 274 行.
NOTIC: [8] Undefined index: html /var/www/virtual/xbkt/home/wwwroot/Application/Runtime/Cache/Admin/9bfef0f9f473c596f668b6c9a32bfd5c.php 第 274 行.
NOTIC: [8] Undefined index: html /var/www/virtual/xbkt/home/wwwroot/Application/Runtime/Cache/Admin/9bfef0f9f473c596f668b6c9a32bfd5c.php 第 274 行.
NOTIC: [8] Undefined index: html /var/www/virtual/xbkt/home/wwwroot/Application/Runtime/Cache/Admin/9bfef0f9f473c596f668b6c9a32bfd5c.php 第 274 行.
NOTIC: [8] Undefined index: html /var/www/virtual/xbkt/home/wwwroot/Application/Runtime/Cache/Admin/9bfef0f9f473c596f668b6c9a32bfd5c.php 第 274 行.
INFO: Run Behavior\ParseTemplateBehavior [ RunTime:0.056258s ]
INFO: [ view_parse ] --END-- [ RunTime:0.056361s ]
INFO: [ view_filter ] --START--
INFO: Run Behavior\WriteHtmlCacheBehavior [ RunTime:0.000744s ]
INFO: [ view_filter ] --END-- [ RunTime:0.000831s ]
INFO: [ app_end ] --START--
INFO: Run Behavior\ShowPageTraceBehavior [ RunTime:0.001937s ]
INFO: [ app_end ] --END-- [ RunTime:0.002035s ]

[ 2016-09-21T20:31:02+08:00 ] 220.179.147.56 /admin.php?m=Admin&c=member&a=groceryMember
INFO: [ app_init ] --START--
INFO: Run Behavior\BuildLiteBehavior [ RunTime:0.000044s ]
INFO: [ app_init ] --END-- [ RunTime:0.001427s ]
INFO: [ app_begin ] --START--
INFO: Run Behavior\ReadHtmlCacheBehavior [ RunTime:0.001727s ]
INFO: [ app_begin ] --END-- [ RunTime:0.001837s ]
SQL: SHOW COLUMNS FROM `course_order` [ RunTime:0.0027s ]
SQL: SELECT count(*) as count,o.status FROM course_order o INNER JOIN course c on c.id = o.course_id INNER JOIN member m on m.id = o.user_id INNER JOIN branch b on b.id = c.branchId INNER JOIN grocery g on g.id = b.groId  GROUP BY o.status  [ RunTime:0.0009s ]
NOTIC: [8] Undefined offset: 5 /var/www/virtual/xbkt/home/wwwroot/Application/Admin/Controller/BaseController.class.php 第 28 行.
NOTIC: [8] Undefined offset: -1 /var/www/virtual/xbkt/home/wwwroot/Application/Admin/Controller/BaseController.class.php 第 33 行.
SQL: SHOW COLUMNS FROM `grocery` [ RunTime:0.0026s ]
NOTIC: [8] Undefined index: status /var/www/virtual/xbkt/home/wwwroot/Application/Admin/Controller/MemberController.class.php 第 51 行.
NOTIC: [8] Undefined variable: where /var/www/virtual/xbkt/home/wwwroot/Application/Admin/Controller/MemberController.class.php 第 54 行.
SQL: SELECT COUNT(*) AS tp_count FROM `grocery` LIMIT 1   [ RunTime:0.0013s ]
NOTIC: [8] Undefined variable: where /var/www/virtual/xbkt/home/wwwroot/Application/Admin/Controller/MemberController.class.php 第 57 行.
SQL: SELECT * FROM `grocery` ORDER BY id DESC LIMIT 0,5   [ RunTime:0.0013s ]
INFO: [ view_parse ] --START--
INFO: [ template_filter ] --START--
INFO: Run Behavior\ContentReplaceBehavior [ RunTime:0.000192s ]
INFO: [ template_filter ] --END-- [ RunTime:0.000441s ]
INFO: Run Behavior\ParseTemplateBehavior [ RunTime:0.041733s ]
INFO: [ view_parse ] --END-- [ RunTime:0.041852s ]
INFO: [ view_filter ] --START--
INFO: Run Behavior\WriteHtmlCacheBehavior [ RunTime:0.000891s ]
INFO: [ view_filter ] --END-- [ RunTime:0.000979s ]
INFO: [ app_end ] --START--
INFO: Run Behavior\ShowPageTraceBehavior [ RunTime:0.002341s ]
INFO: [ app_end ] --END-- [ RunTime:0.002440s ]

[ 2016-09-21T20:31:06+08:00 ] 220.179.147.56 /admin.php?m=Admin&c=member&a=add_grocery
INFO: [ app_init ] --START--
INFO: Run Behavior\BuildLiteBehavior [ RunTime:0.000042s ]
INFO: [ app_init ] --END-- [ RunTime:0.001303s ]
INFO: [ app_begin ] --START--
INFO: Run Behavior\ReadHtmlCacheBehavior [ RunTime:0.001634s ]
INFO: [ app_begin ] --END-- [ RunTime:0.001737s ]
SQL: SHOW COLUMNS FROM `course_order` [ RunTime:0.0027s ]
SQL: SELECT count(*) as count,o.status FROM course_order o INNER JOIN course c on c.id = o.course_id INNER JOIN member m on m.id = o.user_id INNER JOIN branch b on b.id = c.branchId INNER JOIN grocery g on g.id = b.groId  GROUP BY o.status  [ RunTime:0.0011s ]
NOTIC: [8] Undefined offset: 5 /var/www/virtual/xbkt/home/wwwroot/Application/Admin/Controller/BaseController.class.php 第 28 行.
NOTIC: [8] Undefined offset: -1 /var/www/virtual/xbkt/home/wwwroot/Application/Admin/Controller/BaseController.class.php 第 33 行.
NOTIC: [8] Undefined index: action /var/www/virtual/xbkt/home/wwwroot/Application/Admin/Controller/MemberController.class.php 第 180 行.
INFO: [ view_parse ] --START--
INFO: [ template_filter ] --START--
INFO: Run Behavior\ContentReplaceBehavior [ RunTime:0.000185s ]
INFO: [ template_filter ] --END-- [ RunTime:0.000301s ]
NOTIC: [8] Undefined variable: model /var/www/virtual/xbkt/home/wwwroot/Application/Runtime/Cache/Admin/a5650729f2f81ab4e7edcc6d262a4c4a.php 第 163 行.
INFO: Run Behavior\ParseTemplateBehavior [ RunTime:0.035749s ]
INFO: [ view_parse ] --END-- [ RunTime:0.035863s ]
INFO: [ view_filter ] --START--
INFO: Run Behavior\WriteHtmlCacheBehavior [ RunTime:0.000596s ]
INFO: [ view_filter ] --END-- [ RunTime:0.000681s ]
INFO: [ app_end ] --START--
INFO: Run Behavior\ShowPageTraceBehavior [ RunTime:0.001827s ]
INFO: [ app_end ] --END-- [ RunTime:0.001937s ]

[ 2016-09-21T20:31:15+08:00 ] 220.179.147.56 /admin.php?m=Admin&c=member&a=groceryMember
INFO: [ app_init ] --START--
INFO: Run Behavior\BuildLiteBehavior [ RunTime:0.000044s ]
INFO: [ app_init ] --END-- [ RunTime:0.001423s ]
INFO: [ app_begin ] --START--
INFO: Run Behavior\ReadHtmlCacheBehavior [ RunTime:0.001728s ]
INFO: [ app_begin ] --END-- [ RunTime:0.001832s ]
SQL: SHOW COLUMNS FROM `course_order` [ RunTime:0.0029s ]
SQL: SELECT count(*) as count,o.status FROM course_order o INNER JOIN course c on c.id = o.course_id INNER JOIN member m on m.id = o.user_id INNER JOIN branch b on b.id = c.branchId INNER JOIN grocery g on g.id = b.groId  GROUP BY o.status  [ RunTime:0.0108s ]
NOTIC: [8] Undefined offset: 5 /var/www/virtual/xbkt/home/wwwroot/Application/Admin/Controller/BaseController.class.php 第 28 行.
NOTIC: [8] Undefined offset: -1 /var/www/virtual/xbkt/home/wwwroot/Application/Admin/Controller/BaseController.class.php 第 33 行.
SQL: SHOW COLUMNS FROM `grocery` [ RunTime:0.0150s ]
NOTIC: [8] Undefined index: status /var/www/virtual/xbkt/home/wwwroot/Application/Admin/Controller/MemberController.class.php 第 51 行.
NOTIC: [8] Undefined variable: where /var/www/virtual/xbkt/home/wwwroot/Application/Admin/Controller/MemberController.class.php 第 54 行.
SQL: SELECT COUNT(*) AS tp_count FROM `grocery` LIMIT 1   [ RunTime:0.0034s ]
NOTIC: [8] Undefined variable: where /var/www/virtual/xbkt/home/wwwroot/Application/Admin/Controller/MemberController.class.php 第 57 行.
SQL: SELECT * FROM `grocery` ORDER BY id DESC LIMIT 0,5   [ RunTime:0.0058s ]
INFO: [ view_parse ] --START--
INFO: [ template_filter ] --START--
INFO: Run Behavior\ContentReplaceBehavior [ RunTime:0.000178s ]
INFO: [ template_filter ] --END-- [ RunTime:0.000290s ]
INFO: Run Behavior\ParseTemplateBehavior [ RunTime:0.036465s ]
INFO: [ view_parse ] --END-- [ RunTime:0.036680s ]
INFO: [ view_filter ] --START--
INFO: Run Behavior\WriteHtmlCacheBehavior [ RunTime:0.004695s ]
INFO: [ view_filter ] --END-- [ RunTime:0.004799s ]
INFO: [ app_end ] --START--
INFO: Run Behavior\ShowPageTraceBehavior [ RunTime:0.002762s ]
INFO: [ app_end ] --END-- [ RunTime:0.002890s ]

[ 2016-09-21T20:31:21+08:00 ] 220.179.147.56 /admin.php?m=Admin&c=member&a=safety&id=24&type=1
INFO: [ app_init ] --START--
INFO: Run Behavior\BuildLiteBehavior [ RunTime:0.000122s ]
INFO: [ app_init ] --END-- [ RunTime:0.001330s ]
INFO: [ app_begin ] --START--
INFO: Run Behavior\ReadHtmlCacheBehavior [ RunTime:0.001703s ]
INFO: [ app_begin ] --END-- [ RunTime:0.001806s ]
SQL: SHOW COLUMNS FROM `course_order` [ RunTime:0.0025s ]
SQL: SELECT count(*) as count,o.status FROM course_order o INNER JOIN course c on c.id = o.course_id INNER JOIN member m on m.id = o.user_id INNER JOIN branch b on b.id = c.branchId INNER JOIN grocery g on g.id = b.groId  GROUP BY o.status  [ RunTime:0.0011s ]
NOTIC: [8] Undefined offset: 5 /var/www/virtual/xbkt/home/wwwroot/Application/Admin/Controller/BaseController.class.php 第 28 行.
NOTIC: [8] Undefined offset: -1 /var/www/virtual/xbkt/home/wwwroot/Application/Admin/Controller/BaseController.class.php 第 33 行.
SQL: SHOW COLUMNS FROM `branch_account` [ RunTime:0.0024s ]
SQL: SELECT a.*,b.braname FROM branch_account a left join branch b on b.id = a.branchId  WHERE a.groId = '24'  [ RunTime:0.0022s ]
INFO: [ view_parse ] --START--
INFO: [ template_filter ] --START--
INFO: Run Behavior\ContentReplaceBehavior [ RunTime:0.000292s ]
INFO: [ template_filter ] --END-- [ RunTime:0.000414s ]
INFO: Run Behavior\ParseTemplateBehavior [ RunTime:0.037510s ]
INFO: [ view_parse ] --END-- [ RunTime:0.037621s ]
INFO: [ view_filter ] --START--
INFO: Run Behavior\WriteHtmlCacheBehavior [ RunTime:0.000664s ]
INFO: [ view_filter ] --END-- [ RunTime:0.000756s ]
INFO: [ app_end ] --START--
INFO: Run Behavior\ShowPageTraceBehavior [ RunTime:0.002052s ]
INFO: [ app_end ] --END-- [ RunTime:0.002149s ]

[ 2016-09-21T20:34:54+08:00 ] 220.179.147.61 /admin.php?m=Admin&c=member&a=grocery_set&id=24&type=1
INFO: [ app_init ] --START--
INFO: Run Behavior\BuildLiteBehavior [ RunTime:0.000072s ]
INFO: [ app_init ] --END-- [ RunTime:0.001676s ]
INFO: [ app_begin ] --START--
INFO: Run Behavior\ReadHtmlCacheBehavior [ RunTime:0.001970s ]
INFO: [ app_begin ] --END-- [ RunTime:0.002077s ]
SQL: SHOW COLUMNS FROM `course_order` [ RunTime:0.0025s ]
SQL: SELECT count(*) as count,o.status FROM course_order o INNER JOIN course c on c.id = o.course_id INNER JOIN member m on m.id = o.user_id INNER JOIN branch b on b.id = c.branchId INNER JOIN grocery g on g.id = b.groId  GROUP BY o.status  [ RunTime:0.0009s ]
NOTIC: [8] Undefined offset: 5 /var/www/virtual/xbkt/home/wwwroot/Application/Admin/Controller/BaseController.class.php 第 28 行.
NOTIC: [8] Undefined offset: -1 /var/www/virtual/xbkt/home/wwwroot/Application/Admin/Controller/BaseController.class.php 第 33 行.
SQL: SHOW COLUMNS FROM `grocery` [ RunTime:0.0023s ]
SQL: SELECT * FROM `grocery` WHERE `id` = 24 LIMIT 1   [ RunTime:0.0018s ]
SQL: SHOW COLUMNS FROM `branch` [ RunTime:0.0027s ]
SQL: SELECT * FROM `branch` WHERE ( groId = 24 )  [ RunTime:0.0015s ]
INFO: [ view_parse ] --START--
INFO: [ template_filter ] --START--
INFO: Run Behavior\ContentReplaceBehavior [ RunTime:0.000303s ]
INFO: [ template_filter ] --END-- [ RunTime:0.000416s ]
INFO: Run Behavior\ParseTemplateBehavior [ RunTime:0.042853s ]
INFO: [ view_parse ] --END-- [ RunTime:0.042975s ]
INFO: [ view_filter ] --START--
INFO: Run Behavior\WriteHtmlCacheBehavior [ RunTime:0.000825s ]
INFO: [ view_filter ] --END-- [ RunTime:0.000938s ]
INFO: [ app_end ] --START--
INFO: Run Behavior\ShowPageTraceBehavior [ RunTime:0.002218s ]
INFO: [ app_end ] --END-- [ RunTime:0.002360s ]

[ 2016-09-21T20:35:08+08:00 ] 220.179.147.61 /admin.php?m=Admin&c=business&a=grocery&id=24&type=1
INFO: [ app_init ] --START--
INFO: Run Behavior\BuildLiteBehavior [ RunTime:0.000061s ]
INFO: [ app_init ] --END-- [ RunTime:0.001314s ]
INFO: [ app_begin ] --START--
INFO: Run Behavior\ReadHtmlCacheBehavior [ RunTime:0.001727s ]
INFO: [ app_begin ] --END-- [ RunTime:0.001864s ]
SQL: SHOW COLUMNS FROM `course_order` [ RunTime:0.0027s ]
SQL: SELECT count(*) as count,o.status FROM course_order o INNER JOIN course c on c.id = o.course_id INNER JOIN member m on m.id = o.user_id INNER JOIN branch b on b.id = c.branchId INNER JOIN grocery g on g.id = b.groId  GROUP BY o.status  [ RunTime:0.0010s ]
NOTIC: [8] Undefined offset: 5 /var/www/virtual/xbkt/home/wwwroot/Application/Admin/Controller/BaseController.class.php 第 28 行.
NOTIC: [8] Undefined offset: -1 /var/www/virtual/xbkt/home/wwwroot/Application/Admin/Controller/BaseController.class.php 第 33 行.
SQL: SELECT COUNT(*) AS tp_count FROM course_order o left join course c on c.id = o.course_id left join branch b on b.id = c.branchId left join grocery g on g.id = b.groId  WHERE g.id = '24' ORDER BY o.id DESC LIMIT 1   [ RunTime:0.0019s ]
SQL: SHOW COLUMNS FROM `article` [ RunTime:0.0023s ]
SQL: SELECT COUNT(*) AS tp_count FROM article a left join grocery g on g.id = a.groId  WHERE g.id = '24' LIMIT 1   [ RunTime:0.0014s ]
SQL: SELECT count(*) as count,`cate` FROM article a left join grocery g on g.id = a.groId  WHERE g.id = '24' GROUP BY a.cate  [ RunTime:0.0016s ]
SQL: SHOW COLUMNS FROM `course` [ RunTime:0.0059s ]
SQL: SELECT COUNT(*) AS tp_count FROM course c left join branch b on b.id = c.branchId left join grocery g on g.id = b.groId  WHERE g.id = '24' LIMIT 1   [ RunTime:0.0018s ]
SQL: SELECT o.id,o.out_trade_no,o.status,c.name as cname,c.price,c.image,c.extension,c.extensionImg,b.braName,b.address,g.name as gname FROM course_order o left join course c on c.id = o.course_id left join branch b on b.id = c.branchId left join grocery g on g.id = b.groId  WHERE g.id = '24' LIMIT 0,6   [ RunTime:0.0020s ]
INFO: [ view_parse ] --START--
INFO: [ template_filter ] --START--
INFO: Run Behavior\ContentReplaceBehavior [ RunTime:0.000442s ]
INFO: [ template_filter ] --END-- [ RunTime:0.000570s ]
INFO: Run Behavior\ParseTemplateBehavior [ RunTime:0.085571s ]
INFO: [ view_parse ] --END-- [ RunTime:0.085821s ]
INFO: [ view_filter ] --START--
INFO: Run Behavior\WriteHtmlCacheBehavior [ RunTime:0.000677s ]
INFO: [ view_filter ] --END-- [ RunTime:0.000764s ]
INFO: [ app_end ] --START--
INFO: Run Behavior\ShowPageTraceBehavior [ RunTime:0.001967s ]
INFO: [ app_end ] --END-- [ RunTime:0.002064s ]

[ 2016-09-21T20:35:17+08:00 ] 220.179.147.61 /admin.php?m=Admin&c=order&a=update&id=221
INFO: [ app_init ] --START--
INFO: Run Behavior\BuildLiteBehavior [ RunTime:0.000042s ]
INFO: [ app_init ] --END-- [ RunTime:0.001254s ]
INFO: [ app_begin ] --START--
INFO: Run Behavior\ReadHtmlCacheBehavior [ RunTime:0.001698s ]
INFO: [ app_begin ] --END-- [ RunTime:0.001800s ]
SQL: SHOW COLUMNS FROM `course_order` [ RunTime:0.0029s ]
SQL: SELECT count(*) as count,o.status FROM course_order o INNER JOIN course c on c.id = o.course_id INNER JOIN member m on m.id = o.user_id INNER JOIN branch b on b.id = c.branchId INNER JOIN grocery g on g.id = b.groId  GROUP BY o.status  [ RunTime:0.0027s ]
NOTIC: [8] Undefined offset: 5 /var/www/virtual/xbkt/home/wwwroot/Application/Admin/Controller/BaseController.class.php 第 28 行.
NOTIC: [8] Undefined offset: -1 /var/www/virtual/xbkt/home/wwwroot/Application/Admin/Controller/BaseController.class.php 第 33 行.
SQL: SELECT o.*,m.username as m_username,c.name,c.image,c.extension,c.extensionimg,c.price,p.point,p.comment,b.username,p.createtime FROM course_order o INNER JOIN course c on c.id = o.course_id INNER JOIN member m on m.id = o.user_id left join course_praise p on p.order_id = o.id left join branch_account b on b.id = o.receptionist  WHERE o.id = '221' LIMIT 1   [ RunTime:0.0095s ]
INFO: [ view_parse ] --START--
INFO: [ template_filter ] --START--
INFO: Run Behavior\ContentReplaceBehavior [ RunTime:0.000313s ]
INFO: [ template_filter ] --END-- [ RunTime:0.000431s ]
INFO: Run Behavior\ParseTemplateBehavior [ RunTime:0.035990s ]
INFO: [ view_parse ] --END-- [ RunTime:0.036114s ]
INFO: [ view_filter ] --START--
INFO: Run Behavior\WriteHtmlCacheBehavior [ RunTime:0.000664s ]
INFO: [ view_filter ] --END-- [ RunTime:0.000770s ]
INFO: [ app_end ] --START--
INFO: Run Behavior\ShowPageTraceBehavior [ RunTime:0.002320s ]
INFO: [ app_end ] --END-- [ RunTime:0.002424s ]

[ 2016-09-21T20:35:43+08:00 ] 220.179.147.61 /admin.php?m=Admin&c=member&a=safety&id=24&type=1
INFO: [ app_init ] --START--
INFO: Run Behavior\BuildLiteBehavior [ RunTime:0.000041s ]
INFO: [ app_init ] --END-- [ RunTime:0.001272s ]
INFO: [ app_begin ] --START--
INFO: Run Behavior\ReadHtmlCacheBehavior [ RunTime:0.001719s ]
INFO: [ app_begin ] --END-- [ RunTime:0.001823s ]
SQL: SHOW COLUMNS FROM `course_order` [ RunTime:0.0029s ]
SQL: SELECT count(*) as count,o.status FROM course_order o INNER JOIN course c on c.id = o.course_id INNER JOIN member m on m.id = o.user_id INNER JOIN branch b on b.id = c.branchId INNER JOIN grocery g on g.id = b.groId  GROUP BY o.status  [ RunTime:0.0010s ]
NOTIC: [8] Undefined offset: 5 /var/www/virtual/xbkt/home/wwwroot/Application/Admin/Controller/BaseController.class.php 第 28 行.
NOTIC: [8] Undefined offset: -1 /var/www/virtual/xbkt/home/wwwroot/Application/Admin/Controller/BaseController.class.php 第 33 行.
SQL: SHOW COLUMNS FROM `branch_account` [ RunTime:0.0025s ]
SQL: SELECT a.*,b.braname FROM branch_account a left join branch b on b.id = a.branchId  WHERE a.groId = '24'  [ RunTime:0.0039s ]
INFO: [ view_parse ] --START--
INFO: [ template_filter ] --START--
INFO: Run Behavior\ContentReplaceBehavior [ RunTime:0.000281s ]
INFO: [ template_filter ] --END-- [ RunTime:0.000409s ]
INFO: Run Behavior\ParseTemplateBehavior [ RunTime:0.037406s ]
INFO: [ view_parse ] --END-- [ RunTime:0.037521s ]
INFO: [ view_filter ] --START--
INFO: Run Behavior\WriteHtmlCacheBehavior [ RunTime:0.000720s ]
INFO: [ view_filter ] --END-- [ RunTime:0.000811s ]
INFO: [ app_end ] --START--
INFO: Run Behavior\ShowPageTraceBehavior [ RunTime:0.002205s ]
INFO: [ app_end ] --END-- [ RunTime:0.002344s ]

[ 2016-09-21T20:35:46+08:00 ] 220.179.147.61 /admin.php?m=Admin&c=member&a=update_account&id=21&groId=24
INFO: [ app_init ] --START--
INFO: Run Behavior\BuildLiteBehavior [ RunTime:0.000044s ]
INFO: [ app_init ] --END-- [ RunTime:0.001241s ]
INFO: [ app_begin ] --START--
INFO: Run Behavior\ReadHtmlCacheBehavior [ RunTime:0.001663s ]
INFO: [ app_begin ] --END-- [ RunTime:0.001771s ]
SQL: SHOW COLUMNS FROM `course_order` [ RunTime:0.0034s ]
SQL: SELECT count(*) as count,o.status FROM course_order o INNER JOIN course c on c.id = o.course_id INNER JOIN member m on m.id = o.user_id INNER JOIN branch b on b.id = c.branchId INNER JOIN grocery g on g.id = b.groId  GROUP BY o.status  [ RunTime:0.0011s ]
NOTIC: [8] Undefined offset: 5 /var/www/virtual/xbkt/home/wwwroot/Application/Admin/Controller/BaseController.class.php 第 28 行.
NOTIC: [8] Undefined offset: -1 /var/www/virtual/xbkt/home/wwwroot/Application/Admin/Controller/BaseController.class.php 第 33 行.
SQL: SHOW COLUMNS FROM `branch_account` [ RunTime:0.0028s ]
SQL: SELECT a.*,b.braname FROM branch_account a left join branch b on b.id = a.branchId  WHERE a.id = '21' LIMIT 1   [ RunTime:0.0020s ]
SQL: SHOW COLUMNS FROM `branch` [ RunTime:0.0028s ]
SQL: SELECT `id`,`braName` FROM `branch` WHERE ( groId = 24 )  [ RunTime:0.0016s ]
INFO: [ view_parse ] --START--
INFO: [ template_filter ] --START--
INFO: Run Behavior\ContentReplaceBehavior [ RunTime:0.000173s ]
INFO: [ template_filter ] --END-- [ RunTime:0.000288s ]
NOTIC: [8] Undefined variable: model /var/www/virtual/xbkt/home/wwwroot/Application/Runtime/Cache/Admin/e398a16fd20266e4f623389c4c2f7f47.php 第 165 行.
INFO: Run Behavior\ParseTemplateBehavior [ RunTime:0.035386s ]
INFO: [ view_parse ] --END-- [ RunTime:0.035538s ]
INFO: [ view_filter ] --START--
INFO: Run Behavior\WriteHtmlCacheBehavior [ RunTime:0.000575s ]
INFO: [ view_filter ] --END-- [ RunTime:0.000663s ]
INFO: [ app_end ] --START--
INFO: Run Behavior\ShowPageTraceBehavior [ RunTime:0.001859s ]
INFO: [ app_end ] --END-- [ RunTime:0.001959s ]

[ 2016-09-21T20:36:05+08:00 ] 220.179.147.61 /admin.php?m=Admin&c=member&a=update_account&id=21&groId=24
INFO: [ app_init ] --START--
INFO: Run Behavior\BuildLiteBehavior [ RunTime:0.000051s ]
INFO: [ app_init ] --END-- [ RunTime:0.001276s ]
INFO: [ app_begin ] --START--
INFO: Run Behavior\ReadHtmlCacheBehavior [ RunTime:0.001755s ]
INFO: [ app_begin ] --END-- [ RunTime:0.001872s ]
SQL: SHOW COLUMNS FROM `course_order` [ RunTime:0.0034s ]
SQL: SELECT count(*) as count,o.status FROM course_order o INNER JOIN course c on c.id = o.course_id INNER JOIN member m on m.id = o.user_id INNER JOIN branch b on b.id = c.branchId INNER JOIN grocery g on g.id = b.groId  GROUP BY o.status  [ RunTime:0.0012s ]
NOTIC: [8] Undefined offset: 5 /var/www/virtual/xbkt/home/wwwroot/Application/Admin/Controller/BaseController.class.php 第 28 行.
NOTIC: [8] Undefined offset: -1 /var/www/virtual/xbkt/home/wwwroot/Application/Admin/Controller/BaseController.class.php 第 33 行.
SQL: SHOW COLUMNS FROM `branch_account` [ RunTime:0.0024s ]
SQL: SELECT a.*,b.braname FROM branch_account a left join branch b on b.id = a.branchId  WHERE a.id = '21' LIMIT 1   [ RunTime:0.0019s ]
SQL: SHOW COLUMNS FROM `branch` [ RunTime:0.0029s ]
SQL: SELECT `id`,`braName` FROM `branch` WHERE ( groId = 24 )  [ RunTime:0.0013s ]
INFO: [ view_parse ] --START--
INFO: [ template_filter ] --START--
INFO: Run Behavior\ContentReplaceBehavior [ RunTime:0.000168s ]
INFO: [ template_filter ] --END-- [ RunTime:0.000268s ]
NOTIC: [8] Undefined variable: model /var/www/virtual/xbkt/home/wwwroot/Application/Runtime/Cache/Admin/e398a16fd20266e4f623389c4c2f7f47.php 第 165 行.
INFO: Run Behavior\ParseTemplateBehavior [ RunTime:0.031106s ]
INFO: [ view_parse ] --END-- [ RunTime:0.031198s ]
INFO: [ view_filter ] --START--
INFO: Run Behavior\WriteHtmlCacheBehavior [ RunTime:0.000689s ]
INFO: [ view_filter ] --END-- [ RunTime:0.000776s ]
INFO: [ app_end ] --START--
INFO: Run Behavior\ShowPageTraceBehavior [ RunTime:0.002277s ]
INFO: [ app_end ] --END-- [ RunTime:0.002375s ]

[ 2016-09-21T20:36:09+08:00 ] 220.179.147.61 /admin.php?m=Admin&c=member&a=update_account&action=do_update
INFO: [ app_init ] --START--
INFO: Run Behavior\BuildLiteBehavior [ RunTime:0.000045s ]
INFO: [ app_init ] --END-- [ RunTime:0.001284s ]
INFO: [ app_begin ] --START--
INFO: Run Behavior\ReadHtmlCacheBehavior [ RunTime:0.001820s ]
INFO: [ app_begin ] --END-- [ RunTime:0.001984s ]
SQL: SHOW COLUMNS FROM `course_order` [ RunTime:0.0057s ]
SQL: SELECT count(*) as count,o.status FROM course_order o INNER JOIN course c on c.id = o.course_id INNER JOIN member m on m.id = o.user_id INNER JOIN branch b on b.id = c.branchId INNER JOIN grocery g on g.id = b.groId  GROUP BY o.status  [ RunTime:0.0029s ]
NOTIC: [8] Undefined offset: 5 /var/www/virtual/xbkt/home/wwwroot/Application/Admin/Controller/BaseController.class.php 第 28 行.
NOTIC: [8] Undefined offset: -1 /var/www/virtual/xbkt/home/wwwroot/Application/Admin/Controller/BaseController.class.php 第 33 行.
NOTIC: [8] Undefined index: username /var/www/virtual/xbkt/home/wwwroot/Application/Admin/Controller/MemberController.class.php 第 353 行.
SQL: SHOW COLUMNS FROM `branch_account` [ RunTime:0.0032s ]
SQL: UPDATE `branch_account` SET `username`=NULL,`wechat`='',`branchId`='31',`mphone`='15026738615',`type`='3' WHERE `id` = 0 [ RunTime:0.0013s ]
NOTIC: [8] Undefined variable: module /var/www/virtual/xbkt/home/wwwroot/ThinkPHP/Common/functions.php 第 990 行.
NOTIC: [8] Undefined variable: var /var/www/virtual/xbkt/home/wwwroot/ThinkPHP/Common/functions.php 第 990 行.
NOTIC: [2] array_reverse() expects parameter 1 to be array, null given /var/www/virtual/xbkt/home/wwwroot/ThinkPHP/Common/functions.php 第 990 行.
NOTIC: [2] http_build_query(): Parameter 1 expected to be Array or Object.  Incorrect value given /var/www/virtual/xbkt/home/wwwroot/ThinkPHP/Common/functions.php 第 990 行.

[ 2016-09-21T20:36:10+08:00 ] 220.179.147.61 /admin.php?m=&&m=Admin&c=member&a=safety&id=24
INFO: [ app_init ] --START--
INFO: Run Behavior\BuildLiteBehavior [ RunTime:0.000045s ]
INFO: [ app_init ] --END-- [ RunTime:0.001319s ]
INFO: [ app_begin ] --START--
INFO: Run Behavior\ReadHtmlCacheBehavior [ RunTime:0.001925s ]
INFO: [ app_begin ] --END-- [ RunTime:0.002063s ]
SQL: SHOW COLUMNS FROM `course_order` [ RunTime:0.0027s ]
SQL: SELECT count(*) as count,o.status FROM course_order o INNER JOIN course c on c.id = o.course_id INNER JOIN member m on m.id = o.user_id INNER JOIN branch b on b.id = c.branchId INNER JOIN grocery g on g.id = b.groId  GROUP BY o.status  [ RunTime:0.0009s ]
NOTIC: [8] Undefined offset: 5 /var/www/virtual/xbkt/home/wwwroot/Application/Admin/Controller/BaseController.class.php 第 28 行.
NOTIC: [8] Undefined offset: -1 /var/www/virtual/xbkt/home/wwwroot/Application/Admin/Controller/BaseController.class.php 第 33 行.
SQL: SHOW COLUMNS FROM `branch_account` [ RunTime:0.0026s ]
SQL: SELECT a.*,b.braname FROM branch_account a left join branch b on b.id = a.branchId  WHERE a.groId = '24'  [ RunTime:0.0015s ]
INFO: [ view_parse ] --START--
INFO: [ template_filter ] --START--
INFO: Run Behavior\ContentReplaceBehavior [ RunTime:0.000283s ]
INFO: [ template_filter ] --END-- [ RunTime:0.000401s ]
INFO: Run Behavior\ParseTemplateBehavior [ RunTime:0.034939s ]
INFO: [ view_parse ] --END-- [ RunTime:0.035049s ]
INFO: [ view_filter ] --START--
INFO: Run Behavior\WriteHtmlCacheBehavior [ RunTime:0.000597s ]
INFO: [ view_filter ] --END-- [ RunTime:0.000686s ]
INFO: [ app_end ] --START--
INFO: Run Behavior\ShowPageTraceBehavior [ RunTime:0.002212s ]
INFO: [ app_end ] --END-- [ RunTime:0.002321s ]

[ 2016-09-21T20:36:13+08:00 ] 220.179.147.61 /admin.php?m=Admin&c=member&a=update_account&id=21&groId=24
INFO: [ app_init ] --START--
INFO: Run Behavior\BuildLiteBehavior [ RunTime:0.000144s ]
INFO: [ app_init ] --END-- [ RunTime:0.001341s ]
INFO: [ app_begin ] --START--
INFO: Run Behavior\ReadHtmlCacheBehavior [ RunTime:0.001758s ]
INFO: [ app_begin ] --END-- [ RunTime:0.001864s ]
SQL: SHOW COLUMNS FROM `course_order` [ RunTime:0.0025s ]
SQL: SELECT count(*) as count,o.status FROM course_order o INNER JOIN course c on c.id = o.course_id INNER JOIN member m on m.id = o.user_id INNER JOIN branch b on b.id = c.branchId INNER JOIN grocery g on g.id = b.groId  GROUP BY o.status  [ RunTime:0.0010s ]
NOTIC: [8] Undefined offset: 5 /var/www/virtual/xbkt/home/wwwroot/Application/Admin/Controller/BaseController.class.php 第 28 行.
NOTIC: [8] Undefined offset: -1 /var/www/virtual/xbkt/home/wwwroot/Application/Admin/Controller/BaseController.class.php 第 33 行.
SQL: SHOW COLUMNS FROM `branch_account` [ RunTime:0.0021s ]
SQL: SELECT a.*,b.braname FROM branch_account a left join branch b on b.id = a.branchId  WHERE a.id = '21' LIMIT 1   [ RunTime:0.0014s ]
SQL: SHOW COLUMNS FROM `branch` [ RunTime:0.0020s ]
SQL: SELECT `id`,`braName` FROM `branch` WHERE ( groId = 24 )  [ RunTime:0.0010s ]
INFO: [ view_parse ] --START--
INFO: [ template_filter ] --START--
INFO: Run Behavior\ContentReplaceBehavior [ RunTime:0.000320s ]
INFO: [ template_filter ] --END-- [ RunTime:0.000440s ]
NOTIC: [8] Undefined variable: model /var/www/virtual/xbkt/home/wwwroot/Application/Runtime/Cache/Admin/e398a16fd20266e4f623389c4c2f7f47.php 第 165 行.
INFO: Run Behavior\ParseTemplateBehavior [ RunTime:0.033428s ]
INFO: [ view_parse ] --END-- [ RunTime:0.033551s ]
INFO: [ view_filter ] --START--
INFO: Run Behavior\WriteHtmlCacheBehavior [ RunTime:0.000536s ]
INFO: [ view_filter ] --END-- [ RunTime:0.000625s ]
INFO: [ app_end ] --START--
INFO: Run Behavior\ShowPageTraceBehavior [ RunTime:0.002164s ]
INFO: [ app_end ] --END-- [ RunTime:0.002265s ]

[ 2016-09-21T20:45:34+08:00 ] 220.179.147.61 /admin.php
INFO: [ app_init ] --START--
INFO: Run Behavior\BuildLiteBehavior [ RunTime:0.000060s ]
INFO: [ app_init ] --END-- [ RunTime:0.002176s ]
INFO: [ app_begin ] --START--
INFO: Run Behavior\ReadHtmlCacheBehavior [ RunTime:0.001980s ]
INFO: [ app_begin ] --END-- [ RunTime:0.002114s ]
SQL: SHOW COLUMNS FROM `course_order` [ RunTime:0.0025s ]
SQL: SELECT count(*) as count,o.status FROM course_order o INNER JOIN course c on c.id = o.course_id INNER JOIN member m on m.id = o.user_id INNER JOIN branch b on b.id = c.branchId INNER JOIN grocery g on g.id = b.groId  GROUP BY o.status  [ RunTime:0.0009s ]
NOTIC: [8] Undefined offset: 5 /var/www/virtual/xbkt/home/wwwroot/Application/Admin/Controller/BaseController.class.php 第 28 行.
NOTIC: [8] Undefined offset: -1 /var/www/virtual/xbkt/home/wwwroot/Application/Admin/Controller/BaseController.class.php 第 33 行.
INFO: [ view_parse ] --START--
INFO: [ template_filter ] --START--
INFO: Run Behavior\ContentReplaceBehavior [ RunTime:0.000255s ]
INFO: [ template_filter ] --END-- [ RunTime:0.000470s ]
INFO: Run Behavior\ParseTemplateBehavior [ RunTime:0.043308s ]
INFO: [ view_parse ] --END-- [ RunTime:0.043406s ]
INFO: [ view_filter ] --START--
INFO: Run Behavior\WriteHtmlCacheBehavior [ RunTime:0.000891s ]
INFO: [ view_filter ] --END-- [ RunTime:0.001030s ]
INFO: [ app_end ] --START--
INFO: Run Behavior\ShowPageTraceBehavior [ RunTime:0.002802s ]
INFO: [ app_end ] --END-- [ RunTime:0.002929s ]

[ 2016-09-21T20:45:40+08:00 ] 220.179.147.61 /admin.php?m=Admin&c=member&a=groceryMember
INFO: [ app_init ] --START--
INFO: Run Behavior\BuildLiteBehavior [ RunTime:0.000028s ]
INFO: [ app_init ] --END-- [ RunTime:0.000940s ]
INFO: [ app_begin ] --START--
INFO: Run Behavior\ReadHtmlCacheBehavior [ RunTime:0.001291s ]
INFO: [ app_begin ] --END-- [ RunTime:0.001377s ]
SQL: SHOW COLUMNS FROM `course_order` [ RunTime:0.0018s ]
SQL: SELECT count(*) as count,o.status FROM course_order o INNER JOIN course c on c.id = o.course_id INNER JOIN member m on m.id = o.user_id INNER JOIN branch b on b.id = c.branchId INNER JOIN grocery g on g.id = b.groId  GROUP BY o.status  [ RunTime:0.0012s ]
NOTIC: [8] Undefined offset: 5 /var/www/virtual/xbkt/home/wwwroot/Application/Admin/Controller/BaseController.class.php 第 28 行.
NOTIC: [8] Undefined offset: -1 /var/www/virtual/xbkt/home/wwwroot/Application/Admin/Controller/BaseController.class.php 第 33 行.
SQL: SHOW COLUMNS FROM `grocery` [ RunTime:0.0026s ]
NOTIC: [8] Undefined index: status /var/www/virtual/xbkt/home/wwwroot/Application/Admin/Controller/MemberController.class.php 第 51 行.
NOTIC: [8] Undefined variable: where /var/www/virtual/xbkt/home/wwwroot/Application/Admin/Controller/MemberController.class.php 第 54 行.
SQL: SELECT COUNT(*) AS tp_count FROM `grocery` LIMIT 1   [ RunTime:0.0009s ]
NOTIC: [8] Undefined variable: where /var/www/virtual/xbkt/home/wwwroot/Application/Admin/Controller/MemberController.class.php 第 57 行.
SQL: SELECT * FROM `grocery` ORDER BY id DESC LIMIT 0,5   [ RunTime:0.0009s ]
INFO: [ view_parse ] --START--
INFO: [ template_filter ] --START--
INFO: Run Behavior\ContentReplaceBehavior [ RunTime:0.000124s ]
INFO: [ template_filter ] --END-- [ RunTime:0.000193s ]
INFO: Run Behavior\ParseTemplateBehavior [ RunTime:0.022278s ]
INFO: [ view_parse ] --END-- [ RunTime:0.022377s ]
INFO: [ view_filter ] --START--
INFO: Run Behavior\WriteHtmlCacheBehavior [ RunTime:0.000359s ]
INFO: [ view_filter ] --END-- [ RunTime:0.000421s ]
INFO: [ app_end ] --START--
INFO: Run Behavior\ShowPageTraceBehavior [ RunTime:0.001462s ]
INFO: [ app_end ] --END-- [ RunTime:0.001538s ]

[ 2016-09-21T20:45:44+08:00 ] 220.179.147.61 /admin.php?m=Admin&c=member&a=safety&id=24&type=1
INFO: [ app_init ] --START--
INFO: Run Behavior\BuildLiteBehavior [ RunTime:0.000043s ]
INFO: [ app_init ] --END-- [ RunTime:0.001553s ]
INFO: [ app_begin ] --START--
INFO: Run Behavior\ReadHtmlCacheBehavior [ RunTime:0.001967s ]
INFO: [ app_begin ] --END-- [ RunTime:0.002121s ]
SQL: SHOW COLUMNS FROM `course_order` [ RunTime:0.0021s ]
SQL: SELECT count(*) as count,o.status FROM course_order o INNER JOIN course c on c.id = o.course_id INNER JOIN member m on m.id = o.user_id INNER JOIN branch b on b.id = c.branchId INNER JOIN grocery g on g.id = b.groId  GROUP BY o.status  [ RunTime:0.0032s ]
NOTIC: [8] Undefined offset: 5 /var/www/virtual/xbkt/home/wwwroot/Application/Admin/Controller/BaseController.class.php 第 28 行.
NOTIC: [8] Undefined offset: -1 /var/www/virtual/xbkt/home/wwwroot/Application/Admin/Controller/BaseController.class.php 第 33 行.
SQL: SHOW COLUMNS FROM `branch_account` [ RunTime:0.0015s ]
SQL: SELECT a.*,b.braname FROM branch_account a left join branch b on b.id = a.branchId  WHERE a.groId = '24'  [ RunTime:0.0011s ]
INFO: [ view_parse ] --START--
INFO: [ template_filter ] --START--
INFO: Run Behavior\ContentReplaceBehavior [ RunTime:0.000199s ]
INFO: [ template_filter ] --END-- [ RunTime:0.000329s ]
INFO: Run Behavior\ParseTemplateBehavior [ RunTime:0.040000s ]
INFO: [ view_parse ] --END-- [ RunTime:0.040103s ]
INFO: [ view_filter ] --START--
INFO: Run Behavior\WriteHtmlCacheBehavior [ RunTime:0.000805s ]
INFO: [ view_filter ] --END-- [ RunTime:0.000907s ]
INFO: [ app_end ] --START--
INFO: Run Behavior\ShowPageTraceBehavior [ RunTime:0.002574s ]
INFO: [ app_end ] --END-- [ RunTime:0.002684s ]

