[ 2016-08-13T20:35:06+08:00 ] 114.245.89.194 /admin.php
INFO: [ app_init ] --START--
INFO: Run Behavior\BuildLiteBehavior [ RunTime:0.000045s ]
INFO: [ app_init ] --END-- [ RunTime:0.001375s ]
INFO: [ app_begin ] --START--
INFO: Run Behavior\ReadHtmlCacheBehavior [ RunTime:0.002021s ]
INFO: [ app_begin ] --END-- [ RunTime:0.002259s ]

[ 2016-08-13T20:35:06+08:00 ] 114.245.89.194 /admin.php?m=Admin&c=Login&a=index
INFO: [ app_init ] --START--
INFO: Run Behavior\BuildLiteBehavior [ RunTime:0.000042s ]
INFO: [ app_init ] --END-- [ RunTime:0.001320s ]
INFO: [ app_begin ] --START--
INFO: Run Behavior\ReadHtmlCacheBehavior [ RunTime:0.001688s ]
INFO: [ app_begin ] --END-- [ RunTime:0.001792s ]
INFO: [ view_parse ] --START--
INFO: [ template_filter ] --START--
INFO: Run Behavior\ContentReplaceBehavior [ RunTime:0.000141s ]
INFO: [ template_filter ] --END-- [ RunTime:0.000258s ]
INFO: Run Behavior\ParseTemplateBehavior [ RunTime:0.041310s ]
INFO: [ view_parse ] --END-- [ RunTime:0.041442s ]
INFO: [ view_filter ] --START--
INFO: Run Behavior\WriteHtmlCacheBehavior [ RunTime:0.000848s ]
INFO: [ view_filter ] --END-- [ RunTime:0.000939s ]
INFO: [ app_end ] --START--
INFO: Run Behavior\ShowPageTraceBehavior [ RunTime:0.002419s ]
INFO: [ app_end ] --END-- [ RunTime:0.002514s ]

[ 2016-08-13T20:35:07+08:00 ] 114.245.89.194 /admin.php?m=Admin&c=login&a=verify
INFO: [ app_init ] --START--
INFO: Run Behavior\BuildLiteBehavior [ RunTime:0.000043s ]
INFO: [ app_init ] --END-- [ RunTime:0.001566s ]
INFO: [ app_begin ] --START--
INFO: Run Behavior\ReadHtmlCacheBehavior [ RunTime:0.001969s ]
INFO: [ app_begin ] --END-- [ RunTime:0.002072s ]
INFO: [ app_end ] --START--
INFO: Run Behavior\ShowPageTraceBehavior [ RunTime:0.003161s ]
INFO: [ app_end ] --END-- [ RunTime:0.003329s ]

[ 2016-08-13T21:12:18+08:00 ] 114.245.89.194 /admin.php?m=Admin&c=Login&a=index
INFO: [ app_init ] --START--
INFO: Run Behavior\BuildLiteBehavior [ RunTime:0.000042s ]
INFO: [ app_init ] --END-- [ RunTime:0.001388s ]
INFO: [ app_begin ] --START--
INFO: Run Behavior\ReadHtmlCacheBehavior [ RunTime:0.001872s ]
INFO: [ app_begin ] --END-- [ RunTime:0.001975s ]
INFO: [ view_parse ] --START--
INFO: [ template_filter ] --START--
INFO: Run Behavior\ContentReplaceBehavior [ RunTime:0.000106s ]
INFO: [ template_filter ] --END-- [ RunTime:0.000227s ]
INFO: Run Behavior\ParseTemplateBehavior [ RunTime:0.021046s ]
INFO: [ view_parse ] --END-- [ RunTime:0.023472s ]
INFO: [ view_filter ] --START--
INFO: Run Behavior\WriteHtmlCacheBehavior [ RunTime:0.000576s ]
INFO: [ view_filter ] --END-- [ RunTime:0.000663s ]
INFO: [ app_end ] --START--
INFO: Run Behavior\ShowPageTraceBehavior [ RunTime:0.001921s ]
INFO: [ app_end ] --END-- [ RunTime:0.002122s ]

[ 2016-08-13T22:09:15+08:00 ] 114.245.89.194 /admin.php
INFO: [ app_init ] --START--
INFO: Run Behavior\BuildLiteBehavior [ RunTime:0.000043s ]
INFO: [ app_init ] --END-- [ RunTime:0.001277s ]
INFO: [ app_begin ] --START--
INFO: Run Behavior\ReadHtmlCacheBehavior [ RunTime:0.001653s ]
INFO: [ app_begin ] --END-- [ RunTime:0.001756s ]

[ 2016-08-13T22:09:15+08:00 ] 114.245.89.194 /admin.php?m=Admin&c=Login&a=index
INFO: [ app_init ] --START--
INFO: Run Behavior\BuildLiteBehavior [ RunTime:0.000043s ]
INFO: [ app_init ] --END-- [ RunTime:0.001290s ]
INFO: [ app_begin ] --START--
INFO: Run Behavior\ReadHtmlCacheBehavior [ RunTime:0.001925s ]
INFO: [ app_begin ] --END-- [ RunTime:0.002062s ]
INFO: [ view_parse ] --START--
INFO: [ template_filter ] --START--
INFO: Run Behavior\ContentReplaceBehavior [ RunTime:0.000168s ]
INFO: [ template_filter ] --END-- [ RunTime:0.000328s ]
INFO: Run Behavior\ParseTemplateBehavior [ RunTime:0.027304s ]
INFO: [ view_parse ] --END-- [ RunTime:0.027449s ]
INFO: [ view_filter ] --START--
INFO: Run Behavior\WriteHtmlCacheBehavior [ RunTime:0.000706s ]
INFO: [ view_filter ] --END-- [ RunTime:0.000863s ]
INFO: [ app_end ] --START--
INFO: Run Behavior\ShowPageTraceBehavior [ RunTime:0.002509s ]
INFO: [ app_end ] --END-- [ RunTime:0.002654s ]

[ 2016-08-13T22:09:15+08:00 ] 114.245.89.194 /admin.php?m=Admin&c=login&a=verify
INFO: [ app_init ] --START--
INFO: Run Behavior\BuildLiteBehavior [ RunTime:0.000044s ]
INFO: [ app_init ] --END-- [ RunTime:0.001552s ]
INFO: [ app_begin ] --START--
INFO: Run Behavior\ReadHtmlCacheBehavior [ RunTime:0.003331s ]
INFO: [ app_begin ] --END-- [ RunTime:0.003583s ]
INFO: [ app_end ] --START--
INFO: Run Behavior\ShowPageTraceBehavior [ RunTime:0.002835s ]
INFO: [ app_end ] --END-- [ RunTime:0.003000s ]

[ 2016-08-13T22:09:22+08:00 ] 114.245.89.194 /admin.php?m=Admin&c=login&a=verify&random=240
INFO: [ app_init ] --START--
INFO: Run Behavior\BuildLiteBehavior [ RunTime:0.000063s ]
INFO: [ app_init ] --END-- [ RunTime:0.001404s ]
INFO: [ app_begin ] --START--
INFO: Run Behavior\ReadHtmlCacheBehavior [ RunTime:0.001860s ]
INFO: [ app_begin ] --END-- [ RunTime:0.001975s ]
INFO: [ app_end ] --START--
INFO: Run Behavior\ShowPageTraceBehavior [ RunTime:0.002309s ]
INFO: [ app_end ] --END-- [ RunTime:0.002431s ]

[ 2016-08-13T22:09:29+08:00 ] 114.245.89.194 /admin.php?m=Admin&c=login&a=login
INFO: [ app_init ] --START--
INFO: Run Behavior\BuildLiteBehavior [ RunTime:0.000101s ]
INFO: [ app_init ] --END-- [ RunTime:0.001344s ]
INFO: [ app_begin ] --START--
INFO: Run Behavior\ReadHtmlCacheBehavior [ RunTime:0.001644s ]
INFO: [ app_begin ] --END-- [ RunTime:0.001750s ]
SQL: SHOW COLUMNS FROM `member` [ RunTime:0.0036s ]
SQL: SELECT * FROM `member` WHERE `username` = 'admin' AND `password` = '21232f297a57a5a743894a0e4a801fc3' LIMIT 1   [ RunTime:0.0023s ]
SQL: UPDATE `member` SET `update_at`='1471097369',`login_ip`='114.245.89.194' WHERE `id` = 1 [ RunTime:0.0025s ]
INFO: [ view_parse ] --START--
INFO: [ template_filter ] --START--
INFO: Run Behavior\ContentReplaceBehavior [ RunTime:0.000096s ]
INFO: [ template_filter ] --END-- [ RunTime:0.000204s ]
INFO: Run Behavior\ParseTemplateBehavior [ RunTime:0.025183s ]
INFO: [ view_parse ] --END-- [ RunTime:0.025460s ]
INFO: [ view_filter ] --START--
INFO: Run Behavior\WriteHtmlCacheBehavior [ RunTime:0.000621s ]
INFO: [ view_filter ] --END-- [ RunTime:0.000940s ]
INFO: [ app_end ] --START--
INFO: Run Behavior\ShowPageTraceBehavior [ RunTime:0.003294s ]
INFO: [ app_end ] --END-- [ RunTime:0.003475s ]

[ 2016-08-13T22:09:31+08:00 ] 114.245.89.194 /admin.php?m=Admin&c=Index&a=index
INFO: [ app_init ] --START--
INFO: Run Behavior\BuildLiteBehavior [ RunTime:0.000042s ]
INFO: [ app_init ] --END-- [ RunTime:0.001314s ]
INFO: [ app_begin ] --START--
INFO: Run Behavior\ReadHtmlCacheBehavior [ RunTime:0.001670s ]
INFO: [ app_begin ] --END-- [ RunTime:0.001771s ]
SQL: SHOW COLUMNS FROM `course_order` [ RunTime:0.0031s ]
SQL: SELECT count(*) as count,o.status FROM course_order o INNER JOIN course c on c.id = o.course_id INNER JOIN member m on m.id = o.user_id INNER JOIN branch b on b.id = c.branchId INNER JOIN grocery g on g.id = b.groId  GROUP BY o.status  [ RunTime:0.0041s ]
NOTIC: [8] Undefined offset: 3 /var/www/virtual/xbkt/home/wwwroot/Application/Admin/Controller/IndexController.class.php 第 24 行.
INFO: [ view_parse ] --START--
INFO: [ template_filter ] --START--
INFO: Run Behavior\ContentReplaceBehavior [ RunTime:0.000149s ]
INFO: [ template_filter ] --END-- [ RunTime:0.000263s ]
INFO: Run Behavior\ParseTemplateBehavior [ RunTime:0.034939s ]
INFO: [ view_parse ] --END-- [ RunTime:0.035086s ]
INFO: [ view_filter ] --START--
INFO: Run Behavior\WriteHtmlCacheBehavior [ RunTime:0.000482s ]
INFO: [ view_filter ] --END-- [ RunTime:0.000559s ]
INFO: [ app_end ] --START--
INFO: Run Behavior\ShowPageTraceBehavior [ RunTime:0.001833s ]
INFO: [ app_end ] --END-- [ RunTime:0.001925s ]

[ 2016-08-13T22:09:37+08:00 ] 114.245.89.194 /admin.php?m=Admin&c=category&a=index&tab=1
INFO: [ app_init ] --START--
INFO: Run Behavior\BuildLiteBehavior [ RunTime:0.000042s ]
INFO: [ app_init ] --END-- [ RunTime:0.001315s ]
INFO: [ app_begin ] --START--
INFO: Run Behavior\ReadHtmlCacheBehavior [ RunTime:0.001839s ]
INFO: [ app_begin ] --END-- [ RunTime:0.001942s ]
SQL: SHOW COLUMNS FROM `category` [ RunTime:0.0030s ]
SQL: SELECT COUNT(*) AS tp_count FROM `category` WHERE ( type = 1 ) LIMIT 1   [ RunTime:0.0014s ]
SQL: SELECT c1.*,c2.title as father FROM category c1 left join category c2 on c1.pid=c2.id  WHERE ( c1.type = 1 ) ORDER BY id DESC LIMIT 0,10   [ RunTime:0.0019s ]
SQL: SELECT COUNT(*) AS tp_count FROM `category` WHERE ( type = 2 ) LIMIT 1   [ RunTime:0.0012s ]
SQL: SELECT c1.*,c2.title as father FROM category c1 left join category c2 on c1.pid=c2.id  WHERE ( c1.type = 0 ) ORDER BY id DESC LIMIT 0,10   [ RunTime:0.0028s ]
SQL: SHOW COLUMNS FROM `circle` [ RunTime:0.0021s ]
SQL: SELECT * FROM `circle` ORDER BY id DESC  [ RunTime:0.0015s ]
SQL: SHOW COLUMNS FROM `area` [ RunTime:0.0019s ]
SQL: SELECT a1.*,a2.name as father FROM area a1 left join area a2 on a1.pid = a2.id  ORDER BY id DESC  [ RunTime:0.0021s ]
INFO: [ view_parse ] --START--
INFO: [ template_filter ] --START--
INFO: Run Behavior\ContentReplaceBehavior [ RunTime:0.000233s ]
INFO: [ template_filter ] --END-- [ RunTime:0.000375s ]
NOTIC: [8] Undefined index: html /var/www/virtual/xbkt/home/wwwroot/Application/Runtime/Cache/Admin/9bfef0f9f473c596f668b6c9a32bfd5c.php 第 174 行.
NOTIC: [8] Undefined index: html /var/www/virtual/xbkt/home/wwwroot/Application/Runtime/Cache/Admin/9bfef0f9f473c596f668b6c9a32bfd5c.php 第 174 行.
NOTIC: [8] Undefined index: html /var/www/virtual/xbkt/home/wwwroot/Application/Runtime/Cache/Admin/9bfef0f9f473c596f668b6c9a32bfd5c.php 第 174 行.
NOTIC: [8] Undefined index: html /var/www/virtual/xbkt/home/wwwroot/Application/Runtime/Cache/Admin/9bfef0f9f473c596f668b6c9a32bfd5c.php 第 174 行.
NOTIC: [8] Undefined index: html /var/www/virtual/xbkt/home/wwwroot/Application/Runtime/Cache/Admin/9bfef0f9f473c596f668b6c9a32bfd5c.php 第 174 行.
NOTIC: [8] Undefined index: html /var/www/virtual/xbkt/home/wwwroot/Application/Runtime/Cache/Admin/9bfef0f9f473c596f668b6c9a32bfd5c.php 第 174 行.
NOTIC: [8] Undefined index: html /var/www/virtual/xbkt/home/wwwroot/Application/Runtime/Cache/Admin/9bfef0f9f473c596f668b6c9a32bfd5c.php 第 174 行.
NOTIC: [8] Undefined index: html /var/www/virtual/xbkt/home/wwwroot/Application/Runtime/Cache/Admin/9bfef0f9f473c596f668b6c9a32bfd5c.php 第 174 行.
NOTIC: [8] Undefined index: html /var/www/virtual/xbkt/home/wwwroot/Application/Runtime/Cache/Admin/9bfef0f9f473c596f668b6c9a32bfd5c.php 第 174 行.
NOTIC: [8] Undefined index: html /var/www/virtual/xbkt/home/wwwroot/Application/Runtime/Cache/Admin/9bfef0f9f473c596f668b6c9a32bfd5c.php 第 174 行.
NOTIC: [8] Undefined index: html /var/www/virtual/xbkt/home/wwwroot/Application/Runtime/Cache/Admin/9bfef0f9f473c596f668b6c9a32bfd5c.php 第 208 行.
NOTIC: [8] Undefined index: html /var/www/virtual/xbkt/home/wwwroot/Application/Runtime/Cache/Admin/9bfef0f9f473c596f668b6c9a32bfd5c.php 第 208 行.
NOTIC: [8] Undefined index: html /var/www/virtual/xbkt/home/wwwroot/Application/Runtime/Cache/Admin/9bfef0f9f473c596f668b6c9a32bfd5c.php 第 208 行.
NOTIC: [8] Undefined index: html /var/www/virtual/xbkt/home/wwwroot/Application/Runtime/Cache/Admin/9bfef0f9f473c596f668b6c9a32bfd5c.php 第 208 行.
INFO: Run Behavior\ParseTemplateBehavior [ RunTime:0.061479s ]
INFO: [ view_parse ] --END-- [ RunTime:0.061584s ]
INFO: [ view_filter ] --START--
INFO: Run Behavior\WriteHtmlCacheBehavior [ RunTime:0.000758s ]
INFO: [ view_filter ] --END-- [ RunTime:0.000851s ]
INFO: [ app_end ] --START--
INFO: Run Behavior\ShowPageTraceBehavior [ RunTime:0.002276s ]
INFO: [ app_end ] --END-- [ RunTime:0.002377s ]

[ 2016-08-13T22:11:38+08:00 ] 114.245.89.194 /admin.php?m=Admin&c=category&a=index&tab=1
INFO: [ app_init ] --START--
INFO: Run Behavior\BuildLiteBehavior [ RunTime:0.000028s ]
INFO: [ app_init ] --END-- [ RunTime:0.000869s ]
INFO: [ app_begin ] --START--
INFO: Run Behavior\ReadHtmlCacheBehavior [ RunTime:0.001134s ]
INFO: [ app_begin ] --END-- [ RunTime:0.001199s ]
SQL: SHOW COLUMNS FROM `category` [ RunTime:0.0025s ]
SQL: SELECT COUNT(*) AS tp_count FROM `category` WHERE ( type = 1 ) LIMIT 1   [ RunTime:0.0010s ]
SQL: SELECT c1.*,c2.title as father FROM category c1 left join category c2 on c1.pid=c2.id  WHERE ( c1.type = 1 ) ORDER BY id DESC LIMIT 0,10   [ RunTime:0.0011s ]
SQL: SELECT COUNT(*) AS tp_count FROM `category` WHERE ( type = 2 ) LIMIT 1   [ RunTime:0.0008s ]
SQL: SELECT c1.*,c2.title as father FROM category c1 left join category c2 on c1.pid=c2.id  WHERE ( c1.type = 0 ) ORDER BY id DESC LIMIT 0,10   [ RunTime:0.0013s ]
SQL: SHOW COLUMNS FROM `circle` [ RunTime:0.0017s ]
SQL: SELECT * FROM `circle` ORDER BY id DESC  [ RunTime:0.0008s ]
SQL: SHOW COLUMNS FROM `area` [ RunTime:0.0020s ]
SQL: SELECT a1.*,a2.name as father FROM area a1 left join area a2 on a1.pid = a2.id  ORDER BY id DESC  [ RunTime:0.0012s ]
INFO: [ view_parse ] --START--
INFO: [ template_filter ] --START--
INFO: Run Behavior\ContentReplaceBehavior [ RunTime:0.000267s ]
INFO: [ template_filter ] --END-- [ RunTime:0.000507s ]
NOTIC: [8] Undefined index: html /var/www/virtual/xbkt/home/wwwroot/Application/Runtime/Cache/Admin/9bfef0f9f473c596f668b6c9a32bfd5c.php 第 174 行.
NOTIC: [8] Undefined index: html /var/www/virtual/xbkt/home/wwwroot/Application/Runtime/Cache/Admin/9bfef0f9f473c596f668b6c9a32bfd5c.php 第 174 行.
NOTIC: [8] Undefined index: html /var/www/virtual/xbkt/home/wwwroot/Application/Runtime/Cache/Admin/9bfef0f9f473c596f668b6c9a32bfd5c.php 第 174 行.
NOTIC: [8] Undefined index: html /var/www/virtual/xbkt/home/wwwroot/Application/Runtime/Cache/Admin/9bfef0f9f473c596f668b6c9a32bfd5c.php 第 174 行.
NOTIC: [8] Undefined index: html /var/www/virtual/xbkt/home/wwwroot/Application/Runtime/Cache/Admin/9bfef0f9f473c596f668b6c9a32bfd5c.php 第 174 行.
NOTIC: [8] Undefined index: html /var/www/virtual/xbkt/home/wwwroot/Application/Runtime/Cache/Admin/9bfef0f9f473c596f668b6c9a32bfd5c.php 第 174 行.
NOTIC: [8] Undefined index: html /var/www/virtual/xbkt/home/wwwroot/Application/Runtime/Cache/Admin/9bfef0f9f473c596f668b6c9a32bfd5c.php 第 174 行.
NOTIC: [8] Undefined index: html /var/www/virtual/xbkt/home/wwwroot/Application/Runtime/Cache/Admin/9bfef0f9f473c596f668b6c9a32bfd5c.php 第 174 行.
NOTIC: [8] Undefined index: html /var/www/virtual/xbkt/home/wwwroot/Application/Runtime/Cache/Admin/9bfef0f9f473c596f668b6c9a32bfd5c.php 第 174 行.
NOTIC: [8] Undefined index: html /var/www/virtual/xbkt/home/wwwroot/Application/Runtime/Cache/Admin/9bfef0f9f473c596f668b6c9a32bfd5c.php 第 174 行.
NOTIC: [8] Undefined index: html /var/www/virtual/xbkt/home/wwwroot/Application/Runtime/Cache/Admin/9bfef0f9f473c596f668b6c9a32bfd5c.php 第 208 行.
NOTIC: [8] Undefined index: html /var/www/virtual/xbkt/home/wwwroot/Application/Runtime/Cache/Admin/9bfef0f9f473c596f668b6c9a32bfd5c.php 第 208 行.
NOTIC: [8] Undefined index: html /var/www/virtual/xbkt/home/wwwroot/Application/Runtime/Cache/Admin/9bfef0f9f473c596f668b6c9a32bfd5c.php 第 208 行.
NOTIC: [8] Undefined index: html /var/www/virtual/xbkt/home/wwwroot/Application/Runtime/Cache/Admin/9bfef0f9f473c596f668b6c9a32bfd5c.php 第 208 行.
INFO: Run Behavior\ParseTemplateBehavior [ RunTime:0.062951s ]
INFO: [ view_parse ] --END-- [ RunTime:0.063114s ]
INFO: [ view_filter ] --START--
INFO: Run Behavior\WriteHtmlCacheBehavior [ RunTime:0.000696s ]
INFO: [ view_filter ] --END-- [ RunTime:0.000792s ]
INFO: [ app_end ] --START--
INFO: Run Behavior\ShowPageTraceBehavior [ RunTime:0.002288s ]
INFO: [ app_end ] --END-- [ RunTime:0.002387s ]

[ 2016-08-13T22:14:23+08:00 ] 114.245.89.194 /admin.php?m=Admin&c=category&a=index&tab=1
INFO: [ app_init ] --START--
INFO: Run Behavior\BuildLiteBehavior [ RunTime:0.000065s ]
INFO: [ app_init ] --END-- [ RunTime:0.001874s ]
INFO: [ app_begin ] --START--
INFO: Run Behavior\ReadHtmlCacheBehavior [ RunTime:0.002493s ]
INFO: [ app_begin ] --END-- [ RunTime:0.002649s ]
SQL: SHOW COLUMNS FROM `category` [ RunTime:0.0023s ]
SQL: SELECT COUNT(*) AS tp_count FROM `category` WHERE ( type = 1 ) LIMIT 1   [ RunTime:0.0023s ]
SQL: SELECT c1.*,c2.title as father FROM category c1 left join category c2 on c1.pid=c2.id  WHERE ( c1.type = 1 ) ORDER BY id DESC LIMIT 0,10   [ RunTime:0.0034s ]
SQL: SELECT COUNT(*) AS tp_count FROM `category` WHERE ( type = 2 ) LIMIT 1   [ RunTime:0.0030s ]
SQL: SELECT c1.*,c2.title as father FROM category c1 left join category c2 on c1.pid=c2.id  WHERE ( c1.type = 0 ) ORDER BY id DESC LIMIT 0,10   [ RunTime:0.0013s ]
SQL: SHOW COLUMNS FROM `circle` [ RunTime:0.0024s ]
SQL: SELECT * FROM `circle` ORDER BY id DESC  [ RunTime:0.0020s ]
SQL: SHOW COLUMNS FROM `area` [ RunTime:0.0035s ]
SQL: SELECT a1.*,a2.name as father FROM area a1 left join area a2 on a1.pid = a2.id  ORDER BY id DESC  [ RunTime:0.0038s ]
INFO: [ view_parse ] --START--
INFO: [ template_filter ] --START--
INFO: Run Behavior\ContentReplaceBehavior [ RunTime:0.000241s ]
INFO: [ template_filter ] --END-- [ RunTime:0.000348s ]

[ 2016-08-13T22:15:12+08:00 ] 114.245.89.194 /admin.php?m=Admin&c=category&a=index&tab=1
INFO: [ app_init ] --START--
INFO: Run Behavior\BuildLiteBehavior [ RunTime:0.000043s ]
INFO: [ app_init ] --END-- [ RunTime:0.001247s ]
INFO: [ app_begin ] --START--
INFO: Run Behavior\ReadHtmlCacheBehavior [ RunTime:0.001649s ]
INFO: [ app_begin ] --END-- [ RunTime:0.001752s ]
SQL: SHOW COLUMNS FROM `category` [ RunTime:0.0028s ]
SQL: SELECT COUNT(*) AS tp_count FROM `category` WHERE ( type = 1 ) LIMIT 1   [ RunTime:0.0014s ]
SQL: SELECT c1.*,c2.title as father FROM category c1 left join category c2 on c1.pid=c2.id  WHERE ( c1.type = 1 ) ORDER BY id DESC LIMIT 0,10   [ RunTime:0.0014s ]
SQL: SELECT COUNT(*) AS tp_count FROM `category` WHERE ( type = 2 ) LIMIT 1   [ RunTime:0.0012s ]
SQL: SELECT c1.*,c2.title as father FROM category c1 left join category c2 on c1.pid=c2.id  WHERE ( c1.type = 0 ) ORDER BY id DESC LIMIT 0,10   [ RunTime:0.0057s ]
SQL: SHOW COLUMNS FROM `circle` [ RunTime:0.0021s ]
SQL: SELECT * FROM `circle` ORDER BY id DESC  [ RunTime:0.0033s ]
SQL: SHOW COLUMNS FROM `area` [ RunTime:0.0018s ]
SQL: SELECT a1.*,a2.name as father FROM area a1 left join area a2 on a1.pid = a2.id  ORDER BY id DESC  [ RunTime:0.0012s ]
INFO: [ view_parse ] --START--
INFO: [ template_filter ] --START--
INFO: Run Behavior\ContentReplaceBehavior [ RunTime:0.000247s ]
INFO: [ template_filter ] --END-- [ RunTime:0.000369s ]
NOTIC: [8] Undefined index: html /var/www/virtual/xbkt/home/wwwroot/Application/Runtime/Cache/Admin/9bfef0f9f473c596f668b6c9a32bfd5c.php 第 174 行.
NOTIC: [8] Undefined index: html /var/www/virtual/xbkt/home/wwwroot/Application/Runtime/Cache/Admin/9bfef0f9f473c596f668b6c9a32bfd5c.php 第 174 行.
NOTIC: [8] Undefined index: html /var/www/virtual/xbkt/home/wwwroot/Application/Runtime/Cache/Admin/9bfef0f9f473c596f668b6c9a32bfd5c.php 第 174 行.
NOTIC: [8] Undefined index: html /var/www/virtual/xbkt/home/wwwroot/Application/Runtime/Cache/Admin/9bfef0f9f473c596f668b6c9a32bfd5c.php 第 174 行.
NOTIC: [8] Undefined index: html /var/www/virtual/xbkt/home/wwwroot/Application/Runtime/Cache/Admin/9bfef0f9f473c596f668b6c9a32bfd5c.php 第 174 行.
NOTIC: [8] Undefined index: html /var/www/virtual/xbkt/home/wwwroot/Application/Runtime/Cache/Admin/9bfef0f9f473c596f668b6c9a32bfd5c.php 第 174 行.
NOTIC: [8] Undefined index: html /var/www/virtual/xbkt/home/wwwroot/Application/Runtime/Cache/Admin/9bfef0f9f473c596f668b6c9a32bfd5c.php 第 174 行.
NOTIC: [8] Undefined index: html /var/www/virtual/xbkt/home/wwwroot/Application/Runtime/Cache/Admin/9bfef0f9f473c596f668b6c9a32bfd5c.php 第 174 行.
NOTIC: [8] Undefined index: html /var/www/virtual/xbkt/home/wwwroot/Application/Runtime/Cache/Admin/9bfef0f9f473c596f668b6c9a32bfd5c.php 第 174 行.
NOTIC: [8] Undefined index: html /var/www/virtual/xbkt/home/wwwroot/Application/Runtime/Cache/Admin/9bfef0f9f473c596f668b6c9a32bfd5c.php 第 174 行.
NOTIC: [8] Undefined index: html /var/www/virtual/xbkt/home/wwwroot/Application/Runtime/Cache/Admin/9bfef0f9f473c596f668b6c9a32bfd5c.php 第 209 行.
NOTIC: [8] Undefined index: html /var/www/virtual/xbkt/home/wwwroot/Application/Runtime/Cache/Admin/9bfef0f9f473c596f668b6c9a32bfd5c.php 第 209 行.
NOTIC: [8] Undefined index: html /var/www/virtual/xbkt/home/wwwroot/Application/Runtime/Cache/Admin/9bfef0f9f473c596f668b6c9a32bfd5c.php 第 209 行.
NOTIC: [8] Undefined index: html /var/www/virtual/xbkt/home/wwwroot/Application/Runtime/Cache/Admin/9bfef0f9f473c596f668b6c9a32bfd5c.php 第 209 行.
INFO: Run Behavior\ParseTemplateBehavior [ RunTime:0.057398s ]
INFO: [ view_parse ] --END-- [ RunTime:0.057500s ]
INFO: [ view_filter ] --START--
INFO: Run Behavior\WriteHtmlCacheBehavior [ RunTime:0.000562s ]
INFO: [ view_filter ] --END-- [ RunTime:0.000648s ]
INFO: [ app_end ] --START--
INFO: Run Behavior\ShowPageTraceBehavior [ RunTime:0.003090s ]
INFO: [ app_end ] --END-- [ RunTime:0.003247s ]

[ 2016-08-13T22:16:34+08:00 ] 114.245.89.194 /admin.php?m=Admin&c=Login&a=index
INFO: [ app_init ] --START--
INFO: Run Behavior\BuildLiteBehavior [ RunTime:0.000044s ]
INFO: [ app_init ] --END-- [ RunTime:0.001344s ]
INFO: [ app_begin ] --START--
INFO: Run Behavior\ReadHtmlCacheBehavior [ RunTime:0.001877s ]
INFO: [ app_begin ] --END-- [ RunTime:0.002004s ]
INFO: [ view_parse ] --START--
INFO: [ template_filter ] --START--
INFO: Run Behavior\ContentReplaceBehavior [ RunTime:0.000119s ]
INFO: [ template_filter ] --END-- [ RunTime:0.000242s ]
INFO: Run Behavior\ParseTemplateBehavior [ RunTime:0.019581s ]
INFO: [ view_parse ] --END-- [ RunTime:0.019679s ]
INFO: [ view_filter ] --START--
INFO: Run Behavior\WriteHtmlCacheBehavior [ RunTime:0.000661s ]
INFO: [ view_filter ] --END-- [ RunTime:0.000765s ]
INFO: [ app_end ] --START--
INFO: Run Behavior\ShowPageTraceBehavior [ RunTime:0.002045s ]
INFO: [ app_end ] --END-- [ RunTime:0.002206s ]

[ 2016-08-13T22:16:34+08:00 ] 114.245.89.194 /admin.php?m=Admin&c=Index&a=index
INFO: [ app_init ] --START--
INFO: Run Behavior\BuildLiteBehavior [ RunTime:0.000208s ]
INFO: [ app_init ] --END-- [ RunTime:0.001668s ]
INFO: [ app_begin ] --START--
INFO: Run Behavior\ReadHtmlCacheBehavior [ RunTime:0.002000s ]
INFO: [ app_begin ] --END-- [ RunTime:0.002102s ]

[ 2016-08-13T22:16:34+08:00 ] 114.245.89.194 /admin.php?m=Admin&c=Login&a=index
INFO: [ app_init ] --START--
INFO: Run Behavior\BuildLiteBehavior [ RunTime:0.000046s ]
INFO: [ app_init ] --END-- [ RunTime:0.001563s ]
INFO: [ app_begin ] --START--
INFO: Run Behavior\ReadHtmlCacheBehavior [ RunTime:0.001961s ]
INFO: [ app_begin ] --END-- [ RunTime:0.002076s ]
INFO: [ view_parse ] --START--
INFO: [ template_filter ] --START--
INFO: Run Behavior\ContentReplaceBehavior [ RunTime:0.000104s ]
INFO: [ template_filter ] --END-- [ RunTime:0.000205s ]
INFO: Run Behavior\ParseTemplateBehavior [ RunTime:0.022058s ]
INFO: [ view_parse ] --END-- [ RunTime:0.022160s ]
INFO: [ view_filter ] --START--
INFO: Run Behavior\WriteHtmlCacheBehavior [ RunTime:0.000517s ]
INFO: [ view_filter ] --END-- [ RunTime:0.000766s ]
INFO: [ app_end ] --START--
INFO: Run Behavior\ShowPageTraceBehavior [ RunTime:0.002178s ]
INFO: [ app_end ] --END-- [ RunTime:0.002273s ]

[ 2016-08-13T22:16:35+08:00 ] 114.245.89.194 /admin.php?m=Admin&c=category&a=index&tab=1
INFO: [ app_init ] --START--
INFO: Run Behavior\BuildLiteBehavior [ RunTime:0.000041s ]
INFO: [ app_init ] --END-- [ RunTime:0.001276s ]
INFO: [ app_begin ] --START--
INFO: Run Behavior\ReadHtmlCacheBehavior [ RunTime:0.001718s ]
INFO: [ app_begin ] --END-- [ RunTime:0.001930s ]

[ 2016-08-13T22:16:35+08:00 ] 114.245.89.194 /admin.php?m=Admin&c=Login&a=index
INFO: [ app_init ] --START--
INFO: Run Behavior\BuildLiteBehavior [ RunTime:0.000065s ]
INFO: [ app_init ] --END-- [ RunTime:0.001832s ]
INFO: [ app_begin ] --START--
INFO: Run Behavior\ReadHtmlCacheBehavior [ RunTime:0.002413s ]
INFO: [ app_begin ] --END-- [ RunTime:0.002571s ]
INFO: [ view_parse ] --START--
INFO: [ template_filter ] --START--
INFO: Run Behavior\ContentReplaceBehavior [ RunTime:0.000128s ]
INFO: [ template_filter ] --END-- [ RunTime:0.000246s ]
INFO: Run Behavior\ParseTemplateBehavior [ RunTime:0.021262s ]
INFO: [ view_parse ] --END-- [ RunTime:0.021383s ]
INFO: [ view_filter ] --START--
INFO: Run Behavior\WriteHtmlCacheBehavior [ RunTime:0.000562s ]
INFO: [ view_filter ] --END-- [ RunTime:0.000687s ]
INFO: [ app_end ] --START--
INFO: Run Behavior\ShowPageTraceBehavior [ RunTime:0.002562s ]
INFO: [ app_end ] --END-- [ RunTime:0.002657s ]

