[ 2016-07-01T10:22:06+08:00 ] ::1 /admin.php
INFO: [ app_init ] --START--
INFO: Run Behavior\BuildLiteBehavior [ RunTime:0.000000s ]
INFO: [ app_init ] --END-- [ RunTime:0.001000s ]
INFO: [ app_begin ] --START--
INFO: Run Behavior\ReadHtmlCacheBehavior [ RunTime:0.000000s ]
INFO: [ app_begin ] --END-- [ RunTime:0.001000s ]

[ 2016-07-01T10:22:06+08:00 ] ::1 /admin.php?m=Admin&c=Login&a=index
INFO: [ app_init ] --START--
INFO: Run Behavior\BuildLiteBehavior [ RunTime:0.001001s ]
INFO: [ app_init ] --END-- [ RunTime:0.001001s ]
INFO: [ app_begin ] --START--
INFO: Run Behavior\ReadHtmlCacheBehavior [ RunTime:0.000000s ]
INFO: [ app_begin ] --END-- [ RunTime:0.000000s ]
INFO: [ view_parse ] --START--
INFO: [ template_filter ] --START--
INFO: Run Behavior\ContentReplaceBehavior [ RunTime:0.000000s ]
INFO: [ template_filter ] --END-- [ RunTime:0.001000s ]
INFO: Run Behavior\ParseTemplateBehavior [ RunTime:0.007000s ]
INFO: [ view_parse ] --END-- [ RunTime:0.007000s ]
INFO: [ view_filter ] --START--
INFO: Run Behavior\WriteHtmlCacheBehavior [ RunTime:0.000000s ]
INFO: [ view_filter ] --END-- [ RunTime:0.001000s ]
INFO: [ app_end ] --START--
INFO: Run Behavior\ShowPageTraceBehavior [ RunTime:0.000000s ]
INFO: [ app_end ] --END-- [ RunTime:0.000000s ]

[ 2016-07-01T10:22:06+08:00 ] ::1 /admin.php?m=Admin&c=login&a=verify
INFO: [ app_init ] --START--
INFO: Run Behavior\BuildLiteBehavior [ RunTime:0.000000s ]
INFO: [ app_init ] --END-- [ RunTime:0.001000s ]
INFO: [ app_begin ] --START--
INFO: Run Behavior\ReadHtmlCacheBehavior [ RunTime:0.001000s ]
INFO: [ app_begin ] --END-- [ RunTime:0.001000s ]
INFO: [ app_end ] --START--
INFO: Run Behavior\ShowPageTraceBehavior [ RunTime:0.000000s ]
INFO: [ app_end ] --END-- [ RunTime:0.002000s ]

[ 2016-07-01T10:22:12+08:00 ] ::1 /admin.php?m=Admin&c=login&a=login
INFO: [ app_init ] --START--
INFO: Run Behavior\BuildLiteBehavior [ RunTime:0.000000s ]
INFO: [ app_init ] --END-- [ RunTime:0.001000s ]
INFO: [ app_begin ] --START--
INFO: Run Behavior\ReadHtmlCacheBehavior [ RunTime:0.000000s ]
INFO: [ app_begin ] --END-- [ RunTime:0.001001s ]
SQL: SHOW COLUMNS FROM `member` [ RunTime:0.0300s ]
SQL: SELECT * FROM `member` WHERE `username` = 'admin' AND `password` = '21232f297a57a5a743894a0e4a801fc3' LIMIT 1   [ RunTime:0.0310s ]
SQL: UPDATE `member` SET `update_at`='1467339732',`login_ip`='0.0.0.0' WHERE `id` = 1 [ RunTime:0.0660s ]
INFO: [ view_parse ] --START--
INFO: [ template_filter ] --START--
INFO: Run Behavior\ContentReplaceBehavior [ RunTime:0.000000s ]
INFO: [ template_filter ] --END-- [ RunTime:0.000000s ]
INFO: Run Behavior\ParseTemplateBehavior [ RunTime:0.006001s ]
INFO: [ view_parse ] --END-- [ RunTime:0.006001s ]
INFO: [ view_filter ] --START--
INFO: Run Behavior\WriteHtmlCacheBehavior [ RunTime:0.000000s ]
INFO: [ view_filter ] --END-- [ RunTime:0.001000s ]
INFO: [ app_end ] --START--
INFO: Run Behavior\ShowPageTraceBehavior [ RunTime:0.001000s ]
INFO: [ app_end ] --END-- [ RunTime:0.001000s ]

[ 2016-07-01T10:22:13+08:00 ] ::1 /admin.php?m=Admin&c=Index&a=index
INFO: [ app_init ] --START--
INFO: Run Behavior\BuildLiteBehavior [ RunTime:0.000000s ]
INFO: [ app_init ] --END-- [ RunTime:0.001000s ]
INFO: [ app_begin ] --START--
INFO: Run Behavior\ReadHtmlCacheBehavior [ RunTime:0.000000s ]
INFO: [ app_begin ] --END-- [ RunTime:0.000000s ]
SQL: SHOW COLUMNS FROM `course_order` [ RunTime:0.0310s ]
SQL: SELECT count(*) as count,o.status FROM course_order o INNER JOIN course c on c.id = o.course_id INNER JOIN member m on m.id = o.user_id INNER JOIN branch b on b.id = c.branchId INNER JOIN grocery g on g.id = b.groId  GROUP BY o.status  [ RunTime:0.0300s ]
NOTIC: [8] Undefined offset: 3 E:\wamp\www\ThinkAdmin\Application\Admin\Controller\IndexController.class.php 第 24 行.
NOTIC: [8] Undefined offset: 5 E:\wamp\www\ThinkAdmin\Application\Admin\Controller\IndexController.class.php 第 24 行.
NOTIC: [8] Undefined offset: 0 E:\wamp\www\ThinkAdmin\Application\Admin\Controller\IndexController.class.php 第 29 行.
INFO: [ view_parse ] --START--
INFO: [ template_filter ] --START--
INFO: Run Behavior\ContentReplaceBehavior [ RunTime:0.000000s ]
INFO: [ template_filter ] --END-- [ RunTime:0.001000s ]
INFO: Run Behavior\ParseTemplateBehavior [ RunTime:0.011001s ]
INFO: [ view_parse ] --END-- [ RunTime:0.011001s ]
INFO: [ view_filter ] --START--
INFO: Run Behavior\WriteHtmlCacheBehavior [ RunTime:0.000000s ]
INFO: [ view_filter ] --END-- [ RunTime:0.000000s ]
INFO: [ app_end ] --START--
INFO: Run Behavior\ShowPageTraceBehavior [ RunTime:0.001000s ]
INFO: [ app_end ] --END-- [ RunTime:0.001000s ]

[ 2016-07-01T10:22:17+08:00 ] ::1 /admin.php?m=Admin&c=category&a=index
INFO: [ app_init ] --START--
INFO: Run Behavior\BuildLiteBehavior [ RunTime:0.000000s ]
INFO: [ app_init ] --END-- [ RunTime:0.000000s ]
INFO: [ app_begin ] --START--
INFO: Run Behavior\ReadHtmlCacheBehavior [ RunTime:0.001000s ]
INFO: [ app_begin ] --END-- [ RunTime:0.001000s ]
SQL: SHOW COLUMNS FROM `category` [ RunTime:0.0310s ]
SQL: SELECT COUNT(*) AS tp_count FROM `category` LIMIT 1   [ RunTime:0.0300s ]
NOTIC: [8] Undefined variable: where E:\wamp\www\ThinkAdmin\Application\Admin\Controller\CategoryController.class.php 第 29 行.
SQL: SELECT * FROM `category` ORDER BY type LIMIT 0,10   [ RunTime:0.0300s ]
SQL: SELECT * FROM `category` WHERE `id` = 0 LIMIT 1   [ RunTime:0.0290s ]
SQL: SELECT * FROM `category` WHERE `id` = 21 LIMIT 1   [ RunTime:0.0300s ]
SQL: SELECT * FROM `category` WHERE `id` = 21 LIMIT 1   [ RunTime:0.0290s ]
SQL: SELECT * FROM `category` WHERE `id` = 21 LIMIT 1   [ RunTime:0.0300s ]
SQL: SELECT * FROM `category` WHERE `id` = 21 LIMIT 1   [ RunTime:0.0300s ]
SQL: SELECT * FROM `category` WHERE `id` = 0 LIMIT 1   [ RunTime:0.0300s ]
SQL: SELECT * FROM `category` WHERE `id` = 0 LIMIT 1   [ RunTime:0.0300s ]
SQL: SELECT * FROM `category` WHERE `id` = 15 LIMIT 1   [ RunTime:0.0300s ]
SQL: SELECT * FROM `category` WHERE `id` = 0 LIMIT 1   [ RunTime:0.0300s ]
SQL: SELECT * FROM `category` WHERE `id` = 18 LIMIT 1   [ RunTime:0.0300s ]
INFO: [ view_parse ] --START--
INFO: [ template_filter ] --START--
INFO: Run Behavior\ContentReplaceBehavior [ RunTime:0.000000s ]
INFO: [ template_filter ] --END-- [ RunTime:0.001000s ]
INFO: Run Behavior\ParseTemplateBehavior [ RunTime:0.019001s ]
INFO: [ view_parse ] --END-- [ RunTime:0.019001s ]
INFO: [ view_filter ] --START--
INFO: Run Behavior\WriteHtmlCacheBehavior [ RunTime:0.000000s ]
INFO: [ view_filter ] --END-- [ RunTime:0.001000s ]
INFO: [ app_end ] --START--
INFO: Run Behavior\ShowPageTraceBehavior [ RunTime:0.000000s ]
INFO: [ app_end ] --END-- [ RunTime:0.000000s ]

[ 2016-07-01T10:25:40+08:00 ] ::1 /admin.php?m=Admin&c=category&a=add
INFO: [ app_init ] --START--
INFO: Run Behavior\BuildLiteBehavior [ RunTime:0.000000s ]
INFO: [ app_init ] --END-- [ RunTime:0.001000s ]
INFO: [ app_begin ] --START--
INFO: Run Behavior\ReadHtmlCacheBehavior [ RunTime:0.001000s ]
INFO: [ app_begin ] --END-- [ RunTime:0.001000s ]
SQL: SHOW COLUMNS FROM `category` [ RunTime:0.0310s ]
SQL: SELECT * FROM `category`  [ RunTime:0.0310s ]
INFO: [ view_parse ] --START--
INFO: [ template_filter ] --START--
INFO: Run Behavior\ContentReplaceBehavior [ RunTime:0.000000s ]
INFO: [ template_filter ] --END-- [ RunTime:0.001000s ]
INFO: Run Behavior\ParseTemplateBehavior [ RunTime:0.049003s ]
INFO: [ view_parse ] --END-- [ RunTime:0.050003s ]
INFO: [ view_filter ] --START--
INFO: Run Behavior\WriteHtmlCacheBehavior [ RunTime:0.001000s ]
INFO: [ view_filter ] --END-- [ RunTime:0.001000s ]
INFO: [ app_end ] --START--
INFO: Run Behavior\ShowPageTraceBehavior [ RunTime:0.001000s ]
INFO: [ app_end ] --END-- [ RunTime:0.001000s ]

[ 2016-07-01T10:28:35+08:00 ] ::1 /admin.php?m=Admin&c=category&a=index
INFO: [ app_init ] --START--
INFO: Run Behavior\BuildLiteBehavior [ RunTime:0.001000s ]
INFO: [ app_init ] --END-- [ RunTime:0.001000s ]
INFO: [ app_begin ] --START--
INFO: Run Behavior\ReadHtmlCacheBehavior [ RunTime:0.001000s ]
INFO: [ app_begin ] --END-- [ RunTime:0.001000s ]
SQL: SHOW COLUMNS FROM `category` [ RunTime:0.0310s ]
SQL: SELECT COUNT(*) AS tp_count FROM `category` LIMIT 1   [ RunTime:0.0300s ]
NOTIC: [8] Undefined variable: where E:\wamp\www\ThinkAdmin\Application\Admin\Controller\CategoryController.class.php 第 29 行.
SQL: SELECT * FROM `category` ORDER BY type LIMIT 0,10   [ RunTime:0.0310s ]
SQL: SELECT * FROM `category` WHERE `id` = 0 LIMIT 1   [ RunTime:0.0300s ]
SQL: SELECT * FROM `category` WHERE `id` = 21 LIMIT 1   [ RunTime:0.0300s ]
SQL: SELECT * FROM `category` WHERE `id` = 21 LIMIT 1   [ RunTime:0.0300s ]
SQL: SELECT * FROM `category` WHERE `id` = 21 LIMIT 1   [ RunTime:0.0310s ]
SQL: SELECT * FROM `category` WHERE `id` = 21 LIMIT 1   [ RunTime:0.0300s ]
SQL: SELECT * FROM `category` WHERE `id` = 0 LIMIT 1   [ RunTime:0.0300s ]
SQL: SELECT * FROM `category` WHERE `id` = 0 LIMIT 1   [ RunTime:0.0300s ]
SQL: SELECT * FROM `category` WHERE `id` = 15 LIMIT 1   [ RunTime:0.0300s ]
SQL: SELECT * FROM `category` WHERE `id` = 0 LIMIT 1   [ RunTime:0.0300s ]
SQL: SELECT * FROM `category` WHERE `id` = 18 LIMIT 1   [ RunTime:0.0300s ]
INFO: [ view_parse ] --START--
INFO: [ template_filter ] --START--
INFO: Run Behavior\ContentReplaceBehavior [ RunTime:0.000000s ]
INFO: [ template_filter ] --END-- [ RunTime:0.000000s ]
INFO: Run Behavior\ParseTemplateBehavior [ RunTime:0.011001s ]
INFO: [ view_parse ] --END-- [ RunTime:0.011001s ]
INFO: [ view_filter ] --START--
INFO: Run Behavior\WriteHtmlCacheBehavior [ RunTime:0.001000s ]
INFO: [ view_filter ] --END-- [ RunTime:0.001000s ]
INFO: [ app_end ] --START--
INFO: Run Behavior\ShowPageTraceBehavior [ RunTime:0.001000s ]
INFO: [ app_end ] --END-- [ RunTime:0.001000s ]

[ 2016-07-01T10:46:14+08:00 ] ::1 /admin.php?m=Admin&c=category&a=index
INFO: [ app_init ] --START--
INFO: Run Behavior\BuildLiteBehavior [ RunTime:0.000000s ]
INFO: [ app_init ] --END-- [ RunTime:0.000000s ]
INFO: [ app_begin ] --START--
INFO: Run Behavior\ReadHtmlCacheBehavior [ RunTime:0.000000s ]
INFO: [ app_begin ] --END-- [ RunTime:0.001000s ]
SQL: SHOW COLUMNS FROM `category` [ RunTime:0.0310s ]
SQL: SELECT COUNT(*) AS tp_count FROM `category` LIMIT 1   [ RunTime:0.0300s ]
SQL: SELECT * FROM `category` ORDER BY type LIMIT 0,10   [ RunTime:0.0300s ]
SQL: SELECT * FROM `category` WHERE `id` = 0 LIMIT 1   [ RunTime:0.0300s ]
SQL: SELECT * FROM `category` WHERE `id` = 21 LIMIT 1   [ RunTime:0.0420s ]
SQL: SELECT * FROM `category` WHERE `id` = 21 LIMIT 1   [ RunTime:0.0300s ]
SQL: SELECT * FROM `category` WHERE `id` = 21 LIMIT 1   [ RunTime:0.0300s ]
SQL: SELECT * FROM `category` WHERE `id` = 21 LIMIT 1   [ RunTime:0.0300s ]
SQL: SELECT * FROM `category` WHERE `id` = 0 LIMIT 1   [ RunTime:0.0300s ]
SQL: SELECT * FROM `category` WHERE `id` = 0 LIMIT 1   [ RunTime:0.0300s ]
SQL: SELECT * FROM `category` WHERE `id` = 15 LIMIT 1   [ RunTime:0.0300s ]
SQL: SELECT * FROM `category` WHERE `id` = 0 LIMIT 1   [ RunTime:0.0300s ]
SQL: SELECT * FROM `category` WHERE `id` = 18 LIMIT 1   [ RunTime:0.0300s ]
INFO: [ view_parse ] --START--
INFO: [ template_filter ] --START--
INFO: Run Behavior\ContentReplaceBehavior [ RunTime:0.000000s ]
INFO: [ template_filter ] --END-- [ RunTime:0.000000s ]
NOTIC: [8] Undefined variable: grocery E:\wamp\www\ThinkAdmin\Application\Runtime\Cache\Admin\9bfef0f9f473c596f668b6c9a32bfd5c.php 第 146 行.
NOTIC: [8] Undefined variable: course_cate E:\wamp\www\ThinkAdmin\Application\Runtime\Cache\Admin\9bfef0f9f473c596f668b6c9a32bfd5c.php 第 162 行.
INFO: Run Behavior\ParseTemplateBehavior [ RunTime:0.014001s ]
INFO: [ view_parse ] --END-- [ RunTime:0.014001s ]
INFO: [ view_filter ] --START--
INFO: Run Behavior\WriteHtmlCacheBehavior [ RunTime:0.000000s ]
INFO: [ view_filter ] --END-- [ RunTime:0.000000s ]
INFO: [ app_end ] --START--
INFO: Run Behavior\ShowPageTraceBehavior [ RunTime:0.001000s ]
INFO: [ app_end ] --END-- [ RunTime:0.001000s ]

[ 2016-07-01T10:48:11+08:00 ] ::1 /admin.php?m=Admin&c=category&a=index
INFO: [ app_init ] --START--
INFO: Run Behavior\BuildLiteBehavior [ RunTime:0.000000s ]
INFO: [ app_init ] --END-- [ RunTime:0.001000s ]
INFO: [ app_begin ] --START--
INFO: Run Behavior\ReadHtmlCacheBehavior [ RunTime:0.000000s ]
INFO: [ app_begin ] --END-- [ RunTime:0.000000s ]
SQL: SHOW COLUMNS FROM `category` [ RunTime:0.0310s ]
SQL: SELECT COUNT(*) AS tp_count FROM `category` LIMIT 1   [ RunTime:0.0310s ]
SQL: SELECT * FROM `category` ORDER BY type LIMIT 0,10   [ RunTime:0.0300s ]
SQL: SELECT * FROM `category` WHERE `id` = 0 LIMIT 1   [ RunTime:0.0300s ]
SQL: SELECT * FROM `category` WHERE `id` = 21 LIMIT 1   [ RunTime:0.0300s ]
SQL: SELECT * FROM `category` WHERE `id` = 21 LIMIT 1   [ RunTime:0.0300s ]
SQL: SELECT * FROM `category` WHERE `id` = 21 LIMIT 1   [ RunTime:0.0300s ]
SQL: SELECT * FROM `category` WHERE `id` = 21 LIMIT 1   [ RunTime:0.0290s ]
SQL: SELECT * FROM `category` WHERE `id` = 0 LIMIT 1   [ RunTime:0.0300s ]
SQL: SELECT * FROM `category` WHERE `id` = 0 LIMIT 1   [ RunTime:0.0300s ]
SQL: SELECT * FROM `category` WHERE `id` = 15 LIMIT 1   [ RunTime:0.0290s ]
SQL: SELECT * FROM `category` WHERE `id` = 0 LIMIT 1   [ RunTime:0.0300s ]
SQL: SELECT * FROM `category` WHERE `id` = 18 LIMIT 1   [ RunTime:0.0300s ]
INFO: [ view_parse ] --START--
INFO: [ template_filter ] --START--
INFO: Run Behavior\ContentReplaceBehavior [ RunTime:0.000000s ]
INFO: [ template_filter ] --END-- [ RunTime:0.000000s ]
NOTIC: [8] Undefined variable: grocery E:\wamp\www\ThinkAdmin\Application\Runtime\Cache\Admin\9bfef0f9f473c596f668b6c9a32bfd5c.php 第 146 行.
NOTIC: [8] Undefined variable: course_cate E:\wamp\www\ThinkAdmin\Application\Runtime\Cache\Admin\9bfef0f9f473c596f668b6c9a32bfd5c.php 第 162 行.
INFO: Run Behavior\ParseTemplateBehavior [ RunTime:0.016001s ]
INFO: [ view_parse ] --END-- [ RunTime:0.016001s ]
INFO: [ view_filter ] --START--
INFO: Run Behavior\WriteHtmlCacheBehavior [ RunTime:0.000000s ]
INFO: [ view_filter ] --END-- [ RunTime:0.000000s ]
INFO: [ app_end ] --START--
INFO: Run Behavior\ShowPageTraceBehavior [ RunTime:0.000000s ]
INFO: [ app_end ] --END-- [ RunTime:0.000000s ]

[ 2016-07-01T10:48:19+08:00 ] ::1 /admin.php?m=Admin&c=category&a=index
INFO: [ app_init ] --START--
INFO: Run Behavior\BuildLiteBehavior [ RunTime:0.000000s ]
INFO: [ app_init ] --END-- [ RunTime:0.001000s ]
INFO: [ app_begin ] --START--
INFO: Run Behavior\ReadHtmlCacheBehavior [ RunTime:0.001000s ]
INFO: [ app_begin ] --END-- [ RunTime:0.001000s ]
SQL: SHOW COLUMNS FROM `category` [ RunTime:0.0310s ]
SQL: SELECT COUNT(*) AS tp_count FROM `category` LIMIT 1   [ RunTime:0.0300s ]
SQL: SELECT * FROM `category` ORDER BY type LIMIT 0,10   [ RunTime:0.0300s ]
SQL: SELECT * FROM `category` WHERE `id` = 0 LIMIT 1   [ RunTime:0.0290s ]
SQL: SELECT * FROM `category` WHERE `id` = 21 LIMIT 1   [ RunTime:0.0310s ]
SQL: SELECT * FROM `category` WHERE `id` = 21 LIMIT 1   [ RunTime:0.0300s ]
SQL: SELECT * FROM `category` WHERE `id` = 21 LIMIT 1   [ RunTime:0.0300s ]
SQL: SELECT * FROM `category` WHERE `id` = 21 LIMIT 1   [ RunTime:0.0300s ]
SQL: SELECT * FROM `category` WHERE `id` = 0 LIMIT 1   [ RunTime:0.0300s ]
SQL: SELECT * FROM `category` WHERE `id` = 0 LIMIT 1   [ RunTime:0.0310s ]
SQL: SELECT * FROM `category` WHERE `id` = 15 LIMIT 1   [ RunTime:0.0300s ]
SQL: SELECT * FROM `category` WHERE `id` = 0 LIMIT 1   [ RunTime:0.0300s ]
SQL: SELECT * FROM `category` WHERE `id` = 18 LIMIT 1   [ RunTime:0.0290s ]
INFO: [ view_parse ] --START--
INFO: [ template_filter ] --START--
INFO: Run Behavior\ContentReplaceBehavior [ RunTime:0.000000s ]
INFO: [ template_filter ] --END-- [ RunTime:0.001000s ]
NOTIC: [8] Undefined variable: grocery E:\wamp\www\ThinkAdmin\Application\Runtime\Cache\Admin\9bfef0f9f473c596f668b6c9a32bfd5c.php 第 146 行.
NOTIC: [8] Undefined variable: course_cate E:\wamp\www\ThinkAdmin\Application\Runtime\Cache\Admin\9bfef0f9f473c596f668b6c9a32bfd5c.php 第 162 行.
INFO: Run Behavior\ParseTemplateBehavior [ RunTime:0.014000s ]
INFO: [ view_parse ] --END-- [ RunTime:0.014000s ]
INFO: [ view_filter ] --START--
INFO: Run Behavior\WriteHtmlCacheBehavior [ RunTime:0.000000s ]
INFO: [ view_filter ] --END-- [ RunTime:0.000000s ]
INFO: [ app_end ] --START--
INFO: Run Behavior\ShowPageTraceBehavior [ RunTime:0.001001s ]
INFO: [ app_end ] --END-- [ RunTime:0.001001s ]

[ 2016-07-01T10:48:43+08:00 ] ::1 /admin.php?m=Admin&c=category&a=index
INFO: [ app_init ] --START--
INFO: Run Behavior\BuildLiteBehavior [ RunTime:0.000000s ]
INFO: [ app_init ] --END-- [ RunTime:0.001000s ]
INFO: [ app_begin ] --START--
INFO: Run Behavior\ReadHtmlCacheBehavior [ RunTime:0.001000s ]
INFO: [ app_begin ] --END-- [ RunTime:0.001000s ]
SQL: SHOW COLUMNS FROM `category` [ RunTime:0.0300s ]
SQL: SELECT COUNT(*) AS tp_count FROM `category` LIMIT 1   [ RunTime:0.0290s ]
SQL: SELECT * FROM `category` ORDER BY type LIMIT 0,10   [ RunTime:0.0300s ]
SQL: SELECT * FROM `category` WHERE `id` = 0 LIMIT 1   [ RunTime:0.0300s ]
SQL: SELECT * FROM `category` WHERE `id` = 21 LIMIT 1   [ RunTime:0.0300s ]
SQL: SELECT * FROM `category` WHERE `id` = 21 LIMIT 1   [ RunTime:0.0300s ]
SQL: SELECT * FROM `category` WHERE `id` = 21 LIMIT 1   [ RunTime:0.0310s ]
SQL: SELECT * FROM `category` WHERE `id` = 21 LIMIT 1   [ RunTime:0.0300s ]
SQL: SELECT * FROM `category` WHERE `id` = 0 LIMIT 1   [ RunTime:0.0340s ]
SQL: SELECT * FROM `category` WHERE `id` = 0 LIMIT 1   [ RunTime:0.0300s ]
SQL: SELECT * FROM `category` WHERE `id` = 15 LIMIT 1   [ RunTime:0.0300s ]
SQL: SELECT * FROM `category` WHERE `id` = 0 LIMIT 1   [ RunTime:0.0300s ]
SQL: SELECT * FROM `category` WHERE `id` = 18 LIMIT 1   [ RunTime:0.0300s ]
INFO: [ view_parse ] --START--
INFO: [ template_filter ] --START--
INFO: Run Behavior\ContentReplaceBehavior [ RunTime:0.001000s ]
INFO: [ template_filter ] --END-- [ RunTime:0.001000s ]
NOTIC: [8] Undefined variable: grocery E:\wamp\www\ThinkAdmin\Application\Runtime\Cache\Admin\9bfef0f9f473c596f668b6c9a32bfd5c.php 第 146 行.
NOTIC: [8] Undefined variable: course_cate E:\wamp\www\ThinkAdmin\Application\Runtime\Cache\Admin\9bfef0f9f473c596f668b6c9a32bfd5c.php 第 162 行.
INFO: Run Behavior\ParseTemplateBehavior [ RunTime:0.023001s ]
INFO: [ view_parse ] --END-- [ RunTime:0.025001s ]
INFO: [ view_filter ] --START--
INFO: Run Behavior\WriteHtmlCacheBehavior [ RunTime:0.001000s ]
INFO: [ view_filter ] --END-- [ RunTime:0.001000s ]
NOTIC: [2] Cannot modify header information - headers already sent by (output started at E:\wamp\www\ThinkAdmin\Application\Admin\Controller\CategoryController.class.php:31) E:\wamp\www\ThinkAdmin\ThinkPHP\Library\Think\View.class.php 第 91 行.
NOTIC: [2] Cannot modify header information - headers already sent by (output started at E:\wamp\www\ThinkAdmin\Application\Admin\Controller\CategoryController.class.php:31) E:\wamp\www\ThinkAdmin\ThinkPHP\Library\Think\View.class.php 第 92 行.
NOTIC: [2] Cannot modify header information - headers already sent by (output started at E:\wamp\www\ThinkAdmin\Application\Admin\Controller\CategoryController.class.php:31) E:\wamp\www\ThinkAdmin\ThinkPHP\Library\Think\View.class.php 第 93 行.
INFO: [ app_end ] --START--
INFO: Run Behavior\ShowPageTraceBehavior [ RunTime:0.000000s ]
INFO: [ app_end ] --END-- [ RunTime:0.000000s ]

[ 2016-07-01T10:50:04+08:00 ] ::1 /admin.php?m=Admin&c=category&a=index
INFO: [ app_init ] --START--
INFO: Run Behavior\BuildLiteBehavior [ RunTime:0.000000s ]
INFO: [ app_init ] --END-- [ RunTime:0.001000s ]
INFO: [ app_begin ] --START--
INFO: Run Behavior\ReadHtmlCacheBehavior [ RunTime:0.001001s ]
INFO: [ app_begin ] --END-- [ RunTime:0.001001s ]
SQL: SHOW COLUMNS FROM `category` [ RunTime:0.0300s ]
SQL: SELECT COUNT(*) AS tp_count FROM `category` LIMIT 1   [ RunTime:0.0300s ]
SQL: SELECT * FROM `category` ORDER BY type LIMIT 0,10   [ RunTime:0.0310s ]
SQL: SELECT * FROM `category` WHERE `id` = 0 LIMIT 1   [ RunTime:0.0290s ]
SQL: SELECT * FROM `category` WHERE `id` = 21 LIMIT 1   [ RunTime:0.0310s ]
SQL: SELECT * FROM `category` WHERE `id` = 21 LIMIT 1   [ RunTime:0.0300s ]
SQL: SELECT * FROM `category` WHERE `id` = 21 LIMIT 1   [ RunTime:0.0300s ]
SQL: SELECT * FROM `category` WHERE `id` = 21 LIMIT 1   [ RunTime:0.0300s ]
SQL: SELECT * FROM `category` WHERE `id` = 0 LIMIT 1   [ RunTime:0.0300s ]
SQL: SELECT * FROM `category` WHERE `id` = 0 LIMIT 1   [ RunTime:0.0310s ]
SQL: SELECT * FROM `category` WHERE `id` = 15 LIMIT 1   [ RunTime:0.0310s ]
SQL: SELECT * FROM `category` WHERE `id` = 0 LIMIT 1   [ RunTime:0.0300s ]
SQL: SELECT * FROM `category` WHERE `id` = 18 LIMIT 1   [ RunTime:0.0310s ]
INFO: [ view_parse ] --START--
INFO: [ template_filter ] --START--
INFO: Run Behavior\ContentReplaceBehavior [ RunTime:0.000000s ]
INFO: [ template_filter ] --END-- [ RunTime:0.000000s ]
NOTIC: [8] Undefined variable: grocery E:\wamp\www\ThinkAdmin\Application\Runtime\Cache\Admin\9bfef0f9f473c596f668b6c9a32bfd5c.php 第 146 行.
NOTIC: [8] Undefined variable: course_cate E:\wamp\www\ThinkAdmin\Application\Runtime\Cache\Admin\9bfef0f9f473c596f668b6c9a32bfd5c.php 第 162 行.
INFO: Run Behavior\ParseTemplateBehavior [ RunTime:0.015001s ]
INFO: [ view_parse ] --END-- [ RunTime:0.015001s ]
INFO: [ view_filter ] --START--
INFO: Run Behavior\WriteHtmlCacheBehavior [ RunTime:0.000000s ]
INFO: [ view_filter ] --END-- [ RunTime:0.000000s ]
NOTIC: [2] Cannot modify header information - headers already sent by (output started at E:\wamp\www\ThinkAdmin\Application\Admin\Controller\CategoryController.class.php:31) E:\wamp\www\ThinkAdmin\ThinkPHP\Library\Think\View.class.php 第 91 行.
NOTIC: [2] Cannot modify header information - headers already sent by (output started at E:\wamp\www\ThinkAdmin\Application\Admin\Controller\CategoryController.class.php:31) E:\wamp\www\ThinkAdmin\ThinkPHP\Library\Think\View.class.php 第 92 行.
NOTIC: [2] Cannot modify header information - headers already sent by (output started at E:\wamp\www\ThinkAdmin\Application\Admin\Controller\CategoryController.class.php:31) E:\wamp\www\ThinkAdmin\ThinkPHP\Library\Think\View.class.php 第 93 行.
INFO: [ app_end ] --START--
INFO: Run Behavior\ShowPageTraceBehavior [ RunTime:0.001000s ]
INFO: [ app_end ] --END-- [ RunTime:0.001000s ]

[ 2016-07-01T10:50:23+08:00 ] ::1 /admin.php?m=Admin&c=category&a=index
INFO: [ app_init ] --START--
INFO: Run Behavior\BuildLiteBehavior [ RunTime:0.000000s ]
INFO: [ app_init ] --END-- [ RunTime:0.000000s ]
INFO: [ app_begin ] --START--
INFO: Run Behavior\ReadHtmlCacheBehavior [ RunTime:0.001000s ]
INFO: [ app_begin ] --END-- [ RunTime:0.001000s ]
SQL: SHOW COLUMNS FROM `category` [ RunTime:0.0310s ]
SQL: SELECT COUNT(*) AS tp_count FROM `category` LIMIT 1   [ RunTime:0.0300s ]
SQL: SELECT * FROM `category` ORDER BY type LIMIT 0,10   [ RunTime:0.0310s ]
SQL: SELECT * FROM `category` WHERE `id` = 0 LIMIT 1   [ RunTime:0.0310s ]
SQL: SELECT * FROM `category` WHERE `id` = 21 LIMIT 1   [ RunTime:0.0300s ]
SQL: SELECT * FROM `category` WHERE `id` = 21 LIMIT 1   [ RunTime:0.0310s ]
SQL: SELECT * FROM `category` WHERE `id` = 21 LIMIT 1   [ RunTime:0.0290s ]
SQL: SELECT * FROM `category` WHERE `id` = 21 LIMIT 1   [ RunTime:0.0300s ]
SQL: SELECT * FROM `category` WHERE `id` = 0 LIMIT 1   [ RunTime:0.0290s ]
SQL: SELECT * FROM `category` WHERE `id` = 0 LIMIT 1   [ RunTime:0.0300s ]
SQL: SELECT * FROM `category` WHERE `id` = 15 LIMIT 1   [ RunTime:0.0300s ]
SQL: SELECT * FROM `category` WHERE `id` = 0 LIMIT 1   [ RunTime:0.0300s ]
SQL: SELECT * FROM `category` WHERE `id` = 18 LIMIT 1   [ RunTime:0.0290s ]
INFO: [ view_parse ] --START--
INFO: [ template_filter ] --START--
INFO: Run Behavior\ContentReplaceBehavior [ RunTime:0.000000s ]
INFO: [ template_filter ] --END-- [ RunTime:0.000000s ]
NOTIC: [8] Undefined variable: grocery E:\wamp\www\ThinkAdmin\Application\Runtime\Cache\Admin\9bfef0f9f473c596f668b6c9a32bfd5c.php 第 146 行.
NOTIC: [8] Undefined variable: course_cate E:\wamp\www\ThinkAdmin\Application\Runtime\Cache\Admin\9bfef0f9f473c596f668b6c9a32bfd5c.php 第 162 行.
INFO: Run Behavior\ParseTemplateBehavior [ RunTime:0.015001s ]
INFO: [ view_parse ] --END-- [ RunTime:0.015001s ]
INFO: [ view_filter ] --START--
INFO: Run Behavior\WriteHtmlCacheBehavior [ RunTime:0.000000s ]
INFO: [ view_filter ] --END-- [ RunTime:0.000000s ]
NOTIC: [2] Cannot modify header information - headers already sent by (output started at E:\wamp\www\ThinkAdmin\Application\Admin\Controller\CategoryController.class.php:31) E:\wamp\www\ThinkAdmin\ThinkPHP\Library\Think\View.class.php 第 91 行.
NOTIC: [2] Cannot modify header information - headers already sent by (output started at E:\wamp\www\ThinkAdmin\Application\Admin\Controller\CategoryController.class.php:31) E:\wamp\www\ThinkAdmin\ThinkPHP\Library\Think\View.class.php 第 92 行.
NOTIC: [2] Cannot modify header information - headers already sent by (output started at E:\wamp\www\ThinkAdmin\Application\Admin\Controller\CategoryController.class.php:31) E:\wamp\www\ThinkAdmin\ThinkPHP\Library\Think\View.class.php 第 93 行.
INFO: [ app_end ] --START--
INFO: Run Behavior\ShowPageTraceBehavior [ RunTime:0.001000s ]
INFO: [ app_end ] --END-- [ RunTime:0.001000s ]

[ 2016-07-01T10:51:04+08:00 ] ::1 /admin.php?m=Admin&c=category&a=index
INFO: [ app_init ] --START--
INFO: Run Behavior\BuildLiteBehavior [ RunTime:0.000000s ]
INFO: [ app_init ] --END-- [ RunTime:0.000000s ]
INFO: [ app_begin ] --START--
INFO: Run Behavior\ReadHtmlCacheBehavior [ RunTime:0.001000s ]
INFO: [ app_begin ] --END-- [ RunTime:0.001000s ]
SQL: SHOW COLUMNS FROM `category` [ RunTime:0.0300s ]
SQL: SELECT COUNT(*) AS tp_count FROM `category` LIMIT 1   [ RunTime:0.0310s ]
SQL: SELECT * FROM `category` ORDER BY type LIMIT 0,10   [ RunTime:0.0300s ]
SQL: SELECT * FROM `category` WHERE `id` = 0 LIMIT 1   [ RunTime:0.0300s ]
SQL: SELECT * FROM `category` WHERE `id` = 21 LIMIT 1   [ RunTime:0.0310s ]
SQL: SELECT * FROM `category` WHERE `id` = 21 LIMIT 1   [ RunTime:0.0320s ]
SQL: SELECT * FROM `category` WHERE `id` = 21 LIMIT 1   [ RunTime:0.0300s ]
SQL: SELECT * FROM `category` WHERE `id` = 21 LIMIT 1   [ RunTime:0.0300s ]
SQL: SELECT * FROM `category` WHERE `id` = 0 LIMIT 1   [ RunTime:0.0300s ]
SQL: SELECT * FROM `category` WHERE `id` = 0 LIMIT 1   [ RunTime:0.0290s ]
SQL: SELECT * FROM `category` WHERE `id` = 15 LIMIT 1   [ RunTime:0.0300s ]
SQL: SELECT * FROM `category` WHERE `id` = 0 LIMIT 1   [ RunTime:0.0300s ]
SQL: SELECT * FROM `category` WHERE `id` = 18 LIMIT 1   [ RunTime:0.0300s ]
NOTIC: [8] Undefined offset: 0 E:\wamp\www\ThinkAdmin\Application\Admin\Controller\CategoryController.class.php 第 33 行.
NOTIC: [2] Invalid argument supplied for foreach() E:\wamp\www\ThinkAdmin\Application\Common\Common\function.php 第 23 行.
NOTIC: [8] Undefined offset: 1 E:\wamp\www\ThinkAdmin\Application\Admin\Controller\CategoryController.class.php 第 34 行.
NOTIC: [2] Invalid argument supplied for foreach() E:\wamp\www\ThinkAdmin\Application\Common\Common\function.php 第 23 行.
INFO: [ view_parse ] --START--
INFO: [ template_filter ] --START--
INFO: Run Behavior\ContentReplaceBehavior [ RunTime:0.000000s ]
INFO: [ template_filter ] --END-- [ RunTime:0.001000s ]
NOTIC: [8] Undefined variable: grocery E:\wamp\www\ThinkAdmin\Application\Runtime\Cache\Admin\9bfef0f9f473c596f668b6c9a32bfd5c.php 第 146 行.
INFO: Run Behavior\ParseTemplateBehavior [ RunTime:0.014001s ]
INFO: [ view_parse ] --END-- [ RunTime:0.014001s ]
INFO: [ view_filter ] --START--
INFO: Run Behavior\WriteHtmlCacheBehavior [ RunTime:0.001000s ]
INFO: [ view_filter ] --END-- [ RunTime:0.001000s ]
INFO: [ app_end ] --START--
INFO: Run Behavior\ShowPageTraceBehavior [ RunTime:0.001000s ]
INFO: [ app_end ] --END-- [ RunTime:0.001000s ]

[ 2016-07-01T10:51:25+08:00 ] ::1 /admin.php?m=Admin&c=category&a=index
INFO: [ app_init ] --START--
INFO: Run Behavior\BuildLiteBehavior [ RunTime:0.000000s ]
INFO: [ app_init ] --END-- [ RunTime:0.001000s ]
INFO: [ app_begin ] --START--
INFO: Run Behavior\ReadHtmlCacheBehavior [ RunTime:0.001000s ]
INFO: [ app_begin ] --END-- [ RunTime:0.001000s ]
SQL: SHOW COLUMNS FROM `category` [ RunTime:0.0310s ]
SQL: SELECT COUNT(*) AS tp_count FROM `category` LIMIT 1   [ RunTime:0.0310s ]
SQL: SELECT * FROM `category` ORDER BY type LIMIT 0,10   [ RunTime:0.0300s ]
SQL: SELECT * FROM `category` WHERE `id` = 0 LIMIT 1   [ RunTime:0.0300s ]
SQL: SELECT * FROM `category` WHERE `id` = 21 LIMIT 1   [ RunTime:0.0300s ]
SQL: SELECT * FROM `category` WHERE `id` = 21 LIMIT 1   [ RunTime:0.0310s ]
SQL: SELECT * FROM `category` WHERE `id` = 21 LIMIT 1   [ RunTime:0.0310s ]
SQL: SELECT * FROM `category` WHERE `id` = 21 LIMIT 1   [ RunTime:0.0300s ]
SQL: SELECT * FROM `category` WHERE `id` = 0 LIMIT 1   [ RunTime:0.0300s ]
SQL: SELECT * FROM `category` WHERE `id` = 0 LIMIT 1   [ RunTime:0.0300s ]
SQL: SELECT * FROM `category` WHERE `id` = 15 LIMIT 1   [ RunTime:0.0300s ]
SQL: SELECT * FROM `category` WHERE `id` = 0 LIMIT 1   [ RunTime:0.0300s ]
SQL: SELECT * FROM `category` WHERE `id` = 18 LIMIT 1   [ RunTime:0.0300s ]
INFO: [ view_parse ] --START--
INFO: [ template_filter ] --START--
INFO: Run Behavior\ContentReplaceBehavior [ RunTime:0.000000s ]
INFO: [ template_filter ] --END-- [ RunTime:0.001000s ]
NOTIC: [8] Undefined variable: grocery E:\wamp\www\ThinkAdmin\Application\Runtime\Cache\Admin\9bfef0f9f473c596f668b6c9a32bfd5c.php 第 146 行.
INFO: Run Behavior\ParseTemplateBehavior [ RunTime:0.018001s ]
INFO: [ view_parse ] --END-- [ RunTime:0.019001s ]
INFO: [ view_filter ] --START--
INFO: Run Behavior\WriteHtmlCacheBehavior [ RunTime:0.000000s ]
INFO: [ view_filter ] --END-- [ RunTime:0.000000s ]
INFO: [ app_end ] --START--
INFO: Run Behavior\ShowPageTraceBehavior [ RunTime:0.001000s ]
INFO: [ app_end ] --END-- [ RunTime:0.001000s ]

[ 2016-07-01T10:52:58+08:00 ] ::1 /admin.php?m=Admin&c=category&a=index
INFO: [ app_init ] --START--
INFO: Run Behavior\BuildLiteBehavior [ RunTime:0.000000s ]
INFO: [ app_init ] --END-- [ RunTime:0.001000s ]
INFO: [ app_begin ] --START--
INFO: Run Behavior\ReadHtmlCacheBehavior [ RunTime:0.001000s ]
INFO: [ app_begin ] --END-- [ RunTime:0.001000s ]
SQL: SHOW COLUMNS FROM `category` [ RunTime:0.0300s ]
SQL: SELECT COUNT(*) AS tp_count FROM `category` LIMIT 1   [ RunTime:0.0300s ]
SQL: SELECT * FROM `category` ORDER BY type LIMIT 0,10   [ RunTime:0.0300s ]
SQL: SELECT * FROM `category` WHERE `id` = 0 LIMIT 1   [ RunTime:0.0300s ]
SQL: SELECT * FROM `category` WHERE `id` = 21 LIMIT 1   [ RunTime:0.0300s ]
SQL: SELECT * FROM `category` WHERE `id` = 21 LIMIT 1   [ RunTime:0.0300s ]
SQL: SELECT * FROM `category` WHERE `id` = 21 LIMIT 1   [ RunTime:0.0310s ]
SQL: SELECT * FROM `category` WHERE `id` = 21 LIMIT 1   [ RunTime:0.0300s ]
SQL: SELECT * FROM `category` WHERE `id` = 0 LIMIT 1   [ RunTime:0.0300s ]
SQL: SELECT * FROM `category` WHERE `id` = 0 LIMIT 1   [ RunTime:0.0300s ]
SQL: SELECT * FROM `category` WHERE `id` = 15 LIMIT 1   [ RunTime:0.0300s ]
SQL: SELECT * FROM `category` WHERE `id` = 0 LIMIT 1   [ RunTime:0.0300s ]
SQL: SELECT * FROM `category` WHERE `id` = 18 LIMIT 1   [ RunTime:0.0300s ]
INFO: [ view_parse ] --START--
INFO: [ template_filter ] --START--
INFO: Run Behavior\ContentReplaceBehavior [ RunTime:0.000000s ]
INFO: [ template_filter ] --END-- [ RunTime:0.000000s ]

[ 2016-07-01T10:54:22+08:00 ] ::1 /admin.php?m=Admin&c=category&a=index
INFO: [ app_init ] --START--
INFO: Run Behavior\BuildLiteBehavior [ RunTime:0.000000s ]
INFO: [ app_init ] --END-- [ RunTime:0.001000s ]
INFO: [ app_begin ] --START--
INFO: Run Behavior\ReadHtmlCacheBehavior [ RunTime:0.000000s ]
INFO: [ app_begin ] --END-- [ RunTime:0.000000s ]
SQL: SHOW COLUMNS FROM `category` [ RunTime:0.0300s ]
SQL: SELECT COUNT(*) AS tp_count FROM `category` LIMIT 1   [ RunTime:0.0290s ]
SQL: SELECT * FROM `category` ORDER BY type LIMIT 0,10   [ RunTime:0.0300s ]
SQL: SELECT * FROM `category` WHERE `id` = 0 LIMIT 1   [ RunTime:0.0290s ]
SQL: SELECT * FROM `category` WHERE `id` = 21 LIMIT 1   [ RunTime:0.0300s ]
SQL: SELECT * FROM `category` WHERE `id` = 21 LIMIT 1   [ RunTime:0.0390s ]
SQL: SELECT * FROM `category` WHERE `id` = 21 LIMIT 1   [ RunTime:0.0300s ]
SQL: SELECT * FROM `category` WHERE `id` = 21 LIMIT 1   [ RunTime:0.0300s ]
SQL: SELECT * FROM `category` WHERE `id` = 0 LIMIT 1   [ RunTime:0.0310s ]
SQL: SELECT * FROM `category` WHERE `id` = 0 LIMIT 1   [ RunTime:0.0310s ]
SQL: SELECT * FROM `category` WHERE `id` = 15 LIMIT 1   [ RunTime:0.0310s ]
SQL: SELECT * FROM `category` WHERE `id` = 0 LIMIT 1   [ RunTime:0.0300s ]
SQL: SELECT * FROM `category` WHERE `id` = 18 LIMIT 1   [ RunTime:0.0300s ]
INFO: [ view_parse ] --START--
INFO: [ template_filter ] --START--
INFO: Run Behavior\ContentReplaceBehavior [ RunTime:0.000000s ]
INFO: [ template_filter ] --END-- [ RunTime:0.000000s ]

[ 2016-07-01T10:54:39+08:00 ] ::1 /admin.php?m=Admin&c=category&a=index
INFO: [ app_init ] --START--
INFO: Run Behavior\BuildLiteBehavior [ RunTime:0.000000s ]
INFO: [ app_init ] --END-- [ RunTime:0.000000s ]
INFO: [ app_begin ] --START--
INFO: Run Behavior\ReadHtmlCacheBehavior [ RunTime:0.001000s ]
INFO: [ app_begin ] --END-- [ RunTime:0.001000s ]
SQL: SHOW COLUMNS FROM `category` [ RunTime:0.0310s ]
SQL: SELECT COUNT(*) AS tp_count FROM `category` LIMIT 1   [ RunTime:0.0290s ]
SQL: SELECT * FROM `category` ORDER BY type LIMIT 0,10   [ RunTime:0.0310s ]
SQL: SELECT * FROM `category` WHERE `id` = 0 LIMIT 1   [ RunTime:0.0310s ]
SQL: SELECT * FROM `category` WHERE `id` = 21 LIMIT 1   [ RunTime:0.0300s ]
SQL: SELECT * FROM `category` WHERE `id` = 21 LIMIT 1   [ RunTime:0.0300s ]
SQL: SELECT * FROM `category` WHERE `id` = 21 LIMIT 1   [ RunTime:0.0300s ]
SQL: SELECT * FROM `category` WHERE `id` = 21 LIMIT 1   [ RunTime:0.0300s ]
SQL: SELECT * FROM `category` WHERE `id` = 0 LIMIT 1   [ RunTime:0.0310s ]
SQL: SELECT * FROM `category` WHERE `id` = 0 LIMIT 1   [ RunTime:0.0310s ]
SQL: SELECT * FROM `category` WHERE `id` = 15 LIMIT 1   [ RunTime:0.0310s ]
SQL: SELECT * FROM `category` WHERE `id` = 0 LIMIT 1   [ RunTime:0.0310s ]
SQL: SELECT * FROM `category` WHERE `id` = 18 LIMIT 1   [ RunTime:0.0300s ]
INFO: [ view_parse ] --START--
INFO: [ template_filter ] --START--
INFO: Run Behavior\ContentReplaceBehavior [ RunTime:0.000000s ]
INFO: [ template_filter ] --END-- [ RunTime:0.001000s ]
INFO: Run Behavior\ParseTemplateBehavior [ RunTime:0.024001s ]
INFO: [ view_parse ] --END-- [ RunTime:0.025001s ]
INFO: [ view_filter ] --START--
INFO: Run Behavior\WriteHtmlCacheBehavior [ RunTime:0.001000s ]
INFO: [ view_filter ] --END-- [ RunTime:0.001000s ]
INFO: [ app_end ] --START--
INFO: Run Behavior\ShowPageTraceBehavior [ RunTime:0.001000s ]
INFO: [ app_end ] --END-- [ RunTime:0.001000s ]

[ 2016-07-01T11:17:22+08:00 ] ::1 /admin.php?m=Admin&c=category&a=index
INFO: [ app_init ] --START--
INFO: Run Behavior\BuildLiteBehavior [ RunTime:0.000000s ]
INFO: [ app_init ] --END-- [ RunTime:0.000000s ]
INFO: [ app_begin ] --START--
INFO: Run Behavior\ReadHtmlCacheBehavior [ RunTime:0.001000s ]
INFO: [ app_begin ] --END-- [ RunTime:0.001000s ]
SQL: SHOW COLUMNS FROM `category` [ RunTime:0.0490s ]
SQL: SELECT COUNT(*) AS tp_count FROM `category` LIMIT 1   [ RunTime:0.0300s ]
SQL: SELECT * FROM `category` ORDER BY type LIMIT 0,10   [ RunTime:0.0300s ]
SQL: SELECT * FROM `category` WHERE `id` = 0 LIMIT 1   [ RunTime:0.0300s ]
SQL: SELECT * FROM `category` WHERE `id` = 21 LIMIT 1   [ RunTime:0.0310s ]
SQL: SELECT * FROM `category` WHERE `id` = 21 LIMIT 1   [ RunTime:0.0300s ]
SQL: SELECT * FROM `category` WHERE `id` = 21 LIMIT 1   [ RunTime:0.0300s ]
SQL: SELECT * FROM `category` WHERE `id` = 21 LIMIT 1   [ RunTime:0.0300s ]
SQL: SELECT * FROM `category` WHERE `id` = 0 LIMIT 1   [ RunTime:0.0300s ]
SQL: SELECT * FROM `category` WHERE `id` = 0 LIMIT 1   [ RunTime:0.0300s ]
SQL: SELECT * FROM `category` WHERE `id` = 15 LIMIT 1   [ RunTime:0.0300s ]
SQL: SELECT * FROM `category` WHERE `id` = 0 LIMIT 1   [ RunTime:0.0300s ]
SQL: SELECT * FROM `category` WHERE `id` = 18 LIMIT 1   [ RunTime:0.0290s ]
SQL: SHOW COLUMNS FROM `circle` [ RunTime:0.0310s ]
SQL: SELECT * FROM `circle` ORDER BY id DESC  [ RunTime:0.0300s ]
SQL: SHOW COLUMNS FROM `area` [ RunTime:0.0290s ]
SQL: SELECT * FROM `area` ORDER BY id DESC  [ RunTime:0.0300s ]
INFO: [ view_parse ] --START--
INFO: [ template_filter ] --START--
INFO: Run Behavior\ContentReplaceBehavior [ RunTime:0.000000s ]
INFO: [ template_filter ] --END-- [ RunTime:0.000000s ]
INFO: Run Behavior\ParseTemplateBehavior [ RunTime:0.029002s ]
INFO: [ view_parse ] --END-- [ RunTime:0.029002s ]
INFO: [ view_filter ] --START--
INFO: Run Behavior\WriteHtmlCacheBehavior [ RunTime:0.001000s ]
INFO: [ view_filter ] --END-- [ RunTime:0.001000s ]
INFO: [ app_end ] --START--
INFO: Run Behavior\ShowPageTraceBehavior [ RunTime:0.001000s ]
INFO: [ app_end ] --END-- [ RunTime:0.001000s ]

[ 2016-07-01T11:17:30+08:00 ] ::1 /admin.php?m=Admin&c=category&a=index
INFO: [ app_init ] --START--
INFO: Run Behavior\BuildLiteBehavior [ RunTime:0.000000s ]
INFO: [ app_init ] --END-- [ RunTime:0.001000s ]
INFO: [ app_begin ] --START--
INFO: Run Behavior\ReadHtmlCacheBehavior [ RunTime:0.001000s ]
INFO: [ app_begin ] --END-- [ RunTime:0.001000s ]
SQL: SHOW COLUMNS FROM `category` [ RunTime:0.0310s ]
SQL: SELECT COUNT(*) AS tp_count FROM `category` LIMIT 1   [ RunTime:0.0300s ]
SQL: SELECT * FROM `category` ORDER BY type LIMIT 0,10   [ RunTime:0.0310s ]
SQL: SELECT * FROM `category` WHERE `id` = 0 LIMIT 1   [ RunTime:0.0300s ]
SQL: SELECT * FROM `category` WHERE `id` = 21 LIMIT 1   [ RunTime:0.0300s ]
SQL: SELECT * FROM `category` WHERE `id` = 21 LIMIT 1   [ RunTime:0.0300s ]
SQL: SELECT * FROM `category` WHERE `id` = 21 LIMIT 1   [ RunTime:0.0310s ]
SQL: SELECT * FROM `category` WHERE `id` = 21 LIMIT 1   [ RunTime:0.0300s ]
SQL: SELECT * FROM `category` WHERE `id` = 0 LIMIT 1   [ RunTime:0.0300s ]
SQL: SELECT * FROM `category` WHERE `id` = 0 LIMIT 1   [ RunTime:0.0300s ]
SQL: SELECT * FROM `category` WHERE `id` = 15 LIMIT 1   [ RunTime:0.0300s ]
SQL: SELECT * FROM `category` WHERE `id` = 0 LIMIT 1   [ RunTime:0.0300s ]
SQL: SELECT * FROM `category` WHERE `id` = 18 LIMIT 1   [ RunTime:0.0310s ]
SQL: SHOW COLUMNS FROM `circle` [ RunTime:0.0300s ]
SQL: SELECT * FROM `circle` ORDER BY id DESC  [ RunTime:0.0300s ]
SQL: SHOW COLUMNS FROM `area` [ RunTime:0.0300s ]
SQL: SELECT * FROM `area` ORDER BY id DESC  [ RunTime:0.0300s ]
INFO: [ view_parse ] --START--
INFO: [ template_filter ] --START--
INFO: Run Behavior\ContentReplaceBehavior [ RunTime:0.000000s ]
INFO: [ template_filter ] --END-- [ RunTime:0.000000s ]
INFO: Run Behavior\ParseTemplateBehavior [ RunTime:0.026001s ]
INFO: [ view_parse ] --END-- [ RunTime:0.027001s ]
INFO: [ view_filter ] --START--
INFO: Run Behavior\WriteHtmlCacheBehavior [ RunTime:0.000000s ]
INFO: [ view_filter ] --END-- [ RunTime:0.000000s ]
INFO: [ app_end ] --START--
INFO: Run Behavior\ShowPageTraceBehavior [ RunTime:0.000000s ]
INFO: [ app_end ] --END-- [ RunTime:0.001000s ]

[ 2016-07-01T11:18:24+08:00 ] ::1 /admin.php?m=Admin&c=category&a=index
INFO: [ app_init ] --START--
INFO: Run Behavior\BuildLiteBehavior [ RunTime:0.000000s ]
INFO: [ app_init ] --END-- [ RunTime:0.001000s ]
INFO: [ app_begin ] --START--
INFO: Run Behavior\ReadHtmlCacheBehavior [ RunTime:0.001000s ]
INFO: [ app_begin ] --END-- [ RunTime:0.001000s ]
SQL: SHOW COLUMNS FROM `category` [ RunTime:0.0320s ]
SQL: SELECT COUNT(*) AS tp_count FROM `category` LIMIT 1   [ RunTime:0.0300s ]
SQL: SELECT * FROM `category` ORDER BY type LIMIT 0,10   [ RunTime:0.0310s ]
SQL: SELECT * FROM `category` WHERE `id` = 0 LIMIT 1   [ RunTime:0.0300s ]
SQL: SELECT * FROM `category` WHERE `id` = 21 LIMIT 1   [ RunTime:0.0310s ]
SQL: SELECT * FROM `category` WHERE `id` = 21 LIMIT 1   [ RunTime:0.0300s ]
SQL: SELECT * FROM `category` WHERE `id` = 21 LIMIT 1   [ RunTime:0.0310s ]
SQL: SELECT * FROM `category` WHERE `id` = 21 LIMIT 1   [ RunTime:0.0300s ]
SQL: SELECT * FROM `category` WHERE `id` = 0 LIMIT 1   [ RunTime:0.0300s ]
SQL: SELECT * FROM `category` WHERE `id` = 0 LIMIT 1   [ RunTime:0.0310s ]
SQL: SELECT * FROM `category` WHERE `id` = 15 LIMIT 1   [ RunTime:0.0290s ]
SQL: SELECT * FROM `category` WHERE `id` = 0 LIMIT 1   [ RunTime:0.0300s ]
SQL: SELECT * FROM `category` WHERE `id` = 18 LIMIT 1   [ RunTime:0.0310s ]
SQL: SHOW COLUMNS FROM `circle` [ RunTime:0.0310s ]
SQL: SELECT * FROM `circle` ORDER BY id DESC  [ RunTime:0.0310s ]
SQL: SHOW COLUMNS FROM `area` [ RunTime:0.0300s ]
SQL: SELECT * FROM `area` ORDER BY id DESC  [ RunTime:0.0300s ]
INFO: [ view_parse ] --START--
INFO: [ template_filter ] --START--
INFO: Run Behavior\ContentReplaceBehavior [ RunTime:0.000000s ]
INFO: [ template_filter ] --END-- [ RunTime:0.000000s ]
INFO: Run Behavior\ParseTemplateBehavior [ RunTime:0.029002s ]
INFO: [ view_parse ] --END-- [ RunTime:0.029002s ]
INFO: [ view_filter ] --START--
INFO: Run Behavior\WriteHtmlCacheBehavior [ RunTime:0.001000s ]
INFO: [ view_filter ] --END-- [ RunTime:0.001000s ]
INFO: [ app_end ] --START--
INFO: Run Behavior\ShowPageTraceBehavior [ RunTime:0.001000s ]
INFO: [ app_end ] --END-- [ RunTime:0.001000s ]

[ 2016-07-01T11:18:37+08:00 ] ::1 /admin.php?m=Admin&c=category&a=index
INFO: [ app_init ] --START--
INFO: Run Behavior\BuildLiteBehavior [ RunTime:0.000000s ]
INFO: [ app_init ] --END-- [ RunTime:0.000000s ]
INFO: [ app_begin ] --START--
INFO: Run Behavior\ReadHtmlCacheBehavior [ RunTime:0.001000s ]
INFO: [ app_begin ] --END-- [ RunTime:0.001000s ]
SQL: SHOW COLUMNS FROM `category` [ RunTime:0.0310s ]
SQL: SELECT COUNT(*) AS tp_count FROM `category` LIMIT 1   [ RunTime:0.0310s ]
SQL: SELECT * FROM `category` ORDER BY type LIMIT 0,10   [ RunTime:0.0310s ]
SQL: SELECT * FROM `category` WHERE `id` = 0 LIMIT 1   [ RunTime:0.0300s ]
SQL: SELECT * FROM `category` WHERE `id` = 21 LIMIT 1   [ RunTime:0.0310s ]
SQL: SELECT * FROM `category` WHERE `id` = 21 LIMIT 1   [ RunTime:0.0300s ]
SQL: SELECT * FROM `category` WHERE `id` = 21 LIMIT 1   [ RunTime:0.0320s ]
SQL: SELECT * FROM `category` WHERE `id` = 21 LIMIT 1   [ RunTime:0.0300s ]
SQL: SELECT * FROM `category` WHERE `id` = 0 LIMIT 1   [ RunTime:0.0310s ]
SQL: SELECT * FROM `category` WHERE `id` = 0 LIMIT 1   [ RunTime:0.0300s ]
SQL: SELECT * FROM `category` WHERE `id` = 15 LIMIT 1   [ RunTime:0.0300s ]
SQL: SELECT * FROM `category` WHERE `id` = 0 LIMIT 1   [ RunTime:0.0310s ]
SQL: SELECT * FROM `category` WHERE `id` = 18 LIMIT 1   [ RunTime:0.0350s ]
SQL: SHOW COLUMNS FROM `circle` [ RunTime:0.0300s ]
SQL: SELECT * FROM `circle` ORDER BY id DESC  [ RunTime:0.0300s ]
SQL: SHOW COLUMNS FROM `area` [ RunTime:0.0310s ]
SQL: SELECT * FROM `area` ORDER BY id DESC  [ RunTime:0.0290s ]
INFO: [ view_parse ] --START--
INFO: [ template_filter ] --START--
INFO: Run Behavior\ContentReplaceBehavior [ RunTime:0.000000s ]
INFO: [ template_filter ] --END-- [ RunTime:0.000000s ]
INFO: Run Behavior\ParseTemplateBehavior [ RunTime:0.033002s ]
INFO: [ view_parse ] --END-- [ RunTime:0.034002s ]
INFO: [ view_filter ] --START--
INFO: Run Behavior\WriteHtmlCacheBehavior [ RunTime:0.000000s ]
INFO: [ view_filter ] --END-- [ RunTime:0.000000s ]
INFO: [ app_end ] --START--
INFO: Run Behavior\ShowPageTraceBehavior [ RunTime:0.000000s ]
INFO: [ app_end ] --END-- [ RunTime:0.001000s ]

[ 2016-07-01T11:54:38+08:00 ] ::1 /admin.php?m=Admin&c=category&a=index
INFO: [ app_init ] --START--
INFO: Run Behavior\BuildLiteBehavior [ RunTime:0.000000s ]
INFO: [ app_init ] --END-- [ RunTime:0.001000s ]
INFO: [ app_begin ] --START--
INFO: Run Behavior\ReadHtmlCacheBehavior [ RunTime:0.000000s ]
INFO: [ app_begin ] --END-- [ RunTime:0.002000s ]
SQL: SHOW COLUMNS FROM `category` [ RunTime:0.0310s ]
SQL: SELECT COUNT(*) AS tp_count FROM `category` LIMIT 1   [ RunTime:0.0290s ]
SQL: SELECT * FROM `category` ORDER BY type LIMIT 0,10   [ RunTime:0.0300s ]
SQL: SELECT * FROM `category` WHERE `id` = 0 LIMIT 1   [ RunTime:0.0310s ]
SQL: SELECT * FROM `category` WHERE `id` = 21 LIMIT 1   [ RunTime:0.0310s ]
SQL: SELECT * FROM `category` WHERE `id` = 21 LIMIT 1   [ RunTime:0.0310s ]
SQL: SELECT * FROM `category` WHERE `id` = 21 LIMIT 1   [ RunTime:0.0300s ]
SQL: SELECT * FROM `category` WHERE `id` = 21 LIMIT 1   [ RunTime:0.0300s ]
SQL: SELECT * FROM `category` WHERE `id` = 0 LIMIT 1   [ RunTime:0.0300s ]
SQL: SELECT * FROM `category` WHERE `id` = 0 LIMIT 1   [ RunTime:0.0300s ]
SQL: SELECT * FROM `category` WHERE `id` = 15 LIMIT 1   [ RunTime:0.0300s ]
SQL: SELECT * FROM `category` WHERE `id` = 0 LIMIT 1   [ RunTime:0.0300s ]
SQL: SELECT * FROM `category` WHERE `id` = 18 LIMIT 1   [ RunTime:0.0300s ]
SQL: SHOW COLUMNS FROM `circle` [ RunTime:0.0310s ]
SQL: SELECT * FROM `circle` ORDER BY id DESC  [ RunTime:0.0290s ]
SQL: SHOW COLUMNS FROM `area` [ RunTime:0.0300s ]
SQL: SELECT * FROM `area` ORDER BY id DESC  [ RunTime:0.0290s ]
INFO: [ view_parse ] --START--
INFO: [ template_filter ] --START--
INFO: Run Behavior\ContentReplaceBehavior [ RunTime:0.000000s ]
INFO: [ template_filter ] --END-- [ RunTime:0.000000s ]
INFO: Run Behavior\ParseTemplateBehavior [ RunTime:0.033002s ]
INFO: [ view_parse ] --END-- [ RunTime:0.034002s ]
INFO: [ view_filter ] --START--
INFO: Run Behavior\WriteHtmlCacheBehavior [ RunTime:0.000000s ]
INFO: [ view_filter ] --END-- [ RunTime:0.000000s ]
INFO: [ app_end ] --START--
INFO: Run Behavior\ShowPageTraceBehavior [ RunTime:0.001000s ]
INFO: [ app_end ] --END-- [ RunTime:0.003000s ]

[ 2016-07-01T11:54:40+08:00 ] ::1 /admin.php?m=Admin&c=category&a=add_circle_area&type=1
INFO: [ app_init ] --START--
INFO: Run Behavior\BuildLiteBehavior [ RunTime:0.000000s ]
INFO: [ app_init ] --END-- [ RunTime:0.001000s ]
INFO: [ app_begin ] --START--
INFO: Run Behavior\ReadHtmlCacheBehavior [ RunTime:0.001000s ]
INFO: [ app_begin ] --END-- [ RunTime:0.001000s ]
INFO: [ view_parse ] --START--
INFO: [ template_filter ] --START--
INFO: Run Behavior\ContentReplaceBehavior [ RunTime:0.000000s ]
INFO: [ template_filter ] --END-- [ RunTime:0.000000s ]

[ 2016-07-01T11:54:55+08:00 ] ::1 /admin.php?m=Admin&c=category&a=add_circle_area&type=1
INFO: [ app_init ] --START--
INFO: Run Behavior\BuildLiteBehavior [ RunTime:0.000000s ]
INFO: [ app_init ] --END-- [ RunTime:0.001000s ]
INFO: [ app_begin ] --START--
INFO: Run Behavior\ReadHtmlCacheBehavior [ RunTime:0.000000s ]
INFO: [ app_begin ] --END-- [ RunTime:0.001000s ]
INFO: [ view_parse ] --START--
INFO: [ template_filter ] --START--
INFO: Run Behavior\ContentReplaceBehavior [ RunTime:0.000000s ]
INFO: [ template_filter ] --END-- [ RunTime:0.000000s ]
INFO: Run Behavior\ParseTemplateBehavior [ RunTime:0.017001s ]
INFO: [ view_parse ] --END-- [ RunTime:0.017001s ]
INFO: [ view_filter ] --START--
INFO: Run Behavior\WriteHtmlCacheBehavior [ RunTime:0.001000s ]
INFO: [ view_filter ] --END-- [ RunTime:0.001000s ]
INFO: [ app_end ] --START--
INFO: Run Behavior\ShowPageTraceBehavior [ RunTime:0.001000s ]
INFO: [ app_end ] --END-- [ RunTime:0.001000s ]

[ 2016-07-01T11:55:02+08:00 ] ::1 /admin.php?m=Admin&c=category&a=add_circle_area&type=2
INFO: [ app_init ] --START--
INFO: Run Behavior\BuildLiteBehavior [ RunTime:0.000000s ]
INFO: [ app_init ] --END-- [ RunTime:0.000000s ]
INFO: [ app_begin ] --START--
INFO: Run Behavior\ReadHtmlCacheBehavior [ RunTime:0.001000s ]
INFO: [ app_begin ] --END-- [ RunTime:0.001000s ]
INFO: [ view_parse ] --START--
INFO: [ template_filter ] --START--
INFO: Run Behavior\ContentReplaceBehavior [ RunTime:0.000000s ]
INFO: [ template_filter ] --END-- [ RunTime:0.001000s ]
INFO: Run Behavior\ParseTemplateBehavior [ RunTime:0.015001s ]
INFO: [ view_parse ] --END-- [ RunTime:0.015001s ]
INFO: [ view_filter ] --START--
INFO: Run Behavior\WriteHtmlCacheBehavior [ RunTime:0.000000s ]
INFO: [ view_filter ] --END-- [ RunTime:0.000000s ]
INFO: [ app_end ] --START--
INFO: Run Behavior\ShowPageTraceBehavior [ RunTime:0.001000s ]
INFO: [ app_end ] --END-- [ RunTime:0.001000s ]

[ 2016-07-01T11:57:31+08:00 ] ::1 /admin.php?m=Admin&c=category&a=add_circle_area&type=2
INFO: [ app_init ] --START--
INFO: Run Behavior\BuildLiteBehavior [ RunTime:0.000000s ]
INFO: [ app_init ] --END-- [ RunTime:0.001000s ]
INFO: [ app_begin ] --START--
INFO: Run Behavior\ReadHtmlCacheBehavior [ RunTime:0.001000s ]
INFO: [ app_begin ] --END-- [ RunTime:0.002000s ]
INFO: [ view_parse ] --START--
INFO: [ template_filter ] --START--
INFO: Run Behavior\ContentReplaceBehavior [ RunTime:0.001000s ]
INFO: [ template_filter ] --END-- [ RunTime:0.001000s ]
INFO: Run Behavior\ParseTemplateBehavior [ RunTime:0.023001s ]
INFO: [ view_parse ] --END-- [ RunTime:0.023001s ]
INFO: [ view_filter ] --START--
INFO: Run Behavior\WriteHtmlCacheBehavior [ RunTime:0.001000s ]
INFO: [ view_filter ] --END-- [ RunTime:0.001000s ]
INFO: [ app_end ] --START--
INFO: Run Behavior\ShowPageTraceBehavior [ RunTime:0.000000s ]
INFO: [ app_end ] --END-- [ RunTime:0.001000s ]

[ 2016-07-01T11:57:34+08:00 ] ::1 /admin.php?m=Admin&c=category&a=add_circle_area&type=1
INFO: [ app_init ] --START--
INFO: Run Behavior\BuildLiteBehavior [ RunTime:0.000000s ]
INFO: [ app_init ] --END-- [ RunTime:0.001000s ]
INFO: [ app_begin ] --START--
INFO: Run Behavior\ReadHtmlCacheBehavior [ RunTime:0.001000s ]
INFO: [ app_begin ] --END-- [ RunTime:0.001000s ]
INFO: [ view_parse ] --START--
INFO: [ template_filter ] --START--
INFO: Run Behavior\ContentReplaceBehavior [ RunTime:0.000000s ]
INFO: [ template_filter ] --END-- [ RunTime:0.000000s ]
INFO: Run Behavior\ParseTemplateBehavior [ RunTime:0.015001s ]
INFO: [ view_parse ] --END-- [ RunTime:0.015001s ]
INFO: [ view_filter ] --START--
INFO: Run Behavior\WriteHtmlCacheBehavior [ RunTime:0.000000s ]
INFO: [ view_filter ] --END-- [ RunTime:0.000000s ]
INFO: [ app_end ] --START--
INFO: Run Behavior\ShowPageTraceBehavior [ RunTime:0.001000s ]
INFO: [ app_end ] --END-- [ RunTime:0.001000s ]

[ 2016-07-01T11:57:41+08:00 ] ::1 /admin.php?m=Admin&c=category&a=add_circle_area
INFO: [ app_init ] --START--
INFO: Run Behavior\BuildLiteBehavior [ RunTime:0.000000s ]
INFO: [ app_init ] --END-- [ RunTime:0.001000s ]
INFO: [ app_begin ] --START--
INFO: Run Behavior\ReadHtmlCacheBehavior [ RunTime:0.000000s ]
INFO: [ app_begin ] --END-- [ RunTime:0.001000s ]
SQL: SHOW COLUMNS FROM `circle` [ RunTime:0.0310s ]
SQL: INSERT INTO `circle` (`name`) VALUES ('测试商圈') [ RunTime:0.0500s ]
NOTIC: [8] Undefined variable: module E:\wamp\www\ThinkAdmin\ThinkPHP\Common\functions.php 第 990 行.
NOTIC: [8] Undefined variable: var E:\wamp\www\ThinkAdmin\ThinkPHP\Common\functions.php 第 990 行.
NOTIC: [2] array_reverse() expects parameter 1 to be array, null given E:\wamp\www\ThinkAdmin\ThinkPHP\Common\functions.php 第 990 行.
NOTIC: [2] http_build_query(): Parameter 1 expected to be Array or Object.  Incorrect value given E:\wamp\www\ThinkAdmin\ThinkPHP\Common\functions.php 第 990 行.

[ 2016-07-01T11:57:42+08:00 ] ::1 /admin.php?m=&&m=Admin&c=category&a=index
INFO: [ app_init ] --START--
INFO: Run Behavior\BuildLiteBehavior [ RunTime:0.000000s ]
INFO: [ app_init ] --END-- [ RunTime:0.001000s ]
INFO: [ app_begin ] --START--
INFO: Run Behavior\ReadHtmlCacheBehavior [ RunTime:0.000000s ]
INFO: [ app_begin ] --END-- [ RunTime:0.001000s ]
SQL: SHOW COLUMNS FROM `category` [ RunTime:0.0300s ]
SQL: SELECT COUNT(*) AS tp_count FROM `category` LIMIT 1   [ RunTime:0.0300s ]
SQL: SELECT * FROM `category` ORDER BY type LIMIT 0,10   [ RunTime:0.0310s ]
SQL: SELECT * FROM `category` WHERE `id` = 0 LIMIT 1   [ RunTime:0.0290s ]
SQL: SELECT * FROM `category` WHERE `id` = 21 LIMIT 1   [ RunTime:0.0300s ]
SQL: SELECT * FROM `category` WHERE `id` = 21 LIMIT 1   [ RunTime:0.0300s ]
SQL: SELECT * FROM `category` WHERE `id` = 21 LIMIT 1   [ RunTime:0.0300s ]
SQL: SELECT * FROM `category` WHERE `id` = 21 LIMIT 1   [ RunTime:0.0300s ]
SQL: SELECT * FROM `category` WHERE `id` = 0 LIMIT 1   [ RunTime:0.0300s ]
SQL: SELECT * FROM `category` WHERE `id` = 0 LIMIT 1   [ RunTime:0.0300s ]
SQL: SELECT * FROM `category` WHERE `id` = 15 LIMIT 1   [ RunTime:0.0300s ]
SQL: SELECT * FROM `category` WHERE `id` = 0 LIMIT 1   [ RunTime:0.0300s ]
SQL: SELECT * FROM `category` WHERE `id` = 18 LIMIT 1   [ RunTime:0.0300s ]
SQL: SHOW COLUMNS FROM `circle` [ RunTime:0.0290s ]
SQL: SELECT * FROM `circle` ORDER BY id DESC  [ RunTime:0.0290s ]
SQL: SHOW COLUMNS FROM `area` [ RunTime:0.0310s ]
SQL: SELECT * FROM `area` ORDER BY id DESC  [ RunTime:0.0300s ]
INFO: [ view_parse ] --START--
INFO: [ template_filter ] --START--
INFO: Run Behavior\ContentReplaceBehavior [ RunTime:0.000000s ]
INFO: [ template_filter ] --END-- [ RunTime:0.001000s ]
INFO: Run Behavior\ParseTemplateBehavior [ RunTime:0.030001s ]
INFO: [ view_parse ] --END-- [ RunTime:0.032001s ]
INFO: [ view_filter ] --START--
INFO: Run Behavior\WriteHtmlCacheBehavior [ RunTime:0.000000s ]
INFO: [ view_filter ] --END-- [ RunTime:0.000000s ]
INFO: [ app_end ] --START--
INFO: Run Behavior\ShowPageTraceBehavior [ RunTime:0.000000s ]
INFO: [ app_end ] --END-- [ RunTime:0.001001s ]

[ 2016-07-01T11:57:46+08:00 ] ::1 /admin.php?m=Admin&c=category&a=add_circle_area&type=2
INFO: [ app_init ] --START--
INFO: Run Behavior\BuildLiteBehavior [ RunTime:0.000000s ]
INFO: [ app_init ] --END-- [ RunTime:0.000000s ]
INFO: [ app_begin ] --START--
INFO: Run Behavior\ReadHtmlCacheBehavior [ RunTime:0.000000s ]
INFO: [ app_begin ] --END-- [ RunTime:0.001000s ]
INFO: [ view_parse ] --START--
INFO: [ template_filter ] --START--
INFO: Run Behavior\ContentReplaceBehavior [ RunTime:0.000000s ]
INFO: [ template_filter ] --END-- [ RunTime:0.000000s ]
INFO: Run Behavior\ParseTemplateBehavior [ RunTime:0.015001s ]
INFO: [ view_parse ] --END-- [ RunTime:0.015001s ]
INFO: [ view_filter ] --START--
INFO: Run Behavior\WriteHtmlCacheBehavior [ RunTime:0.001000s ]
INFO: [ view_filter ] --END-- [ RunTime:0.001000s ]
INFO: [ app_end ] --START--
INFO: Run Behavior\ShowPageTraceBehavior [ RunTime:0.000000s ]
INFO: [ app_end ] --END-- [ RunTime:0.001000s ]

[ 2016-07-01T11:57:50+08:00 ] ::1 /admin.php?m=Admin&c=category&a=add_circle_area
INFO: [ app_init ] --START--
INFO: Run Behavior\BuildLiteBehavior [ RunTime:0.000000s ]
INFO: [ app_init ] --END-- [ RunTime:0.001000s ]
INFO: [ app_begin ] --START--
INFO: Run Behavior\ReadHtmlCacheBehavior [ RunTime:0.001000s ]
INFO: [ app_begin ] --END-- [ RunTime:0.001000s ]
SQL: SHOW COLUMNS FROM `circle` [ RunTime:0.0300s ]
SQL: INSERT INTO `circle` (`name`) VALUES ('测试区域') [ RunTime:0.0640s ]
NOTIC: [8] Undefined variable: module E:\wamp\www\ThinkAdmin\ThinkPHP\Common\functions.php 第 990 行.
NOTIC: [8] Undefined variable: var E:\wamp\www\ThinkAdmin\ThinkPHP\Common\functions.php 第 990 行.
NOTIC: [2] array_reverse() expects parameter 1 to be array, null given E:\wamp\www\ThinkAdmin\ThinkPHP\Common\functions.php 第 990 行.
NOTIC: [2] http_build_query(): Parameter 1 expected to be Array or Object.  Incorrect value given E:\wamp\www\ThinkAdmin\ThinkPHP\Common\functions.php 第 990 行.

[ 2016-07-01T11:57:50+08:00 ] ::1 /admin.php?m=&&m=Admin&c=category&a=index
INFO: [ app_init ] --START--
INFO: Run Behavior\BuildLiteBehavior [ RunTime:0.000000s ]
INFO: [ app_init ] --END-- [ RunTime:0.001000s ]
INFO: [ app_begin ] --START--
INFO: Run Behavior\ReadHtmlCacheBehavior [ RunTime:0.000000s ]
INFO: [ app_begin ] --END-- [ RunTime:0.001000s ]
SQL: SHOW COLUMNS FROM `category` [ RunTime:0.0300s ]
SQL: SELECT COUNT(*) AS tp_count FROM `category` LIMIT 1   [ RunTime:0.0300s ]
SQL: SELECT * FROM `category` ORDER BY type LIMIT 0,10   [ RunTime:0.0300s ]
SQL: SELECT * FROM `category` WHERE `id` = 0 LIMIT 1   [ RunTime:0.0300s ]
SQL: SELECT * FROM `category` WHERE `id` = 21 LIMIT 1   [ RunTime:0.0300s ]
SQL: SELECT * FROM `category` WHERE `id` = 21 LIMIT 1   [ RunTime:0.0300s ]
SQL: SELECT * FROM `category` WHERE `id` = 21 LIMIT 1   [ RunTime:0.0290s ]
SQL: SELECT * FROM `category` WHERE `id` = 21 LIMIT 1   [ RunTime:0.0300s ]
SQL: SELECT * FROM `category` WHERE `id` = 0 LIMIT 1   [ RunTime:0.0300s ]
SQL: SELECT * FROM `category` WHERE `id` = 0 LIMIT 1   [ RunTime:0.0310s ]
SQL: SELECT * FROM `category` WHERE `id` = 15 LIMIT 1   [ RunTime:0.0300s ]
SQL: SELECT * FROM `category` WHERE `id` = 0 LIMIT 1   [ RunTime:0.0290s ]
SQL: SELECT * FROM `category` WHERE `id` = 18 LIMIT 1   [ RunTime:0.0300s ]
SQL: SHOW COLUMNS FROM `circle` [ RunTime:0.0300s ]
SQL: SELECT * FROM `circle` ORDER BY id DESC  [ RunTime:0.0300s ]
SQL: SHOW COLUMNS FROM `area` [ RunTime:0.0300s ]
SQL: SELECT * FROM `area` ORDER BY id DESC  [ RunTime:0.0300s ]
INFO: [ view_parse ] --START--
INFO: [ template_filter ] --START--
INFO: Run Behavior\ContentReplaceBehavior [ RunTime:0.001000s ]
INFO: [ template_filter ] --END-- [ RunTime:0.001000s ]
INFO: Run Behavior\ParseTemplateBehavior [ RunTime:0.033002s ]
INFO: [ view_parse ] --END-- [ RunTime:0.033002s ]
INFO: [ view_filter ] --START--
INFO: Run Behavior\WriteHtmlCacheBehavior [ RunTime:0.001000s ]
INFO: [ view_filter ] --END-- [ RunTime:0.001000s ]
INFO: [ app_end ] --START--
INFO: Run Behavior\ShowPageTraceBehavior [ RunTime:0.001000s ]
INFO: [ app_end ] --END-- [ RunTime:0.001000s ]

[ 2016-07-01T11:58:11+08:00 ] ::1 /admin.php?m=Admin&c=category&a=add_circle_area&type=2
INFO: [ app_init ] --START--
INFO: Run Behavior\BuildLiteBehavior [ RunTime:0.000000s ]
INFO: [ app_init ] --END-- [ RunTime:0.001001s ]
INFO: [ app_begin ] --START--
INFO: Run Behavior\ReadHtmlCacheBehavior [ RunTime:0.001000s ]
INFO: [ app_begin ] --END-- [ RunTime:0.001000s ]
INFO: [ view_parse ] --START--
INFO: [ template_filter ] --START--
INFO: Run Behavior\ContentReplaceBehavior [ RunTime:0.000000s ]
INFO: [ template_filter ] --END-- [ RunTime:0.001000s ]
INFO: Run Behavior\ParseTemplateBehavior [ RunTime:0.012001s ]
INFO: [ view_parse ] --END-- [ RunTime:0.013001s ]
INFO: [ view_filter ] --START--
INFO: Run Behavior\WriteHtmlCacheBehavior [ RunTime:0.000000s ]
INFO: [ view_filter ] --END-- [ RunTime:0.000000s ]
INFO: [ app_end ] --START--
INFO: Run Behavior\ShowPageTraceBehavior [ RunTime:0.000000s ]
INFO: [ app_end ] --END-- [ RunTime:0.000000s ]

[ 2016-07-01T11:58:16+08:00 ] ::1 /admin.php?m=Admin&c=category&a=add_circle_area
INFO: [ app_init ] --START--
INFO: Run Behavior\BuildLiteBehavior [ RunTime:0.000000s ]
INFO: [ app_init ] --END-- [ RunTime:0.001000s ]
INFO: [ app_begin ] --START--
INFO: Run Behavior\ReadHtmlCacheBehavior [ RunTime:0.000000s ]
INFO: [ app_begin ] --END-- [ RunTime:0.000000s ]
SQL: SHOW COLUMNS FROM `area` [ RunTime:0.0310s ]
SQL: INSERT INTO `area` (`name`) VALUES ('测试区域') [ RunTime:0.0350s ]
NOTIC: [8] Undefined variable: module E:\wamp\www\ThinkAdmin\ThinkPHP\Common\functions.php 第 990 行.
NOTIC: [8] Undefined variable: var E:\wamp\www\ThinkAdmin\ThinkPHP\Common\functions.php 第 990 行.
NOTIC: [2] array_reverse() expects parameter 1 to be array, null given E:\wamp\www\ThinkAdmin\ThinkPHP\Common\functions.php 第 990 行.
NOTIC: [2] http_build_query(): Parameter 1 expected to be Array or Object.  Incorrect value given E:\wamp\www\ThinkAdmin\ThinkPHP\Common\functions.php 第 990 行.

[ 2016-07-01T11:58:17+08:00 ] ::1 /admin.php?m=&&m=Admin&c=category&a=index
INFO: [ app_init ] --START--
INFO: Run Behavior\BuildLiteBehavior [ RunTime:0.000000s ]
INFO: [ app_init ] --END-- [ RunTime:0.001000s ]
INFO: [ app_begin ] --START--
INFO: Run Behavior\ReadHtmlCacheBehavior [ RunTime:0.000000s ]
INFO: [ app_begin ] --END-- [ RunTime:0.000000s ]
SQL: SHOW COLUMNS FROM `category` [ RunTime:0.0300s ]
SQL: SELECT COUNT(*) AS tp_count FROM `category` LIMIT 1   [ RunTime:0.0300s ]
SQL: SELECT * FROM `category` ORDER BY type LIMIT 0,10   [ RunTime:0.0300s ]
SQL: SELECT * FROM `category` WHERE `id` = 0 LIMIT 1   [ RunTime:0.0300s ]
SQL: SELECT * FROM `category` WHERE `id` = 21 LIMIT 1   [ RunTime:0.0300s ]
SQL: SELECT * FROM `category` WHERE `id` = 21 LIMIT 1   [ RunTime:0.0300s ]
SQL: SELECT * FROM `category` WHERE `id` = 21 LIMIT 1   [ RunTime:0.0300s ]
SQL: SELECT * FROM `category` WHERE `id` = 21 LIMIT 1   [ RunTime:0.0300s ]
SQL: SELECT * FROM `category` WHERE `id` = 0 LIMIT 1   [ RunTime:0.0310s ]
SQL: SELECT * FROM `category` WHERE `id` = 0 LIMIT 1   [ RunTime:0.0300s ]
SQL: SELECT * FROM `category` WHERE `id` = 15 LIMIT 1   [ RunTime:0.0300s ]
SQL: SELECT * FROM `category` WHERE `id` = 0 LIMIT 1   [ RunTime:0.0300s ]
SQL: SELECT * FROM `category` WHERE `id` = 18 LIMIT 1   [ RunTime:0.0300s ]
SQL: SHOW COLUMNS FROM `circle` [ RunTime:0.0330s ]
SQL: SELECT * FROM `circle` ORDER BY id DESC  [ RunTime:0.0300s ]
SQL: SHOW COLUMNS FROM `area` [ RunTime:0.0300s ]
SQL: SELECT * FROM `area` ORDER BY id DESC  [ RunTime:0.0300s ]
INFO: [ view_parse ] --START--
INFO: [ template_filter ] --START--
INFO: Run Behavior\ContentReplaceBehavior [ RunTime:0.000000s ]
INFO: [ template_filter ] --END-- [ RunTime:0.000000s ]
INFO: Run Behavior\ParseTemplateBehavior [ RunTime:0.030002s ]
INFO: [ view_parse ] --END-- [ RunTime:0.031002s ]
INFO: [ view_filter ] --START--
INFO: Run Behavior\WriteHtmlCacheBehavior [ RunTime:0.001000s ]
INFO: [ view_filter ] --END-- [ RunTime:0.001000s ]
INFO: [ app_end ] --START--
INFO: Run Behavior\ShowPageTraceBehavior [ RunTime:0.002000s ]
INFO: [ app_end ] --END-- [ RunTime:0.002000s ]

[ 2016-07-01T12:00:42+08:00 ] ::1 /admin.php?m=&&m=Admin&c=category&a=index
INFO: [ app_init ] --START--
INFO: Run Behavior\BuildLiteBehavior [ RunTime:0.000000s ]
INFO: [ app_init ] --END-- [ RunTime:0.000000s ]
INFO: [ app_begin ] --START--
INFO: Run Behavior\ReadHtmlCacheBehavior [ RunTime:0.001000s ]
INFO: [ app_begin ] --END-- [ RunTime:0.001000s ]
SQL: SHOW COLUMNS FROM `category` [ RunTime:0.0300s ]
SQL: SELECT COUNT(*) AS tp_count FROM `category` LIMIT 1   [ RunTime:0.0300s ]
SQL: SELECT * FROM `category` ORDER BY type LIMIT 0,10   [ RunTime:0.0300s ]
SQL: SELECT * FROM `category` WHERE `id` = 0 LIMIT 1   [ RunTime:0.0300s ]
SQL: SELECT * FROM `category` WHERE `id` = 21 LIMIT 1   [ RunTime:0.0300s ]
SQL: SELECT * FROM `category` WHERE `id` = 21 LIMIT 1   [ RunTime:0.0300s ]
SQL: SELECT * FROM `category` WHERE `id` = 21 LIMIT 1   [ RunTime:0.0300s ]
SQL: SELECT * FROM `category` WHERE `id` = 21 LIMIT 1   [ RunTime:0.0290s ]
SQL: SELECT * FROM `category` WHERE `id` = 0 LIMIT 1   [ RunTime:0.0300s ]
SQL: SELECT * FROM `category` WHERE `id` = 0 LIMIT 1   [ RunTime:0.0290s ]
SQL: SELECT * FROM `category` WHERE `id` = 15 LIMIT 1   [ RunTime:0.0300s ]
SQL: SELECT * FROM `category` WHERE `id` = 0 LIMIT 1   [ RunTime:0.0300s ]
SQL: SELECT * FROM `category` WHERE `id` = 18 LIMIT 1   [ RunTime:0.0300s ]
SQL: SHOW COLUMNS FROM `circle` [ RunTime:0.0300s ]
SQL: SELECT * FROM `circle` ORDER BY id DESC  [ RunTime:0.0290s ]
SQL: SHOW COLUMNS FROM `area` [ RunTime:0.0300s ]
SQL: SELECT * FROM `area` ORDER BY id DESC  [ RunTime:0.0320s ]
INFO: [ view_parse ] --START--
INFO: [ template_filter ] --START--
INFO: Run Behavior\ContentReplaceBehavior [ RunTime:0.000000s ]
INFO: [ template_filter ] --END-- [ RunTime:0.000000s ]
INFO: Run Behavior\ParseTemplateBehavior [ RunTime:0.029001s ]
INFO: [ view_parse ] --END-- [ RunTime:0.030001s ]
INFO: [ view_filter ] --START--
INFO: Run Behavior\WriteHtmlCacheBehavior [ RunTime:0.000000s ]
INFO: [ view_filter ] --END-- [ RunTime:0.000000s ]
INFO: [ app_end ] --START--
INFO: Run Behavior\ShowPageTraceBehavior [ RunTime:0.001000s ]
INFO: [ app_end ] --END-- [ RunTime:0.002000s ]

[ 2016-07-01T12:00:46+08:00 ] ::1 /admin.php?m=Admin&c=category&a=delete_circle_area&type=1&id=6
INFO: [ app_init ] --START--
INFO: Run Behavior\BuildLiteBehavior [ RunTime:0.001000s ]
INFO: [ app_init ] --END-- [ RunTime:0.001000s ]
INFO: [ app_begin ] --START--
INFO: Run Behavior\ReadHtmlCacheBehavior [ RunTime:0.001000s ]
INFO: [ app_begin ] --END-- [ RunTime:0.002000s ]
NOTIC: [8] Undefined index: type E:\wamp\www\ThinkAdmin\Application\Admin\Controller\CategoryController.class.php 第 166 行.
SQL: SHOW COLUMNS FROM `area` [ RunTime:0.0310s ]
SQL: DELETE FROM `area` WHERE `id` = 6 [ RunTime:0.0310s ]
NOTIC: [8] Undefined variable: module E:\wamp\www\ThinkAdmin\ThinkPHP\Common\functions.php 第 990 行.
NOTIC: [8] Undefined variable: var E:\wamp\www\ThinkAdmin\ThinkPHP\Common\functions.php 第 990 行.
NOTIC: [2] array_reverse() expects parameter 1 to be array, null given E:\wamp\www\ThinkAdmin\ThinkPHP\Common\functions.php 第 990 行.
NOTIC: [2] http_build_query(): Parameter 1 expected to be Array or Object.  Incorrect value given E:\wamp\www\ThinkAdmin\ThinkPHP\Common\functions.php 第 990 行.

[ 2016-07-01T12:00:47+08:00 ] ::1 /admin.php?m=&&m=Admin&c=category&a=index
INFO: [ app_init ] --START--
INFO: Run Behavior\BuildLiteBehavior [ RunTime:0.000000s ]
INFO: [ app_init ] --END-- [ RunTime:0.001000s ]
INFO: [ app_begin ] --START--
INFO: Run Behavior\ReadHtmlCacheBehavior [ RunTime:0.001000s ]
INFO: [ app_begin ] --END-- [ RunTime:0.001000s ]
SQL: SHOW COLUMNS FROM `category` [ RunTime:0.0310s ]
SQL: SELECT COUNT(*) AS tp_count FROM `category` LIMIT 1   [ RunTime:0.0300s ]
SQL: SELECT * FROM `category` ORDER BY type LIMIT 0,10   [ RunTime:0.0300s ]
SQL: SELECT * FROM `category` WHERE `id` = 0 LIMIT 1   [ RunTime:0.0300s ]
SQL: SELECT * FROM `category` WHERE `id` = 21 LIMIT 1   [ RunTime:0.0300s ]
SQL: SELECT * FROM `category` WHERE `id` = 21 LIMIT 1   [ RunTime:0.0310s ]
SQL: SELECT * FROM `category` WHERE `id` = 21 LIMIT 1   [ RunTime:0.0300s ]
SQL: SELECT * FROM `category` WHERE `id` = 21 LIMIT 1   [ RunTime:0.0300s ]
SQL: SELECT * FROM `category` WHERE `id` = 0 LIMIT 1   [ RunTime:0.0300s ]
SQL: SELECT * FROM `category` WHERE `id` = 0 LIMIT 1   [ RunTime:0.0290s ]
SQL: SELECT * FROM `category` WHERE `id` = 15 LIMIT 1   [ RunTime:0.0300s ]
SQL: SELECT * FROM `category` WHERE `id` = 0 LIMIT 1   [ RunTime:0.0290s ]
SQL: SELECT * FROM `category` WHERE `id` = 18 LIMIT 1   [ RunTime:0.0300s ]
SQL: SHOW COLUMNS FROM `circle` [ RunTime:0.0320s ]
SQL: SELECT * FROM `circle` ORDER BY id DESC  [ RunTime:0.0290s ]
SQL: SHOW COLUMNS FROM `area` [ RunTime:0.0300s ]
SQL: SELECT * FROM `area` ORDER BY id DESC  [ RunTime:0.0300s ]
INFO: [ view_parse ] --START--
INFO: [ template_filter ] --START--
INFO: Run Behavior\ContentReplaceBehavior [ RunTime:0.000000s ]
INFO: [ template_filter ] --END-- [ RunTime:0.000000s ]
INFO: Run Behavior\ParseTemplateBehavior [ RunTime:0.029001s ]
INFO: [ view_parse ] --END-- [ RunTime:0.030002s ]
INFO: [ view_filter ] --START--
INFO: Run Behavior\WriteHtmlCacheBehavior [ RunTime:0.000000s ]
INFO: [ view_filter ] --END-- [ RunTime:0.001000s ]
INFO: [ app_end ] --START--
INFO: Run Behavior\ShowPageTraceBehavior [ RunTime:0.001000s ]
INFO: [ app_end ] --END-- [ RunTime:0.001000s ]

[ 2016-07-01T12:00:56+08:00 ] ::1 /admin.php?m=Admin&c=category&a=delete_circle_area&type=1&id=6
INFO: [ app_init ] --START--
INFO: Run Behavior\BuildLiteBehavior [ RunTime:0.000000s ]
INFO: [ app_init ] --END-- [ RunTime:0.000000s ]
INFO: [ app_begin ] --START--
INFO: Run Behavior\ReadHtmlCacheBehavior [ RunTime:0.000000s ]
INFO: [ app_begin ] --END-- [ RunTime:0.001000s ]
NOTIC: [8] Undefined index: type E:\wamp\www\ThinkAdmin\Application\Admin\Controller\CategoryController.class.php 第 166 行.
SQL: SHOW COLUMNS FROM `area` [ RunTime:0.0310s ]
SQL: DELETE FROM `area` WHERE `id` = 6 [ RunTime:0.0300s ]
NOTIC: [8] Undefined variable: module E:\wamp\www\ThinkAdmin\ThinkPHP\Common\functions.php 第 990 行.
NOTIC: [8] Undefined variable: var E:\wamp\www\ThinkAdmin\ThinkPHP\Common\functions.php 第 990 行.
NOTIC: [2] array_reverse() expects parameter 1 to be array, null given E:\wamp\www\ThinkAdmin\ThinkPHP\Common\functions.php 第 990 行.
NOTIC: [2] http_build_query(): Parameter 1 expected to be Array or Object.  Incorrect value given E:\wamp\www\ThinkAdmin\ThinkPHP\Common\functions.php 第 990 行.

[ 2016-07-01T12:00:57+08:00 ] ::1 /admin.php?m=&&m=Admin&c=category&a=index
INFO: [ app_init ] --START--
INFO: Run Behavior\BuildLiteBehavior [ RunTime:0.000000s ]
INFO: [ app_init ] --END-- [ RunTime:0.001000s ]
INFO: [ app_begin ] --START--
INFO: Run Behavior\ReadHtmlCacheBehavior [ RunTime:0.000000s ]
INFO: [ app_begin ] --END-- [ RunTime:0.000000s ]
SQL: SHOW COLUMNS FROM `category` [ RunTime:0.0310s ]
SQL: SELECT COUNT(*) AS tp_count FROM `category` LIMIT 1   [ RunTime:0.0300s ]
SQL: SELECT * FROM `category` ORDER BY type LIMIT 0,10   [ RunTime:0.0310s ]
SQL: SELECT * FROM `category` WHERE `id` = 0 LIMIT 1   [ RunTime:0.0290s ]
SQL: SELECT * FROM `category` WHERE `id` = 21 LIMIT 1   [ RunTime:0.0300s ]
SQL: SELECT * FROM `category` WHERE `id` = 21 LIMIT 1   [ RunTime:0.0330s ]
SQL: SELECT * FROM `category` WHERE `id` = 21 LIMIT 1   [ RunTime:0.0300s ]
SQL: SELECT * FROM `category` WHERE `id` = 21 LIMIT 1   [ RunTime:0.0300s ]
SQL: SELECT * FROM `category` WHERE `id` = 0 LIMIT 1   [ RunTime:0.0300s ]
SQL: SELECT * FROM `category` WHERE `id` = 0 LIMIT 1   [ RunTime:0.0310s ]
SQL: SELECT * FROM `category` WHERE `id` = 15 LIMIT 1   [ RunTime:0.0300s ]
SQL: SELECT * FROM `category` WHERE `id` = 0 LIMIT 1   [ RunTime:0.0300s ]
SQL: SELECT * FROM `category` WHERE `id` = 18 LIMIT 1   [ RunTime:0.0300s ]
SQL: SHOW COLUMNS FROM `circle` [ RunTime:0.0300s ]
SQL: SELECT * FROM `circle` ORDER BY id DESC  [ RunTime:0.0300s ]
SQL: SHOW COLUMNS FROM `area` [ RunTime:0.0300s ]
SQL: SELECT * FROM `area` ORDER BY id DESC  [ RunTime:0.0320s ]
INFO: [ view_parse ] --START--
INFO: [ template_filter ] --START--
INFO: Run Behavior\ContentReplaceBehavior [ RunTime:0.000000s ]
INFO: [ template_filter ] --END-- [ RunTime:0.000000s ]
INFO: Run Behavior\ParseTemplateBehavior [ RunTime:0.029002s ]
INFO: [ view_parse ] --END-- [ RunTime:0.029002s ]
INFO: [ view_filter ] --START--
INFO: Run Behavior\WriteHtmlCacheBehavior [ RunTime:0.000000s ]
INFO: [ view_filter ] --END-- [ RunTime:0.000000s ]
INFO: [ app_end ] --START--
INFO: Run Behavior\ShowPageTraceBehavior [ RunTime:0.000000s ]
INFO: [ app_end ] --END-- [ RunTime:0.000000s ]

[ 2016-07-01T12:01:14+08:00 ] ::1 /admin.php?m=&&m=Admin&c=category&a=index
INFO: [ app_init ] --START--
INFO: Run Behavior\BuildLiteBehavior [ RunTime:0.001000s ]
INFO: [ app_init ] --END-- [ RunTime:0.001000s ]
INFO: [ app_begin ] --START--
INFO: Run Behavior\ReadHtmlCacheBehavior [ RunTime:0.001000s ]
INFO: [ app_begin ] --END-- [ RunTime:0.001000s ]
SQL: SHOW COLUMNS FROM `category` [ RunTime:0.0300s ]
SQL: SELECT COUNT(*) AS tp_count FROM `category` LIMIT 1   [ RunTime:0.0310s ]
SQL: SELECT * FROM `category` ORDER BY type LIMIT 0,10   [ RunTime:0.0310s ]
SQL: SELECT * FROM `category` WHERE `id` = 0 LIMIT 1   [ RunTime:0.0300s ]
SQL: SELECT * FROM `category` WHERE `id` = 21 LIMIT 1   [ RunTime:0.0310s ]
SQL: SELECT * FROM `category` WHERE `id` = 21 LIMIT 1   [ RunTime:0.0300s ]
SQL: SELECT * FROM `category` WHERE `id` = 21 LIMIT 1   [ RunTime:0.0300s ]
SQL: SELECT * FROM `category` WHERE `id` = 21 LIMIT 1   [ RunTime:0.0300s ]
SQL: SELECT * FROM `category` WHERE `id` = 0 LIMIT 1   [ RunTime:0.0300s ]
SQL: SELECT * FROM `category` WHERE `id` = 0 LIMIT 1   [ RunTime:0.0290s ]
SQL: SELECT * FROM `category` WHERE `id` = 15 LIMIT 1   [ RunTime:0.0300s ]
SQL: SELECT * FROM `category` WHERE `id` = 0 LIMIT 1   [ RunTime:0.0290s ]
SQL: SELECT * FROM `category` WHERE `id` = 18 LIMIT 1   [ RunTime:0.0290s ]
SQL: SHOW COLUMNS FROM `circle` [ RunTime:0.0300s ]
SQL: SELECT * FROM `circle` ORDER BY id DESC  [ RunTime:0.0300s ]
SQL: SHOW COLUMNS FROM `area` [ RunTime:0.0300s ]
SQL: SELECT * FROM `area` ORDER BY id DESC  [ RunTime:0.0300s ]
INFO: [ view_parse ] --START--
INFO: [ template_filter ] --START--
INFO: Run Behavior\ContentReplaceBehavior [ RunTime:0.000000s ]
INFO: [ template_filter ] --END-- [ RunTime:0.001000s ]
INFO: Run Behavior\ParseTemplateBehavior [ RunTime:0.039003s ]
INFO: [ view_parse ] --END-- [ RunTime:0.041003s ]
INFO: [ view_filter ] --START--
INFO: Run Behavior\WriteHtmlCacheBehavior [ RunTime:0.001000s ]
INFO: [ view_filter ] --END-- [ RunTime:0.001000s ]
INFO: [ app_end ] --START--
INFO: Run Behavior\ShowPageTraceBehavior [ RunTime:0.001000s ]
INFO: [ app_end ] --END-- [ RunTime:0.001000s ]

[ 2016-07-01T12:01:19+08:00 ] ::1 /admin.php?m=Admin&c=category&a=delete_circle_area&type=1&id=6
INFO: [ app_init ] --START--
INFO: Run Behavior\BuildLiteBehavior [ RunTime:0.000000s ]
INFO: [ app_init ] --END-- [ RunTime:0.001000s ]
INFO: [ app_begin ] --START--
INFO: Run Behavior\ReadHtmlCacheBehavior [ RunTime:0.001000s ]
INFO: [ app_begin ] --END-- [ RunTime:0.001000s ]
NOTIC: [8] Undefined index: type E:\wamp\www\ThinkAdmin\Application\Admin\Controller\CategoryController.class.php 第 166 行.
SQL: SHOW COLUMNS FROM `area` [ RunTime:0.0290s ]
SQL: DELETE FROM `area` WHERE `id` = 6 [ RunTime:0.0300s ]
NOTIC: [8] Undefined variable: module E:\wamp\www\ThinkAdmin\ThinkPHP\Common\functions.php 第 990 行.
NOTIC: [8] Undefined variable: var E:\wamp\www\ThinkAdmin\ThinkPHP\Common\functions.php 第 990 行.
NOTIC: [2] array_reverse() expects parameter 1 to be array, null given E:\wamp\www\ThinkAdmin\ThinkPHP\Common\functions.php 第 990 行.
NOTIC: [2] http_build_query(): Parameter 1 expected to be Array or Object.  Incorrect value given E:\wamp\www\ThinkAdmin\ThinkPHP\Common\functions.php 第 990 行.

[ 2016-07-01T12:01:19+08:00 ] ::1 /admin.php?m=&&m=Admin&c=category&a=index
INFO: [ app_init ] --START--
INFO: Run Behavior\BuildLiteBehavior [ RunTime:0.000000s ]
INFO: [ app_init ] --END-- [ RunTime:0.001000s ]
INFO: [ app_begin ] --START--
INFO: Run Behavior\ReadHtmlCacheBehavior [ RunTime:0.000000s ]
INFO: [ app_begin ] --END-- [ RunTime:0.001000s ]
SQL: SHOW COLUMNS FROM `category` [ RunTime:0.0310s ]
SQL: SELECT COUNT(*) AS tp_count FROM `category` LIMIT 1   [ RunTime:0.0300s ]
SQL: SELECT * FROM `category` ORDER BY type LIMIT 0,10   [ RunTime:0.0310s ]
SQL: SELECT * FROM `category` WHERE `id` = 0 LIMIT 1   [ RunTime:0.0310s ]
SQL: SELECT * FROM `category` WHERE `id` = 21 LIMIT 1   [ RunTime:0.0300s ]
SQL: SELECT * FROM `category` WHERE `id` = 21 LIMIT 1   [ RunTime:0.0350s ]
SQL: SELECT * FROM `category` WHERE `id` = 21 LIMIT 1   [ RunTime:0.0300s ]
SQL: SELECT * FROM `category` WHERE `id` = 21 LIMIT 1   [ RunTime:0.0300s ]
SQL: SELECT * FROM `category` WHERE `id` = 0 LIMIT 1   [ RunTime:0.0300s ]
SQL: SELECT * FROM `category` WHERE `id` = 0 LIMIT 1   [ RunTime:0.0300s ]
SQL: SELECT * FROM `category` WHERE `id` = 15 LIMIT 1   [ RunTime:0.0300s ]
SQL: SELECT * FROM `category` WHERE `id` = 0 LIMIT 1   [ RunTime:0.0300s ]
SQL: SELECT * FROM `category` WHERE `id` = 18 LIMIT 1   [ RunTime:0.0310s ]
SQL: SHOW COLUMNS FROM `circle` [ RunTime:0.0310s ]
SQL: SELECT * FROM `circle` ORDER BY id DESC  [ RunTime:0.0300s ]
SQL: SHOW COLUMNS FROM `area` [ RunTime:0.0310s ]
SQL: SELECT * FROM `area` ORDER BY id DESC  [ RunTime:0.0300s ]
INFO: [ view_parse ] --START--
INFO: [ template_filter ] --START--
INFO: Run Behavior\ContentReplaceBehavior [ RunTime:0.000000s ]
INFO: [ template_filter ] --END-- [ RunTime:0.001000s ]
INFO: Run Behavior\ParseTemplateBehavior [ RunTime:0.030002s ]
INFO: [ view_parse ] --END-- [ RunTime:0.030002s ]
INFO: [ view_filter ] --START--
INFO: Run Behavior\WriteHtmlCacheBehavior [ RunTime:0.000000s ]
INFO: [ view_filter ] --END-- [ RunTime:0.000000s ]
INFO: [ app_end ] --START--
INFO: Run Behavior\ShowPageTraceBehavior [ RunTime:0.000000s ]
INFO: [ app_end ] --END-- [ RunTime:0.000000s ]

[ 2016-07-01T12:01:46+08:00 ] ::1 /admin.php?m=Admin&c=category&a=delete_circle_area&type=1&id=6
INFO: [ app_init ] --START--
INFO: Run Behavior\BuildLiteBehavior [ RunTime:0.000000s ]
INFO: [ app_init ] --END-- [ RunTime:0.000000s ]
INFO: [ app_begin ] --START--
INFO: Run Behavior\ReadHtmlCacheBehavior [ RunTime:0.001000s ]
INFO: [ app_begin ] --END-- [ RunTime:0.001000s ]
SQL: SHOW COLUMNS FROM `circle` [ RunTime:0.0300s ]
SQL: DELETE FROM `circle` WHERE `id` = 6 [ RunTime:0.0410s ]
INFO: [ app_end ] --START--
INFO: Run Behavior\ShowPageTraceBehavior [ RunTime:0.001000s ]
INFO: [ app_end ] --END-- [ RunTime:0.001000s ]

[ 2016-07-01T12:01:56+08:00 ] ::1 /admin.php?m=&&m=Admin&c=category&a=index
INFO: [ app_init ] --START--
INFO: Run Behavior\BuildLiteBehavior [ RunTime:0.000000s ]
INFO: [ app_init ] --END-- [ RunTime:0.000000s ]
INFO: [ app_begin ] --START--
INFO: Run Behavior\ReadHtmlCacheBehavior [ RunTime:0.001000s ]
INFO: [ app_begin ] --END-- [ RunTime:0.001000s ]
SQL: SHOW COLUMNS FROM `category` [ RunTime:0.0320s ]
SQL: SELECT COUNT(*) AS tp_count FROM `category` LIMIT 1   [ RunTime:0.0300s ]
SQL: SELECT * FROM `category` ORDER BY type LIMIT 0,10   [ RunTime:0.0300s ]
SQL: SELECT * FROM `category` WHERE `id` = 0 LIMIT 1   [ RunTime:0.0300s ]
SQL: SELECT * FROM `category` WHERE `id` = 21 LIMIT 1   [ RunTime:0.0300s ]
SQL: SELECT * FROM `category` WHERE `id` = 21 LIMIT 1   [ RunTime:0.0290s ]
SQL: SELECT * FROM `category` WHERE `id` = 21 LIMIT 1   [ RunTime:0.0300s ]
SQL: SELECT * FROM `category` WHERE `id` = 21 LIMIT 1   [ RunTime:0.0300s ]
SQL: SELECT * FROM `category` WHERE `id` = 0 LIMIT 1   [ RunTime:0.0310s ]
SQL: SELECT * FROM `category` WHERE `id` = 0 LIMIT 1   [ RunTime:0.0290s ]
SQL: SELECT * FROM `category` WHERE `id` = 15 LIMIT 1   [ RunTime:0.0300s ]
SQL: SELECT * FROM `category` WHERE `id` = 0 LIMIT 1   [ RunTime:0.0300s ]
SQL: SELECT * FROM `category` WHERE `id` = 18 LIMIT 1   [ RunTime:0.0300s ]
SQL: SHOW COLUMNS FROM `circle` [ RunTime:0.0310s ]
SQL: SELECT * FROM `circle` ORDER BY id DESC  [ RunTime:0.0300s ]
SQL: SHOW COLUMNS FROM `area` [ RunTime:0.0320s ]
SQL: SELECT * FROM `area` ORDER BY id DESC  [ RunTime:0.0300s ]
INFO: [ view_parse ] --START--
INFO: [ template_filter ] --START--
INFO: Run Behavior\ContentReplaceBehavior [ RunTime:0.000000s ]
INFO: [ template_filter ] --END-- [ RunTime:0.001000s ]
INFO: Run Behavior\ParseTemplateBehavior [ RunTime:0.030002s ]
INFO: [ view_parse ] --END-- [ RunTime:0.030002s ]
INFO: [ view_filter ] --START--
INFO: Run Behavior\WriteHtmlCacheBehavior [ RunTime:0.000000s ]
INFO: [ view_filter ] --END-- [ RunTime:0.001000s ]
INFO: [ app_end ] --START--
INFO: Run Behavior\ShowPageTraceBehavior [ RunTime:0.001000s ]
INFO: [ app_end ] --END-- [ RunTime:0.001000s ]

[ 2016-07-01T12:02:06+08:00 ] ::1 /admin.php?m=Admin&c=category&a=delete_circle_area&type=2&id=3
INFO: [ app_init ] --START--
INFO: Run Behavior\BuildLiteBehavior [ RunTime:0.000000s ]
INFO: [ app_init ] --END-- [ RunTime:0.000000s ]
INFO: [ app_begin ] --START--
INFO: Run Behavior\ReadHtmlCacheBehavior [ RunTime:0.000000s ]
INFO: [ app_begin ] --END-- [ RunTime:0.001000s ]
SQL: SHOW COLUMNS FROM `area` [ RunTime:0.0310s ]
SQL: DELETE FROM `area` WHERE `id` = 3 [ RunTime:0.0430s ]
NOTIC: [8] Undefined variable: module E:\wamp\www\ThinkAdmin\ThinkPHP\Common\functions.php 第 990 行.
NOTIC: [8] Undefined variable: var E:\wamp\www\ThinkAdmin\ThinkPHP\Common\functions.php 第 990 行.
NOTIC: [2] array_reverse() expects parameter 1 to be array, null given E:\wamp\www\ThinkAdmin\ThinkPHP\Common\functions.php 第 990 行.
NOTIC: [2] http_build_query(): Parameter 1 expected to be Array or Object.  Incorrect value given E:\wamp\www\ThinkAdmin\ThinkPHP\Common\functions.php 第 990 行.

[ 2016-07-01T12:02:06+08:00 ] ::1 /admin.php?m=&&m=Admin&c=category&a=index
INFO: [ app_init ] --START--
INFO: Run Behavior\BuildLiteBehavior [ RunTime:0.000000s ]
INFO: [ app_init ] --END-- [ RunTime:0.000000s ]
INFO: [ app_begin ] --START--
INFO: Run Behavior\ReadHtmlCacheBehavior [ RunTime:0.001000s ]
INFO: [ app_begin ] --END-- [ RunTime:0.001000s ]
SQL: SHOW COLUMNS FROM `category` [ RunTime:0.0310s ]
SQL: SELECT COUNT(*) AS tp_count FROM `category` LIMIT 1   [ RunTime:0.0300s ]
SQL: SELECT * FROM `category` ORDER BY type LIMIT 0,10   [ RunTime:0.0300s ]
SQL: SELECT * FROM `category` WHERE `id` = 0 LIMIT 1   [ RunTime:0.0300s ]
SQL: SELECT * FROM `category` WHERE `id` = 21 LIMIT 1   [ RunTime:0.0300s ]
SQL: SELECT * FROM `category` WHERE `id` = 21 LIMIT 1   [ RunTime:0.0300s ]
SQL: SELECT * FROM `category` WHERE `id` = 21 LIMIT 1   [ RunTime:0.0300s ]
SQL: SELECT * FROM `category` WHERE `id` = 21 LIMIT 1   [ RunTime:0.0310s ]
SQL: SELECT * FROM `category` WHERE `id` = 0 LIMIT 1   [ RunTime:0.0300s ]
SQL: SELECT * FROM `category` WHERE `id` = 0 LIMIT 1   [ RunTime:0.0290s ]
SQL: SELECT * FROM `category` WHERE `id` = 15 LIMIT 1   [ RunTime:0.0300s ]
SQL: SELECT * FROM `category` WHERE `id` = 0 LIMIT 1   [ RunTime:0.0310s ]
SQL: SELECT * FROM `category` WHERE `id` = 18 LIMIT 1   [ RunTime:0.0300s ]
SQL: SHOW COLUMNS FROM `circle` [ RunTime:0.0310s ]
SQL: SELECT * FROM `circle` ORDER BY id DESC  [ RunTime:0.0300s ]
SQL: SHOW COLUMNS FROM `area` [ RunTime:0.0300s ]
SQL: SELECT * FROM `area` ORDER BY id DESC  [ RunTime:0.0300s ]
INFO: [ view_parse ] --START--
INFO: [ template_filter ] --START--
INFO: Run Behavior\ContentReplaceBehavior [ RunTime:0.000000s ]
INFO: [ template_filter ] --END-- [ RunTime:0.000000s ]
INFO: Run Behavior\ParseTemplateBehavior [ RunTime:0.031002s ]
INFO: [ view_parse ] --END-- [ RunTime:0.031002s ]
INFO: [ view_filter ] --START--
INFO: Run Behavior\WriteHtmlCacheBehavior [ RunTime:0.000000s ]
INFO: [ view_filter ] --END-- [ RunTime:0.000000s ]
INFO: [ app_end ] --START--
INFO: Run Behavior\ShowPageTraceBehavior [ RunTime:0.000000s ]
INFO: [ app_end ] --END-- [ RunTime:0.000000s ]

[ 2016-07-01T12:10:14+08:00 ] ::1 /admin.php?m=&&m=Admin&c=category&a=index
INFO: [ app_init ] --START--
INFO: Run Behavior\BuildLiteBehavior [ RunTime:0.000000s ]
INFO: [ app_init ] --END-- [ RunTime:0.001000s ]
INFO: [ app_begin ] --START--
INFO: Run Behavior\ReadHtmlCacheBehavior [ RunTime:0.000000s ]
INFO: [ app_begin ] --END-- [ RunTime:0.000000s ]
SQL: SHOW COLUMNS FROM `category` [ RunTime:0.0330s ]
SQL: SELECT COUNT(*) AS tp_count FROM `category` LIMIT 1   [ RunTime:0.0300s ]
SQL: SELECT * FROM `category` ORDER BY type LIMIT 0,10   [ RunTime:0.0310s ]
SQL: SELECT * FROM `category` WHERE `id` = 0 LIMIT 1   [ RunTime:0.0300s ]
SQL: SELECT * FROM `category` WHERE `id` = 21 LIMIT 1   [ RunTime:0.0300s ]
SQL: SELECT * FROM `category` WHERE `id` = 21 LIMIT 1   [ RunTime:0.0300s ]
SQL: SELECT * FROM `category` WHERE `id` = 21 LIMIT 1   [ RunTime:0.0300s ]
SQL: SELECT * FROM `category` WHERE `id` = 21 LIMIT 1   [ RunTime:0.0300s ]
SQL: SELECT * FROM `category` WHERE `id` = 0 LIMIT 1   [ RunTime:0.0300s ]
SQL: SELECT * FROM `category` WHERE `id` = 0 LIMIT 1   [ RunTime:0.0300s ]
SQL: SELECT * FROM `category` WHERE `id` = 15 LIMIT 1   [ RunTime:0.0310s ]
SQL: SELECT * FROM `category` WHERE `id` = 0 LIMIT 1   [ RunTime:0.0310s ]
SQL: SELECT * FROM `category` WHERE `id` = 18 LIMIT 1   [ RunTime:0.0310s ]
SQL: SHOW COLUMNS FROM `circle` [ RunTime:0.0310s ]
SQL: SELECT * FROM `circle` ORDER BY id DESC  [ RunTime:0.0300s ]
SQL: SHOW COLUMNS FROM `area` [ RunTime:0.0310s ]
SQL: SELECT * FROM `area` ORDER BY id DESC  [ RunTime:0.0300s ]
INFO: [ view_parse ] --START--
INFO: [ template_filter ] --START--
INFO: Run Behavior\ContentReplaceBehavior [ RunTime:0.000000s ]
INFO: [ template_filter ] --END-- [ RunTime:0.000000s ]
INFO: Run Behavior\ParseTemplateBehavior [ RunTime:0.031002s ]
INFO: [ view_parse ] --END-- [ RunTime:0.031002s ]
INFO: [ view_filter ] --START--
INFO: Run Behavior\WriteHtmlCacheBehavior [ RunTime:0.001000s ]
INFO: [ view_filter ] --END-- [ RunTime:0.001000s ]
INFO: [ app_end ] --START--
INFO: Run Behavior\ShowPageTraceBehavior [ RunTime:0.001000s ]
INFO: [ app_end ] --END-- [ RunTime:0.001000s ]

[ 2016-07-01T12:10:17+08:00 ] ::1 /admin.php?m=Admin&c=category&a=update_circle_area&type=1&id=5
INFO: [ app_init ] --START--
INFO: Run Behavior\BuildLiteBehavior [ RunTime:0.000000s ]
INFO: [ app_init ] --END-- [ RunTime:0.001000s ]
INFO: [ app_begin ] --START--
INFO: Run Behavior\ReadHtmlCacheBehavior [ RunTime:0.001000s ]
INFO: [ app_begin ] --END-- [ RunTime:0.001000s ]
INFO: [ view_parse ] --START--
INFO: [ template_filter ] --START--
INFO: Run Behavior\ContentReplaceBehavior [ RunTime:0.000000s ]
INFO: [ template_filter ] --END-- [ RunTime:0.000000s ]
INFO: Run Behavior\ParseTemplateBehavior [ RunTime:0.013001s ]
INFO: [ view_parse ] --END-- [ RunTime:0.013001s ]
INFO: [ view_filter ] --START--
INFO: Run Behavior\WriteHtmlCacheBehavior [ RunTime:0.001000s ]
INFO: [ view_filter ] --END-- [ RunTime:0.001000s ]
INFO: [ app_end ] --START--
INFO: Run Behavior\ShowPageTraceBehavior [ RunTime:0.001000s ]
INFO: [ app_end ] --END-- [ RunTime:0.001000s ]

[ 2016-07-01T12:10:28+08:00 ] ::1 /admin.php?m=Admin&c=category&a=update_circle_area
INFO: [ app_init ] --START--
INFO: Run Behavior\BuildLiteBehavior [ RunTime:0.001000s ]
INFO: [ app_init ] --END-- [ RunTime:0.001000s ]
INFO: [ app_begin ] --START--
INFO: Run Behavior\ReadHtmlCacheBehavior [ RunTime:0.000000s ]
INFO: [ app_begin ] --END-- [ RunTime:0.000000s ]
SQL: SHOW COLUMNS FROM `circle` [ RunTime:0.0300s ]
SQL: UPDATE `circle` SET `name`='1' WHERE `id` = 5 [ RunTime:0.0370s ]
NOTIC: [8] Undefined variable: module E:\wamp\www\ThinkAdmin\ThinkPHP\Common\functions.php 第 990 行.
NOTIC: [8] Undefined variable: var E:\wamp\www\ThinkAdmin\ThinkPHP\Common\functions.php 第 990 行.
NOTIC: [2] array_reverse() expects parameter 1 to be array, null given E:\wamp\www\ThinkAdmin\ThinkPHP\Common\functions.php 第 990 行.
NOTIC: [2] http_build_query(): Parameter 1 expected to be Array or Object.  Incorrect value given E:\wamp\www\ThinkAdmin\ThinkPHP\Common\functions.php 第 990 行.

[ 2016-07-01T12:10:29+08:00 ] ::1 /admin.php?m=&&m=Admin&c=category&a=index
INFO: [ app_init ] --START--
INFO: Run Behavior\BuildLiteBehavior [ RunTime:0.000000s ]
INFO: [ app_init ] --END-- [ RunTime:0.000000s ]
INFO: [ app_begin ] --START--
INFO: Run Behavior\ReadHtmlCacheBehavior [ RunTime:0.000000s ]
INFO: [ app_begin ] --END-- [ RunTime:0.000000s ]
SQL: SHOW COLUMNS FROM `category` [ RunTime:0.0310s ]
SQL: SELECT COUNT(*) AS tp_count FROM `category` LIMIT 1   [ RunTime:0.0300s ]
SQL: SELECT * FROM `category` ORDER BY type LIMIT 0,10   [ RunTime:0.0310s ]
SQL: SELECT * FROM `category` WHERE `id` = 0 LIMIT 1   [ RunTime:0.0300s ]
SQL: SELECT * FROM `category` WHERE `id` = 21 LIMIT 1   [ RunTime:0.0300s ]
SQL: SELECT * FROM `category` WHERE `id` = 21 LIMIT 1   [ RunTime:0.0300s ]
SQL: SELECT * FROM `category` WHERE `id` = 21 LIMIT 1   [ RunTime:0.0300s ]
SQL: SELECT * FROM `category` WHERE `id` = 21 LIMIT 1   [ RunTime:0.0300s ]
SQL: SELECT * FROM `category` WHERE `id` = 0 LIMIT 1   [ RunTime:0.0300s ]
SQL: SELECT * FROM `category` WHERE `id` = 0 LIMIT 1   [ RunTime:0.0300s ]
SQL: SELECT * FROM `category` WHERE `id` = 15 LIMIT 1   [ RunTime:0.0300s ]
SQL: SELECT * FROM `category` WHERE `id` = 0 LIMIT 1   [ RunTime:0.0300s ]
SQL: SELECT * FROM `category` WHERE `id` = 18 LIMIT 1   [ RunTime:0.0320s ]
SQL: SHOW COLUMNS FROM `circle` [ RunTime:0.0310s ]
SQL: SELECT * FROM `circle` ORDER BY id DESC  [ RunTime:0.0300s ]
SQL: SHOW COLUMNS FROM `area` [ RunTime:0.0310s ]
SQL: SELECT * FROM `area` ORDER BY id DESC  [ RunTime:0.0300s ]
INFO: [ view_parse ] --START--
INFO: [ template_filter ] --START--
INFO: Run Behavior\ContentReplaceBehavior [ RunTime:0.000000s ]
INFO: [ template_filter ] --END-- [ RunTime:0.000000s ]
INFO: Run Behavior\ParseTemplateBehavior [ RunTime:0.029002s ]
INFO: [ view_parse ] --END-- [ RunTime:0.029002s ]
INFO: [ view_filter ] --START--
INFO: Run Behavior\WriteHtmlCacheBehavior [ RunTime:0.001000s ]
INFO: [ view_filter ] --END-- [ RunTime:0.001000s ]
INFO: [ app_end ] --START--
INFO: Run Behavior\ShowPageTraceBehavior [ RunTime:0.001000s ]
INFO: [ app_end ] --END-- [ RunTime:0.001000s ]

