[ 2016-07-04T19:20:25+08:00 ] ::1 /admin.php
INFO: [ app_init ] --START--
INFO: Run Behavior\BuildLiteBehavior [ RunTime:0.000000s ]
INFO: [ app_init ] --END-- [ RunTime:0.022002s ]
INFO: [ app_begin ] --START--
INFO: Run Behavior\ReadHtmlCacheBehavior [ RunTime:0.001000s ]
INFO: [ app_begin ] --END-- [ RunTime:0.001000s ]

[ 2016-07-04T19:20:25+08:00 ] ::1 /admin.php?m=Admin&c=Login&a=index
INFO: [ app_init ] --START--
INFO: Run Behavior\BuildLiteBehavior [ RunTime:0.000000s ]
INFO: [ app_init ] --END-- [ RunTime:0.000000s ]
INFO: [ app_begin ] --START--
INFO: Run Behavior\ReadHtmlCacheBehavior [ RunTime:0.001000s ]
INFO: [ app_begin ] --END-- [ RunTime:0.001000s ]
INFO: [ view_parse ] --START--
INFO: [ template_filter ] --START--
INFO: Run Behavior\ContentReplaceBehavior [ RunTime:0.000000s ]
INFO: [ template_filter ] --END-- [ RunTime:0.000000s ]
INFO: Run Behavior\ParseTemplateBehavior [ RunTime:0.042003s ]
INFO: [ view_parse ] --END-- [ RunTime:0.042003s ]
INFO: [ view_filter ] --START--
INFO: Run Behavior\WriteHtmlCacheBehavior [ RunTime:0.001000s ]
INFO: [ view_filter ] --END-- [ RunTime:0.001000s ]
INFO: [ app_end ] --START--
INFO: Run Behavior\ShowPageTraceBehavior [ RunTime:0.001000s ]
INFO: [ app_end ] --END-- [ RunTime:0.001000s ]

[ 2016-07-04T19:20:26+08:00 ] ::1 /admin.php?m=Admin&c=login&a=verify
INFO: [ app_init ] --START--
INFO: Run Behavior\BuildLiteBehavior [ RunTime:0.000000s ]
INFO: [ app_init ] --END-- [ RunTime:0.000000s ]
INFO: [ app_begin ] --START--
INFO: Run Behavior\ReadHtmlCacheBehavior [ RunTime:0.000000s ]
INFO: [ app_begin ] --END-- [ RunTime:0.000000s ]
INFO: [ app_end ] --START--
INFO: Run Behavior\ShowPageTraceBehavior [ RunTime:0.000000s ]
INFO: [ app_end ] --END-- [ RunTime:0.001000s ]

[ 2016-07-04T19:20:29+08:00 ] ::1 /admin.php?m=Admin&c=login&a=verify&random=28
INFO: [ app_init ] --START--
INFO: Run Behavior\BuildLiteBehavior [ RunTime:0.000000s ]
INFO: [ app_init ] --END-- [ RunTime:0.001000s ]
INFO: [ app_begin ] --START--
INFO: Run Behavior\ReadHtmlCacheBehavior [ RunTime:0.000000s ]
INFO: [ app_begin ] --END-- [ RunTime:0.000000s ]
INFO: [ app_end ] --START--
INFO: Run Behavior\ShowPageTraceBehavior [ RunTime:0.000000s ]
INFO: [ app_end ] --END-- [ RunTime:0.000000s ]

[ 2016-07-04T19:20:33+08:00 ] ::1 /admin.php?m=Admin&c=login&a=login
INFO: [ app_init ] --START--
INFO: Run Behavior\BuildLiteBehavior [ RunTime:0.000000s ]
INFO: [ app_init ] --END-- [ RunTime:0.001001s ]
INFO: [ app_begin ] --START--
INFO: Run Behavior\ReadHtmlCacheBehavior [ RunTime:0.000000s ]
INFO: [ app_begin ] --END-- [ RunTime:0.000000s ]
SQL: SHOW COLUMNS FROM `member` [ RunTime:0.0310s ]
INFO: [ view_parse ] --START--
INFO: [ template_filter ] --START--
INFO: Run Behavior\ContentReplaceBehavior [ RunTime:0.000000s ]
INFO: [ template_filter ] --END-- [ RunTime:0.001000s ]
INFO: Run Behavior\ParseTemplateBehavior [ RunTime:0.021001s ]
INFO: [ view_parse ] --END-- [ RunTime:0.022001s ]
INFO: [ view_filter ] --START--
INFO: Run Behavior\WriteHtmlCacheBehavior [ RunTime:0.000000s ]
INFO: [ view_filter ] --END-- [ RunTime:0.000000s ]

[ 2016-07-04T19:20:38+08:00 ] ::1 /admin.php?m=Admin&c=login&a=verify&random=308
INFO: [ app_init ] --START--
INFO: Run Behavior\BuildLiteBehavior [ RunTime:0.000000s ]
INFO: [ app_init ] --END-- [ RunTime:0.000000s ]
INFO: [ app_begin ] --START--
INFO: Run Behavior\ReadHtmlCacheBehavior [ RunTime:0.000000s ]
INFO: [ app_begin ] --END-- [ RunTime:0.002000s ]
INFO: [ app_end ] --START--
INFO: Run Behavior\ShowPageTraceBehavior [ RunTime:0.002001s ]
INFO: [ app_end ] --END-- [ RunTime:0.002001s ]

[ 2016-07-04T19:20:43+08:00 ] ::1 /admin.php?m=Admin&c=login&a=login
INFO: [ app_init ] --START--
INFO: Run Behavior\BuildLiteBehavior [ RunTime:0.000000s ]
INFO: [ app_init ] --END-- [ RunTime:0.001000s ]
INFO: [ app_begin ] --START--
INFO: Run Behavior\ReadHtmlCacheBehavior [ RunTime:0.000000s ]
INFO: [ app_begin ] --END-- [ RunTime:0.000000s ]
SQL: SHOW COLUMNS FROM `member` [ RunTime:0.0310s ]
INFO: [ view_parse ] --START--
INFO: [ template_filter ] --START--
INFO: Run Behavior\ContentReplaceBehavior [ RunTime:0.000000s ]
INFO: [ template_filter ] --END-- [ RunTime:0.000000s ]
INFO: Run Behavior\ParseTemplateBehavior [ RunTime:0.009000s ]
INFO: [ view_parse ] --END-- [ RunTime:0.009000s ]
INFO: [ view_filter ] --START--
INFO: Run Behavior\WriteHtmlCacheBehavior [ RunTime:0.000000s ]
INFO: [ view_filter ] --END-- [ RunTime:0.000000s ]

[ 2016-07-04T19:20:47+08:00 ] ::1 /admin.php?m=Admin&c=login&a=verify&random=106
INFO: [ app_init ] --START--
INFO: Run Behavior\BuildLiteBehavior [ RunTime:0.000000s ]
INFO: [ app_init ] --END-- [ RunTime:0.001001s ]
INFO: [ app_begin ] --START--
INFO: Run Behavior\ReadHtmlCacheBehavior [ RunTime:0.001000s ]
INFO: [ app_begin ] --END-- [ RunTime:0.001000s ]
INFO: [ app_end ] --START--
INFO: Run Behavior\ShowPageTraceBehavior [ RunTime:0.001000s ]
INFO: [ app_end ] --END-- [ RunTime:0.001000s ]

[ 2016-07-04T19:20:51+08:00 ] ::1 /admin.php?m=Admin&c=login&a=login
INFO: [ app_init ] --START--
INFO: Run Behavior\BuildLiteBehavior [ RunTime:0.000000s ]
INFO: [ app_init ] --END-- [ RunTime:0.001000s ]
INFO: [ app_begin ] --START--
INFO: Run Behavior\ReadHtmlCacheBehavior [ RunTime:0.001000s ]
INFO: [ app_begin ] --END-- [ RunTime:0.001000s ]
SQL: SHOW COLUMNS FROM `member` [ RunTime:0.0310s ]
INFO: [ view_parse ] --START--
INFO: [ template_filter ] --START--
INFO: Run Behavior\ContentReplaceBehavior [ RunTime:0.001000s ]
INFO: [ template_filter ] --END-- [ RunTime:0.001000s ]
INFO: Run Behavior\ParseTemplateBehavior [ RunTime:0.009001s ]
INFO: [ view_parse ] --END-- [ RunTime:0.009001s ]
INFO: [ view_filter ] --START--
INFO: Run Behavior\WriteHtmlCacheBehavior [ RunTime:0.001000s ]
INFO: [ view_filter ] --END-- [ RunTime:0.001000s ]

[ 2016-07-04T19:20:55+08:00 ] ::1 /admin.php?m=Admin&c=login&a=verify&random=772
INFO: [ app_init ] --START--
INFO: Run Behavior\BuildLiteBehavior [ RunTime:0.000000s ]
INFO: [ app_init ] --END-- [ RunTime:0.000000s ]
INFO: [ app_begin ] --START--
INFO: Run Behavior\ReadHtmlCacheBehavior [ RunTime:0.001000s ]
INFO: [ app_begin ] --END-- [ RunTime:0.001000s ]
INFO: [ app_end ] --START--
INFO: Run Behavior\ShowPageTraceBehavior [ RunTime:0.001001s ]
INFO: [ app_end ] --END-- [ RunTime:0.001001s ]

[ 2016-07-04T19:20:59+08:00 ] ::1 /admin.php?m=Admin&c=login&a=login
INFO: [ app_init ] --START--
INFO: Run Behavior\BuildLiteBehavior [ RunTime:0.000000s ]
INFO: [ app_init ] --END-- [ RunTime:0.001000s ]
INFO: [ app_begin ] --START--
INFO: Run Behavior\ReadHtmlCacheBehavior [ RunTime:0.000000s ]
INFO: [ app_begin ] --END-- [ RunTime:0.001000s ]
SQL: SHOW COLUMNS FROM `member` [ RunTime:0.0320s ]
SQL: SELECT * FROM `member` WHERE `username` = 'admin' AND `password` = '21232f297a57a5a743894a0e4a801fc3' LIMIT 1   [ RunTime:0.0310s ]
SQL: UPDATE `member` SET `update_at`='1467631259',`login_ip`='0.0.0.0' WHERE `id` = 1 [ RunTime:0.0670s ]
INFO: [ view_parse ] --START--
INFO: [ template_filter ] --START--
INFO: Run Behavior\ContentReplaceBehavior [ RunTime:0.000000s ]
INFO: [ template_filter ] --END-- [ RunTime:0.000000s ]
INFO: Run Behavior\ParseTemplateBehavior [ RunTime:0.012000s ]
INFO: [ view_parse ] --END-- [ RunTime:0.012000s ]
INFO: [ view_filter ] --START--
INFO: Run Behavior\WriteHtmlCacheBehavior [ RunTime:0.000000s ]
INFO: [ view_filter ] --END-- [ RunTime:0.001001s ]
INFO: [ app_end ] --START--
INFO: Run Behavior\ShowPageTraceBehavior [ RunTime:0.001000s ]
INFO: [ app_end ] --END-- [ RunTime:0.001000s ]

[ 2016-07-04T19:21:01+08:00 ] ::1 /admin.php?m=Admin&c=Index&a=index
INFO: [ app_init ] --START--
INFO: Run Behavior\BuildLiteBehavior [ RunTime:0.000000s ]
INFO: [ app_init ] --END-- [ RunTime:0.001000s ]
INFO: [ app_begin ] --START--
INFO: Run Behavior\ReadHtmlCacheBehavior [ RunTime:0.000000s ]
INFO: [ app_begin ] --END-- [ RunTime:0.001001s ]
SQL: SHOW COLUMNS FROM `course_order` [ RunTime:0.0330s ]
SQL: SELECT count(*) as count,o.status FROM course_order o INNER JOIN course c on c.id = o.course_id INNER JOIN member m on m.id = o.user_id INNER JOIN branch b on b.id = c.branchId INNER JOIN grocery g on g.id = b.groId  GROUP BY o.status  [ RunTime:0.0320s ]
NOTIC: [8] Undefined offset: 3 E:\wamp\www\ThinkAdmin\Application\Admin\Controller\IndexController.class.php 第 24 行.
NOTIC: [8] Undefined offset: 5 E:\wamp\www\ThinkAdmin\Application\Admin\Controller\IndexController.class.php 第 24 行.
INFO: [ view_parse ] --START--
INFO: [ template_filter ] --START--
INFO: Run Behavior\ContentReplaceBehavior [ RunTime:0.000000s ]
INFO: [ template_filter ] --END-- [ RunTime:0.000000s ]
INFO: Run Behavior\ParseTemplateBehavior [ RunTime:0.061003s ]
INFO: [ view_parse ] --END-- [ RunTime:0.062003s ]
INFO: [ view_filter ] --START--
INFO: Run Behavior\WriteHtmlCacheBehavior [ RunTime:0.000000s ]
INFO: [ view_filter ] --END-- [ RunTime:0.001000s ]
INFO: [ app_end ] --START--
INFO: Run Behavior\ShowPageTraceBehavior [ RunTime:0.001000s ]
INFO: [ app_end ] --END-- [ RunTime:0.001000s ]

[ 2016-07-04T19:21:04+08:00 ] ::1 /admin.php?m=Admin&c=member&a=groceryMember
INFO: [ app_init ] --START--
INFO: Run Behavior\BuildLiteBehavior [ RunTime:0.000000s ]
INFO: [ app_init ] --END-- [ RunTime:0.001000s ]
INFO: [ app_begin ] --START--
INFO: Run Behavior\ReadHtmlCacheBehavior [ RunTime:0.001000s ]
INFO: [ app_begin ] --END-- [ RunTime:0.001000s ]
SQL: SHOW COLUMNS FROM `grocery` [ RunTime:0.0310s ]
NOTIC: [8] Undefined index: status E:\wamp\www\ThinkAdmin\Application\Admin\Controller\MemberController.class.php 第 48 行.
NOTIC: [8] Undefined variable: where E:\wamp\www\ThinkAdmin\Application\Admin\Controller\MemberController.class.php 第 51 行.
SQL: SELECT COUNT(*) AS tp_count FROM `grocery` LIMIT 1   [ RunTime:0.0290s ]
NOTIC: [8] Undefined variable: where E:\wamp\www\ThinkAdmin\Application\Admin\Controller\MemberController.class.php 第 54 行.
SQL: SELECT * FROM `grocery` ORDER BY id DESC LIMIT 0,5   [ RunTime:0.0310s ]
INFO: [ view_parse ] --START--
INFO: [ template_filter ] --START--
INFO: Run Behavior\ContentReplaceBehavior [ RunTime:0.000000s ]
INFO: [ template_filter ] --END-- [ RunTime:0.001000s ]
INFO: Run Behavior\ParseTemplateBehavior [ RunTime:0.088005s ]
INFO: [ view_parse ] --END-- [ RunTime:0.088005s ]
INFO: [ view_filter ] --START--
INFO: Run Behavior\WriteHtmlCacheBehavior [ RunTime:0.001000s ]
INFO: [ view_filter ] --END-- [ RunTime:0.001000s ]
INFO: [ app_end ] --START--
INFO: Run Behavior\ShowPageTraceBehavior [ RunTime:0.002000s ]
INFO: [ app_end ] --END-- [ RunTime:0.003000s ]

[ 2016-07-04T19:21:29+08:00 ] ::1 /admin.php?m=Admin&c=member&a=grocery_set&id=17&type=1
INFO: [ app_init ] --START--
INFO: Run Behavior\BuildLiteBehavior [ RunTime:0.000000s ]
INFO: [ app_init ] --END-- [ RunTime:0.000000s ]
INFO: [ app_begin ] --START--
INFO: Run Behavior\ReadHtmlCacheBehavior [ RunTime:0.000000s ]
INFO: [ app_begin ] --END-- [ RunTime:0.000000s ]
SQL: SHOW COLUMNS FROM `grocery` [ RunTime:0.0300s ]
SQL: SELECT * FROM `grocery` WHERE `id` = 17 LIMIT 1   [ RunTime:0.0300s ]
SQL: SHOW COLUMNS FROM `branch` [ RunTime:0.0310s ]
SQL: SELECT * FROM `branch` WHERE ( groId = 17 )  [ RunTime:0.0300s ]
INFO: [ view_parse ] --START--
INFO: [ template_filter ] --START--
INFO: Run Behavior\ContentReplaceBehavior [ RunTime:0.000000s ]
INFO: [ template_filter ] --END-- [ RunTime:0.000000s ]
INFO: Run Behavior\ParseTemplateBehavior [ RunTime:0.045003s ]
INFO: [ view_parse ] --END-- [ RunTime:0.045003s ]
INFO: [ view_filter ] --START--
INFO: Run Behavior\WriteHtmlCacheBehavior [ RunTime:0.000000s ]
INFO: [ view_filter ] --END-- [ RunTime:0.000000s ]
INFO: [ app_end ] --START--
INFO: Run Behavior\ShowPageTraceBehavior [ RunTime:0.000000s ]
INFO: [ app_end ] --END-- [ RunTime:0.001000s ]

[ 2016-07-04T19:21:44+08:00 ] ::1 /admin.php?m=Admin&c=member&a=add_branch&groId=17
INFO: [ app_init ] --START--
INFO: Run Behavior\BuildLiteBehavior [ RunTime:0.000000s ]
INFO: [ app_init ] --END-- [ RunTime:0.001000s ]
INFO: [ app_begin ] --START--
INFO: Run Behavior\ReadHtmlCacheBehavior [ RunTime:0.000000s ]
INFO: [ app_begin ] --END-- [ RunTime:0.001000s ]
SQL: SHOW COLUMNS FROM `area` [ RunTime:0.0300s ]
SQL: SELECT * FROM `area` WHERE ( pid = 0 )  [ RunTime:0.0300s ]
SQL: SHOW COLUMNS FROM `circle` [ RunTime:0.0300s ]
SQL: SELECT * FROM `circle`  [ RunTime:0.0300s ]
INFO: [ view_parse ] --START--
INFO: [ template_filter ] --START--
INFO: Run Behavior\ContentReplaceBehavior [ RunTime:0.000000s ]
INFO: [ template_filter ] --END-- [ RunTime:0.000000s ]
INFO: Run Behavior\ParseTemplateBehavior [ RunTime:0.015000s ]
INFO: [ view_parse ] --END-- [ RunTime:0.015000s ]
INFO: [ view_filter ] --START--
INFO: Run Behavior\WriteHtmlCacheBehavior [ RunTime:0.001001s ]
INFO: [ view_filter ] --END-- [ RunTime:0.001001s ]
INFO: [ app_end ] --START--
INFO: Run Behavior\ShowPageTraceBehavior [ RunTime:0.000000s ]
INFO: [ app_end ] --END-- [ RunTime:0.000000s ]

[ 2016-07-04T19:22:34+08:00 ] ::1 /admin.php?m=Admin&c=member&a=add_branch&groId=17
INFO: [ app_init ] --START--
INFO: Run Behavior\BuildLiteBehavior [ RunTime:0.000000s ]
INFO: [ app_init ] --END-- [ RunTime:0.001000s ]
INFO: [ app_begin ] --START--
INFO: Run Behavior\ReadHtmlCacheBehavior [ RunTime:0.000000s ]
INFO: [ app_begin ] --END-- [ RunTime:0.000000s ]
SQL: SHOW COLUMNS FROM `area` [ RunTime:0.0310s ]
SQL: SELECT * FROM `area` WHERE ( pid = 0 )  [ RunTime:0.0300s ]
SQL: SHOW COLUMNS FROM `circle` [ RunTime:0.0300s ]
SQL: SELECT * FROM `circle`  [ RunTime:0.0290s ]
INFO: [ view_parse ] --START--
INFO: [ template_filter ] --START--
INFO: Run Behavior\ContentReplaceBehavior [ RunTime:0.000000s ]
INFO: [ template_filter ] --END-- [ RunTime:0.000000s ]
INFO: Run Behavior\ParseTemplateBehavior [ RunTime:0.014001s ]
INFO: [ view_parse ] --END-- [ RunTime:0.014001s ]
INFO: [ view_filter ] --START--
INFO: Run Behavior\WriteHtmlCacheBehavior [ RunTime:0.000000s ]
INFO: [ view_filter ] --END-- [ RunTime:0.000000s ]
INFO: [ app_end ] --START--
INFO: Run Behavior\ShowPageTraceBehavior [ RunTime:0.000000s ]
INFO: [ app_end ] --END-- [ RunTime:0.001000s ]

[ 2016-07-04T19:31:42+08:00 ] ::1 /admin.php?m=Admin&c=member&a=add_branch&groId=17
INFO: [ app_init ] --START--
INFO: Run Behavior\BuildLiteBehavior [ RunTime:0.000000s ]
INFO: [ app_init ] --END-- [ RunTime:0.000000s ]
INFO: [ app_begin ] --START--
INFO: Run Behavior\ReadHtmlCacheBehavior [ RunTime:0.001000s ]
INFO: [ app_begin ] --END-- [ RunTime:0.001000s ]
SQL: SHOW COLUMNS FROM `area` [ RunTime:0.0300s ]
SQL: SELECT * FROM `area` WHERE ( pid = 0 )  [ RunTime:0.0300s ]
SQL: SHOW COLUMNS FROM `circle` [ RunTime:0.0300s ]
SQL: SELECT * FROM `circle`  [ RunTime:0.0300s ]
INFO: [ view_parse ] --START--
INFO: [ template_filter ] --START--
INFO: Run Behavior\ContentReplaceBehavior [ RunTime:0.001000s ]
INFO: [ template_filter ] --END-- [ RunTime:0.001000s ]
INFO: Run Behavior\ParseTemplateBehavior [ RunTime:0.015001s ]
INFO: [ view_parse ] --END-- [ RunTime:0.015001s ]
INFO: [ view_filter ] --START--
INFO: Run Behavior\WriteHtmlCacheBehavior [ RunTime:0.000000s ]
INFO: [ view_filter ] --END-- [ RunTime:0.000000s ]
INFO: [ app_end ] --START--
INFO: Run Behavior\ShowPageTraceBehavior [ RunTime:0.000000s ]
INFO: [ app_end ] --END-- [ RunTime:0.000000s ]

[ 2016-07-04T19:31:44+08:00 ] ::1 /admin.php?m=Admin&c=member&a=get_son_area
INFO: [ app_init ] --START--
INFO: Run Behavior\BuildLiteBehavior [ RunTime:0.000000s ]
INFO: [ app_init ] --END-- [ RunTime:0.001000s ]
INFO: [ app_begin ] --START--
INFO: Run Behavior\ReadHtmlCacheBehavior [ RunTime:0.000000s ]
INFO: [ app_begin ] --END-- [ RunTime:0.001000s ]
SQL: SHOW COLUMNS FROM `area` [ RunTime:0.0310s ]
SQL: SELECT * FROM `area` WHERE `pid` = 0  [ RunTime:0.0300s ]

[ 2016-07-04T19:31:51+08:00 ] ::1 /admin.php?m=Admin&c=member&a=get_son_area
INFO: [ app_init ] --START--
INFO: Run Behavior\BuildLiteBehavior [ RunTime:0.000000s ]
INFO: [ app_init ] --END-- [ RunTime:0.001000s ]
INFO: [ app_begin ] --START--
INFO: Run Behavior\ReadHtmlCacheBehavior [ RunTime:0.000000s ]
INFO: [ app_begin ] --END-- [ RunTime:0.000000s ]
SQL: SHOW COLUMNS FROM `area` [ RunTime:0.0320s ]
SQL: SELECT * FROM `area` WHERE `pid` = 0  [ RunTime:0.0290s ]

[ 2016-07-04T19:32:04+08:00 ] ::1 /admin.php?m=Admin&c=member&a=add_branch&groId=17
INFO: [ app_init ] --START--
INFO: Run Behavior\BuildLiteBehavior [ RunTime:0.000000s ]
INFO: [ app_init ] --END-- [ RunTime:0.000000s ]
INFO: [ app_begin ] --START--
INFO: Run Behavior\ReadHtmlCacheBehavior [ RunTime:0.000000s ]
INFO: [ app_begin ] --END-- [ RunTime:0.000000s ]
SQL: SHOW COLUMNS FROM `area` [ RunTime:0.0300s ]
SQL: SELECT * FROM `area` WHERE ( pid = 0 )  [ RunTime:0.0300s ]
SQL: SHOW COLUMNS FROM `circle` [ RunTime:0.0300s ]
SQL: SELECT * FROM `circle`  [ RunTime:0.0300s ]
INFO: [ view_parse ] --START--
INFO: [ template_filter ] --START--
INFO: Run Behavior\ContentReplaceBehavior [ RunTime:0.000000s ]
INFO: [ template_filter ] --END-- [ RunTime:0.001000s ]
INFO: Run Behavior\ParseTemplateBehavior [ RunTime:0.017001s ]
INFO: [ view_parse ] --END-- [ RunTime:0.017001s ]
INFO: [ view_filter ] --START--
INFO: Run Behavior\WriteHtmlCacheBehavior [ RunTime:0.001000s ]
INFO: [ view_filter ] --END-- [ RunTime:0.001000s ]
INFO: [ app_end ] --START--
INFO: Run Behavior\ShowPageTraceBehavior [ RunTime:0.000000s ]
INFO: [ app_end ] --END-- [ RunTime:0.000000s ]

[ 2016-07-04T19:32:06+08:00 ] ::1 /admin.php?m=Admin&c=member&a=get_son_area
INFO: [ app_init ] --START--
INFO: Run Behavior\BuildLiteBehavior [ RunTime:0.000000s ]
INFO: [ app_init ] --END-- [ RunTime:0.000000s ]
INFO: [ app_begin ] --START--
INFO: Run Behavior\ReadHtmlCacheBehavior [ RunTime:0.001000s ]
INFO: [ app_begin ] --END-- [ RunTime:0.001000s ]
SQL: SHOW COLUMNS FROM `area` [ RunTime:0.0300s ]
SQL: SELECT * FROM `area` WHERE `pid` = 0  [ RunTime:0.0300s ]

[ 2016-07-04T19:32:10+08:00 ] ::1 /admin.php?m=Admin&c=member&a=get_son_area
INFO: [ app_init ] --START--
INFO: Run Behavior\BuildLiteBehavior [ RunTime:0.000000s ]
INFO: [ app_init ] --END-- [ RunTime:0.000000s ]
INFO: [ app_begin ] --START--
INFO: Run Behavior\ReadHtmlCacheBehavior [ RunTime:0.001000s ]
INFO: [ app_begin ] --END-- [ RunTime:0.001000s ]
SQL: SHOW COLUMNS FROM `area` [ RunTime:0.0300s ]
SQL: SELECT * FROM `area` WHERE `pid` = 0  [ RunTime:0.0300s ]

[ 2016-07-04T19:35:41+08:00 ] ::1 /admin.php?m=Admin&c=member&a=get_son_area
INFO: [ app_init ] --START--
INFO: Run Behavior\BuildLiteBehavior [ RunTime:0.000000s ]
INFO: [ app_init ] --END-- [ RunTime:0.001000s ]
INFO: [ app_begin ] --START--
INFO: Run Behavior\ReadHtmlCacheBehavior [ RunTime:0.001000s ]
INFO: [ app_begin ] --END-- [ RunTime:0.001000s ]
SQL: SHOW COLUMNS FROM `area` [ RunTime:0.0320s ]
SQL: SELECT a1.name FROM area a1 left join area a2 on a2.id = a1.pid  WHERE a2.name = ''  [ RunTime:0.0310s ]

[ 2016-07-04T19:35:54+08:00 ] ::1 /admin.php?m=Admin&c=member&a=get_son_area
INFO: [ app_init ] --START--
INFO: Run Behavior\BuildLiteBehavior [ RunTime:0.000000s ]
INFO: [ app_init ] --END-- [ RunTime:0.000000s ]
INFO: [ app_begin ] --START--
INFO: Run Behavior\ReadHtmlCacheBehavior [ RunTime:0.000000s ]
INFO: [ app_begin ] --END-- [ RunTime:0.001001s ]
SQL: SHOW COLUMNS FROM `area` [ RunTime:0.0310s ]
SQL: SELECT a1.name FROM area a1 left join area a2 on a2.id = a1.pid  WHERE a2.name = ''  [ RunTime:0.0300s ]

[ 2016-07-04T19:36:16+08:00 ] ::1 /admin.php?m=Admin&c=member&a=get_son_area
INFO: [ app_init ] --START--
INFO: Run Behavior\BuildLiteBehavior [ RunTime:0.000000s ]
INFO: [ app_init ] --END-- [ RunTime:0.001000s ]
INFO: [ app_begin ] --START--
INFO: Run Behavior\ReadHtmlCacheBehavior [ RunTime:0.000000s ]
INFO: [ app_begin ] --END-- [ RunTime:0.000000s ]
SQL: SHOW COLUMNS FROM `area` [ RunTime:0.0410s ]
SQL: SELECT a1.name FROM area a1 left join area a2 on a2.id = a1.pid  WHERE a2.name = ''  [ RunTime:0.0340s ]

[ 2016-07-04T19:36:32+08:00 ] ::1 /admin.php?m=Admin&c=member&a=get_son_area&pname=%E5%A5%89%E8%B4%A4%E5%8C%BA
INFO: [ app_init ] --START--
INFO: Run Behavior\BuildLiteBehavior [ RunTime:0.000000s ]
INFO: [ app_init ] --END-- [ RunTime:0.000000s ]
INFO: [ app_begin ] --START--
INFO: Run Behavior\ReadHtmlCacheBehavior [ RunTime:0.001000s ]
INFO: [ app_begin ] --END-- [ RunTime:0.001000s ]
SQL: SHOW COLUMNS FROM `area` [ RunTime:0.0310s ]
SQL: SELECT a1.name FROM area a1 left join area a2 on a2.id = a1.pid  WHERE a2.name = '奉贤区'  [ RunTime:0.0360s ]

[ 2016-07-04T19:36:47+08:00 ] ::1 /admin.php?m=Admin&c=member&a=add_branch&groId=17
INFO: [ app_init ] --START--
INFO: Run Behavior\BuildLiteBehavior [ RunTime:0.000000s ]
INFO: [ app_init ] --END-- [ RunTime:0.001000s ]
INFO: [ app_begin ] --START--
INFO: Run Behavior\ReadHtmlCacheBehavior [ RunTime:0.001000s ]
INFO: [ app_begin ] --END-- [ RunTime:0.001000s ]
SQL: SHOW COLUMNS FROM `area` [ RunTime:0.0400s ]
SQL: SELECT * FROM `area` WHERE ( pid = 0 )  [ RunTime:0.0300s ]
SQL: SHOW COLUMNS FROM `circle` [ RunTime:0.0330s ]
SQL: SELECT * FROM `circle`  [ RunTime:0.0300s ]
INFO: [ view_parse ] --START--
INFO: [ template_filter ] --START--
INFO: Run Behavior\ContentReplaceBehavior [ RunTime:0.000000s ]
INFO: [ template_filter ] --END-- [ RunTime:0.000000s ]
INFO: Run Behavior\ParseTemplateBehavior [ RunTime:0.015001s ]
INFO: [ view_parse ] --END-- [ RunTime:0.015001s ]
INFO: [ view_filter ] --START--
INFO: Run Behavior\WriteHtmlCacheBehavior [ RunTime:0.000000s ]
INFO: [ view_filter ] --END-- [ RunTime:0.000000s ]
INFO: [ app_end ] --START--
INFO: Run Behavior\ShowPageTraceBehavior [ RunTime:0.000000s ]
INFO: [ app_end ] --END-- [ RunTime:0.000000s ]

[ 2016-07-04T19:36:54+08:00 ] ::1 /admin.php?m=Admin&c=member&a=add_branch&groId=17
INFO: [ app_init ] --START--
INFO: Run Behavior\BuildLiteBehavior [ RunTime:0.000000s ]
INFO: [ app_init ] --END-- [ RunTime:0.001000s ]
INFO: [ app_begin ] --START--
INFO: Run Behavior\ReadHtmlCacheBehavior [ RunTime:0.000000s ]
INFO: [ app_begin ] --END-- [ RunTime:0.000000s ]
SQL: SHOW COLUMNS FROM `area` [ RunTime:0.0310s ]
SQL: SELECT * FROM `area` WHERE ( pid = 0 )  [ RunTime:0.0360s ]
SQL: SHOW COLUMNS FROM `circle` [ RunTime:0.0320s ]
SQL: SELECT * FROM `circle`  [ RunTime:0.0310s ]
INFO: [ view_parse ] --START--
INFO: [ template_filter ] --START--
INFO: Run Behavior\ContentReplaceBehavior [ RunTime:0.000000s ]
INFO: [ template_filter ] --END-- [ RunTime:0.000000s ]
INFO: Run Behavior\ParseTemplateBehavior [ RunTime:0.022001s ]
INFO: [ view_parse ] --END-- [ RunTime:0.022001s ]
INFO: [ view_filter ] --START--
INFO: Run Behavior\WriteHtmlCacheBehavior [ RunTime:0.001000s ]
INFO: [ view_filter ] --END-- [ RunTime:0.001000s ]
INFO: [ app_end ] --START--
INFO: Run Behavior\ShowPageTraceBehavior [ RunTime:0.001000s ]
INFO: [ app_end ] --END-- [ RunTime:0.001000s ]

[ 2016-07-04T19:36:56+08:00 ] ::1 /admin.php?m=Admin&c=member&a=get_son_area
INFO: [ app_init ] --START--
INFO: Run Behavior\BuildLiteBehavior [ RunTime:0.000000s ]
INFO: [ app_init ] --END-- [ RunTime:0.000000s ]
INFO: [ app_begin ] --START--
INFO: Run Behavior\ReadHtmlCacheBehavior [ RunTime:0.000000s ]
INFO: [ app_begin ] --END-- [ RunTime:0.000000s ]
SQL: SHOW COLUMNS FROM `area` [ RunTime:0.0310s ]
SQL: SELECT a1.name FROM area a1 left join area a2 on a2.id = a1.pid  WHERE a2.name = '奉贤区'  [ RunTime:0.0310s ]

[ 2016-07-04T19:37:17+08:00 ] ::1 /admin.php?m=Admin&c=member&a=add_branch&groId=17
INFO: [ app_init ] --START--
INFO: Run Behavior\BuildLiteBehavior [ RunTime:0.000000s ]
INFO: [ app_init ] --END-- [ RunTime:0.001000s ]
INFO: [ app_begin ] --START--
INFO: Run Behavior\ReadHtmlCacheBehavior [ RunTime:0.000000s ]
INFO: [ app_begin ] --END-- [ RunTime:0.001000s ]
SQL: SHOW COLUMNS FROM `area` [ RunTime:0.0340s ]
SQL: SELECT * FROM `area` WHERE ( pid = 0 )  [ RunTime:0.0300s ]
SQL: SHOW COLUMNS FROM `circle` [ RunTime:0.0320s ]
SQL: SELECT * FROM `circle`  [ RunTime:0.0310s ]
INFO: [ view_parse ] --START--
INFO: [ template_filter ] --START--
INFO: Run Behavior\ContentReplaceBehavior [ RunTime:0.000000s ]
INFO: [ template_filter ] --END-- [ RunTime:0.000000s ]
INFO: Run Behavior\ParseTemplateBehavior [ RunTime:0.016001s ]
INFO: [ view_parse ] --END-- [ RunTime:0.016001s ]
INFO: [ view_filter ] --START--
INFO: Run Behavior\WriteHtmlCacheBehavior [ RunTime:0.000000s ]
INFO: [ view_filter ] --END-- [ RunTime:0.001000s ]
INFO: [ app_end ] --START--
INFO: Run Behavior\ShowPageTraceBehavior [ RunTime:0.000000s ]
INFO: [ app_end ] --END-- [ RunTime:0.000000s ]

[ 2016-07-04T19:37:19+08:00 ] ::1 /admin.php?m=Admin&c=member&a=get_son_area
INFO: [ app_init ] --START--
INFO: Run Behavior\BuildLiteBehavior [ RunTime:0.000000s ]
INFO: [ app_init ] --END-- [ RunTime:0.000000s ]
INFO: [ app_begin ] --START--
INFO: Run Behavior\ReadHtmlCacheBehavior [ RunTime:0.000000s ]
INFO: [ app_begin ] --END-- [ RunTime:0.000000s ]
SQL: SHOW COLUMNS FROM `area` [ RunTime:0.0310s ]
SQL: SELECT a1.name FROM area a1 left join area a2 on a2.id = a1.pid  WHERE a2.name = '奉贤区'  [ RunTime:0.0380s ]

[ 2016-07-04T19:40:25+08:00 ] ::1 /admin.php?m=Admin&c=member&a=add_branch&groId=17
INFO: [ app_init ] --START--
INFO: Run Behavior\BuildLiteBehavior [ RunTime:0.000000s ]
INFO: [ app_init ] --END-- [ RunTime:0.001000s ]
INFO: [ app_begin ] --START--
INFO: Run Behavior\ReadHtmlCacheBehavior [ RunTime:0.000000s ]
INFO: [ app_begin ] --END-- [ RunTime:0.001000s ]
SQL: SHOW COLUMNS FROM `area` [ RunTime:0.0320s ]
SQL: SELECT * FROM `area` WHERE ( pid = 0 )  [ RunTime:0.0310s ]
SQL: SHOW COLUMNS FROM `circle` [ RunTime:0.0310s ]
SQL: SELECT * FROM `circle`  [ RunTime:0.0310s ]
INFO: [ view_parse ] --START--
INFO: [ template_filter ] --START--
INFO: Run Behavior\ContentReplaceBehavior [ RunTime:0.000000s ]
INFO: [ template_filter ] --END-- [ RunTime:0.000000s ]
INFO: Run Behavior\ParseTemplateBehavior [ RunTime:0.015001s ]
INFO: [ view_parse ] --END-- [ RunTime:0.016001s ]
INFO: [ view_filter ] --START--
INFO: Run Behavior\WriteHtmlCacheBehavior [ RunTime:0.001000s ]
INFO: [ view_filter ] --END-- [ RunTime:0.001000s ]
INFO: [ app_end ] --START--
INFO: Run Behavior\ShowPageTraceBehavior [ RunTime:0.001000s ]
INFO: [ app_end ] --END-- [ RunTime:0.001000s ]

[ 2016-07-04T19:40:27+08:00 ] ::1 /admin.php?m=Admin&c=member&a=get_son_area
INFO: [ app_init ] --START--
INFO: Run Behavior\BuildLiteBehavior [ RunTime:0.000000s ]
INFO: [ app_init ] --END-- [ RunTime:0.001000s ]
INFO: [ app_begin ] --START--
INFO: Run Behavior\ReadHtmlCacheBehavior [ RunTime:0.000000s ]
INFO: [ app_begin ] --END-- [ RunTime:0.000000s ]
SQL: SHOW COLUMNS FROM `area` [ RunTime:0.0300s ]
SQL: SELECT a1.name FROM area a1 left join area a2 on a2.id = a1.pid  WHERE a2.name = '奉贤区'  [ RunTime:0.0310s ]

[ 2016-07-04T19:41:18+08:00 ] ::1 /admin.php?m=Admin&c=member&a=get_son_area
INFO: [ app_init ] --START--
INFO: Run Behavior\BuildLiteBehavior [ RunTime:0.000000s ]
INFO: [ app_init ] --END-- [ RunTime:0.000000s ]
INFO: [ app_begin ] --START--
INFO: Run Behavior\ReadHtmlCacheBehavior [ RunTime:0.000000s ]
INFO: [ app_begin ] --END-- [ RunTime:0.001000s ]
SQL: SHOW COLUMNS FROM `area` [ RunTime:0.0300s ]
SQL: SELECT a1.name FROM area a1 left join area a2 on a2.id = a1.pid  WHERE a2.name = '青浦区'  [ RunTime:0.0290s ]

[ 2016-07-04T19:41:20+08:00 ] ::1 /admin.php?m=Admin&c=member&a=get_son_area
INFO: [ app_init ] --START--
INFO: Run Behavior\BuildLiteBehavior [ RunTime:0.001000s ]
INFO: [ app_init ] --END-- [ RunTime:0.001000s ]
INFO: [ app_begin ] --START--
INFO: Run Behavior\ReadHtmlCacheBehavior [ RunTime:0.001001s ]
INFO: [ app_begin ] --END-- [ RunTime:0.001001s ]
SQL: SHOW COLUMNS FROM `area` [ RunTime:0.0430s ]
SQL: SELECT a1.name FROM area a1 left join area a2 on a2.id = a1.pid  WHERE a2.name = '奉贤区'  [ RunTime:0.0290s ]

[ 2016-07-04T19:41:37+08:00 ] ::1 /admin.php?m=Admin&c=member&a=get_son_area
INFO: [ app_init ] --START--
INFO: Run Behavior\BuildLiteBehavior [ RunTime:0.000000s ]
INFO: [ app_init ] --END-- [ RunTime:0.000000s ]
INFO: [ app_begin ] --START--
INFO: Run Behavior\ReadHtmlCacheBehavior [ RunTime:0.001000s ]
INFO: [ app_begin ] --END-- [ RunTime:0.001000s ]
SQL: SHOW COLUMNS FROM `area` [ RunTime:0.0400s ]
SQL: SELECT a1.name FROM area a1 left join area a2 on a2.id = a1.pid  WHERE a2.name = '虹口区'  [ RunTime:0.0370s ]

[ 2016-07-04T19:42:04+08:00 ] ::1 /admin.php?m=Admin&c=member&a=add_branch&groId=17
INFO: [ app_init ] --START--
INFO: Run Behavior\BuildLiteBehavior [ RunTime:0.000000s ]
INFO: [ app_init ] --END-- [ RunTime:0.000000s ]
INFO: [ app_begin ] --START--
INFO: Run Behavior\ReadHtmlCacheBehavior [ RunTime:0.001000s ]
INFO: [ app_begin ] --END-- [ RunTime:0.001000s ]
SQL: SHOW COLUMNS FROM `area` [ RunTime:0.0310s ]
SQL: SELECT * FROM `area` WHERE ( pid = 0 )  [ RunTime:0.0290s ]
SQL: SHOW COLUMNS FROM `circle` [ RunTime:0.0300s ]
SQL: SELECT * FROM `circle`  [ RunTime:0.0320s ]
INFO: [ view_parse ] --START--
INFO: [ template_filter ] --START--
INFO: Run Behavior\ContentReplaceBehavior [ RunTime:0.001000s ]
INFO: [ template_filter ] --END-- [ RunTime:0.001000s ]
INFO: Run Behavior\ParseTemplateBehavior [ RunTime:0.015001s ]
INFO: [ view_parse ] --END-- [ RunTime:0.015001s ]
INFO: [ view_filter ] --START--
INFO: Run Behavior\WriteHtmlCacheBehavior [ RunTime:0.001000s ]
INFO: [ view_filter ] --END-- [ RunTime:0.001000s ]
INFO: [ app_end ] --START--
INFO: Run Behavior\ShowPageTraceBehavior [ RunTime:0.001000s ]
INFO: [ app_end ] --END-- [ RunTime:0.001000s ]

[ 2016-07-04T19:42:06+08:00 ] ::1 /admin.php?m=Admin&c=member&a=get_son_area
INFO: [ app_init ] --START--
INFO: Run Behavior\BuildLiteBehavior [ RunTime:0.000000s ]
INFO: [ app_init ] --END-- [ RunTime:0.000000s ]
INFO: [ app_begin ] --START--
INFO: Run Behavior\ReadHtmlCacheBehavior [ RunTime:0.000000s ]
INFO: [ app_begin ] --END-- [ RunTime:0.001001s ]
SQL: SHOW COLUMNS FROM `area` [ RunTime:0.0310s ]
SQL: SELECT a1.name FROM area a1 left join area a2 on a2.id = a1.pid  WHERE a2.name = '奉贤区'  [ RunTime:0.0390s ]

[ 2016-07-04T19:42:09+08:00 ] ::1 /admin.php?m=Admin&c=member&a=get_son_area
INFO: [ app_init ] --START--
INFO: Run Behavior\BuildLiteBehavior [ RunTime:0.000000s ]
INFO: [ app_init ] --END-- [ RunTime:0.001001s ]
INFO: [ app_begin ] --START--
INFO: Run Behavior\ReadHtmlCacheBehavior [ RunTime:0.001000s ]
INFO: [ app_begin ] --END-- [ RunTime:0.001000s ]
SQL: SHOW COLUMNS FROM `area` [ RunTime:0.0300s ]
SQL: SELECT a1.name FROM area a1 left join area a2 on a2.id = a1.pid  WHERE a2.name = '松江区'  [ RunTime:0.0300s ]

[ 2016-07-04T19:42:12+08:00 ] ::1 /admin.php?m=Admin&c=member&a=get_son_area
INFO: [ app_init ] --START--
INFO: Run Behavior\BuildLiteBehavior [ RunTime:0.000000s ]
INFO: [ app_init ] --END-- [ RunTime:0.000000s ]
INFO: [ app_begin ] --START--
INFO: Run Behavior\ReadHtmlCacheBehavior [ RunTime:0.000000s ]
INFO: [ app_begin ] --END-- [ RunTime:0.001000s ]
SQL: SHOW COLUMNS FROM `area` [ RunTime:0.0340s ]
SQL: SELECT a1.name FROM area a1 left join area a2 on a2.id = a1.pid  WHERE a2.name = '金山区'  [ RunTime:0.0370s ]

[ 2016-07-04T19:42:14+08:00 ] ::1 /admin.php?m=Admin&c=member&a=get_son_area
INFO: [ app_init ] --START--
INFO: Run Behavior\BuildLiteBehavior [ RunTime:0.000000s ]
INFO: [ app_init ] --END-- [ RunTime:0.001000s ]
INFO: [ app_begin ] --START--
INFO: Run Behavior\ReadHtmlCacheBehavior [ RunTime:0.001000s ]
INFO: [ app_begin ] --END-- [ RunTime:0.001000s ]
SQL: SHOW COLUMNS FROM `area` [ RunTime:0.0330s ]
SQL: SELECT a1.name FROM area a1 left join area a2 on a2.id = a1.pid  WHERE a2.name = '宝山区'  [ RunTime:0.0300s ]

[ 2016-07-04T19:42:22+08:00 ] ::1 /admin.php?m=Admin&c=member&a=get_son_area
INFO: [ app_init ] --START--
INFO: Run Behavior\BuildLiteBehavior [ RunTime:0.001001s ]
INFO: [ app_init ] --END-- [ RunTime:0.001001s ]
INFO: [ app_begin ] --START--
INFO: Run Behavior\ReadHtmlCacheBehavior [ RunTime:0.000000s ]
INFO: [ app_begin ] --END-- [ RunTime:0.000000s ]
SQL: SHOW COLUMNS FROM `area` [ RunTime:0.0300s ]
SQL: SELECT a1.name FROM area a1 left join area a2 on a2.id = a1.pid  WHERE a2.name = '杨浦区'  [ RunTime:0.0300s ]

[ 2016-07-04T19:42:24+08:00 ] ::1 /admin.php?m=Admin&c=member&a=get_son_area
INFO: [ app_init ] --START--
INFO: Run Behavior\BuildLiteBehavior [ RunTime:0.000000s ]
INFO: [ app_init ] --END-- [ RunTime:0.000000s ]
INFO: [ app_begin ] --START--
INFO: Run Behavior\ReadHtmlCacheBehavior [ RunTime:0.001000s ]
INFO: [ app_begin ] --END-- [ RunTime:0.001000s ]
SQL: SHOW COLUMNS FROM `area` [ RunTime:0.0320s ]
SQL: SELECT a1.name FROM area a1 left join area a2 on a2.id = a1.pid  WHERE a2.name = '奉贤区'  [ RunTime:0.0300s ]

[ 2016-07-04T19:42:26+08:00 ] ::1 /admin.php?m=Admin&c=member&a=get_son_area
INFO: [ app_init ] --START--
INFO: Run Behavior\BuildLiteBehavior [ RunTime:0.000000s ]
INFO: [ app_init ] --END-- [ RunTime:0.000000s ]
INFO: [ app_begin ] --START--
INFO: Run Behavior\ReadHtmlCacheBehavior [ RunTime:0.000000s ]
INFO: [ app_begin ] --END-- [ RunTime:0.001001s ]
SQL: SHOW COLUMNS FROM `area` [ RunTime:0.0340s ]
SQL: SELECT a1.name FROM area a1 left join area a2 on a2.id = a1.pid  WHERE a2.name = '金山区'  [ RunTime:0.0310s ]

[ 2016-07-04T19:42:49+08:00 ] ::1 /admin.php?m=Admin&c=member&a=add_branch&groId=17
INFO: [ app_init ] --START--
INFO: Run Behavior\BuildLiteBehavior [ RunTime:0.000000s ]
INFO: [ app_init ] --END-- [ RunTime:0.000000s ]
INFO: [ app_begin ] --START--
INFO: Run Behavior\ReadHtmlCacheBehavior [ RunTime:0.001000s ]
INFO: [ app_begin ] --END-- [ RunTime:0.001000s ]
SQL: SHOW COLUMNS FROM `area` [ RunTime:0.0310s ]
SQL: SELECT * FROM `area` WHERE ( pid = 0 )  [ RunTime:0.0300s ]
SQL: SHOW COLUMNS FROM `circle` [ RunTime:0.0300s ]
SQL: SELECT * FROM `circle`  [ RunTime:0.0300s ]
INFO: [ view_parse ] --START--
INFO: [ template_filter ] --START--
INFO: Run Behavior\ContentReplaceBehavior [ RunTime:0.000000s ]
INFO: [ template_filter ] --END-- [ RunTime:0.000000s ]
INFO: Run Behavior\ParseTemplateBehavior [ RunTime:0.015001s ]
INFO: [ view_parse ] --END-- [ RunTime:0.016001s ]
INFO: [ view_filter ] --START--
INFO: Run Behavior\WriteHtmlCacheBehavior [ RunTime:0.000000s ]
INFO: [ view_filter ] --END-- [ RunTime:0.000000s ]
INFO: [ app_end ] --START--
INFO: Run Behavior\ShowPageTraceBehavior [ RunTime:0.000000s ]
INFO: [ app_end ] --END-- [ RunTime:0.001000s ]

[ 2016-07-04T19:42:51+08:00 ] ::1 /admin.php?m=Admin&c=member&a=get_son_area
INFO: [ app_init ] --START--
INFO: Run Behavior\BuildLiteBehavior [ RunTime:0.000000s ]
INFO: [ app_init ] --END-- [ RunTime:0.002000s ]
INFO: [ app_begin ] --START--
INFO: Run Behavior\ReadHtmlCacheBehavior [ RunTime:0.001000s ]
INFO: [ app_begin ] --END-- [ RunTime:0.001000s ]
SQL: SHOW COLUMNS FROM `area` [ RunTime:0.0310s ]
SQL: SELECT a1.name FROM area a1 left join area a2 on a2.id = a1.pid  WHERE a2.name = '奉贤区'  [ RunTime:0.0310s ]

[ 2016-07-04T19:42:54+08:00 ] ::1 /admin.php?m=Admin&c=member&a=get_son_area
INFO: [ app_init ] --START--
INFO: Run Behavior\BuildLiteBehavior [ RunTime:0.000000s ]
INFO: [ app_init ] --END-- [ RunTime:0.001001s ]
INFO: [ app_begin ] --START--
INFO: Run Behavior\ReadHtmlCacheBehavior [ RunTime:0.000000s ]
INFO: [ app_begin ] --END-- [ RunTime:0.001000s ]
SQL: SHOW COLUMNS FROM `area` [ RunTime:0.0310s ]
SQL: SELECT a1.name FROM area a1 left join area a2 on a2.id = a1.pid  WHERE a2.name = '松江区'  [ RunTime:0.0310s ]

[ 2016-07-04T19:42:56+08:00 ] ::1 /admin.php?m=Admin&c=member&a=get_son_area
INFO: [ app_init ] --START--
INFO: Run Behavior\BuildLiteBehavior [ RunTime:0.000000s ]
INFO: [ app_init ] --END-- [ RunTime:0.000000s ]
INFO: [ app_begin ] --START--
INFO: Run Behavior\ReadHtmlCacheBehavior [ RunTime:0.001000s ]
INFO: [ app_begin ] --END-- [ RunTime:0.001000s ]
SQL: SHOW COLUMNS FROM `area` [ RunTime:0.0310s ]
SQL: SELECT a1.name FROM area a1 left join area a2 on a2.id = a1.pid  WHERE a2.name = '金山区'  [ RunTime:0.0310s ]

[ 2016-07-04T19:45:05+08:00 ] ::1 /admin.php?m=Admin&c=member&a=add_branch&groId=17
INFO: [ app_init ] --START--
INFO: Run Behavior\BuildLiteBehavior [ RunTime:0.000000s ]
INFO: [ app_init ] --END-- [ RunTime:0.000000s ]
INFO: [ app_begin ] --START--
INFO: Run Behavior\ReadHtmlCacheBehavior [ RunTime:0.001000s ]
INFO: [ app_begin ] --END-- [ RunTime:0.001000s ]
SQL: SHOW COLUMNS FROM `area` [ RunTime:0.0310s ]
SQL: SELECT * FROM `area` WHERE ( pid = 0 )  [ RunTime:0.0300s ]
SQL: SHOW COLUMNS FROM `circle` [ RunTime:0.0300s ]
SQL: SELECT * FROM `circle`  [ RunTime:0.0300s ]
INFO: [ view_parse ] --START--
INFO: [ template_filter ] --START--
INFO: Run Behavior\ContentReplaceBehavior [ RunTime:0.001000s ]
INFO: [ template_filter ] --END-- [ RunTime:0.001000s ]
INFO: Run Behavior\ParseTemplateBehavior [ RunTime:0.015000s ]
INFO: [ view_parse ] --END-- [ RunTime:0.015000s ]
INFO: [ view_filter ] --START--
INFO: Run Behavior\WriteHtmlCacheBehavior [ RunTime:0.001000s ]
INFO: [ view_filter ] --END-- [ RunTime:0.001000s ]
INFO: [ app_end ] --START--
INFO: Run Behavior\ShowPageTraceBehavior [ RunTime:0.001000s ]
INFO: [ app_end ] --END-- [ RunTime:0.001000s ]

[ 2016-07-04T19:45:17+08:00 ] ::1 /admin.php?m=Admin&c=member&a=get_son_area
INFO: [ app_init ] --START--
INFO: Run Behavior\BuildLiteBehavior [ RunTime:0.000000s ]
INFO: [ app_init ] --END-- [ RunTime:0.000000s ]
INFO: [ app_begin ] --START--
INFO: Run Behavior\ReadHtmlCacheBehavior [ RunTime:0.000000s ]
INFO: [ app_begin ] --END-- [ RunTime:0.000000s ]
SQL: SHOW COLUMNS FROM `area` [ RunTime:0.0300s ]
SQL: SELECT a1.name FROM area a1 left join area a2 on a2.id = a1.pid  WHERE a2.name = '奉贤区'  [ RunTime:0.0370s ]

[ 2016-07-04T19:45:28+08:00 ] ::1 /admin.php?m=Admin&c=member&a=add_branch
INFO: [ app_init ] --START--
INFO: Run Behavior\BuildLiteBehavior [ RunTime:0.000000s ]
INFO: [ app_init ] --END-- [ RunTime:0.000000s ]
INFO: [ app_begin ] --START--
INFO: Run Behavior\ReadHtmlCacheBehavior [ RunTime:0.001000s ]
INFO: [ app_begin ] --END-- [ RunTime:0.001000s ]
SQL: SHOW COLUMNS FROM `branch` [ RunTime:0.0310s ]
SQL: INSERT INTO `branch` (`groId`,`braName`,`area`,`circle`,`address`,`telephone`,`son_area`) VALUES ('17','测试分校1111','奉贤区','万达广场','湖南文理学院','15616638183','奉贤区') [ RunTime:0.0360s ]
NOTIC: [8] Undefined variable: module E:\wamp\www\ThinkAdmin\ThinkPHP\Common\functions.php 第 990 行.
NOTIC: [8] Undefined variable: var E:\wamp\www\ThinkAdmin\ThinkPHP\Common\functions.php 第 990 行.
NOTIC: [2] array_reverse() expects parameter 1 to be array, null given E:\wamp\www\ThinkAdmin\ThinkPHP\Common\functions.php 第 990 行.
NOTIC: [2] http_build_query(): Parameter 1 expected to be Array or Object.  Incorrect value given E:\wamp\www\ThinkAdmin\ThinkPHP\Common\functions.php 第 990 行.

[ 2016-07-04T19:45:28+08:00 ] ::1 /admin.php?m=&&m=Admin&c=member&a=grocery_set&id=17
INFO: [ app_init ] --START--
INFO: Run Behavior\BuildLiteBehavior [ RunTime:0.000000s ]
INFO: [ app_init ] --END-- [ RunTime:0.001001s ]
INFO: [ app_begin ] --START--
INFO: Run Behavior\ReadHtmlCacheBehavior [ RunTime:0.000000s ]
INFO: [ app_begin ] --END-- [ RunTime:0.000000s ]
SQL: SHOW COLUMNS FROM `grocery` [ RunTime:0.0300s ]
SQL: SELECT * FROM `grocery` WHERE `id` = 17 LIMIT 1   [ RunTime:0.0300s ]
SQL: SHOW COLUMNS FROM `branch` [ RunTime:0.0300s ]
SQL: SELECT * FROM `branch` WHERE ( groId = 17 )  [ RunTime:0.0300s ]
INFO: [ view_parse ] --START--
INFO: [ template_filter ] --START--
INFO: Run Behavior\ContentReplaceBehavior [ RunTime:0.000000s ]
INFO: [ template_filter ] --END-- [ RunTime:0.000000s ]
INFO: Run Behavior\ParseTemplateBehavior [ RunTime:0.014001s ]
INFO: [ view_parse ] --END-- [ RunTime:0.014001s ]
INFO: [ view_filter ] --START--
INFO: Run Behavior\WriteHtmlCacheBehavior [ RunTime:0.001000s ]
INFO: [ view_filter ] --END-- [ RunTime:0.001000s ]
INFO: [ app_end ] --START--
INFO: Run Behavior\ShowPageTraceBehavior [ RunTime:0.001000s ]
INFO: [ app_end ] --END-- [ RunTime:0.001000s ]

[ 2016-07-04T19:46:27+08:00 ] ::1 /admin.php?m=Admin&c=member&a=delete_branch&id=21
INFO: [ app_init ] --START--
INFO: Run Behavior\BuildLiteBehavior [ RunTime:0.000000s ]
INFO: [ app_init ] --END-- [ RunTime:0.000000s ]
INFO: [ app_begin ] --START--
INFO: Run Behavior\ReadHtmlCacheBehavior [ RunTime:0.001000s ]
INFO: [ app_begin ] --END-- [ RunTime:0.001000s ]
SQL: SHOW COLUMNS FROM `branch` [ RunTime:0.0310s ]
SQL: SELECT * FROM `branch` WHERE `id` = 21 LIMIT 1   [ RunTime:0.0290s ]
SQL: DELETE FROM `branch` WHERE `id` = 21 [ RunTime:0.0360s ]
NOTIC: [8] Undefined variable: module E:\wamp\www\ThinkAdmin\ThinkPHP\Common\functions.php 第 990 行.
NOTIC: [8] Undefined variable: var E:\wamp\www\ThinkAdmin\ThinkPHP\Common\functions.php 第 990 行.
NOTIC: [2] array_reverse() expects parameter 1 to be array, null given E:\wamp\www\ThinkAdmin\ThinkPHP\Common\functions.php 第 990 行.
NOTIC: [2] http_build_query(): Parameter 1 expected to be Array or Object.  Incorrect value given E:\wamp\www\ThinkAdmin\ThinkPHP\Common\functions.php 第 990 行.

[ 2016-07-04T19:46:27+08:00 ] ::1 /admin.php?m=&&m=Admin&c=member&a=grocery_set&id=17
INFO: [ app_init ] --START--
INFO: Run Behavior\BuildLiteBehavior [ RunTime:0.000000s ]
INFO: [ app_init ] --END-- [ RunTime:0.001000s ]
INFO: [ app_begin ] --START--
INFO: Run Behavior\ReadHtmlCacheBehavior [ RunTime:0.000000s ]
INFO: [ app_begin ] --END-- [ RunTime:0.000000s ]
SQL: SHOW COLUMNS FROM `grocery` [ RunTime:0.0300s ]
SQL: SELECT * FROM `grocery` WHERE `id` = 17 LIMIT 1   [ RunTime:0.0320s ]
SQL: SHOW COLUMNS FROM `branch` [ RunTime:0.0310s ]
SQL: SELECT * FROM `branch` WHERE ( groId = 17 )  [ RunTime:0.0300s ]
INFO: [ view_parse ] --START--
INFO: [ template_filter ] --START--
INFO: Run Behavior\ContentReplaceBehavior [ RunTime:0.000000s ]
INFO: [ template_filter ] --END-- [ RunTime:0.000000s ]
INFO: Run Behavior\ParseTemplateBehavior [ RunTime:0.014001s ]
INFO: [ view_parse ] --END-- [ RunTime:0.015001s ]
INFO: [ view_filter ] --START--
INFO: Run Behavior\WriteHtmlCacheBehavior [ RunTime:0.000000s ]
INFO: [ view_filter ] --END-- [ RunTime:0.001000s ]
INFO: [ app_end ] --START--
INFO: Run Behavior\ShowPageTraceBehavior [ RunTime:0.000000s ]
INFO: [ app_end ] --END-- [ RunTime:0.001000s ]

[ 2016-07-04T19:46:31+08:00 ] ::1 /admin.php?m=Admin&c=member&a=add_branch&groId=17
INFO: [ app_init ] --START--
INFO: Run Behavior\BuildLiteBehavior [ RunTime:0.000000s ]
INFO: [ app_init ] --END-- [ RunTime:0.001000s ]
INFO: [ app_begin ] --START--
INFO: Run Behavior\ReadHtmlCacheBehavior [ RunTime:0.000000s ]
INFO: [ app_begin ] --END-- [ RunTime:0.000000s ]
SQL: SHOW COLUMNS FROM `area` [ RunTime:0.0310s ]
SQL: SELECT * FROM `area` WHERE ( pid = 0 )  [ RunTime:0.0300s ]
SQL: SHOW COLUMNS FROM `circle` [ RunTime:0.0310s ]
SQL: SELECT * FROM `circle`  [ RunTime:0.0300s ]
INFO: [ view_parse ] --START--
INFO: [ template_filter ] --START--
INFO: Run Behavior\ContentReplaceBehavior [ RunTime:0.000000s ]
INFO: [ template_filter ] --END-- [ RunTime:0.000000s ]
INFO: Run Behavior\ParseTemplateBehavior [ RunTime:0.016001s ]
INFO: [ view_parse ] --END-- [ RunTime:0.016001s ]
INFO: [ view_filter ] --START--
INFO: Run Behavior\WriteHtmlCacheBehavior [ RunTime:0.001000s ]
INFO: [ view_filter ] --END-- [ RunTime:0.001000s ]
INFO: [ app_end ] --START--
INFO: Run Behavior\ShowPageTraceBehavior [ RunTime:0.001000s ]
INFO: [ app_end ] --END-- [ RunTime:0.001000s ]

[ 2016-07-04T19:46:38+08:00 ] ::1 /admin.php?m=Admin&c=member&a=get_son_area
INFO: [ app_init ] --START--
INFO: Run Behavior\BuildLiteBehavior [ RunTime:0.000000s ]
INFO: [ app_init ] --END-- [ RunTime:0.001000s ]
INFO: [ app_begin ] --START--
INFO: Run Behavior\ReadHtmlCacheBehavior [ RunTime:0.001000s ]
INFO: [ app_begin ] --END-- [ RunTime:0.001000s ]
SQL: SHOW COLUMNS FROM `area` [ RunTime:0.0300s ]
SQL: SELECT a1.name FROM area a1 left join area a2 on a2.id = a1.pid  WHERE a2.name = '奉贤区'  [ RunTime:0.0300s ]

[ 2016-07-04T19:46:47+08:00 ] ::1 /admin.php?m=Admin&c=member&a=add_branch
INFO: [ app_init ] --START--
INFO: Run Behavior\BuildLiteBehavior [ RunTime:0.000000s ]
INFO: [ app_init ] --END-- [ RunTime:0.001000s ]
INFO: [ app_begin ] --START--
INFO: Run Behavior\ReadHtmlCacheBehavior [ RunTime:0.000000s ]
INFO: [ app_begin ] --END-- [ RunTime:0.000000s ]
SQL: SHOW COLUMNS FROM `branch` [ RunTime:0.0310s ]
SQL: INSERT INTO `branch` (`groId`,`braName`,`area`,`circle`,`address`,`telephone`,`son_area`) VALUES ('17','测试分校1111','奉贤区','万达广场','多萨达','15616638183','崇明县') [ RunTime:0.0430s ]
NOTIC: [8] Undefined variable: module E:\wamp\www\ThinkAdmin\ThinkPHP\Common\functions.php 第 990 行.
NOTIC: [8] Undefined variable: var E:\wamp\www\ThinkAdmin\ThinkPHP\Common\functions.php 第 990 行.
NOTIC: [2] array_reverse() expects parameter 1 to be array, null given E:\wamp\www\ThinkAdmin\ThinkPHP\Common\functions.php 第 990 行.
NOTIC: [2] http_build_query(): Parameter 1 expected to be Array or Object.  Incorrect value given E:\wamp\www\ThinkAdmin\ThinkPHP\Common\functions.php 第 990 行.

[ 2016-07-04T19:46:47+08:00 ] ::1 /admin.php?m=&&m=Admin&c=member&a=grocery_set&id=17
INFO: [ app_init ] --START--
INFO: Run Behavior\BuildLiteBehavior [ RunTime:0.000000s ]
INFO: [ app_init ] --END-- [ RunTime:0.001000s ]
INFO: [ app_begin ] --START--
INFO: Run Behavior\ReadHtmlCacheBehavior [ RunTime:0.000000s ]
INFO: [ app_begin ] --END-- [ RunTime:0.000000s ]
SQL: SHOW COLUMNS FROM `grocery` [ RunTime:0.0310s ]
SQL: SELECT * FROM `grocery` WHERE `id` = 17 LIMIT 1   [ RunTime:0.0300s ]
SQL: SHOW COLUMNS FROM `branch` [ RunTime:0.0310s ]
SQL: SELECT * FROM `branch` WHERE ( groId = 17 )  [ RunTime:0.0300s ]
INFO: [ view_parse ] --START--
INFO: [ template_filter ] --START--
INFO: Run Behavior\ContentReplaceBehavior [ RunTime:0.000000s ]
INFO: [ template_filter ] --END-- [ RunTime:0.000000s ]
INFO: Run Behavior\ParseTemplateBehavior [ RunTime:0.015001s ]
INFO: [ view_parse ] --END-- [ RunTime:0.016001s ]
INFO: [ view_filter ] --START--
INFO: Run Behavior\WriteHtmlCacheBehavior [ RunTime:0.000000s ]
INFO: [ view_filter ] --END-- [ RunTime:0.000000s ]
INFO: [ app_end ] --START--
INFO: Run Behavior\ShowPageTraceBehavior [ RunTime:0.001000s ]
INFO: [ app_end ] --END-- [ RunTime:0.001000s ]

[ 2016-07-04T19:47:45+08:00 ] ::1 /admin.php?m=Admin&c=member&a=update_branch&id=22&groId=17
INFO: [ app_init ] --START--
INFO: Run Behavior\BuildLiteBehavior [ RunTime:0.000000s ]
INFO: [ app_init ] --END-- [ RunTime:0.000000s ]
INFO: [ app_begin ] --START--
INFO: Run Behavior\ReadHtmlCacheBehavior [ RunTime:0.001000s ]
INFO: [ app_begin ] --END-- [ RunTime:0.001000s ]
SQL: SHOW COLUMNS FROM `area` [ RunTime:0.0310s ]
SQL: SELECT * FROM `area`  [ RunTime:0.0330s ]
SQL: SHOW COLUMNS FROM `circle` [ RunTime:0.0310s ]
SQL: SELECT * FROM `circle`  [ RunTime:0.0290s ]
SQL: SHOW COLUMNS FROM `branch` [ RunTime:0.0300s ]
SQL: SELECT * FROM `branch` WHERE `id` = 22 LIMIT 1   [ RunTime:0.0300s ]
INFO: [ view_parse ] --START--
INFO: [ template_filter ] --START--
INFO: Run Behavior\ContentReplaceBehavior [ RunTime:0.000000s ]
INFO: [ template_filter ] --END-- [ RunTime:0.000000s ]
INFO: Run Behavior\ParseTemplateBehavior [ RunTime:0.015001s ]
INFO: [ view_parse ] --END-- [ RunTime:0.015001s ]
INFO: [ view_filter ] --START--
INFO: Run Behavior\WriteHtmlCacheBehavior [ RunTime:0.000000s ]
INFO: [ view_filter ] --END-- [ RunTime:0.000000s ]
INFO: [ app_end ] --START--
INFO: Run Behavior\ShowPageTraceBehavior [ RunTime:0.001000s ]
INFO: [ app_end ] --END-- [ RunTime:0.002000s ]

[ 2016-07-04T19:48:24+08:00 ] ::1 /admin.php?m=Admin&c=member&a=update_branch&id=22&groId=17
INFO: [ app_init ] --START--
INFO: Run Behavior\BuildLiteBehavior [ RunTime:0.000000s ]
INFO: [ app_init ] --END-- [ RunTime:0.000000s ]
INFO: [ app_begin ] --START--
INFO: Run Behavior\ReadHtmlCacheBehavior [ RunTime:0.001000s ]
INFO: [ app_begin ] --END-- [ RunTime:0.001000s ]
SQL: SHOW COLUMNS FROM `area` [ RunTime:0.0330s ]
SQL: SELECT * FROM `area`  [ RunTime:0.0310s ]
SQL: SHOW COLUMNS FROM `circle` [ RunTime:0.0310s ]
SQL: SELECT * FROM `circle`  [ RunTime:0.0300s ]
SQL: SHOW COLUMNS FROM `branch` [ RunTime:0.0300s ]
SQL: SELECT * FROM `branch` WHERE `id` = 22 LIMIT 1   [ RunTime:0.0300s ]
INFO: [ view_parse ] --START--
INFO: [ template_filter ] --START--
INFO: Run Behavior\ContentReplaceBehavior [ RunTime:0.000000s ]
INFO: [ template_filter ] --END-- [ RunTime:0.000000s ]
INFO: Run Behavior\ParseTemplateBehavior [ RunTime:0.017001s ]
INFO: [ view_parse ] --END-- [ RunTime:0.017001s ]
INFO: [ view_filter ] --START--
INFO: Run Behavior\WriteHtmlCacheBehavior [ RunTime:0.000000s ]
INFO: [ view_filter ] --END-- [ RunTime:0.000000s ]
INFO: [ app_end ] --START--
INFO: Run Behavior\ShowPageTraceBehavior [ RunTime:0.001000s ]
INFO: [ app_end ] --END-- [ RunTime:0.001000s ]

[ 2016-07-04T19:49:54+08:00 ] ::1 /admin.php?m=Admin&c=member&a=update_branch&id=22&groId=17
INFO: [ app_init ] --START--
INFO: Run Behavior\BuildLiteBehavior [ RunTime:0.000000s ]
INFO: [ app_init ] --END-- [ RunTime:0.001000s ]
INFO: [ app_begin ] --START--
INFO: Run Behavior\ReadHtmlCacheBehavior [ RunTime:0.000000s ]
INFO: [ app_begin ] --END-- [ RunTime:0.001000s ]
SQL: SHOW COLUMNS FROM `area` [ RunTime:0.0320s ]
SQL: SELECT * FROM `area`  [ RunTime:0.0290s ]
SQL: SHOW COLUMNS FROM `circle` [ RunTime:0.0300s ]
SQL: SELECT * FROM `circle`  [ RunTime:0.0310s ]
SQL: SHOW COLUMNS FROM `branch` [ RunTime:0.0310s ]
SQL: SELECT * FROM `branch` WHERE `id` = 22 LIMIT 1   [ RunTime:0.0310s ]
INFO: [ view_parse ] --START--
INFO: [ template_filter ] --START--
INFO: Run Behavior\ContentReplaceBehavior [ RunTime:0.000000s ]
INFO: [ template_filter ] --END-- [ RunTime:0.000000s ]
INFO: Run Behavior\ParseTemplateBehavior [ RunTime:0.016001s ]
INFO: [ view_parse ] --END-- [ RunTime:0.016001s ]
INFO: [ view_filter ] --START--
INFO: Run Behavior\WriteHtmlCacheBehavior [ RunTime:0.001000s ]
INFO: [ view_filter ] --END-- [ RunTime:0.001000s ]
INFO: [ app_end ] --START--
INFO: Run Behavior\ShowPageTraceBehavior [ RunTime:0.000000s ]
INFO: [ app_end ] --END-- [ RunTime:0.000000s ]

[ 2016-07-04T19:50:26+08:00 ] ::1 /admin.php?m=Admin&c=member&a=update_branch&id=22&groId=17
INFO: [ app_init ] --START--
INFO: Run Behavior\BuildLiteBehavior [ RunTime:0.000000s ]
INFO: [ app_init ] --END-- [ RunTime:0.001000s ]
INFO: [ app_begin ] --START--
INFO: Run Behavior\ReadHtmlCacheBehavior [ RunTime:0.001000s ]
INFO: [ app_begin ] --END-- [ RunTime:0.001000s ]
SQL: SHOW COLUMNS FROM `area` [ RunTime:0.0300s ]
SQL: SELECT * FROM `area` WHERE ( pid = 0 )  [ RunTime:0.0300s ]
SQL: SHOW COLUMNS FROM `circle` [ RunTime:0.0310s ]
SQL: SELECT * FROM `circle`  [ RunTime:0.0310s ]
SQL: SHOW COLUMNS FROM `branch` [ RunTime:0.0310s ]
SQL: SELECT * FROM `branch` WHERE `id` = 22 LIMIT 1   [ RunTime:0.0310s ]
INFO: [ view_parse ] --START--
INFO: [ template_filter ] --START--
INFO: Run Behavior\ContentReplaceBehavior [ RunTime:0.000000s ]
INFO: [ template_filter ] --END-- [ RunTime:0.000000s ]
INFO: Run Behavior\ParseTemplateBehavior [ RunTime:0.016001s ]
INFO: [ view_parse ] --END-- [ RunTime:0.016001s ]
INFO: [ view_filter ] --START--
INFO: Run Behavior\WriteHtmlCacheBehavior [ RunTime:0.001000s ]
INFO: [ view_filter ] --END-- [ RunTime:0.001000s ]
INFO: [ app_end ] --START--
INFO: Run Behavior\ShowPageTraceBehavior [ RunTime:0.001000s ]
INFO: [ app_end ] --END-- [ RunTime:0.001000s ]

[ 2016-07-04T19:50:29+08:00 ] ::1 /admin.php?m=Admin&c=member&a=get_son_area
INFO: [ app_init ] --START--
INFO: Run Behavior\BuildLiteBehavior [ RunTime:0.000000s ]
INFO: [ app_init ] --END-- [ RunTime:0.001000s ]
INFO: [ app_begin ] --START--
INFO: Run Behavior\ReadHtmlCacheBehavior [ RunTime:0.001000s ]
INFO: [ app_begin ] --END-- [ RunTime:0.001000s ]
SQL: SHOW COLUMNS FROM `area` [ RunTime:0.0310s ]
SQL: SELECT a1.name FROM area a1 left join area a2 on a2.id = a1.pid  WHERE a2.name = '青浦区'  [ RunTime:0.0300s ]

[ 2016-07-04T19:50:33+08:00 ] ::1 /admin.php?m=Admin&c=member&a=get_son_area
INFO: [ app_init ] --START--
INFO: Run Behavior\BuildLiteBehavior [ RunTime:0.000000s ]
INFO: [ app_init ] --END-- [ RunTime:0.000000s ]
INFO: [ app_begin ] --START--
INFO: Run Behavior\ReadHtmlCacheBehavior [ RunTime:0.000000s ]
INFO: [ app_begin ] --END-- [ RunTime:0.000000s ]
SQL: SHOW COLUMNS FROM `area` [ RunTime:0.0300s ]
SQL: SELECT a1.name FROM area a1 left join area a2 on a2.id = a1.pid  WHERE a2.name = '松江区'  [ RunTime:0.0330s ]

[ 2016-07-04T19:50:36+08:00 ] ::1 /admin.php?m=Admin&c=member&a=get_son_area
INFO: [ app_init ] --START--
INFO: Run Behavior\BuildLiteBehavior [ RunTime:0.000000s ]
INFO: [ app_init ] --END-- [ RunTime:0.000000s ]
INFO: [ app_begin ] --START--
INFO: Run Behavior\ReadHtmlCacheBehavior [ RunTime:0.000000s ]
INFO: [ app_begin ] --END-- [ RunTime:0.001000s ]
SQL: SHOW COLUMNS FROM `area` [ RunTime:0.0300s ]
SQL: SELECT a1.name FROM area a1 left join area a2 on a2.id = a1.pid  WHERE a2.name = '奉贤区'  [ RunTime:0.0300s ]

[ 2016-07-04T21:31:38+08:00 ] ::1 /admin.php?m=Admin&c=member&a=groceryMember
INFO: [ app_init ] --START--
INFO: Run Behavior\BuildLiteBehavior [ RunTime:0.000000s ]
INFO: [ app_init ] --END-- [ RunTime:0.000000s ]
INFO: [ app_begin ] --START--
INFO: Run Behavior\ReadHtmlCacheBehavior [ RunTime:0.000000s ]
INFO: [ app_begin ] --END-- [ RunTime:0.001000s ]
SQL: SHOW COLUMNS FROM `grocery` [ RunTime:0.0310s ]
NOTIC: [8] Undefined index: status E:\wamp\www\ThinkAdmin\Application\Admin\Controller\MemberController.class.php 第 48 行.
NOTIC: [8] Undefined variable: where E:\wamp\www\ThinkAdmin\Application\Admin\Controller\MemberController.class.php 第 51 行.
SQL: SELECT COUNT(*) AS tp_count FROM `grocery` LIMIT 1   [ RunTime:0.0310s ]
NOTIC: [8] Undefined variable: where E:\wamp\www\ThinkAdmin\Application\Admin\Controller\MemberController.class.php 第 54 行.
SQL: SELECT * FROM `grocery` ORDER BY id DESC LIMIT 0,5   [ RunTime:0.0310s ]
INFO: [ view_parse ] --START--
INFO: [ template_filter ] --START--
INFO: Run Behavior\ContentReplaceBehavior [ RunTime:0.000000s ]
INFO: [ template_filter ] --END-- [ RunTime:0.001000s ]
INFO: Run Behavior\ParseTemplateBehavior [ RunTime:0.021001s ]
INFO: [ view_parse ] --END-- [ RunTime:0.022001s ]
INFO: [ view_filter ] --START--
INFO: Run Behavior\WriteHtmlCacheBehavior [ RunTime:0.000000s ]
INFO: [ view_filter ] --END-- [ RunTime:0.000000s ]
INFO: [ app_end ] --START--
INFO: Run Behavior\ShowPageTraceBehavior [ RunTime:0.000000s ]
INFO: [ app_end ] --END-- [ RunTime:0.001000s ]

[ 2016-07-04T21:31:40+08:00 ] ::1 /admin.php?m=Admin&c=member&a=safety&id=17&type=1
INFO: [ app_init ] --START--
INFO: Run Behavior\BuildLiteBehavior [ RunTime:0.001000s ]
INFO: [ app_init ] --END-- [ RunTime:0.001000s ]
INFO: [ app_begin ] --START--
INFO: Run Behavior\ReadHtmlCacheBehavior [ RunTime:0.001000s ]
INFO: [ app_begin ] --END-- [ RunTime:0.001000s ]
SQL: SHOW COLUMNS FROM `branch_account` [ RunTime:0.0310s ]
SQL: SELECT a.*,b.braname FROM branch_account a left join branch b on b.id = a.branchId  WHERE a.groId = '17'  [ RunTime:0.0300s ]
INFO: [ view_parse ] --START--
INFO: [ template_filter ] --START--
INFO: Run Behavior\ContentReplaceBehavior [ RunTime:0.001000s ]
INFO: [ template_filter ] --END-- [ RunTime:0.001000s ]
INFO: Run Behavior\ParseTemplateBehavior [ RunTime:0.030002s ]
INFO: [ view_parse ] --END-- [ RunTime:0.030002s ]
INFO: [ view_filter ] --START--
INFO: Run Behavior\WriteHtmlCacheBehavior [ RunTime:0.001000s ]
INFO: [ view_filter ] --END-- [ RunTime:0.001000s ]
INFO: [ app_end ] --START--
INFO: Run Behavior\ShowPageTraceBehavior [ RunTime:0.000000s ]
INFO: [ app_end ] --END-- [ RunTime:0.000000s ]

[ 2016-07-04T21:31:47+08:00 ] ::1 /admin.php?m=Admin&c=member&a=safety&id=14&type=1
INFO: [ app_init ] --START--
INFO: Run Behavior\BuildLiteBehavior [ RunTime:0.000000s ]
INFO: [ app_init ] --END-- [ RunTime:0.001000s ]
INFO: [ app_begin ] --START--
INFO: Run Behavior\ReadHtmlCacheBehavior [ RunTime:0.000000s ]
INFO: [ app_begin ] --END-- [ RunTime:0.001000s ]
SQL: SHOW COLUMNS FROM `branch_account` [ RunTime:0.0300s ]
SQL: SELECT a.*,b.braname FROM branch_account a left join branch b on b.id = a.branchId  WHERE a.groId = '14'  [ RunTime:0.0300s ]
INFO: [ view_parse ] --START--
INFO: [ template_filter ] --START--
INFO: Run Behavior\ContentReplaceBehavior [ RunTime:0.000000s ]
INFO: [ template_filter ] --END-- [ RunTime:0.000000s ]
INFO: Run Behavior\ParseTemplateBehavior [ RunTime:0.018001s ]
INFO: [ view_parse ] --END-- [ RunTime:0.018001s ]
INFO: [ view_filter ] --START--
INFO: Run Behavior\WriteHtmlCacheBehavior [ RunTime:0.000000s ]
INFO: [ view_filter ] --END-- [ RunTime:0.001000s ]
INFO: [ app_end ] --START--
INFO: Run Behavior\ShowPageTraceBehavior [ RunTime:0.001000s ]
INFO: [ app_end ] --END-- [ RunTime:0.001000s ]

[ 2016-07-04T21:31:51+08:00 ] ::1 /admin.php?m=Admin&c=member&a=update_account&id=3&groId=14
INFO: [ app_init ] --START--
INFO: Run Behavior\BuildLiteBehavior [ RunTime:0.000000s ]
INFO: [ app_init ] --END-- [ RunTime:0.000000s ]
INFO: [ app_begin ] --START--
INFO: Run Behavior\ReadHtmlCacheBehavior [ RunTime:0.001000s ]
INFO: [ app_begin ] --END-- [ RunTime:0.001000s ]
SQL: SHOW COLUMNS FROM `branch_account` [ RunTime:0.0310s ]
SQL: SELECT a.*,b.braname FROM branch_account a left join branch b on b.id = a.branchId  WHERE a.id = '3' LIMIT 1   [ RunTime:0.0310s ]
SQL: SHOW COLUMNS FROM `branch` [ RunTime:0.0310s ]
SQL: SELECT `id`,`braName` FROM `branch` WHERE ( groId = 14 )  [ RunTime:0.0300s ]
INFO: [ view_parse ] --START--
INFO: [ template_filter ] --START--
INFO: Run Behavior\ContentReplaceBehavior [ RunTime:0.000000s ]
INFO: [ template_filter ] --END-- [ RunTime:0.000000s ]
NOTIC: [8] Undefined variable: model E:\wamp\www\ThinkAdmin\Application\Runtime\Cache\Admin\e398a16fd20266e4f623389c4c2f7f47.php 第 160 行.
INFO: Run Behavior\ParseTemplateBehavior [ RunTime:0.029002s ]
INFO: [ view_parse ] --END-- [ RunTime:0.029002s ]
INFO: [ view_filter ] --START--
INFO: Run Behavior\WriteHtmlCacheBehavior [ RunTime:0.001000s ]
INFO: [ view_filter ] --END-- [ RunTime:0.001000s ]
INFO: [ app_end ] --START--
INFO: Run Behavior\ShowPageTraceBehavior [ RunTime:0.000000s ]
INFO: [ app_end ] --END-- [ RunTime:0.001000s ]

[ 2016-07-04T21:32:22+08:00 ] ::1 /admin.php?m=Admin&c=member&a=update_account&id=3&groId=14
INFO: [ app_init ] --START--
INFO: Run Behavior\BuildLiteBehavior [ RunTime:0.000000s ]
INFO: [ app_init ] --END-- [ RunTime:0.000000s ]
INFO: [ app_begin ] --START--
INFO: Run Behavior\ReadHtmlCacheBehavior [ RunTime:0.000000s ]
INFO: [ app_begin ] --END-- [ RunTime:0.000000s ]
SQL: SHOW COLUMNS FROM `branch_account` [ RunTime:0.0300s ]
SQL: SELECT a.*,b.braname FROM branch_account a left join branch b on b.id = a.branchId  WHERE a.id = '3' LIMIT 1   [ RunTime:0.0300s ]
SQL: SHOW COLUMNS FROM `branch` [ RunTime:0.0310s ]
SQL: SELECT `id`,`braName` FROM `branch` WHERE ( groId = 14 )  [ RunTime:0.0310s ]
INFO: [ view_parse ] --START--
INFO: [ template_filter ] --START--
INFO: Run Behavior\ContentReplaceBehavior [ RunTime:0.000000s ]
INFO: [ template_filter ] --END-- [ RunTime:0.000000s ]
NOTIC: [8] Undefined variable: model E:\wamp\www\ThinkAdmin\Application\Runtime\Cache\Admin\e398a16fd20266e4f623389c4c2f7f47.php 第 160 行.
INFO: Run Behavior\ParseTemplateBehavior [ RunTime:0.013001s ]
INFO: [ view_parse ] --END-- [ RunTime:0.013001s ]
INFO: [ view_filter ] --START--
INFO: Run Behavior\WriteHtmlCacheBehavior [ RunTime:0.001000s ]
INFO: [ view_filter ] --END-- [ RunTime:0.001000s ]
INFO: [ app_end ] --START--
INFO: Run Behavior\ShowPageTraceBehavior [ RunTime:0.001000s ]
INFO: [ app_end ] --END-- [ RunTime:0.001000s ]

[ 2016-07-04T21:32:36+08:00 ] ::1 /admin.php?m=Admin&c=member&a=grocery_set&id=14&type=1
INFO: [ app_init ] --START--
INFO: Run Behavior\BuildLiteBehavior [ RunTime:0.000000s ]
INFO: [ app_init ] --END-- [ RunTime:0.001000s ]
INFO: [ app_begin ] --START--
INFO: Run Behavior\ReadHtmlCacheBehavior [ RunTime:0.000000s ]
INFO: [ app_begin ] --END-- [ RunTime:0.001000s ]
SQL: SHOW COLUMNS FROM `grocery` [ RunTime:0.0300s ]
SQL: SELECT * FROM `grocery` WHERE `id` = 14 LIMIT 1   [ RunTime:0.0300s ]
SQL: SHOW COLUMNS FROM `branch` [ RunTime:0.0300s ]
SQL: SELECT * FROM `branch` WHERE ( groId = 14 )  [ RunTime:0.0300s ]
INFO: [ view_parse ] --START--
INFO: [ template_filter ] --START--
INFO: Run Behavior\ContentReplaceBehavior [ RunTime:0.001000s ]
INFO: [ template_filter ] --END-- [ RunTime:0.001000s ]
INFO: Run Behavior\ParseTemplateBehavior [ RunTime:0.016001s ]
INFO: [ view_parse ] --END-- [ RunTime:0.016001s ]
INFO: [ view_filter ] --START--
INFO: Run Behavior\WriteHtmlCacheBehavior [ RunTime:0.001000s ]
INFO: [ view_filter ] --END-- [ RunTime:0.001000s ]
INFO: [ app_end ] --START--
INFO: Run Behavior\ShowPageTraceBehavior [ RunTime:0.001000s ]
INFO: [ app_end ] --END-- [ RunTime:0.001000s ]

[ 2016-07-04T21:32:39+08:00 ] ::1 /admin.php?m=Admin&c=member&a=update_grocery_info
INFO: [ app_init ] --START--
INFO: Run Behavior\BuildLiteBehavior [ RunTime:0.000000s ]
INFO: [ app_init ] --END-- [ RunTime:0.000000s ]
INFO: [ app_begin ] --START--
INFO: Run Behavior\ReadHtmlCacheBehavior [ RunTime:0.000000s ]
INFO: [ app_begin ] --END-- [ RunTime:0.001000s ]
SQL: SHOW COLUMNS FROM `grocery` [ RunTime:0.0300s ]
SQL: UPDATE `grocery` SET `name`='测试商户',`status`='0' WHERE `id` = 14 [ RunTime:0.0410s ]
NOTIC: [8] Undefined variable: module E:\wamp\www\ThinkAdmin\ThinkPHP\Common\functions.php 第 990 行.
NOTIC: [8] Undefined variable: var E:\wamp\www\ThinkAdmin\ThinkPHP\Common\functions.php 第 990 行.
NOTIC: [2] array_reverse() expects parameter 1 to be array, null given E:\wamp\www\ThinkAdmin\ThinkPHP\Common\functions.php 第 990 行.
NOTIC: [2] http_build_query(): Parameter 1 expected to be Array or Object.  Incorrect value given E:\wamp\www\ThinkAdmin\ThinkPHP\Common\functions.php 第 990 行.

[ 2016-07-04T21:32:39+08:00 ] ::1 /admin.php?m=&&m=Admin&c=member&a=groceryMember
INFO: [ app_init ] --START--
INFO: Run Behavior\BuildLiteBehavior [ RunTime:0.000000s ]
INFO: [ app_init ] --END-- [ RunTime:0.001000s ]
INFO: [ app_begin ] --START--
INFO: Run Behavior\ReadHtmlCacheBehavior [ RunTime:0.000000s ]
INFO: [ app_begin ] --END-- [ RunTime:0.000000s ]
SQL: SHOW COLUMNS FROM `grocery` [ RunTime:0.0320s ]
NOTIC: [8] Undefined index: status E:\wamp\www\ThinkAdmin\Application\Admin\Controller\MemberController.class.php 第 48 行.
NOTIC: [8] Undefined variable: where E:\wamp\www\ThinkAdmin\Application\Admin\Controller\MemberController.class.php 第 51 行.
SQL: SELECT COUNT(*) AS tp_count FROM `grocery` LIMIT 1   [ RunTime:0.0300s ]
NOTIC: [8] Undefined variable: where E:\wamp\www\ThinkAdmin\Application\Admin\Controller\MemberController.class.php 第 54 行.
SQL: SELECT * FROM `grocery` ORDER BY id DESC LIMIT 0,5   [ RunTime:0.0360s ]
INFO: [ view_parse ] --START--
INFO: [ template_filter ] --START--
INFO: Run Behavior\ContentReplaceBehavior [ RunTime:0.000000s ]
INFO: [ template_filter ] --END-- [ RunTime:0.000000s ]
INFO: Run Behavior\ParseTemplateBehavior [ RunTime:0.018001s ]
INFO: [ view_parse ] --END-- [ RunTime:0.019001s ]
INFO: [ view_filter ] --START--
INFO: Run Behavior\WriteHtmlCacheBehavior [ RunTime:0.000000s ]
INFO: [ view_filter ] --END-- [ RunTime:0.000000s ]
INFO: [ app_end ] --START--
INFO: Run Behavior\ShowPageTraceBehavior [ RunTime:0.002000s ]
INFO: [ app_end ] --END-- [ RunTime:0.002000s ]

