[ 2016-10-28T22:18:19+08:00 ] 111.193.206.214 /admin.php
INFO: [ app_init ] --START--
INFO: Run Behavior\BuildLiteBehavior [ RunTime:0.000045s ]
INFO: [ app_init ] --END-- [ RunTime:0.001402s ]
INFO: [ app_begin ] --START--
INFO: Run Behavior\ReadHtmlCacheBehavior [ RunTime:0.001971s ]
INFO: [ app_begin ] --END-- [ RunTime:0.002307s ]

[ 2016-10-28T22:18:22+08:00 ] 111.193.206.214 /admin.php?m=Admin&c=Login&a=index
INFO: [ app_init ] --START--
INFO: Run Behavior\BuildLiteBehavior [ RunTime:0.000063s ]
INFO: [ app_init ] --END-- [ RunTime:0.001373s ]
INFO: [ app_begin ] --START--
INFO: Run Behavior\ReadHtmlCacheBehavior [ RunTime:0.001730s ]
INFO: [ app_begin ] --END-- [ RunTime:0.001927s ]
INFO: [ view_parse ] --START--
INFO: [ template_filter ] --START--
INFO: Run Behavior\ContentReplaceBehavior [ RunTime:0.000110s ]
INFO: [ template_filter ] --END-- [ RunTime:0.000222s ]
INFO: Run Behavior\ParseTemplateBehavior [ RunTime:0.033303s ]
INFO: [ view_parse ] --END-- [ RunTime:0.033414s ]
INFO: [ view_filter ] --START--
INFO: Run Behavior\WriteHtmlCacheBehavior [ RunTime:0.000575s ]
INFO: [ view_filter ] --END-- [ RunTime:0.000662s ]
INFO: [ app_end ] --START--
INFO: Run Behavior\ShowPageTraceBehavior [ RunTime:0.001979s ]
INFO: [ app_end ] --END-- [ RunTime:0.002124s ]

[ 2016-10-28T22:18:23+08:00 ] 111.193.206.214 /admin.php?m=Admin&c=login&a=verify
INFO: [ app_init ] --START--
INFO: Run Behavior\BuildLiteBehavior [ RunTime:0.000045s ]
INFO: [ app_init ] --END-- [ RunTime:0.001416s ]
INFO: [ app_begin ] --START--
INFO: Run Behavior\ReadHtmlCacheBehavior [ RunTime:0.002445s ]
INFO: [ app_begin ] --END-- [ RunTime:0.002637s ]
INFO: [ app_end ] --START--
INFO: Run Behavior\ShowPageTraceBehavior [ RunTime:0.002090s ]
INFO: [ app_end ] --END-- [ RunTime:0.002227s ]

[ 2016-10-28T22:18:46+08:00 ] 111.193.206.214 /admin.php?m=Admin&c=login&a=login
INFO: [ app_init ] --START--
INFO: Run Behavior\BuildLiteBehavior [ RunTime:0.000045s ]
INFO: [ app_init ] --END-- [ RunTime:0.001248s ]
INFO: [ app_begin ] --START--
INFO: Run Behavior\ReadHtmlCacheBehavior [ RunTime:0.001697s ]
INFO: [ app_begin ] --END-- [ RunTime:0.001803s ]
SQL: SHOW COLUMNS FROM `member` [ RunTime:0.0043s ]
INFO: [ view_parse ] --START--
INFO: [ template_filter ] --START--
INFO: Run Behavior\ContentReplaceBehavior [ RunTime:0.000098s ]
INFO: [ template_filter ] --END-- [ RunTime:0.000245s ]
INFO: Run Behavior\ParseTemplateBehavior [ RunTime:0.046222s ]
INFO: [ view_parse ] --END-- [ RunTime:0.046327s ]
INFO: [ view_filter ] --START--
INFO: Run Behavior\WriteHtmlCacheBehavior [ RunTime:0.000628s ]
INFO: [ view_filter ] --END-- [ RunTime:0.000716s ]

[ 2016-10-28T22:18:54+08:00 ] 111.193.206.214 /admin.php?m=Admin&c=login&a=verify&random=719
INFO: [ app_init ] --START--
INFO: Run Behavior\BuildLiteBehavior [ RunTime:0.000046s ]
INFO: [ app_init ] --END-- [ RunTime:0.001427s ]
INFO: [ app_begin ] --START--
INFO: Run Behavior\ReadHtmlCacheBehavior [ RunTime:0.001407s ]
INFO: [ app_begin ] --END-- [ RunTime:0.001504s ]
INFO: [ app_end ] --START--
INFO: Run Behavior\ShowPageTraceBehavior [ RunTime:0.001545s ]
INFO: [ app_end ] --END-- [ RunTime:0.001656s ]

[ 2016-10-28T22:19:12+08:00 ] 111.193.206.214 /admin.php?m=Admin&c=login&a=login
INFO: [ app_init ] --START--
INFO: Run Behavior\BuildLiteBehavior [ RunTime:0.000065s ]
INFO: [ app_init ] --END-- [ RunTime:0.001862s ]
INFO: [ app_begin ] --START--
INFO: Run Behavior\ReadHtmlCacheBehavior [ RunTime:0.002274s ]
INFO: [ app_begin ] --END-- [ RunTime:0.002413s ]
SQL: SHOW COLUMNS FROM `member` [ RunTime:0.0032s ]
SQL: SELECT * FROM `member` WHERE `username` = 'admin' AND `password` = '21232f297a57a5a743894a0e4a801fc3' LIMIT 1   [ RunTime:0.0032s ]
SQL: UPDATE `member` SET `update_at`='1477664352',`login_ip`='111.193.206.214' WHERE `id` = 1 [ RunTime:0.0014s ]
INFO: [ view_parse ] --START--
INFO: [ template_filter ] --START--
INFO: Run Behavior\ContentReplaceBehavior [ RunTime:0.000203s ]
INFO: [ template_filter ] --END-- [ RunTime:0.000307s ]
INFO: Run Behavior\ParseTemplateBehavior [ RunTime:0.020342s ]
INFO: [ view_parse ] --END-- [ RunTime:0.020440s ]
INFO: [ view_filter ] --START--
INFO: Run Behavior\WriteHtmlCacheBehavior [ RunTime:0.000517s ]
INFO: [ view_filter ] --END-- [ RunTime:0.000603s ]
INFO: [ app_end ] --START--
INFO: Run Behavior\ShowPageTraceBehavior [ RunTime:0.001993s ]
INFO: [ app_end ] --END-- [ RunTime:0.002089s ]

[ 2016-10-28T22:19:13+08:00 ] 111.193.206.214 /admin.php?m=Admin&c=Index&a=index
INFO: [ app_init ] --START--
INFO: Run Behavior\BuildLiteBehavior [ RunTime:0.000044s ]
INFO: [ app_init ] --END-- [ RunTime:0.001236s ]
INFO: [ app_begin ] --START--
INFO: Run Behavior\ReadHtmlCacheBehavior [ RunTime:0.001765s ]
INFO: [ app_begin ] --END-- [ RunTime:0.001873s ]
SQL: SHOW COLUMNS FROM `course_order` [ RunTime:0.0030s ]
SQL: SELECT count(*) as count,o.status FROM course_order o INNER JOIN course c on c.id = o.course_id INNER JOIN member m on m.id = o.user_id INNER JOIN branch b on b.id = c.branchId INNER JOIN grocery g on g.id = b.groId  GROUP BY o.status  [ RunTime:0.0023s ]
NOTIC: [8] Undefined offset: 5 /var/www/virtual/xbkt/home/wwwroot/Application/Admin/Controller/BaseController.class.php 第 28 行.
NOTIC: [8] Undefined offset: -1 /var/www/virtual/xbkt/home/wwwroot/Application/Admin/Controller/BaseController.class.php 第 33 行.
INFO: [ view_parse ] --START--
INFO: [ template_filter ] --START--
INFO: Run Behavior\ContentReplaceBehavior [ RunTime:0.000244s ]
INFO: [ template_filter ] --END-- [ RunTime:0.000364s ]
INFO: Run Behavior\ParseTemplateBehavior [ RunTime:0.048163s ]
INFO: [ view_parse ] --END-- [ RunTime:0.048268s ]
INFO: [ view_filter ] --START--
INFO: Run Behavior\WriteHtmlCacheBehavior [ RunTime:0.000559s ]
INFO: [ view_filter ] --END-- [ RunTime:0.000665s ]
INFO: [ app_end ] --START--
INFO: Run Behavior\ShowPageTraceBehavior [ RunTime:0.001874s ]
INFO: [ app_end ] --END-- [ RunTime:0.001971s ]

[ 2016-10-28T22:19:21+08:00 ] 111.193.206.214 /admin.php?m=Admin&c=course&a=index
INFO: [ app_init ] --START--
INFO: Run Behavior\BuildLiteBehavior [ RunTime:0.000043s ]
INFO: [ app_init ] --END-- [ RunTime:0.001262s ]
INFO: [ app_begin ] --START--
INFO: Run Behavior\ReadHtmlCacheBehavior [ RunTime:0.001845s ]
INFO: [ app_begin ] --END-- [ RunTime:0.001962s ]
SQL: SHOW COLUMNS FROM `course_order` [ RunTime:0.0028s ]
SQL: SELECT count(*) as count,o.status FROM course_order o INNER JOIN course c on c.id = o.course_id INNER JOIN member m on m.id = o.user_id INNER JOIN branch b on b.id = c.branchId INNER JOIN grocery g on g.id = b.groId  GROUP BY o.status  [ RunTime:0.0010s ]
NOTIC: [8] Undefined offset: 5 /var/www/virtual/xbkt/home/wwwroot/Application/Admin/Controller/BaseController.class.php 第 28 行.
NOTIC: [8] Undefined offset: -1 /var/www/virtual/xbkt/home/wwwroot/Application/Admin/Controller/BaseController.class.php 第 33 行.
SQL: SHOW COLUMNS FROM `course` [ RunTime:0.0025s ]
NOTIC: [8] Undefined variable: where /var/www/virtual/xbkt/home/wwwroot/Application/Admin/Controller/CourseController.class.php 第 25 行.
SQL: SELECT COUNT(*) AS tp_count FROM `course` INNER JOIN branch b on b.id=course.branchId INNER JOIN grocery g on g.id=b.groId  LIMIT 1   [ RunTime:0.0017s ]
NOTIC: [8] Undefined variable: where /var/www/virtual/xbkt/home/wwwroot/Application/Admin/Controller/CourseController.class.php 第 40 行.
SQL: SELECT course.*,g.name as gname,b.braName,b.id bid,(select count(*) from course_order o left join course c on c.id = o.course_id where o.course_id = course.id) as order_count,ca.title FROM `course` INNER JOIN branch b on b.id=course.branchId INNER JOIN grocery g on g.id=b.groId left join course_order o on o.course_id = course.id left join category ca on ca.id = course.cate1  GROUP BY course.id ORDER BY course.id DESC LIMIT 0,6   [ RunTime:0.0074s ]
INFO: [ view_parse ] --START--
INFO: [ template_filter ] --START--
INFO: Run Behavior\ContentReplaceBehavior [ RunTime:0.000160s ]
INFO: [ template_filter ] --END-- [ RunTime:0.000266s ]
NOTIC: [2] Division by zero /var/www/virtual/xbkt/home/wwwroot/Application/Runtime/Cache/Admin/0a118b67613e888354da043b45de67d3.php 第 164 行.
NOTIC: [2] Division by zero /var/www/virtual/xbkt/home/wwwroot/Application/Runtime/Cache/Admin/0a118b67613e888354da043b45de67d3.php 第 164 行.
NOTIC: [2] Division by zero /var/www/virtual/xbkt/home/wwwroot/Application/Runtime/Cache/Admin/0a118b67613e888354da043b45de67d3.php 第 164 行.
NOTIC: [2] Division by zero /var/www/virtual/xbkt/home/wwwroot/Application/Runtime/Cache/Admin/0a118b67613e888354da043b45de67d3.php 第 164 行.
NOTIC: [2] Division by zero /var/www/virtual/xbkt/home/wwwroot/Application/Runtime/Cache/Admin/0a118b67613e888354da043b45de67d3.php 第 164 行.
NOTIC: [2] Division by zero /var/www/virtual/xbkt/home/wwwroot/Application/Runtime/Cache/Admin/0a118b67613e888354da043b45de67d3.php 第 164 行.
INFO: Run Behavior\ParseTemplateBehavior [ RunTime:0.052943s ]
INFO: [ view_parse ] --END-- [ RunTime:0.053063s ]
INFO: [ view_filter ] --START--
INFO: Run Behavior\WriteHtmlCacheBehavior [ RunTime:0.000502s ]
INFO: [ view_filter ] --END-- [ RunTime:0.000572s ]
INFO: [ app_end ] --START--
INFO: Run Behavior\ShowPageTraceBehavior [ RunTime:0.001716s ]
INFO: [ app_end ] --END-- [ RunTime:0.001794s ]

[ 2016-10-28T22:19:38+08:00 ] 111.206.36.7 /admin.php?m=Admin&c=course&a=index
INFO: [ app_init ] --START--
INFO: Run Behavior\BuildLiteBehavior [ RunTime:0.000040s ]
INFO: [ app_init ] --END-- [ RunTime:0.001255s ]
INFO: [ app_begin ] --START--
INFO: Run Behavior\ReadHtmlCacheBehavior [ RunTime:0.001834s ]
INFO: [ app_begin ] --END-- [ RunTime:0.001941s ]

[ 2016-10-28T22:19:39+08:00 ] 111.206.36.140 /admin.php?m=Admin&c=Login&a=index
INFO: [ app_init ] --START--
INFO: Run Behavior\BuildLiteBehavior [ RunTime:0.000040s ]
INFO: [ app_init ] --END-- [ RunTime:0.001204s ]
INFO: [ app_begin ] --START--
INFO: Run Behavior\ReadHtmlCacheBehavior [ RunTime:0.001710s ]
INFO: [ app_begin ] --END-- [ RunTime:0.001813s ]
INFO: [ view_parse ] --START--
INFO: [ template_filter ] --START--
INFO: Run Behavior\ContentReplaceBehavior [ RunTime:0.000153s ]
INFO: [ template_filter ] --END-- [ RunTime:0.000251s ]
INFO: Run Behavior\ParseTemplateBehavior [ RunTime:0.018211s ]
INFO: [ view_parse ] --END-- [ RunTime:0.018306s ]
INFO: [ view_filter ] --START--
INFO: Run Behavior\WriteHtmlCacheBehavior [ RunTime:0.000534s ]
INFO: [ view_filter ] --END-- [ RunTime:0.000618s ]
INFO: [ app_end ] --START--
INFO: Run Behavior\ShowPageTraceBehavior [ RunTime:0.001818s ]
INFO: [ app_end ] --END-- [ RunTime:0.001966s ]

[ 2016-10-28T22:19:40+08:00 ] 111.206.36.14 /admin.php?m=Admin&c=login&a=verify
INFO: [ app_init ] --START--
INFO: Run Behavior\BuildLiteBehavior [ RunTime:0.000042s ]
INFO: [ app_init ] --END-- [ RunTime:0.001337s ]
INFO: [ app_begin ] --START--
INFO: Run Behavior\ReadHtmlCacheBehavior [ RunTime:0.001748s ]
INFO: [ app_begin ] --END-- [ RunTime:0.001870s ]
INFO: [ app_end ] --START--
INFO: Run Behavior\ShowPageTraceBehavior [ RunTime:0.002349s ]
INFO: [ app_end ] --END-- [ RunTime:0.002493s ]

[ 2016-10-28T22:19:43+08:00 ] 111.206.36.138 /admin.php?m=Admin&c=course&a=index
INFO: [ app_init ] --START--
INFO: Run Behavior\BuildLiteBehavior [ RunTime:0.000043s ]
INFO: [ app_init ] --END-- [ RunTime:0.001270s ]
INFO: [ app_begin ] --START--
INFO: Run Behavior\ReadHtmlCacheBehavior [ RunTime:0.001679s ]
INFO: [ app_begin ] --END-- [ RunTime:0.001873s ]

[ 2016-10-28T22:19:44+08:00 ] 111.206.36.10 /admin.php?m=Admin&c=Login&a=index
INFO: [ app_init ] --START--
INFO: Run Behavior\BuildLiteBehavior [ RunTime:0.000042s ]
INFO: [ app_init ] --END-- [ RunTime:0.001237s ]
INFO: [ app_begin ] --START--
INFO: Run Behavior\ReadHtmlCacheBehavior [ RunTime:0.001869s ]
INFO: [ app_begin ] --END-- [ RunTime:0.001974s ]
INFO: [ view_parse ] --START--
INFO: [ template_filter ] --START--
INFO: Run Behavior\ContentReplaceBehavior [ RunTime:0.000108s ]
INFO: [ template_filter ] --END-- [ RunTime:0.000235s ]
INFO: Run Behavior\ParseTemplateBehavior [ RunTime:0.019718s ]
INFO: [ view_parse ] --END-- [ RunTime:0.019815s ]
INFO: [ view_filter ] --START--
INFO: Run Behavior\WriteHtmlCacheBehavior [ RunTime:0.000667s ]
INFO: [ view_filter ] --END-- [ RunTime:0.000758s ]
INFO: [ app_end ] --START--
INFO: Run Behavior\ShowPageTraceBehavior [ RunTime:0.002057s ]
INFO: [ app_end ] --END-- [ RunTime:0.002149s ]

[ 2016-10-28T22:19:45+08:00 ] 111.206.36.8 /admin.php?m=Admin&c=login&a=verify
INFO: [ app_init ] --START--
INFO: Run Behavior\BuildLiteBehavior [ RunTime:0.000044s ]
INFO: [ app_init ] --END-- [ RunTime:0.001480s ]
INFO: [ app_begin ] --START--
INFO: Run Behavior\ReadHtmlCacheBehavior [ RunTime:0.001929s ]
INFO: [ app_begin ] --END-- [ RunTime:0.002035s ]
INFO: [ app_end ] --START--
INFO: Run Behavior\ShowPageTraceBehavior [ RunTime:0.002163s ]
INFO: [ app_end ] --END-- [ RunTime:0.002288s ]

[ 2016-10-28T22:19:51+08:00 ] 111.193.206.214 /admin.php?m=Admin&c=course&a=update&id=34
INFO: [ app_init ] --START--
INFO: Run Behavior\BuildLiteBehavior [ RunTime:0.000043s ]
INFO: [ app_init ] --END-- [ RunTime:0.001392s ]
INFO: [ app_begin ] --START--
INFO: Run Behavior\ReadHtmlCacheBehavior [ RunTime:0.001743s ]
INFO: [ app_begin ] --END-- [ RunTime:0.001910s ]
SQL: SHOW COLUMNS FROM `course_order` [ RunTime:0.0029s ]
SQL: SELECT count(*) as count,o.status FROM course_order o INNER JOIN course c on c.id = o.course_id INNER JOIN member m on m.id = o.user_id INNER JOIN branch b on b.id = c.branchId INNER JOIN grocery g on g.id = b.groId  GROUP BY o.status  [ RunTime:0.0011s ]
NOTIC: [8] Undefined offset: 5 /var/www/virtual/xbkt/home/wwwroot/Application/Admin/Controller/BaseController.class.php 第 28 行.
NOTIC: [8] Undefined offset: -1 /var/www/virtual/xbkt/home/wwwroot/Application/Admin/Controller/BaseController.class.php 第 33 行.
SQL: SHOW COLUMNS FROM `course` [ RunTime:0.0024s ]
SQL: SELECT course.*,category.*,g.name as gname,b.braName,b.id bid FROM `course` INNER JOIN branch b on b.id=course.branchId INNER JOIN grocery g on g.id=b.groId left join category on category.id = course.cate2  WHERE course.id = '34' LIMIT 1   [ RunTime:0.0025s ]
SQL: SHOW COLUMNS FROM `category` [ RunTime:0.0035s ]
SQL: SELECT * FROM `category` WHERE ( pid=0 and type=1 )  [ RunTime:0.0016s ]
SQL: SHOW COLUMNS FROM `grocery` [ RunTime:0.0021s ]
SQL: SELECT * FROM `grocery`  [ RunTime:0.0015s ]
INFO: [ view_parse ] --START--
INFO: [ template_filter ] --START--
INFO: Run Behavior\ContentReplaceBehavior [ RunTime:0.000205s ]
INFO: [ template_filter ] --END-- [ RunTime:0.000307s ]
NOTIC: [2] Division by zero /var/www/virtual/xbkt/home/wwwroot/Application/Runtime/Cache/Admin/cb2f467cbaf8f35452290d8202b91cd1.php 第 141 行.
INFO: Run Behavior\ParseTemplateBehavior [ RunTime:0.047504s ]
INFO: [ view_parse ] --END-- [ RunTime:0.047606s ]
INFO: [ view_filter ] --START--
INFO: Run Behavior\WriteHtmlCacheBehavior [ RunTime:0.000664s ]
INFO: [ view_filter ] --END-- [ RunTime:0.000753s ]
INFO: [ app_end ] --START--
INFO: Run Behavior\ShowPageTraceBehavior [ RunTime:0.007936s ]
INFO: [ app_end ] --END-- [ RunTime:0.008040s ]

[ 2016-10-28T22:19:58+08:00 ] 111.193.206.214 /admin.php?m=Admin&c=Course&a=get_branch
INFO: [ app_init ] --START--
INFO: Run Behavior\BuildLiteBehavior [ RunTime:0.000043s ]
INFO: [ app_init ] --END-- [ RunTime:0.001440s ]
INFO: [ app_begin ] --START--
INFO: Run Behavior\ReadHtmlCacheBehavior [ RunTime:0.001673s ]
INFO: [ app_begin ] --END-- [ RunTime:0.001794s ]
SQL: SHOW COLUMNS FROM `course_order` [ RunTime:0.0035s ]
SQL: SELECT count(*) as count,o.status FROM course_order o INNER JOIN course c on c.id = o.course_id INNER JOIN member m on m.id = o.user_id INNER JOIN branch b on b.id = c.branchId INNER JOIN grocery g on g.id = b.groId  GROUP BY o.status  [ RunTime:0.0011s ]
NOTIC: [8] Undefined offset: 5 /var/www/virtual/xbkt/home/wwwroot/Application/Admin/Controller/BaseController.class.php 第 28 行.
NOTIC: [8] Undefined offset: -1 /var/www/virtual/xbkt/home/wwwroot/Application/Admin/Controller/BaseController.class.php 第 33 行.
SQL: SHOW COLUMNS FROM `branch` [ RunTime:0.0024s ]
SQL: SELECT * FROM `branch` WHERE `groId` = 21  [ RunTime:0.0017s ]

[ 2016-10-28T22:20:03+08:00 ] 111.193.206.214 /admin.php?m=Admin&c=course&a=update
INFO: [ app_init ] --START--
INFO: Run Behavior\BuildLiteBehavior [ RunTime:0.000080s ]
INFO: [ app_init ] --END-- [ RunTime:0.000674s ]
INFO: [ app_begin ] --START--
INFO: Run Behavior\ReadHtmlCacheBehavior [ RunTime:0.000811s ]
INFO: [ app_begin ] --END-- [ RunTime:0.000865s ]
SQL: SHOW COLUMNS FROM `course_order` [ RunTime:0.0032s ]
SQL: SELECT count(*) as count,o.status FROM course_order o INNER JOIN course c on c.id = o.course_id INNER JOIN member m on m.id = o.user_id INNER JOIN branch b on b.id = c.branchId INNER JOIN grocery g on g.id = b.groId  GROUP BY o.status  [ RunTime:0.0021s ]
NOTIC: [8] Undefined offset: 5 /var/www/virtual/xbkt/home/wwwroot/Application/Admin/Controller/BaseController.class.php 第 28 行.
NOTIC: [8] Undefined offset: -1 /var/www/virtual/xbkt/home/wwwroot/Application/Admin/Controller/BaseController.class.php 第 33 行.
SQL: SHOW COLUMNS FROM `course` [ RunTime:0.0110s ]
SQL: SELECT course.*,category.*,g.name as gname,b.braName,b.id bid FROM `course` INNER JOIN branch b on b.id=course.branchId INNER JOIN grocery g on g.id=b.groId left join category on category.id = course.cate2  WHERE course.id = '34' LIMIT 1   [ RunTime:0.0018s ]
SQL: SHOW COLUMNS FROM `category` [ RunTime:0.0019s ]
SQL: SELECT * FROM `category` WHERE ( pid=0 and type=1 )  [ RunTime:0.0010s ]
SQL: UPDATE `course` SET `name`='小学数学',`extension`='1',`extensionImg`='/Public/uploads/admin/course/20160918/57de35e58622a_stamp.JPG',`price`='0',`cate1`='62',`cate2`='69',`age`='',`detail`='&lt;p style=&quot;color:#666666;font-family:-apple-system, \'PingFang SC\', \'Helvetica Neue\', STHeiti, \'Microsoft Yahei\', Tahoma, Simsun, sans-serif;font-size:14px;background-color:#FFFFFF;&quot;&gt;
	&lt;span style=&quot;font-weight:700;&quot;&gt;全能宝宝超级学前班&lt;/span&gt;，是沪江引进的专业幼教综合系列课程，结合幼儿园大纲，帮您制定宝宝三年的学习计划。
&lt;/p&gt;
&lt;p style=&quot;color:#666666;font-family:-apple-system, \'PingFang SC\', \'Helvetica Neue\', STHeiti, \'Microsoft Yahei\', Tahoma, Simsun, sans-serif;font-size:14px;background-color:#FFFFFF;&quot;&gt;
	其中，本课程是紧跟3-5岁宝宝的身心发展特点，通过讲故事和歌曲的方式，帮宝宝继续积累大量生活常见词汇与汉字，继续学说普通话，能大胆表达自己的意愿和想法，对行为和生活习惯进一步的进行规范，认识简单的数字及进行简单运算，同时，开始启蒙宝宝的逻辑思维，并抓住宝宝第二外语学习的关键期，进行第二语言的兴趣激发，为后面的学习打下基础。
&lt;/p&gt;
&lt;p style=&quot;color:#666666;font-family:-apple-system, \'PingFang SC\', \'Helvetica Neue\', STHeiti, \'Microsoft Yahei\', Tahoma, Simsun, sans-serif;font-size:14px;background-color:#FFFFFF;&quot;&gt;
	&lt;br /&gt;
&lt;/p&gt;
&lt;p style=&quot;color:#666666;font-family:-apple-system, \'PingFang SC\', \'Helvetica Neue\', STHeiti, \'Microsoft Yahei\', Tahoma, Simsun, sans-serif;font-size:14px;background-color:#FFFFFF;&quot;&gt;
	&lt;span style=&quot;font-weight:700;font-family:verdana, helvetica;&quot;&gt;&lt;br /&gt;
&lt;/span&gt; 
&lt;/p&gt;
&lt;p style=&quot;color:#666666;font-family:-apple-system, \'PingFang SC\', \'Helvetica Neue\', STHeiti, \'Microsoft Yahei\', Tahoma, Simsun, sans-serif;font-size:14px;background-color:#FFFFFF;&quot;&gt;
	&lt;span style=&quot;font-weight:700;font-family:verdana, helvetica;&quot;&gt;为什么要选择本课程？&lt;/span&gt; 
&lt;/p&gt;
&lt;p style=&quot;color:#666666;font-family:-apple-system, \'PingFang SC\', \'Helvetica Neue\', STHeiti, \'Microsoft Yahei\', Tahoma, Simsun, sans-serif;font-size:14px;background-color:#FFFFFF;&quot;&gt;
	&lt;span style=&quot;font-weight:700;font-family:verdana, helvetica;&quot;&gt;&lt;br /&gt;
&lt;/span&gt; 
&lt;/p&gt;
&lt;p style=&quot;color:#666666;font-family:-apple-system, \'PingFang SC\', \'Helvetica Neue\', STHeiti, \'Microsoft Yahei\', Tahoma, Simsun, sans-serif;font-size:14px;background-color:#FFFFFF;&quot;&gt;
	&lt;span style=&quot;font-weight:700;font-family:verdana, helvetica;&quot;&gt;&lt;img src=&quot;http://f2n.c.hjfile.cn/pic/201501/a976aa91-a18a-4e5e-9b5c-c0644c1001e4_n.png&quot; /&gt;&lt;/span&gt; 
&lt;/p&gt;
&lt;div&gt;
	&lt;br /&gt;
&lt;/div&gt;',`branchId`='30' WHERE `id` = 34 [ RunTime:0.0038s ]
INFO: [ view_parse ] --START--
INFO: [ template_filter ] --START--
INFO: Run Behavior\ContentReplaceBehavior [ RunTime:0.000047s ]
INFO: [ template_filter ] --END-- [ RunTime:0.000096s ]
INFO: Run Behavior\ParseTemplateBehavior [ RunTime:0.009431s ]
INFO: [ view_parse ] --END-- [ RunTime:0.009482s ]
INFO: [ view_filter ] --START--
INFO: Run Behavior\WriteHtmlCacheBehavior [ RunTime:0.000328s ]
INFO: [ view_filter ] --END-- [ RunTime:0.000370s ]

[ 2016-10-28T22:20:05+08:00 ] 111.193.206.214 /admin.php?m=Admin&c=course&a=index&id=34
INFO: [ app_init ] --START--
INFO: Run Behavior\BuildLiteBehavior [ RunTime:0.000042s ]
INFO: [ app_init ] --END-- [ RunTime:0.001286s ]
INFO: [ app_begin ] --START--
INFO: Run Behavior\ReadHtmlCacheBehavior [ RunTime:0.001945s ]
INFO: [ app_begin ] --END-- [ RunTime:0.002048s ]
SQL: SHOW COLUMNS FROM `course_order` [ RunTime:0.0036s ]
SQL: SELECT count(*) as count,o.status FROM course_order o INNER JOIN course c on c.id = o.course_id INNER JOIN member m on m.id = o.user_id INNER JOIN branch b on b.id = c.branchId INNER JOIN grocery g on g.id = b.groId  GROUP BY o.status  [ RunTime:0.0019s ]
NOTIC: [8] Undefined offset: 5 /var/www/virtual/xbkt/home/wwwroot/Application/Admin/Controller/BaseController.class.php 第 28 行.
NOTIC: [8] Undefined offset: -1 /var/www/virtual/xbkt/home/wwwroot/Application/Admin/Controller/BaseController.class.php 第 33 行.
SQL: SHOW COLUMNS FROM `course` [ RunTime:0.0023s ]
NOTIC: [8] Undefined variable: where /var/www/virtual/xbkt/home/wwwroot/Application/Admin/Controller/CourseController.class.php 第 25 行.
SQL: SELECT COUNT(*) AS tp_count FROM `course` INNER JOIN branch b on b.id=course.branchId INNER JOIN grocery g on g.id=b.groId  LIMIT 1   [ RunTime:0.0024s ]
NOTIC: [8] Undefined variable: where /var/www/virtual/xbkt/home/wwwroot/Application/Admin/Controller/CourseController.class.php 第 40 行.
SQL: SELECT course.*,g.name as gname,b.braName,b.id bid,(select count(*) from course_order o left join course c on c.id = o.course_id where o.course_id = course.id) as order_count,ca.title FROM `course` INNER JOIN branch b on b.id=course.branchId INNER JOIN grocery g on g.id=b.groId left join course_order o on o.course_id = course.id left join category ca on ca.id = course.cate1  GROUP BY course.id ORDER BY course.id DESC LIMIT 0,6   [ RunTime:0.0093s ]
INFO: [ view_parse ] --START--
INFO: [ template_filter ] --START--
INFO: Run Behavior\ContentReplaceBehavior [ RunTime:0.000193s ]
INFO: [ template_filter ] --END-- [ RunTime:0.000302s ]
NOTIC: [2] Division by zero /var/www/virtual/xbkt/home/wwwroot/Application/Runtime/Cache/Admin/0a118b67613e888354da043b45de67d3.php 第 164 行.
NOTIC: [2] Division by zero /var/www/virtual/xbkt/home/wwwroot/Application/Runtime/Cache/Admin/0a118b67613e888354da043b45de67d3.php 第 164 行.
NOTIC: [2] Division by zero /var/www/virtual/xbkt/home/wwwroot/Application/Runtime/Cache/Admin/0a118b67613e888354da043b45de67d3.php 第 164 行.
NOTIC: [2] Division by zero /var/www/virtual/xbkt/home/wwwroot/Application/Runtime/Cache/Admin/0a118b67613e888354da043b45de67d3.php 第 164 行.
NOTIC: [2] Division by zero /var/www/virtual/xbkt/home/wwwroot/Application/Runtime/Cache/Admin/0a118b67613e888354da043b45de67d3.php 第 164 行.
NOTIC: [2] Division by zero /var/www/virtual/xbkt/home/wwwroot/Application/Runtime/Cache/Admin/0a118b67613e888354da043b45de67d3.php 第 164 行.
INFO: Run Behavior\ParseTemplateBehavior [ RunTime:0.041157s ]
INFO: [ view_parse ] --END-- [ RunTime:0.041320s ]
INFO: [ view_filter ] --START--
INFO: Run Behavior\WriteHtmlCacheBehavior [ RunTime:0.000602s ]
INFO: [ view_filter ] --END-- [ RunTime:0.000688s ]
INFO: [ app_end ] --START--
INFO: Run Behavior\ShowPageTraceBehavior [ RunTime:0.002121s ]
INFO: [ app_end ] --END-- [ RunTime:0.002217s ]

[ 2016-10-28T22:20:11+08:00 ] 111.206.36.143 /admin.php?m=Admin&c=course&a=update&id=34
INFO: [ app_init ] --START--
INFO: Run Behavior\BuildLiteBehavior [ RunTime:0.000040s ]
INFO: [ app_init ] --END-- [ RunTime:0.001223s ]
INFO: [ app_begin ] --START--
INFO: Run Behavior\ReadHtmlCacheBehavior [ RunTime:0.001645s ]
INFO: [ app_begin ] --END-- [ RunTime:0.001749s ]

[ 2016-10-28T22:20:12+08:00 ] 111.206.36.7 /admin.php?m=Admin&c=course&a=update&id=34
INFO: [ app_init ] --START--
INFO: Run Behavior\BuildLiteBehavior [ RunTime:0.000063s ]
INFO: [ app_init ] --END-- [ RunTime:0.001330s ]
INFO: [ app_begin ] --START--
INFO: Run Behavior\ReadHtmlCacheBehavior [ RunTime:0.001814s ]
INFO: [ app_begin ] --END-- [ RunTime:0.001918s ]

[ 2016-10-28T22:20:12+08:00 ] 111.206.36.137 /admin.php?m=Admin&c=Login&a=index
INFO: [ app_init ] --START--
INFO: Run Behavior\BuildLiteBehavior [ RunTime:0.000045s ]
INFO: [ app_init ] --END-- [ RunTime:0.001413s ]
INFO: [ app_begin ] --START--
INFO: Run Behavior\ReadHtmlCacheBehavior [ RunTime:0.001870s ]
INFO: [ app_begin ] --END-- [ RunTime:0.001975s ]
INFO: [ view_parse ] --START--
INFO: [ template_filter ] --START--
INFO: Run Behavior\ContentReplaceBehavior [ RunTime:0.000297s ]
INFO: [ template_filter ] --END-- [ RunTime:0.000470s ]
INFO: Run Behavior\ParseTemplateBehavior [ RunTime:0.029686s ]
INFO: [ view_parse ] --END-- [ RunTime:0.029811s ]
INFO: [ view_filter ] --START--
INFO: Run Behavior\WriteHtmlCacheBehavior [ RunTime:0.000809s ]
INFO: [ view_filter ] --END-- [ RunTime:0.000946s ]
INFO: [ app_end ] --START--
INFO: Run Behavior\ShowPageTraceBehavior [ RunTime:0.003949s ]
INFO: [ app_end ] --END-- [ RunTime:0.004075s ]

[ 2016-10-28T22:20:13+08:00 ] 111.206.36.8 /admin.php?m=Admin&c=Login&a=index
INFO: [ app_init ] --START--
INFO: Run Behavior\BuildLiteBehavior [ RunTime:0.000036s ]
INFO: [ app_init ] --END-- [ RunTime:0.001087s ]
INFO: [ app_begin ] --START--
INFO: Run Behavior\ReadHtmlCacheBehavior [ RunTime:0.001444s ]
INFO: [ app_begin ] --END-- [ RunTime:0.001547s ]
INFO: [ view_parse ] --START--
INFO: [ template_filter ] --START--
INFO: Run Behavior\ContentReplaceBehavior [ RunTime:0.000084s ]
INFO: [ template_filter ] --END-- [ RunTime:0.000186s ]
INFO: Run Behavior\ParseTemplateBehavior [ RunTime:0.014713s ]
INFO: [ view_parse ] --END-- [ RunTime:0.014789s ]
INFO: [ view_filter ] --START--
INFO: Run Behavior\WriteHtmlCacheBehavior [ RunTime:0.000625s ]
INFO: [ view_filter ] --END-- [ RunTime:0.000714s ]
INFO: [ app_end ] --START--
INFO: Run Behavior\ShowPageTraceBehavior [ RunTime:0.001832s ]
INFO: [ app_end ] --END-- [ RunTime:0.001925s ]

[ 2016-10-28T22:20:13+08:00 ] 111.206.36.8 /admin.php?m=Admin&c=login&a=verify
INFO: [ app_init ] --START--
INFO: Run Behavior\BuildLiteBehavior [ RunTime:0.000105s ]
INFO: [ app_init ] --END-- [ RunTime:0.001819s ]
INFO: [ app_begin ] --START--
INFO: Run Behavior\ReadHtmlCacheBehavior [ RunTime:0.002340s ]
INFO: [ app_begin ] --END-- [ RunTime:0.002486s ]
INFO: [ app_end ] --START--
INFO: Run Behavior\ShowPageTraceBehavior [ RunTime:0.002226s ]
INFO: [ app_end ] --END-- [ RunTime:0.002433s ]

[ 2016-10-28T22:20:15+08:00 ] 111.206.36.142 /admin.php?m=Admin&c=login&a=verify
INFO: [ app_init ] --START--
INFO: Run Behavior\BuildLiteBehavior [ RunTime:0.000060s ]
INFO: [ app_init ] --END-- [ RunTime:0.001778s ]
INFO: [ app_begin ] --START--
INFO: Run Behavior\ReadHtmlCacheBehavior [ RunTime:0.002506s ]
INFO: [ app_begin ] --END-- [ RunTime:0.002737s ]
INFO: [ app_end ] --START--
INFO: Run Behavior\ShowPageTraceBehavior [ RunTime:0.002778s ]
INFO: [ app_end ] --END-- [ RunTime:0.002959s ]

[ 2016-10-28T22:20:29+08:00 ] 111.206.36.13 /admin.php?m=Admin&c=course&a=index&id=34
INFO: [ app_init ] --START--
INFO: Run Behavior\BuildLiteBehavior [ RunTime:0.000043s ]
INFO: [ app_init ] --END-- [ RunTime:0.002358s ]
INFO: [ app_begin ] --START--
INFO: Run Behavior\ReadHtmlCacheBehavior [ RunTime:0.001942s ]
INFO: [ app_begin ] --END-- [ RunTime:0.002279s ]

[ 2016-10-28T22:20:29+08:00 ] 111.206.36.11 /admin.php?m=Admin&c=Login&a=index
INFO: [ app_init ] --START--
INFO: Run Behavior\BuildLiteBehavior [ RunTime:0.000059s ]
INFO: [ app_init ] --END-- [ RunTime:0.001321s ]
INFO: [ app_begin ] --START--
INFO: Run Behavior\ReadHtmlCacheBehavior [ RunTime:0.001866s ]
INFO: [ app_begin ] --END-- [ RunTime:0.001967s ]
INFO: [ view_parse ] --START--
INFO: [ template_filter ] --START--
INFO: Run Behavior\ContentReplaceBehavior [ RunTime:0.000105s ]
INFO: [ template_filter ] --END-- [ RunTime:0.000208s ]
INFO: Run Behavior\ParseTemplateBehavior [ RunTime:0.020491s ]
INFO: [ view_parse ] --END-- [ RunTime:0.020585s ]
INFO: [ view_filter ] --START--
INFO: Run Behavior\WriteHtmlCacheBehavior [ RunTime:0.000560s ]
INFO: [ view_filter ] --END-- [ RunTime:0.000658s ]
INFO: [ app_end ] --START--
INFO: Run Behavior\ShowPageTraceBehavior [ RunTime:0.001948s ]
INFO: [ app_end ] --END-- [ RunTime:0.002039s ]

[ 2016-10-28T22:20:30+08:00 ] 111.206.36.6 /admin.php?m=Admin&c=login&a=verify
INFO: [ app_init ] --START--
INFO: Run Behavior\BuildLiteBehavior [ RunTime:0.000045s ]
INFO: [ app_init ] --END-- [ RunTime:0.001267s ]
INFO: [ app_begin ] --START--
INFO: Run Behavior\ReadHtmlCacheBehavior [ RunTime:0.001737s ]
INFO: [ app_begin ] --END-- [ RunTime:0.001847s ]
INFO: [ app_end ] --START--
INFO: Run Behavior\ShowPageTraceBehavior [ RunTime:0.001959s ]
INFO: [ app_end ] --END-- [ RunTime:0.002078s ]

[ 2016-10-28T22:29:11+08:00 ] 111.193.206.214 /admin.php?m=Admin&c=Login&a=index
INFO: [ app_init ] --START--
INFO: Run Behavior\BuildLiteBehavior [ RunTime:0.000046s ]
INFO: [ app_init ] --END-- [ RunTime:0.001491s ]
INFO: [ app_begin ] --START--
INFO: Run Behavior\ReadHtmlCacheBehavior [ RunTime:0.001912s ]
INFO: [ app_begin ] --END-- [ RunTime:0.002014s ]
INFO: [ view_parse ] --START--
INFO: [ template_filter ] --START--
INFO: Run Behavior\ContentReplaceBehavior [ RunTime:0.000117s ]
INFO: [ template_filter ] --END-- [ RunTime:0.000366s ]
INFO: Run Behavior\ParseTemplateBehavior [ RunTime:0.021159s ]
INFO: [ view_parse ] --END-- [ RunTime:0.021255s ]
INFO: [ view_filter ] --START--
INFO: Run Behavior\WriteHtmlCacheBehavior [ RunTime:0.000665s ]
INFO: [ view_filter ] --END-- [ RunTime:0.000750s ]
INFO: [ app_end ] --START--
INFO: Run Behavior\ShowPageTraceBehavior [ RunTime:0.002114s ]
INFO: [ app_end ] --END-- [ RunTime:0.002207s ]

[ 2016-10-28T22:29:11+08:00 ] 111.193.206.214 /admin.php?m=Admin&c=Index&a=index
INFO: [ app_init ] --START--
INFO: Run Behavior\BuildLiteBehavior [ RunTime:0.000044s ]
INFO: [ app_init ] --END-- [ RunTime:0.001263s ]
INFO: [ app_begin ] --START--
INFO: Run Behavior\ReadHtmlCacheBehavior [ RunTime:0.001686s ]
INFO: [ app_begin ] --END-- [ RunTime:0.001797s ]

[ 2016-10-28T22:29:11+08:00 ] 111.193.206.214 /admin.php?m=Admin&c=Login&a=index
INFO: [ app_init ] --START--
INFO: Run Behavior\BuildLiteBehavior [ RunTime:0.000042s ]
INFO: [ app_init ] --END-- [ RunTime:0.001250s ]
INFO: [ app_begin ] --START--
INFO: Run Behavior\ReadHtmlCacheBehavior [ RunTime:0.001774s ]
INFO: [ app_begin ] --END-- [ RunTime:0.001877s ]
INFO: [ view_parse ] --START--
INFO: [ template_filter ] --START--
INFO: Run Behavior\ContentReplaceBehavior [ RunTime:0.000105s ]
INFO: [ template_filter ] --END-- [ RunTime:0.000212s ]
INFO: Run Behavior\ParseTemplateBehavior [ RunTime:0.019125s ]
INFO: [ view_parse ] --END-- [ RunTime:0.019220s ]
INFO: [ view_filter ] --START--
INFO: Run Behavior\WriteHtmlCacheBehavior [ RunTime:0.000550s ]
INFO: [ view_filter ] --END-- [ RunTime:0.000636s ]
INFO: [ app_end ] --START--
INFO: Run Behavior\ShowPageTraceBehavior [ RunTime:0.001973s ]
INFO: [ app_end ] --END-- [ RunTime:0.002071s ]

[ 2016-10-28T22:29:12+08:00 ] 111.193.206.214 /admin.php?m=Admin&c=course&a=index
INFO: [ app_init ] --START--
INFO: Run Behavior\BuildLiteBehavior [ RunTime:0.000065s ]
INFO: [ app_init ] --END-- [ RunTime:0.001867s ]
INFO: [ app_begin ] --START--
INFO: Run Behavior\ReadHtmlCacheBehavior [ RunTime:0.001796s ]
INFO: [ app_begin ] --END-- [ RunTime:0.001903s ]

[ 2016-10-28T22:29:12+08:00 ] 111.193.206.214 /admin.php?m=Admin&c=Login&a=index
INFO: [ app_init ] --START--
INFO: Run Behavior\BuildLiteBehavior [ RunTime:0.000044s ]
INFO: [ app_init ] --END-- [ RunTime:0.001351s ]
INFO: [ app_begin ] --START--
INFO: Run Behavior\ReadHtmlCacheBehavior [ RunTime:0.001784s ]
INFO: [ app_begin ] --END-- [ RunTime:0.001887s ]
INFO: [ view_parse ] --START--
INFO: [ template_filter ] --START--
INFO: Run Behavior\ContentReplaceBehavior [ RunTime:0.000121s ]
INFO: [ template_filter ] --END-- [ RunTime:0.000240s ]
INFO: Run Behavior\ParseTemplateBehavior [ RunTime:0.019554s ]
INFO: [ view_parse ] --END-- [ RunTime:0.019651s ]
INFO: [ view_filter ] --START--
INFO: Run Behavior\WriteHtmlCacheBehavior [ RunTime:0.000577s ]
INFO: [ view_filter ] --END-- [ RunTime:0.000671s ]
INFO: [ app_end ] --START--
INFO: Run Behavior\ShowPageTraceBehavior [ RunTime:0.002108s ]
INFO: [ app_end ] --END-- [ RunTime:0.002213s ]

[ 2016-10-28T22:29:12+08:00 ] 111.193.206.214 /admin.php?m=Admin&c=course&a=update&id=34
INFO: [ app_init ] --START--
INFO: Run Behavior\BuildLiteBehavior [ RunTime:0.000044s ]
INFO: [ app_init ] --END-- [ RunTime:0.001376s ]
INFO: [ app_begin ] --START--
INFO: Run Behavior\ReadHtmlCacheBehavior [ RunTime:0.001702s ]
INFO: [ app_begin ] --END-- [ RunTime:0.001805s ]

[ 2016-10-28T22:29:12+08:00 ] 111.193.206.214 /admin.php?m=Admin&c=Login&a=index
INFO: [ app_init ] --START--
INFO: Run Behavior\BuildLiteBehavior [ RunTime:0.000044s ]
INFO: [ app_init ] --END-- [ RunTime:0.001309s ]
INFO: [ app_begin ] --START--
INFO: Run Behavior\ReadHtmlCacheBehavior [ RunTime:0.002295s ]
INFO: [ app_begin ] --END-- [ RunTime:0.002423s ]
INFO: [ view_parse ] --START--
INFO: [ template_filter ] --START--
INFO: Run Behavior\ContentReplaceBehavior [ RunTime:0.000112s ]
INFO: [ template_filter ] --END-- [ RunTime:0.000277s ]
INFO: Run Behavior\ParseTemplateBehavior [ RunTime:0.018725s ]
INFO: [ view_parse ] --END-- [ RunTime:0.018891s ]
INFO: [ view_filter ] --START--
INFO: Run Behavior\WriteHtmlCacheBehavior [ RunTime:0.000549s ]
INFO: [ view_filter ] --END-- [ RunTime:0.000635s ]
INFO: [ app_end ] --START--
INFO: Run Behavior\ShowPageTraceBehavior [ RunTime:0.002039s ]
INFO: [ app_end ] --END-- [ RunTime:0.002135s ]

[ 2016-10-28T22:29:13+08:00 ] 111.193.206.214 /admin.php?m=Admin&c=course&a=update
INFO: [ app_init ] --START--
INFO: Run Behavior\BuildLiteBehavior [ RunTime:0.000045s ]
INFO: [ app_init ] --END-- [ RunTime:0.001462s ]
INFO: [ app_begin ] --START--
INFO: Run Behavior\ReadHtmlCacheBehavior [ RunTime:0.002773s ]
INFO: [ app_begin ] --END-- [ RunTime:0.002881s ]

[ 2016-10-28T22:29:13+08:00 ] 111.193.206.214 /admin.php?m=Admin&c=Login&a=index
INFO: [ app_init ] --START--
INFO: Run Behavior\BuildLiteBehavior [ RunTime:0.000044s ]
INFO: [ app_init ] --END-- [ RunTime:0.001597s ]
INFO: [ app_begin ] --START--
INFO: Run Behavior\ReadHtmlCacheBehavior [ RunTime:0.002173s ]
INFO: [ app_begin ] --END-- [ RunTime:0.002309s ]
INFO: [ view_parse ] --START--
INFO: [ template_filter ] --START--
INFO: Run Behavior\ContentReplaceBehavior [ RunTime:0.000309s ]
INFO: [ template_filter ] --END-- [ RunTime:0.000430s ]
INFO: Run Behavior\ParseTemplateBehavior [ RunTime:0.023961s ]
INFO: [ view_parse ] --END-- [ RunTime:0.024059s ]
INFO: [ view_filter ] --START--
INFO: Run Behavior\WriteHtmlCacheBehavior [ RunTime:0.000728s ]
INFO: [ view_filter ] --END-- [ RunTime:0.000826s ]
INFO: [ app_end ] --START--
INFO: Run Behavior\ShowPageTraceBehavior [ RunTime:0.002658s ]
INFO: [ app_end ] --END-- [ RunTime:0.002752s ]

[ 2016-10-28T22:29:13+08:00 ] 111.193.206.214 /admin.php?m=Admin&c=course&a=index&id=34
INFO: [ app_init ] --START--
INFO: Run Behavior\BuildLiteBehavior [ RunTime:0.000044s ]
INFO: [ app_init ] --END-- [ RunTime:0.001310s ]
INFO: [ app_begin ] --START--
INFO: Run Behavior\ReadHtmlCacheBehavior [ RunTime:0.001729s ]
INFO: [ app_begin ] --END-- [ RunTime:0.001836s ]

[ 2016-10-28T22:29:13+08:00 ] 111.193.206.214 /admin.php?m=Admin&c=Login&a=index
INFO: [ app_init ] --START--
INFO: Run Behavior\BuildLiteBehavior [ RunTime:0.000044s ]
INFO: [ app_init ] --END-- [ RunTime:0.001355s ]
INFO: [ app_begin ] --START--
INFO: Run Behavior\ReadHtmlCacheBehavior [ RunTime:0.002021s ]
INFO: [ app_begin ] --END-- [ RunTime:0.002124s ]
INFO: [ view_parse ] --START--
INFO: [ template_filter ] --START--
INFO: Run Behavior\ContentReplaceBehavior [ RunTime:0.000104s ]
INFO: [ template_filter ] --END-- [ RunTime:0.000206s ]
INFO: Run Behavior\ParseTemplateBehavior [ RunTime:0.021973s ]
INFO: [ view_parse ] --END-- [ RunTime:0.022067s ]
INFO: [ view_filter ] --START--
INFO: Run Behavior\WriteHtmlCacheBehavior [ RunTime:0.000526s ]
INFO: [ view_filter ] --END-- [ RunTime:0.000620s ]
INFO: [ app_end ] --START--
INFO: Run Behavior\ShowPageTraceBehavior [ RunTime:0.002225s ]
INFO: [ app_end ] --END-- [ RunTime:0.002316s ]

