[ 2016-11-11T21:18:44+08:00 ] 218.241.251.197 /admin.php
INFO: [ app_init ] --START--
INFO: Run Behavior\BuildLiteBehavior [ RunTime:0.000044s ]
INFO: [ app_init ] --END-- [ RunTime:0.001407s ]
INFO: [ app_begin ] --START--
INFO: Run Behavior\ReadHtmlCacheBehavior [ RunTime:0.003245s ]
INFO: [ app_begin ] --END-- [ RunTime:0.003403s ]

[ 2016-11-11T21:18:44+08:00 ] 218.241.251.197 /admin.php?m=Admin&c=Login&a=index
INFO: [ app_init ] --START--
INFO: Run Behavior\BuildLiteBehavior [ RunTime:0.000043s ]
INFO: [ app_init ] --END-- [ RunTime:0.001290s ]
INFO: [ app_begin ] --START--
INFO: Run Behavior\ReadHtmlCacheBehavior [ RunTime:0.001856s ]
INFO: [ app_begin ] --END-- [ RunTime:0.002008s ]
INFO: [ view_parse ] --START--
INFO: [ template_filter ] --START--
INFO: Run Behavior\ContentReplaceBehavior [ RunTime:0.000153s ]
INFO: [ template_filter ] --END-- [ RunTime:0.000294s ]
INFO: Run Behavior\ParseTemplateBehavior [ RunTime:0.048879s ]
INFO: [ view_parse ] --END-- [ RunTime:0.049080s ]
INFO: [ view_filter ] --START--
INFO: Run Behavior\WriteHtmlCacheBehavior [ RunTime:0.001021s ]
INFO: [ view_filter ] --END-- [ RunTime:0.001299s ]
INFO: [ app_end ] --START--
INFO: Run Behavior\ShowPageTraceBehavior [ RunTime:0.003329s ]
INFO: [ app_end ] --END-- [ RunTime:0.003613s ]

[ 2016-11-11T21:18:45+08:00 ] 218.241.251.197 /admin.php?m=Admin&c=login&a=verify
INFO: [ app_init ] --START--
INFO: Run Behavior\BuildLiteBehavior [ RunTime:0.000045s ]
INFO: [ app_init ] --END-- [ RunTime:0.001397s ]
INFO: [ app_begin ] --START--
INFO: Run Behavior\ReadHtmlCacheBehavior [ RunTime:0.001783s ]
INFO: [ app_begin ] --END-- [ RunTime:0.001887s ]
INFO: [ app_end ] --START--
INFO: Run Behavior\ShowPageTraceBehavior [ RunTime:0.002380s ]
INFO: [ app_end ] --END-- [ RunTime:0.002506s ]

[ 2016-11-11T21:19:25+08:00 ] 218.241.251.197 /admin.php?m=Admin&c=login&a=login
INFO: [ app_init ] --START--
INFO: Run Behavior\BuildLiteBehavior [ RunTime:0.000114s ]
INFO: [ app_init ] --END-- [ RunTime:0.001024s ]
INFO: [ app_begin ] --START--
INFO: Run Behavior\ReadHtmlCacheBehavior [ RunTime:0.001263s ]
INFO: [ app_begin ] --END-- [ RunTime:0.001337s ]
SQL: SHOW COLUMNS FROM `member` [ RunTime:0.0032s ]
INFO: [ view_parse ] --START--
INFO: [ template_filter ] --START--
INFO: Run Behavior\ContentReplaceBehavior [ RunTime:0.000065s ]
INFO: [ template_filter ] --END-- [ RunTime:0.000140s ]
INFO: Run Behavior\ParseTemplateBehavior [ RunTime:0.019771s ]
INFO: [ view_parse ] --END-- [ RunTime:0.019845s ]
INFO: [ view_filter ] --START--
INFO: Run Behavior\WriteHtmlCacheBehavior [ RunTime:0.000379s ]
INFO: [ view_filter ] --END-- [ RunTime:0.000438s ]

[ 2016-11-11T21:19:33+08:00 ] 218.241.251.197 /admin.php?m=Admin&c=login&a=verify&random=638
INFO: [ app_init ] --START--
INFO: Run Behavior\BuildLiteBehavior [ RunTime:0.000043s ]
INFO: [ app_init ] --END-- [ RunTime:0.001220s ]
INFO: [ app_begin ] --START--
INFO: Run Behavior\ReadHtmlCacheBehavior [ RunTime:0.001699s ]
INFO: [ app_begin ] --END-- [ RunTime:0.001806s ]
INFO: [ app_end ] --START--
INFO: Run Behavior\ShowPageTraceBehavior [ RunTime:0.002311s ]
INFO: [ app_end ] --END-- [ RunTime:0.002432s ]

[ 2016-11-11T21:19:38+08:00 ] 218.241.251.197 /admin.php?m=Admin&c=login&a=login
INFO: [ app_init ] --START--
INFO: Run Behavior\BuildLiteBehavior [ RunTime:0.000045s ]
INFO: [ app_init ] --END-- [ RunTime:0.001319s ]
INFO: [ app_begin ] --START--
INFO: Run Behavior\ReadHtmlCacheBehavior [ RunTime:0.001414s ]
INFO: [ app_begin ] --END-- [ RunTime:0.001505s ]
SQL: SHOW COLUMNS FROM `member` [ RunTime:0.0020s ]
SQL: SELECT * FROM `member` WHERE `username` = 'admin' AND `password` = '21232f297a57a5a743894a0e4a801fc3' LIMIT 1   [ RunTime:0.0059s ]
SQL: UPDATE `member` SET `update_at`='1478870378',`login_ip`='218.241.251.197' WHERE `id` = 1 [ RunTime:0.0013s ]
INFO: [ view_parse ] --START--
INFO: [ template_filter ] --START--
INFO: Run Behavior\ContentReplaceBehavior [ RunTime:0.000080s ]
INFO: [ template_filter ] --END-- [ RunTime:0.000166s ]
INFO: Run Behavior\ParseTemplateBehavior [ RunTime:0.015515s ]
INFO: [ view_parse ] --END-- [ RunTime:0.015599s ]
INFO: [ view_filter ] --START--
INFO: Run Behavior\WriteHtmlCacheBehavior [ RunTime:0.000460s ]
INFO: [ view_filter ] --END-- [ RunTime:0.000533s ]
INFO: [ app_end ] --START--
INFO: Run Behavior\ShowPageTraceBehavior [ RunTime:0.001647s ]
INFO: [ app_end ] --END-- [ RunTime:0.001737s ]

[ 2016-11-11T21:19:42+08:00 ] 218.241.251.197 /admin.php?m=Admin&c=Index&a=index
INFO: [ app_init ] --START--
INFO: Run Behavior\BuildLiteBehavior [ RunTime:0.000046s ]
INFO: [ app_init ] --END-- [ RunTime:0.001302s ]
INFO: [ app_begin ] --START--
INFO: Run Behavior\ReadHtmlCacheBehavior [ RunTime:0.001689s ]
INFO: [ app_begin ] --END-- [ RunTime:0.001797s ]
SQL: SHOW COLUMNS FROM `course_order` [ RunTime:0.0020s ]
SQL: SELECT count(*) as count,o.status FROM course_order o INNER JOIN course c on c.id = o.course_id INNER JOIN member m on m.id = o.user_id INNER JOIN branch b on b.id = c.branchId INNER JOIN grocery g on g.id = b.groId  GROUP BY o.status  [ RunTime:0.0052s ]
NOTIC: [8] Undefined offset: 5 /var/www/virtual/xbkt/home/wwwroot/Application/Admin/Controller/BaseController.class.php 第 28 行.
NOTIC: [8] Undefined offset: -1 /var/www/virtual/xbkt/home/wwwroot/Application/Admin/Controller/BaseController.class.php 第 33 行.
INFO: [ view_parse ] --START--
INFO: [ template_filter ] --START--
INFO: Run Behavior\ContentReplaceBehavior [ RunTime:0.000160s ]
INFO: [ template_filter ] --END-- [ RunTime:0.000271s ]
INFO: Run Behavior\ParseTemplateBehavior [ RunTime:0.043964s ]
INFO: [ view_parse ] --END-- [ RunTime:0.044077s ]
INFO: [ view_filter ] --START--
INFO: Run Behavior\WriteHtmlCacheBehavior [ RunTime:0.000691s ]
INFO: [ view_filter ] --END-- [ RunTime:0.000780s ]
INFO: [ app_end ] --START--
INFO: Run Behavior\ShowPageTraceBehavior [ RunTime:0.002143s ]
INFO: [ app_end ] --END-- [ RunTime:0.002240s ]

[ 2016-11-11T21:19:48+08:00 ] 180.97.35.36 /admin.php?m=admin&c=login&a=index
INFO: [ app_init ] --START--
INFO: Run Behavior\BuildLiteBehavior [ RunTime:0.000044s ]
INFO: [ app_init ] --END-- [ RunTime:0.001262s ]
INFO: [ app_begin ] --START--
INFO: Run Behavior\ReadHtmlCacheBehavior [ RunTime:0.001760s ]
INFO: [ app_begin ] --END-- [ RunTime:0.001872s ]
INFO: [ view_parse ] --START--
INFO: [ template_filter ] --START--
INFO: Run Behavior\ContentReplaceBehavior [ RunTime:0.000106s ]
INFO: [ template_filter ] --END-- [ RunTime:0.000238s ]
INFO: Run Behavior\ParseTemplateBehavior [ RunTime:0.019143s ]
INFO: [ view_parse ] --END-- [ RunTime:0.019254s ]
INFO: [ view_filter ] --START--
INFO: Run Behavior\WriteHtmlCacheBehavior [ RunTime:0.000611s ]
INFO: [ view_filter ] --END-- [ RunTime:0.000699s ]
INFO: [ app_end ] --START--
INFO: Run Behavior\ShowPageTraceBehavior [ RunTime:0.001869s ]
INFO: [ app_end ] --END-- [ RunTime:0.002003s ]

[ 2016-11-11T21:19:49+08:00 ] 180.97.35.149 /admin.php?m=Admin&c=login&a=verify
INFO: [ app_init ] --START--
INFO: Run Behavior\BuildLiteBehavior [ RunTime:0.000042s ]
INFO: [ app_init ] --END-- [ RunTime:0.001357s ]
INFO: [ app_begin ] --START--
INFO: Run Behavior\ReadHtmlCacheBehavior [ RunTime:0.001844s ]
INFO: [ app_begin ] --END-- [ RunTime:0.001950s ]
INFO: [ app_end ] --START--
INFO: Run Behavior\ShowPageTraceBehavior [ RunTime:0.002312s ]
INFO: [ app_end ] --END-- [ RunTime:0.002437s ]

[ 2016-11-11T21:20:09+08:00 ] 180.97.35.20 /admin.php
INFO: [ app_init ] --START--
INFO: Run Behavior\BuildLiteBehavior [ RunTime:0.000043s ]
INFO: [ app_init ] --END-- [ RunTime:0.001411s ]
INFO: [ app_begin ] --START--
INFO: Run Behavior\ReadHtmlCacheBehavior [ RunTime:0.001730s ]
INFO: [ app_begin ] --END-- [ RunTime:0.001948s ]

[ 2016-11-11T21:20:09+08:00 ] 180.97.35.21 /admin.php?m=Admin&c=Login&a=index
INFO: [ app_init ] --START--
INFO: Run Behavior\BuildLiteBehavior [ RunTime:0.000047s ]
INFO: [ app_init ] --END-- [ RunTime:0.001959s ]
INFO: [ app_begin ] --START--
INFO: Run Behavior\ReadHtmlCacheBehavior [ RunTime:0.002090s ]
INFO: [ app_begin ] --END-- [ RunTime:0.002216s ]
INFO: [ view_parse ] --START--
INFO: [ template_filter ] --START--
INFO: Run Behavior\ContentReplaceBehavior [ RunTime:0.000118s ]
INFO: [ template_filter ] --END-- [ RunTime:0.000351s ]
INFO: Run Behavior\ParseTemplateBehavior [ RunTime:0.028921s ]
INFO: [ view_parse ] --END-- [ RunTime:0.029043s ]
INFO: [ view_filter ] --START--
INFO: Run Behavior\WriteHtmlCacheBehavior [ RunTime:0.000678s ]
INFO: [ view_filter ] --END-- [ RunTime:0.000764s ]
INFO: [ app_end ] --START--
INFO: Run Behavior\ShowPageTraceBehavior [ RunTime:0.002429s ]
INFO: [ app_end ] --END-- [ RunTime:0.002646s ]

[ 2016-11-11T21:20:10+08:00 ] 180.97.35.149 /admin.php?m=Admin&c=login&a=verify
INFO: [ app_init ] --START--
INFO: Run Behavior\BuildLiteBehavior [ RunTime:0.000043s ]
INFO: [ app_init ] --END-- [ RunTime:0.001301s ]
INFO: [ app_begin ] --START--
INFO: Run Behavior\ReadHtmlCacheBehavior [ RunTime:0.001675s ]
INFO: [ app_begin ] --END-- [ RunTime:0.001899s ]
INFO: [ app_end ] --START--
INFO: Run Behavior\ShowPageTraceBehavior [ RunTime:0.001938s ]
INFO: [ app_end ] --END-- [ RunTime:0.002053s ]

[ 2016-11-11T21:22:08+08:00 ] 111.206.36.134 /admin.php
INFO: [ app_init ] --START--
INFO: Run Behavior\BuildLiteBehavior [ RunTime:0.000036s ]
INFO: [ app_init ] --END-- [ RunTime:0.001048s ]
INFO: [ app_begin ] --START--
INFO: Run Behavior\ReadHtmlCacheBehavior [ RunTime:0.001540s ]
INFO: [ app_begin ] --END-- [ RunTime:0.001632s ]

[ 2016-11-11T21:22:08+08:00 ] 111.206.36.17 /admin.php?m=Admin&c=Login&a=index
INFO: [ app_init ] --START--
INFO: Run Behavior\BuildLiteBehavior [ RunTime:0.000045s ]
INFO: [ app_init ] --END-- [ RunTime:0.001306s ]
INFO: [ app_begin ] --START--
INFO: Run Behavior\ReadHtmlCacheBehavior [ RunTime:0.001845s ]
INFO: [ app_begin ] --END-- [ RunTime:0.001954s ]
INFO: [ view_parse ] --START--
INFO: [ template_filter ] --START--
INFO: Run Behavior\ContentReplaceBehavior [ RunTime:0.000109s ]
INFO: [ template_filter ] --END-- [ RunTime:0.000238s ]
INFO: Run Behavior\ParseTemplateBehavior [ RunTime:0.020089s ]
INFO: [ view_parse ] --END-- [ RunTime:0.020211s ]
INFO: [ view_filter ] --START--
INFO: Run Behavior\WriteHtmlCacheBehavior [ RunTime:0.000528s ]
INFO: [ view_filter ] --END-- [ RunTime:0.000618s ]
INFO: [ app_end ] --START--
INFO: Run Behavior\ShowPageTraceBehavior [ RunTime:0.002003s ]
INFO: [ app_end ] --END-- [ RunTime:0.002120s ]

[ 2016-11-11T21:22:08+08:00 ] 111.206.36.4 /admin.php?m=Admin&c=login&a=verify
INFO: [ app_init ] --START--
INFO: Run Behavior\BuildLiteBehavior [ RunTime:0.000043s ]
INFO: [ app_init ] --END-- [ RunTime:0.001286s ]
INFO: [ app_begin ] --START--
INFO: Run Behavior\ReadHtmlCacheBehavior [ RunTime:0.001716s ]
INFO: [ app_begin ] --END-- [ RunTime:0.001831s ]
INFO: [ app_end ] --START--
INFO: Run Behavior\ShowPageTraceBehavior [ RunTime:0.001966s ]
INFO: [ app_end ] --END-- [ RunTime:0.002078s ]

[ 2016-11-11T21:23:22+08:00 ] 111.206.36.4 /admin.php?m=admin&c=index&a=index
INFO: [ app_init ] --START--
INFO: Run Behavior\BuildLiteBehavior [ RunTime:0.000058s ]
INFO: [ app_init ] --END-- [ RunTime:0.001994s ]
INFO: [ app_begin ] --START--
INFO: Run Behavior\ReadHtmlCacheBehavior [ RunTime:0.002665s ]
INFO: [ app_begin ] --END-- [ RunTime:0.002796s ]

[ 2016-11-11T21:23:22+08:00 ] 111.206.36.8 /admin.php?m=Admin&c=Login&a=index
INFO: [ app_init ] --START--
INFO: Run Behavior\BuildLiteBehavior [ RunTime:0.000043s ]
INFO: [ app_init ] --END-- [ RunTime:0.001355s ]
INFO: [ app_begin ] --START--
INFO: Run Behavior\ReadHtmlCacheBehavior [ RunTime:0.001929s ]
INFO: [ app_begin ] --END-- [ RunTime:0.002033s ]
INFO: [ view_parse ] --START--
INFO: [ template_filter ] --START--
INFO: Run Behavior\ContentReplaceBehavior [ RunTime:0.000106s ]
INFO: [ template_filter ] --END-- [ RunTime:0.000207s ]
INFO: Run Behavior\ParseTemplateBehavior [ RunTime:0.021324s ]
INFO: [ view_parse ] --END-- [ RunTime:0.021419s ]
INFO: [ view_filter ] --START--
INFO: Run Behavior\WriteHtmlCacheBehavior [ RunTime:0.000669s ]
INFO: [ view_filter ] --END-- [ RunTime:0.000754s ]
INFO: [ app_end ] --START--
INFO: Run Behavior\ShowPageTraceBehavior [ RunTime:0.002365s ]
INFO: [ app_end ] --END-- [ RunTime:0.002483s ]

[ 2016-11-11T21:23:22+08:00 ] 111.206.36.142 /admin.php?m=Admin&c=login&a=verify
INFO: [ app_init ] --START--
INFO: Run Behavior\BuildLiteBehavior [ RunTime:0.000045s ]
INFO: [ app_init ] --END-- [ RunTime:0.001361s ]
INFO: [ app_begin ] --START--
INFO: Run Behavior\ReadHtmlCacheBehavior [ RunTime:0.001985s ]
INFO: [ app_begin ] --END-- [ RunTime:0.002090s ]
INFO: [ app_end ] --START--
INFO: Run Behavior\ShowPageTraceBehavior [ RunTime:0.002342s ]
INFO: [ app_end ] --END-- [ RunTime:0.002466s ]

[ 2016-11-11T21:23:34+08:00 ] 111.206.36.18 /admin.php?m=admin&c=index&a=index
INFO: [ app_init ] --START--
INFO: Run Behavior\BuildLiteBehavior [ RunTime:0.000040s ]
INFO: [ app_init ] --END-- [ RunTime:0.001297s ]
INFO: [ app_begin ] --START--
INFO: Run Behavior\ReadHtmlCacheBehavior [ RunTime:0.001791s ]
INFO: [ app_begin ] --END-- [ RunTime:0.001894s ]

[ 2016-11-11T21:23:34+08:00 ] 111.206.36.136 /admin.php?m=Admin&c=Login&a=index
INFO: [ app_init ] --START--
INFO: Run Behavior\BuildLiteBehavior [ RunTime:0.000043s ]
INFO: [ app_init ] --END-- [ RunTime:0.001314s ]
INFO: [ app_begin ] --START--
INFO: Run Behavior\ReadHtmlCacheBehavior [ RunTime:0.001910s ]
INFO: [ app_begin ] --END-- [ RunTime:0.002015s ]
INFO: [ view_parse ] --START--
INFO: [ template_filter ] --START--
INFO: Run Behavior\ContentReplaceBehavior [ RunTime:0.000109s ]
INFO: [ template_filter ] --END-- [ RunTime:0.000216s ]
INFO: Run Behavior\ParseTemplateBehavior [ RunTime:0.018994s ]
INFO: [ view_parse ] --END-- [ RunTime:0.019090s ]
INFO: [ view_filter ] --START--
INFO: Run Behavior\WriteHtmlCacheBehavior [ RunTime:0.000851s ]
INFO: [ view_filter ] --END-- [ RunTime:0.000943s ]
INFO: [ app_end ] --START--
INFO: Run Behavior\ShowPageTraceBehavior [ RunTime:0.002065s ]
INFO: [ app_end ] --END-- [ RunTime:0.002179s ]

[ 2016-11-11T21:23:35+08:00 ] 111.206.36.139 /admin.php?m=Admin&c=login&a=verify
INFO: [ app_init ] --START--
INFO: Run Behavior\BuildLiteBehavior [ RunTime:0.000063s ]
INFO: [ app_init ] --END-- [ RunTime:0.002023s ]
INFO: [ app_begin ] --START--
INFO: Run Behavior\ReadHtmlCacheBehavior [ RunTime:0.001885s ]
INFO: [ app_begin ] --END-- [ RunTime:0.002144s ]
INFO: [ app_end ] --START--
INFO: Run Behavior\ShowPageTraceBehavior [ RunTime:0.002313s ]
INFO: [ app_end ] --END-- [ RunTime:0.002457s ]

[ 2016-11-11T21:25:03+08:00 ] 218.241.251.197 /admin.php?m=Admin&c=Index&a=index
INFO: [ app_init ] --START--
INFO: Run Behavior\BuildLiteBehavior [ RunTime:0.000045s ]
INFO: [ app_init ] --END-- [ RunTime:0.001244s ]
INFO: [ app_begin ] --START--
INFO: Run Behavior\ReadHtmlCacheBehavior [ RunTime:0.001843s ]
INFO: [ app_begin ] --END-- [ RunTime:0.001949s ]
SQL: SHOW COLUMNS FROM `course_order` [ RunTime:0.0030s ]
SQL: SELECT count(*) as count,o.status FROM course_order o INNER JOIN course c on c.id = o.course_id INNER JOIN member m on m.id = o.user_id INNER JOIN branch b on b.id = c.branchId INNER JOIN grocery g on g.id = b.groId  GROUP BY o.status  [ RunTime:0.0010s ]
NOTIC: [8] Undefined offset: 5 /var/www/virtual/xbkt/home/wwwroot/Application/Admin/Controller/BaseController.class.php 第 28 行.
NOTIC: [8] Undefined offset: -1 /var/www/virtual/xbkt/home/wwwroot/Application/Admin/Controller/BaseController.class.php 第 33 行.
INFO: [ view_parse ] --START--
INFO: [ template_filter ] --START--
INFO: Run Behavior\ContentReplaceBehavior [ RunTime:0.000185s ]
INFO: [ template_filter ] --END-- [ RunTime:0.000344s ]
INFO: Run Behavior\ParseTemplateBehavior [ RunTime:0.028016s ]
INFO: [ view_parse ] --END-- [ RunTime:0.028113s ]
INFO: [ view_filter ] --START--
INFO: Run Behavior\WriteHtmlCacheBehavior [ RunTime:0.000676s ]
INFO: [ view_filter ] --END-- [ RunTime:0.000763s ]
INFO: [ app_end ] --START--
INFO: Run Behavior\ShowPageTraceBehavior [ RunTime:0.002428s ]
INFO: [ app_end ] --END-- [ RunTime:0.002533s ]

[ 2016-11-11T21:26:12+08:00 ] 218.241.251.197 /admin.php?m=Admin&c=Index&a=index
INFO: [ app_init ] --START--
INFO: Run Behavior\BuildLiteBehavior [ RunTime:0.000065s ]
INFO: [ app_init ] --END-- [ RunTime:0.005494s ]
INFO: [ app_begin ] --START--
INFO: Run Behavior\ReadHtmlCacheBehavior [ RunTime:0.002077s ]
INFO: [ app_begin ] --END-- [ RunTime:0.002312s ]
SQL: SHOW COLUMNS FROM `course_order` [ RunTime:0.0026s ]
SQL: SELECT count(*) as count,o.status FROM course_order o INNER JOIN course c on c.id = o.course_id INNER JOIN member m on m.id = o.user_id INNER JOIN branch b on b.id = c.branchId INNER JOIN grocery g on g.id = b.groId  GROUP BY o.status  [ RunTime:0.0009s ]
NOTIC: [8] Undefined offset: 5 /var/www/virtual/xbkt/home/wwwroot/Application/Admin/Controller/BaseController.class.php 第 28 行.
NOTIC: [8] Undefined offset: -1 /var/www/virtual/xbkt/home/wwwroot/Application/Admin/Controller/BaseController.class.php 第 33 行.
INFO: [ view_parse ] --START--
INFO: [ template_filter ] --START--
INFO: Run Behavior\ContentReplaceBehavior [ RunTime:0.000160s ]
INFO: [ template_filter ] --END-- [ RunTime:0.000271s ]
INFO: Run Behavior\ParseTemplateBehavior [ RunTime:0.029414s ]
INFO: [ view_parse ] --END-- [ RunTime:0.029512s ]
INFO: [ view_filter ] --START--
INFO: Run Behavior\WriteHtmlCacheBehavior [ RunTime:0.000649s ]
INFO: [ view_filter ] --END-- [ RunTime:0.000736s ]
INFO: [ app_end ] --START--
INFO: Run Behavior\ShowPageTraceBehavior [ RunTime:0.002051s ]
INFO: [ app_end ] --END-- [ RunTime:0.002147s ]

[ 2016-11-11T21:26:23+08:00 ] 218.241.251.197 /admin.php?m=Admin&c=Index&a=index
INFO: [ app_init ] --START--
INFO: Run Behavior\BuildLiteBehavior [ RunTime:0.000061s ]
INFO: [ app_init ] --END-- [ RunTime:0.001309s ]
INFO: [ app_begin ] --START--
INFO: Run Behavior\ReadHtmlCacheBehavior [ RunTime:0.001788s ]
INFO: [ app_begin ] --END-- [ RunTime:0.001891s ]
SQL: SHOW COLUMNS FROM `course_order` [ RunTime:0.0028s ]
SQL: SELECT count(*) as count,o.status FROM course_order o INNER JOIN course c on c.id = o.course_id INNER JOIN member m on m.id = o.user_id INNER JOIN branch b on b.id = c.branchId INNER JOIN grocery g on g.id = b.groId  GROUP BY o.status  [ RunTime:0.0010s ]
NOTIC: [8] Undefined offset: 5 /var/www/virtual/xbkt/home/wwwroot/Application/Admin/Controller/BaseController.class.php 第 28 行.
NOTIC: [8] Undefined offset: -1 /var/www/virtual/xbkt/home/wwwroot/Application/Admin/Controller/BaseController.class.php 第 33 行.
INFO: [ view_parse ] --START--
INFO: [ template_filter ] --START--
INFO: Run Behavior\ContentReplaceBehavior [ RunTime:0.000162s ]
INFO: [ template_filter ] --END-- [ RunTime:0.000397s ]
INFO: Run Behavior\ParseTemplateBehavior [ RunTime:0.028503s ]
INFO: [ view_parse ] --END-- [ RunTime:0.028603s ]
INFO: [ view_filter ] --START--
INFO: Run Behavior\WriteHtmlCacheBehavior [ RunTime:0.000758s ]
INFO: [ view_filter ] --END-- [ RunTime:0.000847s ]
INFO: [ app_end ] --START--
INFO: Run Behavior\ShowPageTraceBehavior [ RunTime:0.002385s ]
INFO: [ app_end ] --END-- [ RunTime:0.002645s ]

[ 2016-11-11T21:27:18+08:00 ] 218.241.251.197 /admin.php?m=Admin&c=Index&a=index
INFO: [ app_init ] --START--
INFO: Run Behavior\BuildLiteBehavior [ RunTime:0.000207s ]
INFO: [ app_init ] --END-- [ RunTime:0.001445s ]
INFO: [ app_begin ] --START--
INFO: Run Behavior\ReadHtmlCacheBehavior [ RunTime:0.001724s ]
INFO: [ app_begin ] --END-- [ RunTime:0.001829s ]
SQL: SHOW COLUMNS FROM `course_order` [ RunTime:0.0027s ]
SQL: SELECT count(*) as count,o.status FROM course_order o INNER JOIN course c on c.id = o.course_id INNER JOIN member m on m.id = o.user_id INNER JOIN branch b on b.id = c.branchId INNER JOIN grocery g on g.id = b.groId  GROUP BY o.status  [ RunTime:0.0009s ]
NOTIC: [8] Undefined offset: 5 /var/www/virtual/xbkt/home/wwwroot/Application/Admin/Controller/BaseController.class.php 第 28 行.
NOTIC: [8] Undefined offset: -1 /var/www/virtual/xbkt/home/wwwroot/Application/Admin/Controller/BaseController.class.php 第 33 行.
INFO: [ view_parse ] --START--
INFO: [ template_filter ] --START--
INFO: Run Behavior\ContentReplaceBehavior [ RunTime:0.000162s ]
INFO: [ template_filter ] --END-- [ RunTime:0.000378s ]
INFO: Run Behavior\ParseTemplateBehavior [ RunTime:0.029553s ]
INFO: [ view_parse ] --END-- [ RunTime:0.029653s ]
INFO: [ view_filter ] --START--
INFO: Run Behavior\WriteHtmlCacheBehavior [ RunTime:0.000651s ]
INFO: [ view_filter ] --END-- [ RunTime:0.000852s ]
INFO: [ app_end ] --START--
INFO: Run Behavior\ShowPageTraceBehavior [ RunTime:0.002185s ]
INFO: [ app_end ] --END-- [ RunTime:0.002376s ]

[ 2016-11-11T21:31:49+08:00 ] 218.241.251.197 /admin.php?m=Admin&c=Login&a=index
INFO: [ app_init ] --START--
INFO: Run Behavior\BuildLiteBehavior [ RunTime:0.000042s ]
INFO: [ app_init ] --END-- [ RunTime:0.001243s ]
INFO: [ app_begin ] --START--
INFO: Run Behavior\ReadHtmlCacheBehavior [ RunTime:0.001678s ]
INFO: [ app_begin ] --END-- [ RunTime:0.001807s ]
INFO: [ view_parse ] --START--
INFO: [ template_filter ] --START--
INFO: Run Behavior\ContentReplaceBehavior [ RunTime:0.000120s ]
INFO: [ template_filter ] --END-- [ RunTime:0.000225s ]
INFO: Run Behavior\ParseTemplateBehavior [ RunTime:0.019086s ]
INFO: [ view_parse ] --END-- [ RunTime:0.019184s ]
INFO: [ view_filter ] --START--
INFO: Run Behavior\WriteHtmlCacheBehavior [ RunTime:0.000555s ]
INFO: [ view_filter ] --END-- [ RunTime:0.000641s ]
INFO: [ app_end ] --START--
INFO: Run Behavior\ShowPageTraceBehavior [ RunTime:0.001880s ]
INFO: [ app_end ] --END-- [ RunTime:0.001977s ]

[ 2016-11-11T21:31:49+08:00 ] 218.241.251.197 /admin.php?m=Admin&c=Index&a=index
INFO: [ app_init ] --START--
INFO: Run Behavior\BuildLiteBehavior [ RunTime:0.000041s ]
INFO: [ app_init ] --END-- [ RunTime:0.001495s ]
INFO: [ app_begin ] --START--
INFO: Run Behavior\ReadHtmlCacheBehavior [ RunTime:0.001961s ]
INFO: [ app_begin ] --END-- [ RunTime:0.002066s ]

[ 2016-11-11T21:31:49+08:00 ] 218.241.251.197 /admin.php?m=Admin&c=Login&a=index
INFO: [ app_init ] --START--
INFO: Run Behavior\BuildLiteBehavior [ RunTime:0.000041s ]
INFO: [ app_init ] --END-- [ RunTime:0.001315s ]
INFO: [ app_begin ] --START--
INFO: Run Behavior\ReadHtmlCacheBehavior [ RunTime:0.001649s ]
INFO: [ app_begin ] --END-- [ RunTime:0.001755s ]
INFO: [ view_parse ] --START--
INFO: [ template_filter ] --START--
INFO: Run Behavior\ContentReplaceBehavior [ RunTime:0.000103s ]
INFO: [ template_filter ] --END-- [ RunTime:0.000203s ]
INFO: Run Behavior\ParseTemplateBehavior [ RunTime:0.018413s ]
INFO: [ view_parse ] --END-- [ RunTime:0.018526s ]
INFO: [ view_filter ] --START--
INFO: Run Behavior\WriteHtmlCacheBehavior [ RunTime:0.000566s ]
INFO: [ view_filter ] --END-- [ RunTime:0.000651s ]
INFO: [ app_end ] --START--
INFO: Run Behavior\ShowPageTraceBehavior [ RunTime:0.001996s ]
INFO: [ app_end ] --END-- [ RunTime:0.002085s ]

[ 2016-11-11T21:39:59+08:00 ] 220.179.147.35 /admin.php
INFO: [ app_init ] --START--
INFO: Run Behavior\BuildLiteBehavior [ RunTime:0.000041s ]
INFO: [ app_init ] --END-- [ RunTime:0.001357s ]
INFO: [ app_begin ] --START--
INFO: Run Behavior\ReadHtmlCacheBehavior [ RunTime:0.001781s ]
INFO: [ app_begin ] --END-- [ RunTime:0.001902s ]

[ 2016-11-11T21:39:59+08:00 ] 220.179.147.35 /admin.php?m=Admin&c=Login&a=index
INFO: [ app_init ] --START--
INFO: Run Behavior\BuildLiteBehavior [ RunTime:0.000040s ]
INFO: [ app_init ] --END-- [ RunTime:0.001304s ]
INFO: [ app_begin ] --START--
INFO: Run Behavior\ReadHtmlCacheBehavior [ RunTime:0.001782s ]
INFO: [ app_begin ] --END-- [ RunTime:0.001890s ]
INFO: [ view_parse ] --START--
INFO: [ template_filter ] --START--
INFO: Run Behavior\ContentReplaceBehavior [ RunTime:0.000105s ]
INFO: [ template_filter ] --END-- [ RunTime:0.000211s ]
INFO: Run Behavior\ParseTemplateBehavior [ RunTime:0.019121s ]
INFO: [ view_parse ] --END-- [ RunTime:0.019215s ]
INFO: [ view_filter ] --START--
INFO: Run Behavior\WriteHtmlCacheBehavior [ RunTime:0.000551s ]
INFO: [ view_filter ] --END-- [ RunTime:0.000638s ]
INFO: [ app_end ] --START--
INFO: Run Behavior\ShowPageTraceBehavior [ RunTime:0.001974s ]
INFO: [ app_end ] --END-- [ RunTime:0.002069s ]

[ 2016-11-11T21:42:44+08:00 ] 220.179.147.35 /admin.php?m=Admin&c=Login&a=index
INFO: [ app_init ] --START--
INFO: Run Behavior\BuildLiteBehavior [ RunTime:0.000057s ]
INFO: [ app_init ] --END-- [ RunTime:0.001833s ]
INFO: [ app_begin ] --START--
INFO: Run Behavior\ReadHtmlCacheBehavior [ RunTime:0.002428s ]
INFO: [ app_begin ] --END-- [ RunTime:0.002561s ]
INFO: [ view_parse ] --START--
INFO: [ template_filter ] --START--
INFO: Run Behavior\ContentReplaceBehavior [ RunTime:0.000166s ]
INFO: [ template_filter ] --END-- [ RunTime:0.000326s ]
INFO: Run Behavior\ParseTemplateBehavior [ RunTime:0.026410s ]
INFO: [ view_parse ] --END-- [ RunTime:0.026592s ]
INFO: [ view_filter ] --START--
INFO: Run Behavior\WriteHtmlCacheBehavior [ RunTime:0.000738s ]
INFO: [ view_filter ] --END-- [ RunTime:0.000908s ]
INFO: [ app_end ] --START--
INFO: Run Behavior\ShowPageTraceBehavior [ RunTime:0.002495s ]
INFO: [ app_end ] --END-- [ RunTime:0.002637s ]

[ 2016-11-11T21:42:58+08:00 ] 220.179.147.35 /admin.php?m=Admin&c=Login&a=index
INFO: [ app_init ] --START--
INFO: Run Behavior\BuildLiteBehavior [ RunTime:0.000045s ]
INFO: [ app_init ] --END-- [ RunTime:0.001647s ]
INFO: [ app_begin ] --START--
INFO: Run Behavior\ReadHtmlCacheBehavior [ RunTime:0.001729s ]
INFO: [ app_begin ] --END-- [ RunTime:0.001869s ]
INFO: [ view_parse ] --START--
INFO: [ template_filter ] --START--
INFO: Run Behavior\ContentReplaceBehavior [ RunTime:0.000126s ]
INFO: [ template_filter ] --END-- [ RunTime:0.000256s ]
INFO: Run Behavior\ParseTemplateBehavior [ RunTime:0.022068s ]
INFO: [ view_parse ] --END-- [ RunTime:0.022181s ]
INFO: [ view_filter ] --START--
INFO: Run Behavior\WriteHtmlCacheBehavior [ RunTime:0.000587s ]
INFO: [ view_filter ] --END-- [ RunTime:0.000692s ]
INFO: [ app_end ] --START--
INFO: Run Behavior\ShowPageTraceBehavior [ RunTime:0.001976s ]
INFO: [ app_end ] --END-- [ RunTime:0.002068s ]

[ 2016-11-11T21:43:01+08:00 ] 220.179.147.35 /admin.php?m=Admin&c=login&a=verify
INFO: [ app_init ] --START--
INFO: Run Behavior\BuildLiteBehavior [ RunTime:0.000039s ]
INFO: [ app_init ] --END-- [ RunTime:0.001127s ]
INFO: [ app_begin ] --START--
INFO: Run Behavior\ReadHtmlCacheBehavior [ RunTime:0.001580s ]
INFO: [ app_begin ] --END-- [ RunTime:0.001687s ]
INFO: [ app_end ] --START--
INFO: Run Behavior\ShowPageTraceBehavior [ RunTime:0.001721s ]
INFO: [ app_end ] --END-- [ RunTime:0.001871s ]

[ 2016-11-11T21:43:07+08:00 ] 220.179.147.35 /admin.php?m=Admin&c=Login&a=index
INFO: [ app_init ] --START--
INFO: Run Behavior\BuildLiteBehavior [ RunTime:0.000044s ]
INFO: [ app_init ] --END-- [ RunTime:0.001483s ]
INFO: [ app_begin ] --START--
INFO: Run Behavior\ReadHtmlCacheBehavior [ RunTime:0.001950s ]
INFO: [ app_begin ] --END-- [ RunTime:0.002055s ]
INFO: [ view_parse ] --START--
INFO: [ template_filter ] --START--
INFO: Run Behavior\ContentReplaceBehavior [ RunTime:0.000094s ]
INFO: [ template_filter ] --END-- [ RunTime:0.000187s ]
INFO: Run Behavior\ParseTemplateBehavior [ RunTime:0.020612s ]
INFO: [ view_parse ] --END-- [ RunTime:0.020706s ]
INFO: [ view_filter ] --START--
INFO: Run Behavior\WriteHtmlCacheBehavior [ RunTime:0.000495s ]
INFO: [ view_filter ] --END-- [ RunTime:0.000573s ]
INFO: [ app_end ] --START--
INFO: Run Behavior\ShowPageTraceBehavior [ RunTime:0.002043s ]
INFO: [ app_end ] --END-- [ RunTime:0.002128s ]

[ 2016-11-11T21:43:20+08:00 ] 101.226.66.177 /admin.php?m=Admin&c=Login&a=index
INFO: [ app_init ] --START--
INFO: Run Behavior\BuildLiteBehavior [ RunTime:0.000041s ]
INFO: [ app_init ] --END-- [ RunTime:0.001555s ]
INFO: [ app_begin ] --START--
INFO: Run Behavior\ReadHtmlCacheBehavior [ RunTime:0.001972s ]
INFO: [ app_begin ] --END-- [ RunTime:0.002075s ]
INFO: [ view_parse ] --START--
INFO: [ template_filter ] --START--
INFO: Run Behavior\ContentReplaceBehavior [ RunTime:0.000114s ]
INFO: [ template_filter ] --END-- [ RunTime:0.000235s ]
INFO: Run Behavior\ParseTemplateBehavior [ RunTime:0.040289s ]
INFO: [ view_parse ] --END-- [ RunTime:0.040395s ]
INFO: [ view_filter ] --START--
INFO: Run Behavior\WriteHtmlCacheBehavior [ RunTime:0.011089s ]
INFO: [ view_filter ] --END-- [ RunTime:0.011194s ]
INFO: [ app_end ] --START--
INFO: Run Behavior\ShowPageTraceBehavior [ RunTime:0.001995s ]
INFO: [ app_end ] --END-- [ RunTime:0.002108s ]

[ 2016-11-11T21:43:27+08:00 ] 220.179.147.35 /admin.php?m=Admin&c=login&a=verify
INFO: [ app_init ] --START--
INFO: Run Behavior\BuildLiteBehavior [ RunTime:0.000082s ]
INFO: [ app_init ] --END-- [ RunTime:0.001285s ]
INFO: [ app_begin ] --START--
INFO: Run Behavior\ReadHtmlCacheBehavior [ RunTime:0.001746s ]
INFO: [ app_begin ] --END-- [ RunTime:0.001850s ]
INFO: [ app_end ] --START--
INFO: Run Behavior\ShowPageTraceBehavior [ RunTime:0.002037s ]
INFO: [ app_end ] --END-- [ RunTime:0.002960s ]

[ 2016-11-11T21:43:42+08:00 ] 220.179.147.35 /admin.php?m=Admin&c=login&a=login
INFO: [ app_init ] --START--
INFO: Run Behavior\BuildLiteBehavior [ RunTime:0.000040s ]
INFO: [ app_init ] --END-- [ RunTime:0.001391s ]
INFO: [ app_begin ] --START--
INFO: Run Behavior\ReadHtmlCacheBehavior [ RunTime:0.001663s ]
INFO: [ app_begin ] --END-- [ RunTime:0.001849s ]
SQL: SHOW COLUMNS FROM `member` [ RunTime:0.0030s ]
SQL: SELECT * FROM `member` WHERE `username` = 'admin' AND `password` = '21232f297a57a5a743894a0e4a801fc3' LIMIT 1   [ RunTime:0.0018s ]
SQL: UPDATE `member` SET `update_at`='1478871821',`login_ip`='220.179.147.35' WHERE `id` = 1 [ RunTime:0.0012s ]
INFO: [ view_parse ] --START--
INFO: [ template_filter ] --START--
INFO: Run Behavior\ContentReplaceBehavior [ RunTime:0.000111s ]
INFO: [ template_filter ] --END-- [ RunTime:0.000231s ]
INFO: Run Behavior\ParseTemplateBehavior [ RunTime:0.018891s ]
INFO: [ view_parse ] --END-- [ RunTime:0.018989s ]
INFO: [ view_filter ] --START--
INFO: Run Behavior\WriteHtmlCacheBehavior [ RunTime:0.000620s ]
INFO: [ view_filter ] --END-- [ RunTime:0.000712s ]
INFO: [ app_end ] --START--
INFO: Run Behavior\ShowPageTraceBehavior [ RunTime:0.001946s ]
INFO: [ app_end ] --END-- [ RunTime:0.002045s ]

[ 2016-11-11T21:43:43+08:00 ] 220.179.147.35 /admin.php?m=Admin&c=Index&a=index
INFO: [ app_init ] --START--
INFO: Run Behavior\BuildLiteBehavior [ RunTime:0.000060s ]
INFO: [ app_init ] --END-- [ RunTime:0.001750s ]
INFO: [ app_begin ] --START--
INFO: Run Behavior\ReadHtmlCacheBehavior [ RunTime:0.002487s ]
INFO: [ app_begin ] --END-- [ RunTime:0.002749s ]
SQL: SHOW COLUMNS FROM `course_order` [ RunTime:0.0027s ]
SQL: SELECT count(*) as count,o.status FROM course_order o INNER JOIN course c on c.id = o.course_id INNER JOIN member m on m.id = o.user_id INNER JOIN branch b on b.id = c.branchId INNER JOIN grocery g on g.id = b.groId  GROUP BY o.status  [ RunTime:0.0025s ]
NOTIC: [8] Undefined offset: 5 /var/www/virtual/xbkt/home/wwwroot/Application/Admin/Controller/BaseController.class.php 第 28 行.
NOTIC: [8] Undefined offset: -1 /var/www/virtual/xbkt/home/wwwroot/Application/Admin/Controller/BaseController.class.php 第 33 行.
INFO: [ view_parse ] --START--
INFO: [ template_filter ] --START--
INFO: Run Behavior\ContentReplaceBehavior [ RunTime:0.000273s ]
INFO: [ template_filter ] --END-- [ RunTime:0.000431s ]
INFO: Run Behavior\ParseTemplateBehavior [ RunTime:0.039050s ]
INFO: [ view_parse ] --END-- [ RunTime:0.039199s ]
INFO: [ view_filter ] --START--
INFO: Run Behavior\WriteHtmlCacheBehavior [ RunTime:0.000711s ]
INFO: [ view_filter ] --END-- [ RunTime:0.000852s ]
INFO: [ app_end ] --START--
INFO: Run Behavior\ShowPageTraceBehavior [ RunTime:0.002658s ]
INFO: [ app_end ] --END-- [ RunTime:0.002816s ]

[ 2016-11-11T21:43:58+08:00 ] 112.65.193.13 /admin.php?m=Admin&c=login&a=login
INFO: [ app_init ] --START--
INFO: Run Behavior\BuildLiteBehavior [ RunTime:0.000045s ]
INFO: [ app_init ] --END-- [ RunTime:0.001343s ]
INFO: [ app_begin ] --START--
INFO: Run Behavior\ReadHtmlCacheBehavior [ RunTime:0.001713s ]
INFO: [ app_begin ] --END-- [ RunTime:0.001832s ]
INFO: [ view_parse ] --START--
INFO: [ template_filter ] --START--
INFO: Run Behavior\ContentReplaceBehavior [ RunTime:0.000094s ]
INFO: [ template_filter ] --END-- [ RunTime:0.000207s ]
INFO: Run Behavior\ParseTemplateBehavior [ RunTime:0.019842s ]
INFO: [ view_parse ] --END-- [ RunTime:0.019942s ]
INFO: [ view_filter ] --START--
INFO: Run Behavior\WriteHtmlCacheBehavior [ RunTime:0.000600s ]
INFO: [ view_filter ] --END-- [ RunTime:0.000685s ]

[ 2016-11-11T21:44:13+08:00 ] 220.179.147.35 /admin.php?m=Admin&c=member&a=index
INFO: [ app_init ] --START--
INFO: Run Behavior\BuildLiteBehavior [ RunTime:0.000066s ]
INFO: [ app_init ] --END-- [ RunTime:0.004066s ]
INFO: [ app_begin ] --START--
INFO: Run Behavior\ReadHtmlCacheBehavior [ RunTime:0.002635s ]
INFO: [ app_begin ] --END-- [ RunTime:0.002795s ]
SQL: SHOW COLUMNS FROM `course_order` [ RunTime:0.0020s ]
SQL: SELECT count(*) as count,o.status FROM course_order o INNER JOIN course c on c.id = o.course_id INNER JOIN member m on m.id = o.user_id INNER JOIN branch b on b.id = c.branchId INNER JOIN grocery g on g.id = b.groId  GROUP BY o.status  [ RunTime:0.0008s ]
NOTIC: [8] Undefined offset: 5 /var/www/virtual/xbkt/home/wwwroot/Application/Admin/Controller/BaseController.class.php 第 28 行.
NOTIC: [8] Undefined offset: -1 /var/www/virtual/xbkt/home/wwwroot/Application/Admin/Controller/BaseController.class.php 第 33 行.
SQL: SHOW COLUMNS FROM `member` [ RunTime:0.0022s ]
SQL: SELECT COUNT(*) AS tp_count FROM `member` WHERE `id` <> 1 AND `status` = 1 LIMIT 1   [ RunTime:0.0013s ]
SQL: SELECT * FROM `member` WHERE `id` <> 1 AND `status` = 1 ORDER BY id DESC LIMIT 0,15   [ RunTime:0.0036s ]
INFO: [ view_parse ] --START--
INFO: [ template_filter ] --START--
INFO: Run Behavior\ContentReplaceBehavior [ RunTime:0.000161s ]
INFO: [ template_filter ] --END-- [ RunTime:0.000269s ]
INFO: Run Behavior\ParseTemplateBehavior [ RunTime:0.053214s ]
INFO: [ view_parse ] --END-- [ RunTime:0.053376s ]
INFO: [ view_filter ] --START--
INFO: Run Behavior\WriteHtmlCacheBehavior [ RunTime:0.000798s ]
INFO: [ view_filter ] --END-- [ RunTime:0.000924s ]
INFO: [ app_end ] --START--
INFO: Run Behavior\ShowPageTraceBehavior [ RunTime:0.002025s ]
INFO: [ app_end ] --END-- [ RunTime:0.002132s ]

[ 2016-11-11T21:44:23+08:00 ] 220.179.147.35 /admin.php?m=Admin&c=member&a=member_safety&id=53
INFO: [ app_init ] --START--
INFO: Run Behavior\BuildLiteBehavior [ RunTime:0.000060s ]
INFO: [ app_init ] --END-- [ RunTime:0.002025s ]
INFO: [ app_begin ] --START--
INFO: Run Behavior\ReadHtmlCacheBehavior [ RunTime:0.002737s ]
INFO: [ app_begin ] --END-- [ RunTime:0.002886s ]
SQL: SHOW COLUMNS FROM `course_order` [ RunTime:0.0059s ]
SQL: SELECT count(*) as count,o.status FROM course_order o INNER JOIN course c on c.id = o.course_id INNER JOIN member m on m.id = o.user_id INNER JOIN branch b on b.id = c.branchId INNER JOIN grocery g on g.id = b.groId  GROUP BY o.status  [ RunTime:0.0010s ]
NOTIC: [8] Undefined offset: 5 /var/www/virtual/xbkt/home/wwwroot/Application/Admin/Controller/BaseController.class.php 第 28 行.
NOTIC: [8] Undefined offset: -1 /var/www/virtual/xbkt/home/wwwroot/Application/Admin/Controller/BaseController.class.php 第 33 行.
SQL: SHOW COLUMNS FROM `member` [ RunTime:0.0017s ]
SQL: SELECT * FROM `member` WHERE `id` = 53 LIMIT 1   [ RunTime:0.0015s ]
INFO: [ view_parse ] --START--
INFO: [ template_filter ] --START--
INFO: Run Behavior\ContentReplaceBehavior [ RunTime:0.000297s ]
INFO: [ template_filter ] --END-- [ RunTime:0.000413s ]
INFO: Run Behavior\ParseTemplateBehavior [ RunTime:0.036730s ]
INFO: [ view_parse ] --END-- [ RunTime:0.036835s ]
INFO: [ view_filter ] --START--
INFO: Run Behavior\WriteHtmlCacheBehavior [ RunTime:0.000653s ]
INFO: [ view_filter ] --END-- [ RunTime:0.000740s ]
INFO: [ app_end ] --START--
INFO: Run Behavior\ShowPageTraceBehavior [ RunTime:0.002066s ]
INFO: [ app_end ] --END-- [ RunTime:0.002161s ]

[ 2016-11-11T21:44:31+08:00 ] 220.179.147.35 /admin.php?m=Admin&c=member&a=update_member&id=53
INFO: [ app_init ] --START--
INFO: Run Behavior\BuildLiteBehavior [ RunTime:0.000044s ]
INFO: [ app_init ] --END-- [ RunTime:0.001313s ]
INFO: [ app_begin ] --START--
INFO: Run Behavior\ReadHtmlCacheBehavior [ RunTime:0.001672s ]
INFO: [ app_begin ] --END-- [ RunTime:0.001774s ]
SQL: SHOW COLUMNS FROM `course_order` [ RunTime:0.0153s ]
SQL: SELECT count(*) as count,o.status FROM course_order o INNER JOIN course c on c.id = o.course_id INNER JOIN member m on m.id = o.user_id INNER JOIN branch b on b.id = c.branchId INNER JOIN grocery g on g.id = b.groId  GROUP BY o.status  [ RunTime:0.0199s ]
NOTIC: [8] Undefined offset: 5 /var/www/virtual/xbkt/home/wwwroot/Application/Admin/Controller/BaseController.class.php 第 28 行.
NOTIC: [8] Undefined offset: -1 /var/www/virtual/xbkt/home/wwwroot/Application/Admin/Controller/BaseController.class.php 第 33 行.
NOTIC: [8] Undefined index: action /var/www/virtual/xbkt/home/wwwroot/Application/Admin/Controller/MemberController.class.php 第 69 行.
SQL: SHOW COLUMNS FROM `member` [ RunTime:0.0080s ]
SQL: SELECT * FROM `member` WHERE `id` = 53 LIMIT 1   [ RunTime:0.0084s ]
INFO: [ view_parse ] --START--
INFO: [ template_filter ] --START--
INFO: Run Behavior\ContentReplaceBehavior [ RunTime:0.000222s ]
INFO: [ template_filter ] --END-- [ RunTime:0.000346s ]
INFO: Run Behavior\ParseTemplateBehavior [ RunTime:0.038698s ]
INFO: [ view_parse ] --END-- [ RunTime:0.038817s ]
INFO: [ view_filter ] --START--
INFO: Run Behavior\WriteHtmlCacheBehavior [ RunTime:0.000659s ]
INFO: [ view_filter ] --END-- [ RunTime:0.000782s ]
INFO: [ app_end ] --START--
INFO: Run Behavior\ShowPageTraceBehavior [ RunTime:0.002363s ]
INFO: [ app_end ] --END-- [ RunTime:0.002488s ]

[ 2016-11-11T21:44:37+08:00 ] 101.226.65.108 /admin.php?m=Admin&c=member&a=index
INFO: [ app_init ] --START--
INFO: Run Behavior\BuildLiteBehavior [ RunTime:0.000042s ]
INFO: [ app_init ] --END-- [ RunTime:0.001309s ]
INFO: [ app_begin ] --START--
INFO: Run Behavior\ReadHtmlCacheBehavior [ RunTime:0.001738s ]
INFO: [ app_begin ] --END-- [ RunTime:0.001931s ]

[ 2016-11-11T21:44:37+08:00 ] 101.226.65.108 /admin.php?m=Admin&c=Login&a=index
INFO: [ app_init ] --START--
INFO: Run Behavior\BuildLiteBehavior [ RunTime:0.000043s ]
INFO: [ app_init ] --END-- [ RunTime:0.001285s ]
INFO: [ app_begin ] --START--
INFO: Run Behavior\ReadHtmlCacheBehavior [ RunTime:0.001745s ]
INFO: [ app_begin ] --END-- [ RunTime:0.001863s ]
INFO: [ view_parse ] --START--
INFO: [ template_filter ] --START--
INFO: Run Behavior\ContentReplaceBehavior [ RunTime:0.000109s ]
INFO: [ template_filter ] --END-- [ RunTime:0.000309s ]
INFO: Run Behavior\ParseTemplateBehavior [ RunTime:0.019565s ]
INFO: [ view_parse ] --END-- [ RunTime:0.019661s ]
INFO: [ view_filter ] --START--
INFO: Run Behavior\WriteHtmlCacheBehavior [ RunTime:0.000634s ]
INFO: [ view_filter ] --END-- [ RunTime:0.000718s ]
INFO: [ app_end ] --START--
INFO: Run Behavior\ShowPageTraceBehavior [ RunTime:0.002002s ]
INFO: [ app_end ] --END-- [ RunTime:0.002099s ]

[ 2016-11-11T21:44:49+08:00 ] 220.179.147.35 /admin.php?m=Admin&c=category&a=index&tab=1
INFO: [ app_init ] --START--
INFO: Run Behavior\BuildLiteBehavior [ RunTime:0.000043s ]
INFO: [ app_init ] --END-- [ RunTime:0.001380s ]
INFO: [ app_begin ] --START--
INFO: Run Behavior\ReadHtmlCacheBehavior [ RunTime:0.001795s ]
INFO: [ app_begin ] --END-- [ RunTime:0.001899s ]
SQL: SHOW COLUMNS FROM `course_order` [ RunTime:0.0019s ]
SQL: SELECT count(*) as count,o.status FROM course_order o INNER JOIN course c on c.id = o.course_id INNER JOIN member m on m.id = o.user_id INNER JOIN branch b on b.id = c.branchId INNER JOIN grocery g on g.id = b.groId  GROUP BY o.status  [ RunTime:0.0009s ]
NOTIC: [8] Undefined offset: 5 /var/www/virtual/xbkt/home/wwwroot/Application/Admin/Controller/BaseController.class.php 第 28 行.
NOTIC: [8] Undefined offset: -1 /var/www/virtual/xbkt/home/wwwroot/Application/Admin/Controller/BaseController.class.php 第 33 行.
SQL: SHOW COLUMNS FROM `category` [ RunTime:0.0015s ]
SQL: SELECT COUNT(*) AS tp_count FROM `category` WHERE ( type = 1 ) LIMIT 1   [ RunTime:0.0009s ]
SQL: SELECT c1.*,c2.title as father FROM category c1 left join category c2 on c1.pid=c2.id  WHERE ( c1.type = 1 ) ORDER BY id DESC LIMIT 0,10   [ RunTime:0.0019s ]
SQL: SELECT COUNT(*) AS tp_count FROM `category` WHERE ( type = 2 ) LIMIT 1   [ RunTime:0.0011s ]
SQL: SELECT c1.*,c2.title as father FROM category c1 left join category c2 on c1.pid=c2.id  WHERE ( c1.type = 0 ) ORDER BY id DESC LIMIT 0,10   [ RunTime:0.0013s ]
SQL: SHOW COLUMNS FROM `circle` [ RunTime:0.0014s ]
SQL: SELECT * FROM `circle` ORDER BY id DESC  [ RunTime:0.0008s ]
SQL: SHOW COLUMNS FROM `area` [ RunTime:0.0014s ]
SQL: SELECT COUNT(*) AS tp_count FROM `area` LIMIT 1   [ RunTime:0.0010s ]
SQL: SELECT a1.*,a2.name as father FROM area a1 left join area a2 on a1.pid = a2.id  ORDER BY id DESC LIMIT 0,10   [ RunTime:0.0015s ]
INFO: [ view_parse ] --START--
INFO: [ template_filter ] --START--
INFO: Run Behavior\ContentReplaceBehavior [ RunTime:0.000280s ]
INFO: [ template_filter ] --END-- [ RunTime:0.000419s ]
NOTIC: [8] Undefined index: html /var/www/virtual/xbkt/home/wwwroot/Application/Runtime/Cache/Admin/9bfef0f9f473c596f668b6c9a32bfd5c.php 第 174 行.
NOTIC: [8] Undefined index: html /var/www/virtual/xbkt/home/wwwroot/Application/Runtime/Cache/Admin/9bfef0f9f473c596f668b6c9a32bfd5c.php 第 174 行.
NOTIC: [8] Undefined index: html /var/www/virtual/xbkt/home/wwwroot/Application/Runtime/Cache/Admin/9bfef0f9f473c596f668b6c9a32bfd5c.php 第 174 行.
NOTIC: [8] Undefined index: html /var/www/virtual/xbkt/home/wwwroot/Application/Runtime/Cache/Admin/9bfef0f9f473c596f668b6c9a32bfd5c.php 第 174 行.
NOTIC: [8] Undefined index: html /var/www/virtual/xbkt/home/wwwroot/Application/Runtime/Cache/Admin/9bfef0f9f473c596f668b6c9a32bfd5c.php 第 174 行.
NOTIC: [8] Undefined index: html /var/www/virtual/xbkt/home/wwwroot/Application/Runtime/Cache/Admin/9bfef0f9f473c596f668b6c9a32bfd5c.php 第 174 行.
NOTIC: [8] Undefined index: html /var/www/virtual/xbkt/home/wwwroot/Application/Runtime/Cache/Admin/9bfef0f9f473c596f668b6c9a32bfd5c.php 第 174 行.
NOTIC: [8] Undefined index: html /var/www/virtual/xbkt/home/wwwroot/Application/Runtime/Cache/Admin/9bfef0f9f473c596f668b6c9a32bfd5c.php 第 209 行.
NOTIC: [8] Undefined index: html /var/www/virtual/xbkt/home/wwwroot/Application/Runtime/Cache/Admin/9bfef0f9f473c596f668b6c9a32bfd5c.php 第 209 行.
NOTIC: [8] Undefined index: html /var/www/virtual/xbkt/home/wwwroot/Application/Runtime/Cache/Admin/9bfef0f9f473c596f668b6c9a32bfd5c.php 第 209 行.
NOTIC: [8] Undefined index: html /var/www/virtual/xbkt/home/wwwroot/Application/Runtime/Cache/Admin/9bfef0f9f473c596f668b6c9a32bfd5c.php 第 209 行.
NOTIC: [8] Undefined index: html /var/www/virtual/xbkt/home/wwwroot/Application/Runtime/Cache/Admin/9bfef0f9f473c596f668b6c9a32bfd5c.php 第 274 行.
NOTIC: [8] Undefined index: html /var/www/virtual/xbkt/home/wwwroot/Application/Runtime/Cache/Admin/9bfef0f9f473c596f668b6c9a32bfd5c.php 第 274 行.
NOTIC: [8] Undefined index: html /var/www/virtual/xbkt/home/wwwroot/Application/Runtime/Cache/Admin/9bfef0f9f473c596f668b6c9a32bfd5c.php 第 274 行.
NOTIC: [8] Undefined index: html /var/www/virtual/xbkt/home/wwwroot/Application/Runtime/Cache/Admin/9bfef0f9f473c596f668b6c9a32bfd5c.php 第 274 行.
NOTIC: [8] Undefined index: html /var/www/virtual/xbkt/home/wwwroot/Application/Runtime/Cache/Admin/9bfef0f9f473c596f668b6c9a32bfd5c.php 第 274 行.
NOTIC: [8] Undefined index: html /var/www/virtual/xbkt/home/wwwroot/Application/Runtime/Cache/Admin/9bfef0f9f473c596f668b6c9a32bfd5c.php 第 274 行.
NOTIC: [8] Undefined index: html /var/www/virtual/xbkt/home/wwwroot/Application/Runtime/Cache/Admin/9bfef0f9f473c596f668b6c9a32bfd5c.php 第 274 行.
NOTIC: [8] Undefined index: html /var/www/virtual/xbkt/home/wwwroot/Application/Runtime/Cache/Admin/9bfef0f9f473c596f668b6c9a32bfd5c.php 第 274 行.
NOTIC: [8] Undefined index: html /var/www/virtual/xbkt/home/wwwroot/Application/Runtime/Cache/Admin/9bfef0f9f473c596f668b6c9a32bfd5c.php 第 274 行.
NOTIC: [8] Undefined index: html /var/www/virtual/xbkt/home/wwwroot/Application/Runtime/Cache/Admin/9bfef0f9f473c596f668b6c9a32bfd5c.php 第 274 行.
INFO: Run Behavior\ParseTemplateBehavior [ RunTime:0.058384s ]
INFO: [ view_parse ] --END-- [ RunTime:0.058521s ]
INFO: [ view_filter ] --START--
INFO: Run Behavior\WriteHtmlCacheBehavior [ RunTime:0.000654s ]
INFO: [ view_filter ] --END-- [ RunTime:0.000768s ]
INFO: [ app_end ] --START--
INFO: Run Behavior\ShowPageTraceBehavior [ RunTime:0.002110s ]
INFO: [ app_end ] --END-- [ RunTime:0.002209s ]

[ 2016-11-11T21:44:50+08:00 ] 101.226.33.201 /admin.php?m=Admin&c=member&a=update_member&id=53
INFO: [ app_init ] --START--
INFO: Run Behavior\BuildLiteBehavior [ RunTime:0.000043s ]
INFO: [ app_init ] --END-- [ RunTime:0.001312s ]
INFO: [ app_begin ] --START--
INFO: Run Behavior\ReadHtmlCacheBehavior [ RunTime:0.001687s ]
INFO: [ app_begin ] --END-- [ RunTime:0.001905s ]

[ 2016-11-11T21:44:50+08:00 ] 101.226.33.201 /admin.php?m=Admin&c=Login&a=index
INFO: [ app_init ] --START--
INFO: Run Behavior\BuildLiteBehavior [ RunTime:0.000045s ]
INFO: [ app_init ] --END-- [ RunTime:0.001778s ]
INFO: [ app_begin ] --START--
INFO: Run Behavior\ReadHtmlCacheBehavior [ RunTime:0.001707s ]
INFO: [ app_begin ] --END-- [ RunTime:0.001825s ]
INFO: [ view_parse ] --START--
INFO: [ template_filter ] --START--
INFO: Run Behavior\ContentReplaceBehavior [ RunTime:0.000105s ]
INFO: [ template_filter ] --END-- [ RunTime:0.000207s ]
INFO: Run Behavior\ParseTemplateBehavior [ RunTime:0.018740s ]
INFO: [ view_parse ] --END-- [ RunTime:0.018835s ]
INFO: [ view_filter ] --START--
INFO: Run Behavior\WriteHtmlCacheBehavior [ RunTime:0.000590s ]
INFO: [ view_filter ] --END-- [ RunTime:0.000692s ]
INFO: [ app_end ] --START--
INFO: Run Behavior\ShowPageTraceBehavior [ RunTime:0.001849s ]
INFO: [ app_end ] --END-- [ RunTime:0.001940s ]

[ 2016-11-11T21:44:53+08:00 ] 220.179.147.35 /admin.php?m=Admin&c=category&a=update&id=72
INFO: [ app_init ] --START--
INFO: Run Behavior\BuildLiteBehavior [ RunTime:0.000043s ]
INFO: [ app_init ] --END-- [ RunTime:0.001283s ]
INFO: [ app_begin ] --START--
INFO: Run Behavior\ReadHtmlCacheBehavior [ RunTime:0.001833s ]
INFO: [ app_begin ] --END-- [ RunTime:0.001947s ]
SQL: SHOW COLUMNS FROM `course_order` [ RunTime:0.0027s ]
SQL: SELECT count(*) as count,o.status FROM course_order o INNER JOIN course c on c.id = o.course_id INNER JOIN member m on m.id = o.user_id INNER JOIN branch b on b.id = c.branchId INNER JOIN grocery g on g.id = b.groId  GROUP BY o.status  [ RunTime:0.0009s ]
NOTIC: [8] Undefined offset: 5 /var/www/virtual/xbkt/home/wwwroot/Application/Admin/Controller/BaseController.class.php 第 28 行.
NOTIC: [8] Undefined offset: -1 /var/www/virtual/xbkt/home/wwwroot/Application/Admin/Controller/BaseController.class.php 第 33 行.
SQL: SHOW COLUMNS FROM `category` [ RunTime:0.0022s ]
SQL: SELECT * FROM `category` WHERE `id` = 72 LIMIT 1   [ RunTime:0.0014s ]
SQL: SELECT * FROM `category`  [ RunTime:0.0017s ]
INFO: [ view_parse ] --START--
INFO: [ template_filter ] --START--
INFO: Run Behavior\ContentReplaceBehavior [ RunTime:0.000176s ]
INFO: [ template_filter ] --END-- [ RunTime:0.000279s ]
INFO: Run Behavior\ParseTemplateBehavior [ RunTime:0.038813s ]
INFO: [ view_parse ] --END-- [ RunTime:0.038914s ]
INFO: [ view_filter ] --START--
INFO: Run Behavior\WriteHtmlCacheBehavior [ RunTime:0.000721s ]
INFO: [ view_filter ] --END-- [ RunTime:0.000811s ]
INFO: [ app_end ] --START--
INFO: Run Behavior\ShowPageTraceBehavior [ RunTime:0.010824s ]
INFO: [ app_end ] --END-- [ RunTime:0.010927s ]

[ 2016-11-11T21:45:06+08:00 ] 175.155.229.94 /admin.php?m=Admin&c=member&a=member_safety&id=53
INFO: [ app_init ] --START--
INFO: Run Behavior\BuildLiteBehavior [ RunTime:0.000041s ]
INFO: [ app_init ] --END-- [ RunTime:0.001235s ]
INFO: [ app_begin ] --START--
INFO: Run Behavior\ReadHtmlCacheBehavior [ RunTime:0.001845s ]
INFO: [ app_begin ] --END-- [ RunTime:0.001967s ]

[ 2016-11-11T21:45:12+08:00 ] 180.153.206.16 /admin.php?m=Admin&c=category&a=index&tab=1
INFO: [ app_init ] --START--
INFO: Run Behavior\BuildLiteBehavior [ RunTime:0.000044s ]
INFO: [ app_init ] --END-- [ RunTime:0.001357s ]
INFO: [ app_begin ] --START--
INFO: Run Behavior\ReadHtmlCacheBehavior [ RunTime:0.001812s ]
INFO: [ app_begin ] --END-- [ RunTime:0.001920s ]

[ 2016-11-11T21:45:12+08:00 ] 180.153.206.16 /admin.php?m=Admin&c=Login&a=index
INFO: [ app_init ] --START--
INFO: Run Behavior\BuildLiteBehavior [ RunTime:0.000040s ]
INFO: [ app_init ] --END-- [ RunTime:0.001197s ]
INFO: [ app_begin ] --START--
INFO: Run Behavior\ReadHtmlCacheBehavior [ RunTime:0.001654s ]
INFO: [ app_begin ] --END-- [ RunTime:0.001757s ]
INFO: [ view_parse ] --START--
INFO: [ template_filter ] --START--
INFO: Run Behavior\ContentReplaceBehavior [ RunTime:0.000104s ]
INFO: [ template_filter ] --END-- [ RunTime:0.000205s ]
INFO: Run Behavior\ParseTemplateBehavior [ RunTime:0.017940s ]
INFO: [ view_parse ] --END-- [ RunTime:0.018036s ]
INFO: [ view_filter ] --START--
INFO: Run Behavior\WriteHtmlCacheBehavior [ RunTime:0.000634s ]
INFO: [ view_filter ] --END-- [ RunTime:0.000721s ]
INFO: [ app_end ] --START--
INFO: Run Behavior\ShowPageTraceBehavior [ RunTime:0.001844s ]
INFO: [ app_end ] --END-- [ RunTime:0.001936s ]

[ 2016-11-11T21:45:16+08:00 ] 180.153.211.172 /admin.php?m=Admin&c=category&a=update&id=72
INFO: [ app_init ] --START--
INFO: Run Behavior\BuildLiteBehavior [ RunTime:0.000045s ]
INFO: [ app_init ] --END-- [ RunTime:0.001391s ]
INFO: [ app_begin ] --START--
INFO: Run Behavior\ReadHtmlCacheBehavior [ RunTime:0.001920s ]
INFO: [ app_begin ] --END-- [ RunTime:0.002022s ]

[ 2016-11-11T21:45:17+08:00 ] 180.153.211.172 /admin.php?m=Admin&c=Login&a=index
INFO: [ app_init ] --START--
INFO: Run Behavior\BuildLiteBehavior [ RunTime:0.000059s ]
INFO: [ app_init ] --END-- [ RunTime:0.001458s ]
INFO: [ app_begin ] --START--
INFO: Run Behavior\ReadHtmlCacheBehavior [ RunTime:0.002065s ]
INFO: [ app_begin ] --END-- [ RunTime:0.002167s ]
INFO: [ view_parse ] --START--
INFO: [ template_filter ] --START--
INFO: Run Behavior\ContentReplaceBehavior [ RunTime:0.000144s ]
INFO: [ template_filter ] --END-- [ RunTime:0.000303s ]
INFO: Run Behavior\ParseTemplateBehavior [ RunTime:0.031023s ]
INFO: [ view_parse ] --END-- [ RunTime:0.031223s ]
INFO: [ view_filter ] --START--
INFO: Run Behavior\WriteHtmlCacheBehavior [ RunTime:0.000922s ]
INFO: [ view_filter ] --END-- [ RunTime:0.001042s ]
INFO: [ app_end ] --START--
INFO: Run Behavior\ShowPageTraceBehavior [ RunTime:0.002472s ]
INFO: [ app_end ] --END-- [ RunTime:0.002643s ]

[ 2016-11-11T21:45:50+08:00 ] 220.179.147.35 /admin.php?m=Admin&c=article&a=add
INFO: [ app_init ] --START--
INFO: Run Behavior\BuildLiteBehavior [ RunTime:0.000041s ]
INFO: [ app_init ] --END-- [ RunTime:0.001343s ]
INFO: [ app_begin ] --START--
INFO: Run Behavior\ReadHtmlCacheBehavior [ RunTime:0.001706s ]
INFO: [ app_begin ] --END-- [ RunTime:0.001808s ]
SQL: SHOW COLUMNS FROM `course_order` [ RunTime:0.0022s ]
SQL: SELECT count(*) as count,o.status FROM course_order o INNER JOIN course c on c.id = o.course_id INNER JOIN member m on m.id = o.user_id INNER JOIN branch b on b.id = c.branchId INNER JOIN grocery g on g.id = b.groId  GROUP BY o.status  [ RunTime:0.0010s ]
NOTIC: [8] Undefined offset: 5 /var/www/virtual/xbkt/home/wwwroot/Application/Admin/Controller/BaseController.class.php 第 28 行.
NOTIC: [8] Undefined offset: -1 /var/www/virtual/xbkt/home/wwwroot/Application/Admin/Controller/BaseController.class.php 第 33 行.
SQL: SHOW COLUMNS FROM `category` [ RunTime:0.0015s ]
SQL: SELECT * FROM `category` WHERE `pid` = 0 AND `type` = 0  [ RunTime:0.0021s ]
SQL: SHOW COLUMNS FROM `grocery` [ RunTime:0.0013s ]
SQL: SELECT * FROM `grocery`  [ RunTime:0.0015s ]
INFO: [ view_parse ] --START--
INFO: [ template_filter ] --START--
INFO: Run Behavior\ContentReplaceBehavior [ RunTime:0.000192s ]
INFO: [ template_filter ] --END-- [ RunTime:0.000308s ]
NOTIC: [8] Undefined variable: article /var/www/virtual/xbkt/home/wwwroot/Application/Runtime/Cache/Admin/e16cf278f1c326e72baf6415dbd5ab87.php 第 151 行.
NOTIC: [8] Undefined variable: article /var/www/virtual/xbkt/home/wwwroot/Application/Runtime/Cache/Admin/e16cf278f1c326e72baf6415dbd5ab87.php 第 154 行.
NOTIC: [8] Undefined variable: article /var/www/virtual/xbkt/home/wwwroot/Application/Runtime/Cache/Admin/e16cf278f1c326e72baf6415dbd5ab87.php 第 158 行.
NOTIC: [8] Undefined variable: article /var/www/virtual/xbkt/home/wwwroot/Application/Runtime/Cache/Admin/e16cf278f1c326e72baf6415dbd5ab87.php 第 178 行.
INFO: Run Behavior\ParseTemplateBehavior [ RunTime:0.045287s ]
INFO: [ view_parse ] --END-- [ RunTime:0.045420s ]
INFO: [ view_filter ] --START--
INFO: Run Behavior\WriteHtmlCacheBehavior [ RunTime:0.000798s ]
INFO: [ view_filter ] --END-- [ RunTime:0.000886s ]
INFO: [ app_end ] --START--
INFO: Run Behavior\ShowPageTraceBehavior [ RunTime:0.002463s ]
INFO: [ app_end ] --END-- [ RunTime:0.002694s ]

[ 2016-11-11T21:46:07+08:00 ] 220.179.147.35 /admin.php?m=Admin&c=course&a=index
INFO: [ app_init ] --START--
INFO: Run Behavior\BuildLiteBehavior [ RunTime:0.000054s ]
INFO: [ app_init ] --END-- [ RunTime:0.001575s ]
INFO: [ app_begin ] --START--
INFO: Run Behavior\ReadHtmlCacheBehavior [ RunTime:0.001876s ]
INFO: [ app_begin ] --END-- [ RunTime:0.001980s ]
SQL: SHOW COLUMNS FROM `course_order` [ RunTime:0.0019s ]
SQL: SELECT count(*) as count,o.status FROM course_order o INNER JOIN course c on c.id = o.course_id INNER JOIN member m on m.id = o.user_id INNER JOIN branch b on b.id = c.branchId INNER JOIN grocery g on g.id = b.groId  GROUP BY o.status  [ RunTime:0.0010s ]
NOTIC: [8] Undefined offset: 5 /var/www/virtual/xbkt/home/wwwroot/Application/Admin/Controller/BaseController.class.php 第 28 行.
NOTIC: [8] Undefined offset: -1 /var/www/virtual/xbkt/home/wwwroot/Application/Admin/Controller/BaseController.class.php 第 33 行.
SQL: SHOW COLUMNS FROM `course` [ RunTime:0.0015s ]
NOTIC: [8] Undefined variable: where /var/www/virtual/xbkt/home/wwwroot/Application/Admin/Controller/CourseController.class.php 第 25 行.
SQL: SELECT COUNT(*) AS tp_count FROM `course` INNER JOIN branch b on b.id=course.branchId INNER JOIN grocery g on g.id=b.groId  LIMIT 1   [ RunTime:0.0013s ]
NOTIC: [8] Undefined variable: where /var/www/virtual/xbkt/home/wwwroot/Application/Admin/Controller/CourseController.class.php 第 40 行.
SQL: SELECT course.*,g.name as gname,b.braName,b.id bid,(select count(*) from course_order o left join course c on c.id = o.course_id where o.course_id = course.id) as order_count,ca.title FROM `course` INNER JOIN branch b on b.id=course.branchId INNER JOIN grocery g on g.id=b.groId left join course_order o on o.course_id = course.id left join category ca on ca.id = course.cate1  GROUP BY course.id ORDER BY course.id DESC LIMIT 0,6   [ RunTime:0.0058s ]
INFO: [ view_parse ] --START--
INFO: [ template_filter ] --START--
INFO: Run Behavior\ContentReplaceBehavior [ RunTime:0.000182s ]
INFO: [ template_filter ] --END-- [ RunTime:0.000449s ]
NOTIC: [2] Division by zero /var/www/virtual/xbkt/home/wwwroot/Application/Runtime/Cache/Admin/0a118b67613e888354da043b45de67d3.php 第 164 行.
NOTIC: [2] Division by zero /var/www/virtual/xbkt/home/wwwroot/Application/Runtime/Cache/Admin/0a118b67613e888354da043b45de67d3.php 第 164 行.
NOTIC: [2] Division by zero /var/www/virtual/xbkt/home/wwwroot/Application/Runtime/Cache/Admin/0a118b67613e888354da043b45de67d3.php 第 164 行.
NOTIC: [2] Division by zero /var/www/virtual/xbkt/home/wwwroot/Application/Runtime/Cache/Admin/0a118b67613e888354da043b45de67d3.php 第 164 行.
NOTIC: [2] Division by zero /var/www/virtual/xbkt/home/wwwroot/Application/Runtime/Cache/Admin/0a118b67613e888354da043b45de67d3.php 第 164 行.
NOTIC: [2] Division by zero /var/www/virtual/xbkt/home/wwwroot/Application/Runtime/Cache/Admin/0a118b67613e888354da043b45de67d3.php 第 164 行.
INFO: Run Behavior\ParseTemplateBehavior [ RunTime:0.038271s ]
INFO: [ view_parse ] --END-- [ RunTime:0.038381s ]
INFO: [ view_filter ] --START--
INFO: Run Behavior\WriteHtmlCacheBehavior [ RunTime:0.000816s ]
INFO: [ view_filter ] --END-- [ RunTime:0.000903s ]
INFO: [ app_end ] --START--
INFO: Run Behavior\ShowPageTraceBehavior [ RunTime:0.002134s ]
INFO: [ app_end ] --END-- [ RunTime:0.002232s ]

[ 2016-11-11T21:46:10+08:00 ] 101.226.66.173 /admin.php?m=Admin&c=article&a=add
INFO: [ app_init ] --START--
INFO: Run Behavior\BuildLiteBehavior [ RunTime:0.000044s ]
INFO: [ app_init ] --END-- [ RunTime:0.001259s ]
INFO: [ app_begin ] --START--
INFO: Run Behavior\ReadHtmlCacheBehavior [ RunTime:0.001829s ]
INFO: [ app_begin ] --END-- [ RunTime:0.001946s ]

[ 2016-11-11T21:46:10+08:00 ] 101.226.66.173 /admin.php?m=Admin&c=Login&a=index
INFO: [ app_init ] --START--
INFO: Run Behavior\BuildLiteBehavior [ RunTime:0.000044s ]
INFO: [ app_init ] --END-- [ RunTime:0.001295s ]
INFO: [ app_begin ] --START--
INFO: Run Behavior\ReadHtmlCacheBehavior [ RunTime:0.001760s ]
INFO: [ app_begin ] --END-- [ RunTime:0.001867s ]
INFO: [ view_parse ] --START--
INFO: [ template_filter ] --START--
INFO: Run Behavior\ContentReplaceBehavior [ RunTime:0.000125s ]
INFO: [ template_filter ] --END-- [ RunTime:0.000337s ]
INFO: Run Behavior\ParseTemplateBehavior [ RunTime:0.019711s ]
INFO: [ view_parse ] --END-- [ RunTime:0.019811s ]
INFO: [ view_filter ] --START--
INFO: Run Behavior\WriteHtmlCacheBehavior [ RunTime:0.000697s ]
INFO: [ view_filter ] --END-- [ RunTime:0.000788s ]
INFO: [ app_end ] --START--
INFO: Run Behavior\ShowPageTraceBehavior [ RunTime:0.001955s ]
INFO: [ app_end ] --END-- [ RunTime:0.002046s ]

[ 2016-11-11T21:46:15+08:00 ] 220.179.147.35 /admin.php?m=Admin&c=course&a=update&id=40
INFO: [ app_init ] --START--
INFO: Run Behavior\BuildLiteBehavior [ RunTime:0.000040s ]
INFO: [ app_init ] --END-- [ RunTime:0.001357s ]
INFO: [ app_begin ] --START--
INFO: Run Behavior\ReadHtmlCacheBehavior [ RunTime:0.001767s ]
INFO: [ app_begin ] --END-- [ RunTime:0.001872s ]
SQL: SHOW COLUMNS FROM `course_order` [ RunTime:0.0019s ]
SQL: SELECT count(*) as count,o.status FROM course_order o INNER JOIN course c on c.id = o.course_id INNER JOIN member m on m.id = o.user_id INNER JOIN branch b on b.id = c.branchId INNER JOIN grocery g on g.id = b.groId  GROUP BY o.status  [ RunTime:0.0024s ]
NOTIC: [8] Undefined offset: 5 /var/www/virtual/xbkt/home/wwwroot/Application/Admin/Controller/BaseController.class.php 第 28 行.
NOTIC: [8] Undefined offset: -1 /var/www/virtual/xbkt/home/wwwroot/Application/Admin/Controller/BaseController.class.php 第 33 行.
SQL: SHOW COLUMNS FROM `course` [ RunTime:0.0018s ]
SQL: SELECT course.*,category.*,g.name as gname,b.braName,b.id bid FROM `course` INNER JOIN branch b on b.id=course.branchId INNER JOIN grocery g on g.id=b.groId left join category on category.id = course.cate2  WHERE course.id = '40' LIMIT 1   [ RunTime:0.0023s ]
SQL: SHOW COLUMNS FROM `category` [ RunTime:0.0015s ]
SQL: SELECT * FROM `category` WHERE ( pid=0 and type=1 )  [ RunTime:0.0022s ]
SQL: SHOW COLUMNS FROM `grocery` [ RunTime:0.0013s ]
SQL: SELECT * FROM `grocery`  [ RunTime:0.0012s ]
INFO: [ view_parse ] --START--
INFO: [ template_filter ] --START--
INFO: Run Behavior\ContentReplaceBehavior [ RunTime:0.000217s ]
INFO: [ template_filter ] --END-- [ RunTime:0.000329s ]
NOTIC: [2] Division by zero /var/www/virtual/xbkt/home/wwwroot/Application/Runtime/Cache/Admin/cb2f467cbaf8f35452290d8202b91cd1.php 第 141 行.
INFO: Run Behavior\ParseTemplateBehavior [ RunTime:0.046273s ]
INFO: [ view_parse ] --END-- [ RunTime:0.046419s ]
INFO: [ view_filter ] --START--
INFO: Run Behavior\WriteHtmlCacheBehavior [ RunTime:0.000717s ]
INFO: [ view_filter ] --END-- [ RunTime:0.000807s ]
INFO: [ app_end ] --START--
INFO: Run Behavior\ShowPageTraceBehavior [ RunTime:0.002089s ]
INFO: [ app_end ] --END-- [ RunTime:0.002192s ]

[ 2016-11-11T21:46:24+08:00 ] 220.179.147.35 /admin.php?m=Admin&c=order&a=index
INFO: [ app_init ] --START--
INFO: Run Behavior\BuildLiteBehavior [ RunTime:0.000045s ]
INFO: [ app_init ] --END-- [ RunTime:0.001639s ]
INFO: [ app_begin ] --START--
INFO: Run Behavior\ReadHtmlCacheBehavior [ RunTime:0.001999s ]
INFO: [ app_begin ] --END-- [ RunTime:0.002103s ]
SQL: SHOW COLUMNS FROM `course_order` [ RunTime:0.0021s ]
SQL: SELECT count(*) as count,o.status FROM course_order o INNER JOIN course c on c.id = o.course_id INNER JOIN member m on m.id = o.user_id INNER JOIN branch b on b.id = c.branchId INNER JOIN grocery g on g.id = b.groId  GROUP BY o.status  [ RunTime:0.0013s ]
NOTIC: [8] Undefined offset: 5 /var/www/virtual/xbkt/home/wwwroot/Application/Admin/Controller/BaseController.class.php 第 28 行.
NOTIC: [8] Undefined offset: -1 /var/www/virtual/xbkt/home/wwwroot/Application/Admin/Controller/BaseController.class.php 第 33 行.
NOTIC: [8] Undefined index: type /var/www/virtual/xbkt/home/wwwroot/Application/Admin/Controller/OrderController.class.php 第 16 行.
NOTIC: [8] Undefined index: type /var/www/virtual/xbkt/home/wwwroot/Application/Admin/Controller/OrderController.class.php 第 18 行.
NOTIC: [8] Undefined index: type /var/www/virtual/xbkt/home/wwwroot/Application/Admin/Controller/OrderController.class.php 第 20 行.
NOTIC: [8] Undefined index: key /var/www/virtual/xbkt/home/wwwroot/Application/Admin/Controller/OrderController.class.php 第 24 行.
NOTIC: [8] Undefined index: start_time /var/www/virtual/xbkt/home/wwwroot/Application/Admin/Controller/OrderController.class.php 第 29 行.
NOTIC: [8] Undefined index: end_time /var/www/virtual/xbkt/home/wwwroot/Application/Admin/Controller/OrderController.class.php 第 33 行.
NOTIC: [8] Undefined variable: where /var/www/virtual/xbkt/home/wwwroot/Application/Admin/Controller/OrderController.class.php 第 44 行.
SQL: SELECT COUNT(*) AS tp_count FROM course_order o INNER JOIN course c on c.id = o.course_id INNER JOIN member m on m.id = o.user_id INNER JOIN branch b on b.id = c.branchId INNER JOIN grocery g on g.id = b.groId left join course_praise p on p.order_id = o.id  ORDER BY o.id DESC LIMIT 1   [ RunTime:0.0020s ]
NOTIC: [8] Undefined variable: where /var/www/virtual/xbkt/home/wwwroot/Application/Admin/Controller/OrderController.class.php 第 61 行.
SQL: SELECT o.*,m.username,c.name,c.image,c.extension,c.extensionimg,c.price FROM course_order o INNER JOIN course c on c.id = o.course_id INNER JOIN member m on m.id = o.user_id INNER JOIN branch b on b.id = c.branchId INNER JOIN grocery g on g.id = b.groId left join course_praise p on p.order_id = o.id  ORDER BY o.id DESC LIMIT 0,6   [ RunTime:0.0023s ]
INFO: [ view_parse ] --START--
INFO: [ template_filter ] --START--
INFO: Run Behavior\ContentReplaceBehavior [ RunTime:0.000187s ]
INFO: [ template_filter ] --END-- [ RunTime:0.000517s ]
INFO: Run Behavior\ParseTemplateBehavior [ RunTime:0.051284s ]
INFO: [ view_parse ] --END-- [ RunTime:0.051392s ]
INFO: [ view_filter ] --START--
INFO: Run Behavior\WriteHtmlCacheBehavior [ RunTime:0.000708s ]
INFO: [ view_filter ] --END-- [ RunTime:0.000795s ]
INFO: [ app_end ] --START--
INFO: Run Behavior\ShowPageTraceBehavior [ RunTime:0.002190s ]
INFO: [ app_end ] --END-- [ RunTime:0.002298s ]

[ 2016-11-11T21:46:33+08:00 ] 220.179.147.35 /admin.php?m=Admin&c=order&a=index
INFO: [ app_init ] --START--
INFO: Run Behavior\BuildLiteBehavior [ RunTime:0.000044s ]
INFO: [ app_init ] --END-- [ RunTime:0.001295s ]
INFO: [ app_begin ] --START--
INFO: Run Behavior\ReadHtmlCacheBehavior [ RunTime:0.001927s ]
INFO: [ app_begin ] --END-- [ RunTime:0.002067s ]
SQL: SHOW COLUMNS FROM `course_order` [ RunTime:0.0027s ]
SQL: SELECT count(*) as count,o.status FROM course_order o INNER JOIN course c on c.id = o.course_id INNER JOIN member m on m.id = o.user_id INNER JOIN branch b on b.id = c.branchId INNER JOIN grocery g on g.id = b.groId  GROUP BY o.status  [ RunTime:0.0009s ]
NOTIC: [8] Undefined offset: 5 /var/www/virtual/xbkt/home/wwwroot/Application/Admin/Controller/BaseController.class.php 第 28 行.
NOTIC: [8] Undefined offset: -1 /var/www/virtual/xbkt/home/wwwroot/Application/Admin/Controller/BaseController.class.php 第 33 行.
NOTIC: [8] Undefined index: type /var/www/virtual/xbkt/home/wwwroot/Application/Admin/Controller/OrderController.class.php 第 16 行.
NOTIC: [8] Undefined index: type /var/www/virtual/xbkt/home/wwwroot/Application/Admin/Controller/OrderController.class.php 第 18 行.
NOTIC: [8] Undefined index: type /var/www/virtual/xbkt/home/wwwroot/Application/Admin/Controller/OrderController.class.php 第 20 行.
NOTIC: [8] Undefined index: key /var/www/virtual/xbkt/home/wwwroot/Application/Admin/Controller/OrderController.class.php 第 24 行.
NOTIC: [8] Undefined index: start_time /var/www/virtual/xbkt/home/wwwroot/Application/Admin/Controller/OrderController.class.php 第 29 行.
NOTIC: [8] Undefined index: end_time /var/www/virtual/xbkt/home/wwwroot/Application/Admin/Controller/OrderController.class.php 第 33 行.
NOTIC: [8] Undefined variable: where /var/www/virtual/xbkt/home/wwwroot/Application/Admin/Controller/OrderController.class.php 第 44 行.
SQL: SELECT COUNT(*) AS tp_count FROM course_order o INNER JOIN course c on c.id = o.course_id INNER JOIN member m on m.id = o.user_id INNER JOIN branch b on b.id = c.branchId INNER JOIN grocery g on g.id = b.groId left join course_praise p on p.order_id = o.id  ORDER BY o.id DESC LIMIT 1   [ RunTime:0.0009s ]
NOTIC: [8] Undefined variable: where /var/www/virtual/xbkt/home/wwwroot/Application/Admin/Controller/OrderController.class.php 第 61 行.
SQL: SELECT o.*,m.username,c.name,c.image,c.extension,c.extensionimg,c.price FROM course_order o INNER JOIN course c on c.id = o.course_id INNER JOIN member m on m.id = o.user_id INNER JOIN branch b on b.id = c.branchId INNER JOIN grocery g on g.id = b.groId left join course_praise p on p.order_id = o.id  ORDER BY o.id DESC LIMIT 0,6   [ RunTime:0.0016s ]
INFO: [ view_parse ] --START--
INFO: [ template_filter ] --START--
INFO: Run Behavior\ContentReplaceBehavior [ RunTime:0.002494s ]
INFO: [ template_filter ] --END-- [ RunTime:0.002616s ]
INFO: Run Behavior\ParseTemplateBehavior [ RunTime:0.046531s ]
INFO: [ view_parse ] --END-- [ RunTime:0.046634s ]
INFO: [ view_filter ] --START--
INFO: Run Behavior\WriteHtmlCacheBehavior [ RunTime:0.000604s ]
INFO: [ view_filter ] --END-- [ RunTime:0.000693s ]
INFO: [ app_end ] --START--
INFO: Run Behavior\ShowPageTraceBehavior [ RunTime:0.002005s ]
INFO: [ app_end ] --END-- [ RunTime:0.002211s ]

[ 2016-11-11T21:46:46+08:00 ] 101.226.89.117 /admin.php?m=Admin&c=order&a=index
INFO: [ app_init ] --START--
INFO: Run Behavior\BuildLiteBehavior [ RunTime:0.000044s ]
INFO: [ app_init ] --END-- [ RunTime:0.001638s ]
INFO: [ app_begin ] --START--
INFO: Run Behavior\ReadHtmlCacheBehavior [ RunTime:0.001702s ]
INFO: [ app_begin ] --END-- [ RunTime:0.001898s ]

[ 2016-11-11T21:46:46+08:00 ] 101.226.89.117 /admin.php?m=Admin&c=Login&a=index
INFO: [ app_init ] --START--
INFO: Run Behavior\BuildLiteBehavior [ RunTime:0.000042s ]
INFO: [ app_init ] --END-- [ RunTime:0.001447s ]
INFO: [ app_begin ] --START--
INFO: Run Behavior\ReadHtmlCacheBehavior [ RunTime:0.001803s ]
INFO: [ app_begin ] --END-- [ RunTime:0.001906s ]
INFO: [ view_parse ] --START--
INFO: [ template_filter ] --START--
INFO: Run Behavior\ContentReplaceBehavior [ RunTime:0.000107s ]
INFO: [ template_filter ] --END-- [ RunTime:0.000226s ]
INFO: Run Behavior\ParseTemplateBehavior [ RunTime:0.020334s ]
INFO: [ view_parse ] --END-- [ RunTime:0.020516s ]
INFO: [ view_filter ] --START--
INFO: Run Behavior\WriteHtmlCacheBehavior [ RunTime:0.000560s ]
INFO: [ view_filter ] --END-- [ RunTime:0.000688s ]
INFO: [ app_end ] --START--
INFO: Run Behavior\ShowPageTraceBehavior [ RunTime:0.002055s ]
INFO: [ app_end ] --END-- [ RunTime:0.002221s ]

[ 2016-11-11T21:47:27+08:00 ] 220.179.147.35 /admin.php?m=Admin&c=order&a=update&id=230
INFO: [ app_init ] --START--
INFO: Run Behavior\BuildLiteBehavior [ RunTime:0.000059s ]
INFO: [ app_init ] --END-- [ RunTime:0.001295s ]
INFO: [ app_begin ] --START--
INFO: Run Behavior\ReadHtmlCacheBehavior [ RunTime:0.001793s ]
INFO: [ app_begin ] --END-- [ RunTime:0.001895s ]
SQL: SHOW COLUMNS FROM `course_order` [ RunTime:0.0029s ]
SQL: SELECT count(*) as count,o.status FROM course_order o INNER JOIN course c on c.id = o.course_id INNER JOIN member m on m.id = o.user_id INNER JOIN branch b on b.id = c.branchId INNER JOIN grocery g on g.id = b.groId  GROUP BY o.status  [ RunTime:0.0013s ]
NOTIC: [8] Undefined offset: 5 /var/www/virtual/xbkt/home/wwwroot/Application/Admin/Controller/BaseController.class.php 第 28 行.
NOTIC: [8] Undefined offset: -1 /var/www/virtual/xbkt/home/wwwroot/Application/Admin/Controller/BaseController.class.php 第 33 行.
SQL: SELECT o.*,m.username as m_username,c.name,c.image,c.extension,c.extensionimg,c.price,p.point,p.comment,b.username,p.createtime FROM course_order o INNER JOIN course c on c.id = o.course_id INNER JOIN member m on m.id = o.user_id left join course_praise p on p.order_id = o.id left join branch_account b on b.id = o.receptionist  WHERE o.id = '230' LIMIT 1   [ RunTime:0.0023s ]
INFO: [ view_parse ] --START--
INFO: [ template_filter ] --START--
INFO: Run Behavior\ContentReplaceBehavior [ RunTime:0.000195s ]
INFO: [ template_filter ] --END-- [ RunTime:0.000298s ]
INFO: Run Behavior\ParseTemplateBehavior [ RunTime:0.034736s ]
INFO: [ view_parse ] --END-- [ RunTime:0.034837s ]
INFO: [ view_filter ] --START--
INFO: Run Behavior\WriteHtmlCacheBehavior [ RunTime:0.000716s ]
INFO: [ view_filter ] --END-- [ RunTime:0.000805s ]
INFO: [ app_end ] --START--
INFO: Run Behavior\ShowPageTraceBehavior [ RunTime:0.002524s ]
INFO: [ app_end ] --END-- [ RunTime:0.002742s ]

[ 2016-11-11T21:47:50+08:00 ] 101.226.33.227 /admin.php?m=Admin&c=order&a=update&id=230
INFO: [ app_init ] --START--
INFO: Run Behavior\BuildLiteBehavior [ RunTime:0.000042s ]
INFO: [ app_init ] --END-- [ RunTime:0.001290s ]
INFO: [ app_begin ] --START--
INFO: Run Behavior\ReadHtmlCacheBehavior [ RunTime:0.001701s ]
INFO: [ app_begin ] --END-- [ RunTime:0.001872s ]

[ 2016-11-11T21:47:50+08:00 ] 101.226.33.227 /admin.php?m=Admin&c=Login&a=index
INFO: [ app_init ] --START--
INFO: Run Behavior\BuildLiteBehavior [ RunTime:0.000050s ]
INFO: [ app_init ] --END-- [ RunTime:0.001550s ]
INFO: [ app_begin ] --START--
INFO: Run Behavior\ReadHtmlCacheBehavior [ RunTime:0.001911s ]
INFO: [ app_begin ] --END-- [ RunTime:0.002019s ]
INFO: [ view_parse ] --START--
INFO: [ template_filter ] --START--
INFO: Run Behavior\ContentReplaceBehavior [ RunTime:0.000109s ]
INFO: [ template_filter ] --END-- [ RunTime:0.000217s ]
INFO: Run Behavior\ParseTemplateBehavior [ RunTime:0.024728s ]
INFO: [ view_parse ] --END-- [ RunTime:0.024824s ]
INFO: [ view_filter ] --START--
INFO: Run Behavior\WriteHtmlCacheBehavior [ RunTime:0.000574s ]
INFO: [ view_filter ] --END-- [ RunTime:0.000802s ]
INFO: [ app_end ] --START--
INFO: Run Behavior\ShowPageTraceBehavior [ RunTime:0.002406s ]
INFO: [ app_end ] --END-- [ RunTime:0.002500s ]

